2023-07-19 14:33:55.821 -03:00 [DBG] Hosting starting
2023-07-19 14:33:56.715 -03:00 [DBG] Using development certificate: CN=localhost (Thumbprint: 1ED06961E04A72F7E2C9617C51B22CBBFE7472A4)
2023-07-19 14:33:56.952 -03:00 [INF] Now listening on: https://localhost:5004
2023-07-19 14:33:56.973 -03:00 [DBG] Loaded hosting startup assembly Concent.Athena.Services.API
2023-07-19 14:33:56.978 -03:00 [DBG] Loaded hosting startup assembly Microsoft.AspNetCore.Watch.BrowserRefresh
2023-07-19 14:33:56.982 -03:00 [DBG] Loaded hosting startup assembly Microsoft.WebTools.BrowserLink.Net
2023-07-19 14:33:56.985 -03:00 [INF] Application started. Press Ctrl+C to shut down.
2023-07-19 14:33:56.988 -03:00 [INF] Hosting environment: Local
2023-07-19 14:33:56.991 -03:00 [INF] Content root path: C:\Users\concent\Desktop\Organizador\Projeto ATHENA\Athena\concent.athena\src\Services.API
2023-07-19 14:33:56.995 -03:00 [DBG] Hosting started
2023-07-19 14:38:26.277 -03:00 [DBG] Hosting starting
2023-07-19 14:38:26.860 -03:00 [DBG] Using development certificate: CN=localhost (Thumbprint: 1ED06961E04A72F7E2C9617C51B22CBBFE7472A4)
2023-07-19 14:38:26.958 -03:00 [INF] Now listening on: https://localhost:5004
2023-07-19 14:38:26.960 -03:00 [DBG] Loaded hosting startup assembly Concent.Athena.Services.API
2023-07-19 14:38:26.962 -03:00 [DBG] Loaded hosting startup assembly Microsoft.AspNetCore.Watch.BrowserRefresh
2023-07-19 14:38:26.965 -03:00 [DBG] Loaded hosting startup assembly Microsoft.WebTools.BrowserLink.Net
2023-07-19 14:38:26.968 -03:00 [INF] Application started. Press Ctrl+C to shut down.
2023-07-19 14:38:26.970 -03:00 [INF] Hosting environment: Local
2023-07-19 14:38:26.972 -03:00 [INF] Content root path: C:\Users\concent\Desktop\Organizador\Projeto ATHENA\Athena\concent.athena\src\Services.API
2023-07-19 14:38:26.974 -03:00 [DBG] Hosting started
2023-07-19 14:38:27.138 -03:00 [DBG] Connection id "0HMS8FRQQ2K2T" accepted.
2023-07-19 14:38:27.143 -03:00 [DBG] Connection id "0HMS8FRQQ2K2T" started.
2023-07-19 14:38:27.266 -03:00 [DBG] Connection "0HMS8FRQQ2K2T" established using the following protocol: "Tls12"
2023-07-19 14:38:27.332 -03:00 [INF] Request starting HTTP/2 GET https://localhost:5004/swagger/index.html - -
2023-07-19 14:38:27.381 -03:00 [DBG] Wildcard detected, all requests with hosts will be allowed.
2023-07-19 14:38:27.486 -03:00 [DBG] Response markup is scheduled to include browser refresh script injection.
2023-07-19 14:38:27.620 -03:00 [DBG] Response markup was updated to include browser refresh script injection.
2023-07-19 14:38:27.627 -03:00 [INF] Request starting HTTP/2 GET https://localhost:5004/_vs/browserLink - -
2023-07-19 14:38:27.627 -03:00 [INF] Request starting HTTP/2 GET https://localhost:5004/_framework/aspnetcore-browser-refresh.js - -
2023-07-19 14:38:27.635 -03:00 [INF] Request finished HTTP/2 GET https://localhost:5004/swagger/index.html - - - 200 - text/html;charset=utf-8 306.8503ms
2023-07-19 14:38:27.636 -03:00 [INF] Request finished HTTP/2 GET https://localhost:5004/_framework/aspnetcore-browser-refresh.js - - - 200 12356 application/javascript;+charset=utf-8 8.6483ms
2023-07-19 14:38:27.676 -03:00 [INF] Request finished HTTP/2 GET https://localhost:5004/_vs/browserLink - - - 200 - text/javascript;+charset=UTF-8 48.7465ms
2023-07-19 14:38:27.857 -03:00 [INF] Request starting HTTP/2 GET https://localhost:5004/swagger/v1/swagger.json - -
2023-07-19 14:38:28.035 -03:00 [INF] Request finished HTTP/2 GET https://localhost:5004/swagger/v1/swagger.json - - - 200 - application/json;charset=utf-8 177.5451ms
2023-07-19 14:38:41.691 -03:00 [DBG] Connection id "0HMS8FRQQ2K2T" received FIN.
2023-07-19 14:38:41.696 -03:00 [DBG] Connection id "0HMS8FRQQ2K2T" sending FIN because: "The client closed the connection."
2023-07-19 14:38:41.699 -03:00 [DBG] Connection id "0HMS8FRQQ2K2T" is closed. The last processed stream ID was 7.
2023-07-19 14:38:41.711 -03:00 [DBG] Connection id "0HMS8FRQQ2K2T" stopped.
2023-07-19 14:44:31.322 -03:00 [DBG] Connection id "0HMS8FRQQ2K2U" accepted.
2023-07-19 14:44:31.325 -03:00 [DBG] Connection id "0HMS8FRQQ2K2U" started.
2023-07-19 14:44:31.343 -03:00 [DBG] Connection "0HMS8FRQQ2K2U" established using the following protocol: "Tls12"
2023-07-19 14:44:31.350 -03:00 [INF] Request starting HTTP/2 GET https://localhost:5004/api/v1/tenant/produtos - -
2023-07-19 14:44:31.358 -03:00 [DBG] The request path  does not match the path filter
2023-07-19 14:44:31.420 -03:00 [DBG] 1 candidate(s) found for the request path '/api/v1/tenant/produtos'
2023-07-19 14:44:31.428 -03:00 [DBG] Endpoint 'Concent.Athena.Services.API.Controllers.ProdutosController.GetAll (Concent.Athena.Services.API)' with route pattern 'api/v1/tenant/Produtos' is valid for the request path '/api/v1/tenant/produtos'
2023-07-19 14:44:31.432 -03:00 [DBG] Request matched endpoint 'Concent.Athena.Services.API.Controllers.ProdutosController.GetAll (Concent.Athena.Services.API)'
2023-07-19 14:44:31.448 -03:00 [INF] Executing endpoint 'Concent.Athena.Services.API.Controllers.ProdutosController.GetAll (Concent.Athena.Services.API)'
2023-07-19 14:44:31.460 -03:00 [DBG] Registered model binder providers, in the following order: ["Microsoft.AspNetCore.Mvc.ModelBinding.Binders.BinderTypeModelBinderProvider","Microsoft.AspNetCore.Mvc.ModelBinding.Binders.ServicesModelBinderProvider","Microsoft.AspNetCore.Mvc.ModelBinding.Binders.BodyModelBinderProvider","Microsoft.AspNetCore.Mvc.ModelBinding.Binders.HeaderModelBinderProvider","Microsoft.AspNetCore.Mvc.ModelBinding.Binders.FloatingPointTypeModelBinderProvider","Microsoft.AspNetCore.Mvc.ModelBinding.Binders.EnumTypeModelBinderProvider","Microsoft.AspNetCore.Mvc.ModelBinding.Binders.DateTimeModelBinderProvider","Microsoft.AspNetCore.Mvc.ModelBinding.Binders.SimpleTypeModelBinderProvider","Microsoft.AspNetCore.Mvc.ModelBinding.Binders.CancellationTokenModelBinderProvider","Microsoft.AspNetCore.Mvc.ModelBinding.Binders.ByteArrayModelBinderProvider","Microsoft.AspNetCore.Mvc.ModelBinding.Binders.FormFileModelBinderProvider","Microsoft.AspNetCore.Mvc.ModelBinding.Binders.FormCollectionModelBinderProvider","Microsoft.AspNetCore.Mvc.ModelBinding.Binders.KeyValuePairModelBinderProvider","Microsoft.AspNetCore.Mvc.ModelBinding.Binders.DictionaryModelBinderProvider","Microsoft.AspNetCore.Mvc.ModelBinding.Binders.ArrayModelBinderProvider","Microsoft.AspNetCore.Mvc.ModelBinding.Binders.CollectionModelBinderProvider","Microsoft.AspNetCore.Mvc.ModelBinding.Binders.ComplexObjectModelBinderProvider"]
2023-07-19 14:44:31.529 -03:00 [INF] Route matched with {action = "GetAll", controller = "Produtos"}. Executing controller action with signature System.Threading.Tasks.Task`1[Microsoft.AspNetCore.Mvc.IActionResult] GetAll(System.String, Concent.Athena.Domain.Core.Requests.ProdutosRequests.GetProdutosRequest, Int32, Int32, System.Threading.CancellationToken) on controller Concent.Athena.Services.API.Controllers.ProdutosController (Concent.Athena.Services.API).
2023-07-19 14:44:31.535 -03:00 [DBG] Execution plan of authorization filters (in the following order): ["None"]
2023-07-19 14:44:31.538 -03:00 [DBG] Execution plan of resource filters (in the following order): ["None"]
2023-07-19 14:44:31.541 -03:00 [DBG] Execution plan of action filters (in the following order): ["Microsoft.AspNetCore.Mvc.ModelBinding.UnsupportedContentTypeFilter (Order: -3000)","Microsoft.AspNetCore.Mvc.Infrastructure.ModelStateInvalidFilter (Order: -2000)"]
2023-07-19 14:44:31.544 -03:00 [DBG] Execution plan of exception filters (in the following order): ["None"]
2023-07-19 14:44:31.549 -03:00 [DBG] Execution plan of result filters (in the following order): ["Microsoft.AspNetCore.Mvc.Infrastructure.ClientErrorResultFilter (Order: -2000)"]
2023-07-19 14:44:31.554 -03:00 [DBG] Executing controller factory for controller Concent.Athena.Services.API.Controllers.ProdutosController (Concent.Athena.Services.API)
2023-07-19 14:44:31.558 -03:00 [DBG] Executed controller factory for controller Concent.Athena.Services.API.Controllers.ProdutosController (Concent.Athena.Services.API)
2023-07-19 14:44:31.585 -03:00 [DBG] Attempting to bind parameter 'NomeProduto' of type 'System.String' ...
2023-07-19 14:44:31.590 -03:00 [DBG] Attempting to bind parameter 'NomeProduto' of type 'System.String' using the name '' in request data ...
2023-07-19 14:44:31.593 -03:00 [DBG] Could not find a value in the request with name '' for binding parameter 'NomeProduto' of type 'System.String'.
2023-07-19 14:44:31.600 -03:00 [DBG] Done attempting to bind parameter 'NomeProduto' of type 'System.String'.
2023-07-19 14:44:31.603 -03:00 [DBG] Done attempting to bind parameter 'NomeProduto' of type 'System.String'.
2023-07-19 14:44:31.605 -03:00 [DBG] Attempting to validate the bound parameter 'NomeProduto' of type 'System.String' ...
2023-07-19 14:44:31.609 -03:00 [DBG] Done attempting to validate the bound parameter 'NomeProduto' of type 'System.String'.
2023-07-19 14:44:31.617 -03:00 [DBG] Attempting to bind parameter 'request' of type 'Concent.Athena.Domain.Core.Requests.ProdutosRequests.GetProdutosRequest' ...
2023-07-19 14:44:31.621 -03:00 [DBG] Attempting to bind parameter 'request' of type 'Concent.Athena.Domain.Core.Requests.ProdutosRequests.GetProdutosRequest' using the name '' in request data ...
2023-07-19 14:44:31.632 -03:00 [DBG] Attempting to bind property 'Concent.Athena.Domain.Core.Requests.ProdutosRequests.GetProdutosRequest.NomeProduto' of type 'System.String' using the name 'NomeProduto' in request data ...
2023-07-19 14:44:31.637 -03:00 [DBG] Could not find a value in the request with name 'NomeProduto' for binding property 'Concent.Athena.Domain.Core.Requests.ProdutosRequests.GetProdutosRequest.NomeProduto' of type 'System.String'.
2023-07-19 14:44:31.640 -03:00 [DBG] Done attempting to bind property 'Concent.Athena.Domain.Core.Requests.ProdutosRequests.GetProdutosRequest.NomeProduto' of type 'System.String'.
2023-07-19 14:44:31.645 -03:00 [DBG] Attempting to bind property 'Concent.Athena.Domain.Core.Requests.ProdutosRequests.GetProdutosRequest.IsActive' of type 'System.Boolean' using the name 'IsActive' in request data ...
2023-07-19 14:44:31.651 -03:00 [DBG] Could not find a value in the request with name 'IsActive' for binding property 'Concent.Athena.Domain.Core.Requests.ProdutosRequests.GetProdutosRequest.IsActive' of type 'System.Boolean'.
2023-07-19 14:44:31.656 -03:00 [DBG] Done attempting to bind property 'Concent.Athena.Domain.Core.Requests.ProdutosRequests.GetProdutosRequest.IsActive' of type 'System.Boolean'.
2023-07-19 14:44:31.661 -03:00 [DBG] Done attempting to bind parameter 'request' of type 'Concent.Athena.Domain.Core.Requests.ProdutosRequests.GetProdutosRequest'.
2023-07-19 14:44:31.667 -03:00 [DBG] Done attempting to bind parameter 'request' of type 'Concent.Athena.Domain.Core.Requests.ProdutosRequests.GetProdutosRequest'.
2023-07-19 14:44:31.670 -03:00 [DBG] Attempting to validate the bound parameter 'request' of type 'Concent.Athena.Domain.Core.Requests.ProdutosRequests.GetProdutosRequest' ...
2023-07-19 14:44:31.675 -03:00 [DBG] Done attempting to validate the bound parameter 'request' of type 'Concent.Athena.Domain.Core.Requests.ProdutosRequests.GetProdutosRequest'.
2023-07-19 14:44:31.681 -03:00 [DBG] Attempting to bind parameter 'page' of type 'System.Int32' ...
2023-07-19 14:44:31.684 -03:00 [DBG] Attempting to bind parameter 'page' of type 'System.Int32' using the name '' in request data ...
2023-07-19 14:44:31.687 -03:00 [DBG] Could not find a value in the request with name '' for binding parameter 'page' of type 'System.Int32'.
2023-07-19 14:44:31.691 -03:00 [DBG] Done attempting to bind parameter 'page' of type 'System.Int32'.
2023-07-19 14:44:31.693 -03:00 [DBG] Done attempting to bind parameter 'page' of type 'System.Int32'.
2023-07-19 14:44:31.699 -03:00 [DBG] Attempting to validate the bound parameter 'page' of type 'System.Int32' ...
2023-07-19 14:44:31.701 -03:00 [DBG] Done attempting to validate the bound parameter 'page' of type 'System.Int32'.
2023-07-19 14:44:31.704 -03:00 [DBG] Attempting to bind parameter 'index' of type 'System.Int32' ...
2023-07-19 14:44:31.708 -03:00 [DBG] Attempting to bind parameter 'index' of type 'System.Int32' using the name '' in request data ...
2023-07-19 14:44:31.711 -03:00 [DBG] Could not find a value in the request with name '' for binding parameter 'index' of type 'System.Int32'.
2023-07-19 14:44:31.716 -03:00 [DBG] Done attempting to bind parameter 'index' of type 'System.Int32'.
2023-07-19 14:44:31.718 -03:00 [DBG] Done attempting to bind parameter 'index' of type 'System.Int32'.
2023-07-19 14:44:31.721 -03:00 [DBG] Attempting to validate the bound parameter 'index' of type 'System.Int32' ...
2023-07-19 14:44:31.725 -03:00 [DBG] Done attempting to validate the bound parameter 'index' of type 'System.Int32'.
2023-07-19 14:44:31.727 -03:00 [DBG] Attempting to bind parameter 'cancellationToken' of type 'System.Threading.CancellationToken' ...
2023-07-19 14:44:31.732 -03:00 [DBG] Done attempting to bind parameter 'cancellationToken' of type 'System.Threading.CancellationToken'.
2023-07-19 14:44:31.735 -03:00 [DBG] Attempting to validate the bound parameter 'cancellationToken' of type 'System.Threading.CancellationToken' ...
2023-07-19 14:44:31.739 -03:00 [DBG] Done attempting to validate the bound parameter 'cancellationToken' of type 'System.Threading.CancellationToken'.
2023-07-19 14:44:32.015 -03:00 [DBG] An 'IServiceProvider' was created for internal use by Entity Framework.
2023-07-19 14:44:32.943 -03:00 [INF] Entity Framework Core 5.0.16 initialized 'AthenaContext' using provider 'Pomelo.EntityFrameworkCore.MySql' with options: ServerVersion 8.0.21-mysql 
2023-07-19 14:44:32.981 -03:00 [DBG] Opening connection to database '' on server 'localhost'.
2023-07-19 14:44:33.140 -03:00 [DBG] Opened connection to database '' on server 'localhost'.
2023-07-19 14:44:33.279 -03:00 [DBG] Opening connection to database '' on server 'localhost'.
2023-07-19 14:44:33.289 -03:00 [DBG] Opened connection to database '' on server 'localhost'.
2023-07-19 14:44:33.297 -03:00 [DBG] Beginning transaction with isolation level 'Unspecified'.
2023-07-19 14:44:33.319 -03:00 [DBG] Began transaction with isolation level 'Unspecified'.
2023-07-19 14:44:33.326 -03:00 [DBG] Creating DbCommand for 'ExecuteNonQuery'.
2023-07-19 14:44:33.332 -03:00 [DBG] Created DbCommand for 'ExecuteNonQuery' (4ms).
2023-07-19 14:44:33.346 -03:00 [DBG] Executing DbCommand [Parameters=[], CommandType='"Text"', CommandTimeout='30']
CREATE DATABASE `Athenadb`;
2023-07-19 14:44:33.373 -03:00 [INF] Executed DbCommand (28ms) [Parameters=[], CommandType='"Text"', CommandTimeout='30']
CREATE DATABASE `Athenadb`;
2023-07-19 14:44:33.382 -03:00 [DBG] Committing transaction.
2023-07-19 14:44:33.387 -03:00 [DBG] Committed transaction.
2023-07-19 14:44:33.391 -03:00 [DBG] Disposing transaction.
2023-07-19 14:44:33.393 -03:00 [DBG] Closing connection to database '' on server 'localhost'.
2023-07-19 14:44:33.400 -03:00 [DBG] Closed connection to database '' on server 'localhost'.
2023-07-19 14:44:33.418 -03:00 [DBG] Opening connection to database '' on server 'localhost'.
2023-07-19 14:44:33.425 -03:00 [DBG] Opened connection to database '' on server 'localhost'.
2023-07-19 14:44:33.536 -03:00 [DBG] DetectChanges starting for 'AthenaContext'.
2023-07-19 14:44:33.541 -03:00 [DBG] DetectChanges completed for 'AthenaContext'.
2023-07-19 14:44:33.569 -03:00 [DBG] Opening connection to database 'Athenadb' on server 'localhost'.
2023-07-19 14:44:33.582 -03:00 [DBG] Opened connection to database 'Athenadb' on server 'localhost'.
2023-07-19 14:44:33.586 -03:00 [DBG] Beginning transaction with isolation level 'Unspecified'.
2023-07-19 14:44:33.588 -03:00 [DBG] Began transaction with isolation level 'Unspecified'.
2023-07-19 14:44:33.591 -03:00 [DBG] Creating DbCommand for 'ExecuteNonQuery'.
2023-07-19 14:44:33.593 -03:00 [DBG] Created DbCommand for 'ExecuteNonQuery' (1ms).
2023-07-19 14:44:33.597 -03:00 [DBG] Executing DbCommand [Parameters=[], CommandType='"Text"', CommandTimeout='30']
ALTER DATABASE CHARACTER SET utf8mb4;
2023-07-19 14:44:33.607 -03:00 [INF] Executed DbCommand (10ms) [Parameters=[], CommandType='"Text"', CommandTimeout='30']
ALTER DATABASE CHARACTER SET utf8mb4;
2023-07-19 14:44:33.611 -03:00 [DBG] Creating DbCommand for 'ExecuteNonQuery'.
2023-07-19 14:44:33.616 -03:00 [DBG] Created DbCommand for 'ExecuteNonQuery' (4ms).
2023-07-19 14:44:33.619 -03:00 [DBG] Executing DbCommand [Parameters=[], CommandType='"Text"', CommandTimeout='30']
CREATE TABLE `TB_ADDRESS` (
    `ID` char(36) COLLATE ascii_general_ci NOT NULL,
    `DS_STREET` varchar(400) CHARACTER SET utf8mb4 NULL,
    `DS_CITY` varchar(400) CHARACTER SET utf8mb4 NULL,
    `DS_STATE` varchar(400) CHARACTER SET utf8mb4 NULL,
    `DS_POSTAL_CODE` varchar(400) CHARACTER SET utf8mb4 NOT NULL,
    `DS_COUNTRY` varchar(400) CHARACTER SET utf8mb4 NULL,
    `CREATED_AT` datetime(6) NOT NULL,
    `UPDATED_AT` datetime(6) NOT NULL DEFAULT CURRENT_TIMESTAMP(6) ON UPDATE CURRENT_TIMESTAMP(6),
    `ST_ACTIVE` tinyint(1) NOT NULL,
    CONSTRAINT `PK_TB_ADDRESS` PRIMARY KEY (`ID`)
) CHARACTER SET utf8mb4;
2023-07-19 14:44:33.728 -03:00 [INF] Executed DbCommand (110ms) [Parameters=[], CommandType='"Text"', CommandTimeout='30']
CREATE TABLE `TB_ADDRESS` (
    `ID` char(36) COLLATE ascii_general_ci NOT NULL,
    `DS_STREET` varchar(400) CHARACTER SET utf8mb4 NULL,
    `DS_CITY` varchar(400) CHARACTER SET utf8mb4 NULL,
    `DS_STATE` varchar(400) CHARACTER SET utf8mb4 NULL,
    `DS_POSTAL_CODE` varchar(400) CHARACTER SET utf8mb4 NOT NULL,
    `DS_COUNTRY` varchar(400) CHARACTER SET utf8mb4 NULL,
    `CREATED_AT` datetime(6) NOT NULL,
    `UPDATED_AT` datetime(6) NOT NULL DEFAULT CURRENT_TIMESTAMP(6) ON UPDATE CURRENT_TIMESTAMP(6),
    `ST_ACTIVE` tinyint(1) NOT NULL,
    CONSTRAINT `PK_TB_ADDRESS` PRIMARY KEY (`ID`)
) CHARACTER SET utf8mb4;
2023-07-19 14:44:33.736 -03:00 [DBG] Creating DbCommand for 'ExecuteNonQuery'.
2023-07-19 14:44:33.739 -03:00 [DBG] Created DbCommand for 'ExecuteNonQuery' (2ms).
2023-07-19 14:44:33.742 -03:00 [DBG] Executing DbCommand [Parameters=[], CommandType='"Text"', CommandTimeout='30']
CREATE TABLE `TB_PERSON` (
    `ID` char(36) COLLATE ascii_general_ci NOT NULL,
    `DS_PERSON_NAME` varchar(400) CHARACTER SET utf8mb4 NOT NULL,
    `DS_CPF` varchar(400) CHARACTER SET utf8mb4 NOT NULL,
    `CREATED_AT` datetime(6) NOT NULL,
    `UPDATED_AT` datetime(6) NOT NULL DEFAULT CURRENT_TIMESTAMP(6) ON UPDATE CURRENT_TIMESTAMP(6),
    `ST_ACTIVE` tinyint(1) NOT NULL,
    CONSTRAINT `PK_TB_PERSON` PRIMARY KEY (`ID`)
) CHARACTER SET utf8mb4;
2023-07-19 14:44:33.773 -03:00 [INF] Executed DbCommand (31ms) [Parameters=[], CommandType='"Text"', CommandTimeout='30']
CREATE TABLE `TB_PERSON` (
    `ID` char(36) COLLATE ascii_general_ci NOT NULL,
    `DS_PERSON_NAME` varchar(400) CHARACTER SET utf8mb4 NOT NULL,
    `DS_CPF` varchar(400) CHARACTER SET utf8mb4 NOT NULL,
    `CREATED_AT` datetime(6) NOT NULL,
    `UPDATED_AT` datetime(6) NOT NULL DEFAULT CURRENT_TIMESTAMP(6) ON UPDATE CURRENT_TIMESTAMP(6),
    `ST_ACTIVE` tinyint(1) NOT NULL,
    CONSTRAINT `PK_TB_PERSON` PRIMARY KEY (`ID`)
) CHARACTER SET utf8mb4;
2023-07-19 14:44:33.779 -03:00 [DBG] Creating DbCommand for 'ExecuteNonQuery'.
2023-07-19 14:44:33.784 -03:00 [DBG] Created DbCommand for 'ExecuteNonQuery' (5ms).
2023-07-19 14:44:33.787 -03:00 [DBG] Executing DbCommand [Parameters=[], CommandType='"Text"', CommandTimeout='30']
CREATE TABLE `TB_UNIDADE_MEDIDA` (
    `ID` char(36) COLLATE ascii_general_ci NOT NULL,
    `DS_UNIDADE_MEDIDA` varchar(400) CHARACTER SET utf8mb4 NOT NULL,
    `DS_DESCRICAO` varchar(400) CHARACTER SET utf8mb4 NOT NULL,
    `DS_OBSERVACAO` varchar(400) CHARACTER SET utf8mb4 NULL,
    `CREATED_AT` datetime(6) NOT NULL,
    `UPDATED_AT` datetime(6) NOT NULL DEFAULT CURRENT_TIMESTAMP(6) ON UPDATE CURRENT_TIMESTAMP(6),
    `ST_ACTIVE` tinyint(1) NOT NULL,
    CONSTRAINT `PK_TB_UNIDADE_MEDIDA` PRIMARY KEY (`ID`)
) CHARACTER SET utf8mb4;
2023-07-19 14:44:33.819 -03:00 [INF] Executed DbCommand (32ms) [Parameters=[], CommandType='"Text"', CommandTimeout='30']
CREATE TABLE `TB_UNIDADE_MEDIDA` (
    `ID` char(36) COLLATE ascii_general_ci NOT NULL,
    `DS_UNIDADE_MEDIDA` varchar(400) CHARACTER SET utf8mb4 NOT NULL,
    `DS_DESCRICAO` varchar(400) CHARACTER SET utf8mb4 NOT NULL,
    `DS_OBSERVACAO` varchar(400) CHARACTER SET utf8mb4 NULL,
    `CREATED_AT` datetime(6) NOT NULL,
    `UPDATED_AT` datetime(6) NOT NULL DEFAULT CURRENT_TIMESTAMP(6) ON UPDATE CURRENT_TIMESTAMP(6),
    `ST_ACTIVE` tinyint(1) NOT NULL,
    CONSTRAINT `PK_TB_UNIDADE_MEDIDA` PRIMARY KEY (`ID`)
) CHARACTER SET utf8mb4;
2023-07-19 14:44:33.824 -03:00 [DBG] Creating DbCommand for 'ExecuteNonQuery'.
2023-07-19 14:44:33.827 -03:00 [DBG] Created DbCommand for 'ExecuteNonQuery' (2ms).
2023-07-19 14:44:33.832 -03:00 [DBG] Executing DbCommand [Parameters=[], CommandType='"Text"', CommandTimeout='30']
CREATE TABLE `TB_TENANT` (
    `ID` char(36) COLLATE ascii_general_ci NOT NULL,
    `NM_NAME` varchar(400) CHARACTER SET utf8mb4 NOT NULL,
    `ST_TYPE_TENANT` tinyint NOT NULL,
    `DS_CODE` varchar(400) CHARACTER SET utf8mb4 NULL,
    `DS_PHONE` varchar(400) CHARACTER SET utf8mb4 NULL,
    `ID_ADDRESS` char(36) COLLATE ascii_general_ci NULL,
    `CREATED_AT` datetime(6) NOT NULL,
    `UPDATED_AT` datetime(6) NOT NULL DEFAULT CURRENT_TIMESTAMP(6) ON UPDATE CURRENT_TIMESTAMP(6),
    `ST_ACTIVE` tinyint(1) NOT NULL,
    CONSTRAINT `PK_TB_TENANT` PRIMARY KEY (`ID`),
    CONSTRAINT `FK_TB_TENANT_TB_ADDRESS_ID_ADDRESS` FOREIGN KEY (`ID_ADDRESS`) REFERENCES `TB_ADDRESS` (`ID`) ON DELETE RESTRICT
) CHARACTER SET utf8mb4;
2023-07-19 14:44:33.892 -03:00 [INF] Executed DbCommand (60ms) [Parameters=[], CommandType='"Text"', CommandTimeout='30']
CREATE TABLE `TB_TENANT` (
    `ID` char(36) COLLATE ascii_general_ci NOT NULL,
    `NM_NAME` varchar(400) CHARACTER SET utf8mb4 NOT NULL,
    `ST_TYPE_TENANT` tinyint NOT NULL,
    `DS_CODE` varchar(400) CHARACTER SET utf8mb4 NULL,
    `DS_PHONE` varchar(400) CHARACTER SET utf8mb4 NULL,
    `ID_ADDRESS` char(36) COLLATE ascii_general_ci NULL,
    `CREATED_AT` datetime(6) NOT NULL,
    `UPDATED_AT` datetime(6) NOT NULL DEFAULT CURRENT_TIMESTAMP(6) ON UPDATE CURRENT_TIMESTAMP(6),
    `ST_ACTIVE` tinyint(1) NOT NULL,
    CONSTRAINT `PK_TB_TENANT` PRIMARY KEY (`ID`),
    CONSTRAINT `FK_TB_TENANT_TB_ADDRESS_ID_ADDRESS` FOREIGN KEY (`ID_ADDRESS`) REFERENCES `TB_ADDRESS` (`ID`) ON DELETE RESTRICT
) CHARACTER SET utf8mb4;
2023-07-19 14:44:33.899 -03:00 [DBG] Creating DbCommand for 'ExecuteNonQuery'.
2023-07-19 14:44:33.902 -03:00 [DBG] Created DbCommand for 'ExecuteNonQuery' (2ms).
2023-07-19 14:44:33.904 -03:00 [DBG] Executing DbCommand [Parameters=[], CommandType='"Text"', CommandTimeout='30']
CREATE TABLE `TB_ALMOXARIFADO` (
    `ID` char(36) COLLATE ascii_general_ci NOT NULL,
    `DS_DESCRICAO` varchar(400) CHARACTER SET utf8mb4 NOT NULL,
    `DS_SIGLA` varchar(400) CHARACTER SET utf8mb4 NOT NULL,
    `ID_PERSON` char(36) COLLATE ascii_general_ci NOT NULL,
    `CREATED_AT` datetime(6) NOT NULL,
    `UPDATED_AT` datetime(6) NOT NULL DEFAULT CURRENT_TIMESTAMP(6) ON UPDATE CURRENT_TIMESTAMP(6),
    `ST_ACTIVE` tinyint(1) NOT NULL,
    CONSTRAINT `PK_TB_ALMOXARIFADO` PRIMARY KEY (`ID`),
    CONSTRAINT `FK_TB_ALMOXARIFADO_TB_PERSON_ID_PERSON` FOREIGN KEY (`ID_PERSON`) REFERENCES `TB_PERSON` (`ID`) ON DELETE CASCADE
) CHARACTER SET utf8mb4;
2023-07-19 14:44:33.938 -03:00 [INF] Executed DbCommand (34ms) [Parameters=[], CommandType='"Text"', CommandTimeout='30']
CREATE TABLE `TB_ALMOXARIFADO` (
    `ID` char(36) COLLATE ascii_general_ci NOT NULL,
    `DS_DESCRICAO` varchar(400) CHARACTER SET utf8mb4 NOT NULL,
    `DS_SIGLA` varchar(400) CHARACTER SET utf8mb4 NOT NULL,
    `ID_PERSON` char(36) COLLATE ascii_general_ci NOT NULL,
    `CREATED_AT` datetime(6) NOT NULL,
    `UPDATED_AT` datetime(6) NOT NULL DEFAULT CURRENT_TIMESTAMP(6) ON UPDATE CURRENT_TIMESTAMP(6),
    `ST_ACTIVE` tinyint(1) NOT NULL,
    CONSTRAINT `PK_TB_ALMOXARIFADO` PRIMARY KEY (`ID`),
    CONSTRAINT `FK_TB_ALMOXARIFADO_TB_PERSON_ID_PERSON` FOREIGN KEY (`ID_PERSON`) REFERENCES `TB_PERSON` (`ID`) ON DELETE CASCADE
) CHARACTER SET utf8mb4;
2023-07-19 14:44:33.944 -03:00 [DBG] Creating DbCommand for 'ExecuteNonQuery'.
2023-07-19 14:44:33.948 -03:00 [DBG] Created DbCommand for 'ExecuteNonQuery' (3ms).
2023-07-19 14:44:33.950 -03:00 [DBG] Executing DbCommand [Parameters=[], CommandType='"Text"', CommandTimeout='30']
CREATE TABLE `TB_USER` (
    `ID` char(36) COLLATE ascii_general_ci NOT NULL,
    `DS_USER_LOGIN` varchar(400) CHARACTER SET utf8mb4 NOT NULL,
    `DS_USER_PASSWORD` varchar(400) CHARACTER SET utf8mb4 NOT NULL,
    `DS_SALT` varchar(400) CHARACTER SET utf8mb4 NOT NULL,
    `ID_PERSON` char(36) COLLATE ascii_general_ci NOT NULL,
    `IE_ISLOGED` tinyint(1) NOT NULL,
    `CREATED_AT` datetime(6) NOT NULL,
    `UPDATED_AT` datetime(6) NOT NULL DEFAULT CURRENT_TIMESTAMP(6) ON UPDATE CURRENT_TIMESTAMP(6),
    `ST_ACTIVE` tinyint(1) NOT NULL,
    CONSTRAINT `PK_TB_USER` PRIMARY KEY (`ID`),
    CONSTRAINT `FK_TB_USER_TB_PERSON_ID_PERSON` FOREIGN KEY (`ID_PERSON`) REFERENCES `TB_PERSON` (`ID`) ON DELETE CASCADE
) CHARACTER SET utf8mb4;
2023-07-19 14:44:33.984 -03:00 [INF] Executed DbCommand (33ms) [Parameters=[], CommandType='"Text"', CommandTimeout='30']
CREATE TABLE `TB_USER` (
    `ID` char(36) COLLATE ascii_general_ci NOT NULL,
    `DS_USER_LOGIN` varchar(400) CHARACTER SET utf8mb4 NOT NULL,
    `DS_USER_PASSWORD` varchar(400) CHARACTER SET utf8mb4 NOT NULL,
    `DS_SALT` varchar(400) CHARACTER SET utf8mb4 NOT NULL,
    `ID_PERSON` char(36) COLLATE ascii_general_ci NOT NULL,
    `IE_ISLOGED` tinyint(1) NOT NULL,
    `CREATED_AT` datetime(6) NOT NULL,
    `UPDATED_AT` datetime(6) NOT NULL DEFAULT CURRENT_TIMESTAMP(6) ON UPDATE CURRENT_TIMESTAMP(6),
    `ST_ACTIVE` tinyint(1) NOT NULL,
    CONSTRAINT `PK_TB_USER` PRIMARY KEY (`ID`),
    CONSTRAINT `FK_TB_USER_TB_PERSON_ID_PERSON` FOREIGN KEY (`ID_PERSON`) REFERENCES `TB_PERSON` (`ID`) ON DELETE CASCADE
) CHARACTER SET utf8mb4;
2023-07-19 14:44:33.990 -03:00 [DBG] Creating DbCommand for 'ExecuteNonQuery'.
2023-07-19 14:44:33.993 -03:00 [DBG] Created DbCommand for 'ExecuteNonQuery' (2ms).
2023-07-19 14:44:34.000 -03:00 [DBG] Executing DbCommand [Parameters=[], CommandType='"Text"', CommandTimeout='30']
CREATE TABLE `TB_Produtos` (
    `ID` char(36) COLLATE ascii_general_ci NOT NULL,
    `DS_NOME_PRODUTO` varchar(400) CHARACTER SET utf8mb4 NOT NULL,
    `DS_DESCRICAO` varchar(400) CHARACTER SET utf8mb4 NOT NULL,
    `DS_PESO_LIQUIDO` float NOT NULL,
    `DS_PESO_BRUTO` float NOT NULL,
    `ID_UNIDADE_MEDIDA` char(36) COLLATE ascii_general_ci NULL,
    `CREATED_AT` datetime(6) NOT NULL,
    `UPDATED_AT` datetime(6) NOT NULL DEFAULT CURRENT_TIMESTAMP(6) ON UPDATE CURRENT_TIMESTAMP(6),
    `ST_ACTIVE` tinyint(1) NOT NULL,
    CONSTRAINT `PK_TB_Produtos` PRIMARY KEY (`ID`),
    CONSTRAINT `FK_TB_Produtos_TB_UNIDADE_MEDIDA_ID_UNIDADE_MEDIDA` FOREIGN KEY (`ID_UNIDADE_MEDIDA`) REFERENCES `TB_UNIDADE_MEDIDA` (`ID`) ON DELETE RESTRICT
) CHARACTER SET utf8mb4;
2023-07-19 14:44:34.032 -03:00 [INF] Executed DbCommand (32ms) [Parameters=[], CommandType='"Text"', CommandTimeout='30']
CREATE TABLE `TB_Produtos` (
    `ID` char(36) COLLATE ascii_general_ci NOT NULL,
    `DS_NOME_PRODUTO` varchar(400) CHARACTER SET utf8mb4 NOT NULL,
    `DS_DESCRICAO` varchar(400) CHARACTER SET utf8mb4 NOT NULL,
    `DS_PESO_LIQUIDO` float NOT NULL,
    `DS_PESO_BRUTO` float NOT NULL,
    `ID_UNIDADE_MEDIDA` char(36) COLLATE ascii_general_ci NULL,
    `CREATED_AT` datetime(6) NOT NULL,
    `UPDATED_AT` datetime(6) NOT NULL DEFAULT CURRENT_TIMESTAMP(6) ON UPDATE CURRENT_TIMESTAMP(6),
    `ST_ACTIVE` tinyint(1) NOT NULL,
    CONSTRAINT `PK_TB_Produtos` PRIMARY KEY (`ID`),
    CONSTRAINT `FK_TB_Produtos_TB_UNIDADE_MEDIDA_ID_UNIDADE_MEDIDA` FOREIGN KEY (`ID_UNIDADE_MEDIDA`) REFERENCES `TB_UNIDADE_MEDIDA` (`ID`) ON DELETE RESTRICT
) CHARACTER SET utf8mb4;
2023-07-19 14:44:34.038 -03:00 [DBG] Creating DbCommand for 'ExecuteNonQuery'.
2023-07-19 14:44:34.040 -03:00 [DBG] Created DbCommand for 'ExecuteNonQuery' (2ms).
2023-07-19 14:44:34.043 -03:00 [DBG] Executing DbCommand [Parameters=[], CommandType='"Text"', CommandTimeout='30']
CREATE TABLE `TB_ACCOUNT` (
    `ID` char(36) COLLATE ascii_general_ci NOT NULL,
    `ID_PERSON` char(36) COLLATE ascii_general_ci NOT NULL,
    `DS_BANKCODE` varchar(400) CHARACTER SET utf8mb4 NOT NULL,
    `NR_ACCOUNT_NUMBER` varchar(400) CHARACTER SET utf8mb4 NOT NULL,
    `NR_BRANCH` varchar(400) CHARACTER SET utf8mb4 NOT NULL,
    `ST_TYPE_ACCOUNT` tinyint NOT NULL,
    `DT_OPEN_DATE` datetime(6) NOT NULL,
    `CloseDate` datetime(6) NOT NULL,
    `NR_OPENING_BALANCE` decimal(65,30) NOT NULL,
    `CREATED_AT` datetime(6) NOT NULL,
    `UPDATED_AT` datetime(6) NOT NULL DEFAULT CURRENT_TIMESTAMP(6) ON UPDATE CURRENT_TIMESTAMP(6),
    `ST_ACTIVE` tinyint(1) NOT NULL,
    `TenantId` char(36) COLLATE ascii_general_ci NOT NULL,
    CONSTRAINT `PK_TB_ACCOUNT` PRIMARY KEY (`ID`),
    CONSTRAINT `FK_TB_ACCOUNT_TB_PERSON_ID_PERSON` FOREIGN KEY (`ID_PERSON`) REFERENCES `TB_PERSON` (`ID`) ON DELETE CASCADE,
    CONSTRAINT `FK_TB_ACCOUNT_TB_TENANT_TenantId` FOREIGN KEY (`TenantId`) REFERENCES `TB_TENANT` (`ID`) ON DELETE CASCADE
) CHARACTER SET utf8mb4;
2023-07-19 14:44:34.087 -03:00 [INF] Executed DbCommand (44ms) [Parameters=[], CommandType='"Text"', CommandTimeout='30']
CREATE TABLE `TB_ACCOUNT` (
    `ID` char(36) COLLATE ascii_general_ci NOT NULL,
    `ID_PERSON` char(36) COLLATE ascii_general_ci NOT NULL,
    `DS_BANKCODE` varchar(400) CHARACTER SET utf8mb4 NOT NULL,
    `NR_ACCOUNT_NUMBER` varchar(400) CHARACTER SET utf8mb4 NOT NULL,
    `NR_BRANCH` varchar(400) CHARACTER SET utf8mb4 NOT NULL,
    `ST_TYPE_ACCOUNT` tinyint NOT NULL,
    `DT_OPEN_DATE` datetime(6) NOT NULL,
    `CloseDate` datetime(6) NOT NULL,
    `NR_OPENING_BALANCE` decimal(65,30) NOT NULL,
    `CREATED_AT` datetime(6) NOT NULL,
    `UPDATED_AT` datetime(6) NOT NULL DEFAULT CURRENT_TIMESTAMP(6) ON UPDATE CURRENT_TIMESTAMP(6),
    `ST_ACTIVE` tinyint(1) NOT NULL,
    `TenantId` char(36) COLLATE ascii_general_ci NOT NULL,
    CONSTRAINT `PK_TB_ACCOUNT` PRIMARY KEY (`ID`),
    CONSTRAINT `FK_TB_ACCOUNT_TB_PERSON_ID_PERSON` FOREIGN KEY (`ID_PERSON`) REFERENCES `TB_PERSON` (`ID`) ON DELETE CASCADE,
    CONSTRAINT `FK_TB_ACCOUNT_TB_TENANT_TenantId` FOREIGN KEY (`TenantId`) REFERENCES `TB_TENANT` (`ID`) ON DELETE CASCADE
) CHARACTER SET utf8mb4;
2023-07-19 14:44:34.094 -03:00 [DBG] Creating DbCommand for 'ExecuteNonQuery'.
2023-07-19 14:44:34.098 -03:00 [DBG] Created DbCommand for 'ExecuteNonQuery' (4ms).
2023-07-19 14:44:34.102 -03:00 [DBG] Executing DbCommand [Parameters=[], CommandType='"Text"', CommandTimeout='30']
CREATE TABLE `TB_INCOME_EXPENSES` (
    `ID` char(36) COLLATE ascii_general_ci NOT NULL,
    `NM_NAME` varchar(400) CHARACTER SET utf8mb4 NOT NULL,
    `ST_TYPE` tinyint NOT NULL,
    `CREATED_AT` datetime(6) NOT NULL,
    `UPDATED_AT` datetime(6) NOT NULL DEFAULT CURRENT_TIMESTAMP(6) ON UPDATE CURRENT_TIMESTAMP(6),
    `ST_ACTIVE` tinyint(1) NOT NULL,
    `ID_TENANT` char(36) COLLATE ascii_general_ci NOT NULL,
    CONSTRAINT `PK_TB_INCOME_EXPENSES` PRIMARY KEY (`ID`),
    CONSTRAINT `FK_TB_INCOME_EXPENSES_TB_TENANT_ID_TENANT` FOREIGN KEY (`ID_TENANT`) REFERENCES `TB_TENANT` (`ID`) ON DELETE CASCADE
) CHARACTER SET utf8mb4;
2023-07-19 14:44:34.160 -03:00 [INF] Executed DbCommand (58ms) [Parameters=[], CommandType='"Text"', CommandTimeout='30']
CREATE TABLE `TB_INCOME_EXPENSES` (
    `ID` char(36) COLLATE ascii_general_ci NOT NULL,
    `NM_NAME` varchar(400) CHARACTER SET utf8mb4 NOT NULL,
    `ST_TYPE` tinyint NOT NULL,
    `CREATED_AT` datetime(6) NOT NULL,
    `UPDATED_AT` datetime(6) NOT NULL DEFAULT CURRENT_TIMESTAMP(6) ON UPDATE CURRENT_TIMESTAMP(6),
    `ST_ACTIVE` tinyint(1) NOT NULL,
    `ID_TENANT` char(36) COLLATE ascii_general_ci NOT NULL,
    CONSTRAINT `PK_TB_INCOME_EXPENSES` PRIMARY KEY (`ID`),
    CONSTRAINT `FK_TB_INCOME_EXPENSES_TB_TENANT_ID_TENANT` FOREIGN KEY (`ID_TENANT`) REFERENCES `TB_TENANT` (`ID`) ON DELETE CASCADE
) CHARACTER SET utf8mb4;
2023-07-19 14:44:34.167 -03:00 [DBG] Creating DbCommand for 'ExecuteNonQuery'.
2023-07-19 14:44:34.171 -03:00 [DBG] Created DbCommand for 'ExecuteNonQuery' (3ms).
2023-07-19 14:44:34.174 -03:00 [DBG] Executing DbCommand [Parameters=[], CommandType='"Text"', CommandTimeout='30']
CREATE TABLE `TB_ProdutosAlmoxatrifados` (
    `ID` char(36) COLLATE ascii_general_ci NOT NULL,
    `ID_PRODUTO` char(36) COLLATE ascii_general_ci NOT NULL,
    `ID_alMOXarIFADO` char(36) COLLATE ascii_general_ci NOT NULL,
    `CREATED_AT` datetime(6) NOT NULL,
    `UPDATED_AT` datetime(6) NOT NULL DEFAULT CURRENT_TIMESTAMP(6) ON UPDATE CURRENT_TIMESTAMP(6),
    `ST_ACTIVE` tinyint(1) NOT NULL,
    CONSTRAINT `PK_TB_ProdutosAlmoxatrifados` PRIMARY KEY (`ID`),
    CONSTRAINT `FK_TB_ProdutosAlmoxatrifados_TB_ALMOXARIFADO_ID_alMOXarIFADO` FOREIGN KEY (`ID_alMOXarIFADO`) REFERENCES `TB_ALMOXARIFADO` (`ID`) ON DELETE CASCADE,
    CONSTRAINT `FK_TB_ProdutosAlmoxatrifados_TB_Produtos_ID_PRODUTO` FOREIGN KEY (`ID_PRODUTO`) REFERENCES `TB_Produtos` (`ID`) ON DELETE CASCADE
) CHARACTER SET utf8mb4;
2023-07-19 14:44:34.220 -03:00 [INF] Executed DbCommand (46ms) [Parameters=[], CommandType='"Text"', CommandTimeout='30']
CREATE TABLE `TB_ProdutosAlmoxatrifados` (
    `ID` char(36) COLLATE ascii_general_ci NOT NULL,
    `ID_PRODUTO` char(36) COLLATE ascii_general_ci NOT NULL,
    `ID_alMOXarIFADO` char(36) COLLATE ascii_general_ci NOT NULL,
    `CREATED_AT` datetime(6) NOT NULL,
    `UPDATED_AT` datetime(6) NOT NULL DEFAULT CURRENT_TIMESTAMP(6) ON UPDATE CURRENT_TIMESTAMP(6),
    `ST_ACTIVE` tinyint(1) NOT NULL,
    CONSTRAINT `PK_TB_ProdutosAlmoxatrifados` PRIMARY KEY (`ID`),
    CONSTRAINT `FK_TB_ProdutosAlmoxatrifados_TB_ALMOXARIFADO_ID_alMOXarIFADO` FOREIGN KEY (`ID_alMOXarIFADO`) REFERENCES `TB_ALMOXARIFADO` (`ID`) ON DELETE CASCADE,
    CONSTRAINT `FK_TB_ProdutosAlmoxatrifados_TB_Produtos_ID_PRODUTO` FOREIGN KEY (`ID_PRODUTO`) REFERENCES `TB_Produtos` (`ID`) ON DELETE CASCADE
) CHARACTER SET utf8mb4;
2023-07-19 14:44:34.225 -03:00 [DBG] Creating DbCommand for 'ExecuteNonQuery'.
2023-07-19 14:44:34.228 -03:00 [DBG] Created DbCommand for 'ExecuteNonQuery' (2ms).
2023-07-19 14:44:34.235 -03:00 [DBG] Executing DbCommand [Parameters=[], CommandType='"Text"', CommandTimeout='30']
CREATE TABLE `TB_ACCOUNT_MOVES` (
    `ID` char(36) COLLATE ascii_general_ci NOT NULL,
    `ID_PERSON` char(36) COLLATE ascii_general_ci NOT NULL,
    `ID_TYPE_INCOME_EXPENSES` char(36) COLLATE ascii_general_ci NOT NULL,
    `ID_ACCOUNT` char(36) COLLATE ascii_general_ci NOT NULL,
    `NR_VALUE` decimal(65,30) NOT NULL,
    `DS_DESCRIPTION` varchar(400) CHARACTER SET utf8mb4 NOT NULL,
    `CREATED_AT` datetime(6) NOT NULL,
    `UPDATED_AT` datetime(6) NOT NULL DEFAULT CURRENT_TIMESTAMP(6) ON UPDATE CURRENT_TIMESTAMP(6),
    `ST_ACTIVE` tinyint(1) NOT NULL,
    `ID_TENANT` char(36) COLLATE ascii_general_ci NOT NULL,
    CONSTRAINT `PK_TB_ACCOUNT_MOVES` PRIMARY KEY (`ID`),
    CONSTRAINT `FK_TB_ACCOUNT_MOVES_TB_ACCOUNT_ID_ACCOUNT` FOREIGN KEY (`ID_ACCOUNT`) REFERENCES `TB_ACCOUNT` (`ID`) ON DELETE CASCADE,
    CONSTRAINT `FK_TB_ACCOUNT_MOVES_TB_INCOME_EXPENSES_ID_TYPE_INCOME_EXPENSES` FOREIGN KEY (`ID_TYPE_INCOME_EXPENSES`) REFERENCES `TB_INCOME_EXPENSES` (`ID`) ON DELETE CASCADE,
    CONSTRAINT `FK_TB_ACCOUNT_MOVES_TB_PERSON_ID_PERSON` FOREIGN KEY (`ID_PERSON`) REFERENCES `TB_PERSON` (`ID`) ON DELETE CASCADE,
    CONSTRAINT `FK_TB_ACCOUNT_MOVES_TB_TENANT_ID_TENANT` FOREIGN KEY (`ID_TENANT`) REFERENCES `TB_TENANT` (`ID`) ON DELETE CASCADE
) CHARACTER SET utf8mb4;
2023-07-19 14:44:34.447 -03:00 [INF] Executed DbCommand (212ms) [Parameters=[], CommandType='"Text"', CommandTimeout='30']
CREATE TABLE `TB_ACCOUNT_MOVES` (
    `ID` char(36) COLLATE ascii_general_ci NOT NULL,
    `ID_PERSON` char(36) COLLATE ascii_general_ci NOT NULL,
    `ID_TYPE_INCOME_EXPENSES` char(36) COLLATE ascii_general_ci NOT NULL,
    `ID_ACCOUNT` char(36) COLLATE ascii_general_ci NOT NULL,
    `NR_VALUE` decimal(65,30) NOT NULL,
    `DS_DESCRIPTION` varchar(400) CHARACTER SET utf8mb4 NOT NULL,
    `CREATED_AT` datetime(6) NOT NULL,
    `UPDATED_AT` datetime(6) NOT NULL DEFAULT CURRENT_TIMESTAMP(6) ON UPDATE CURRENT_TIMESTAMP(6),
    `ST_ACTIVE` tinyint(1) NOT NULL,
    `ID_TENANT` char(36) COLLATE ascii_general_ci NOT NULL,
    CONSTRAINT `PK_TB_ACCOUNT_MOVES` PRIMARY KEY (`ID`),
    CONSTRAINT `FK_TB_ACCOUNT_MOVES_TB_ACCOUNT_ID_ACCOUNT` FOREIGN KEY (`ID_ACCOUNT`) REFERENCES `TB_ACCOUNT` (`ID`) ON DELETE CASCADE,
    CONSTRAINT `FK_TB_ACCOUNT_MOVES_TB_INCOME_EXPENSES_ID_TYPE_INCOME_EXPENSES` FOREIGN KEY (`ID_TYPE_INCOME_EXPENSES`) REFERENCES `TB_INCOME_EXPENSES` (`ID`) ON DELETE CASCADE,
    CONSTRAINT `FK_TB_ACCOUNT_MOVES_TB_PERSON_ID_PERSON` FOREIGN KEY (`ID_PERSON`) REFERENCES `TB_PERSON` (`ID`) ON DELETE CASCADE,
    CONSTRAINT `FK_TB_ACCOUNT_MOVES_TB_TENANT_ID_TENANT` FOREIGN KEY (`ID_TENANT`) REFERENCES `TB_TENANT` (`ID`) ON DELETE CASCADE
) CHARACTER SET utf8mb4;
2023-07-19 14:44:34.455 -03:00 [DBG] Creating DbCommand for 'ExecuteNonQuery'.
2023-07-19 14:44:34.457 -03:00 [DBG] Created DbCommand for 'ExecuteNonQuery' (2ms).
2023-07-19 14:44:34.460 -03:00 [DBG] Executing DbCommand [Parameters=[], CommandType='"Text"', CommandTimeout='30']
CREATE INDEX `IX_TB_ACCOUNT_ID_PERSON` ON `TB_ACCOUNT` (`ID_PERSON`);
2023-07-19 14:44:34.533 -03:00 [INF] Executed DbCommand (73ms) [Parameters=[], CommandType='"Text"', CommandTimeout='30']
CREATE INDEX `IX_TB_ACCOUNT_ID_PERSON` ON `TB_ACCOUNT` (`ID_PERSON`);
2023-07-19 14:44:34.538 -03:00 [DBG] Creating DbCommand for 'ExecuteNonQuery'.
2023-07-19 14:44:34.540 -03:00 [DBG] Created DbCommand for 'ExecuteNonQuery' (1ms).
2023-07-19 14:44:34.542 -03:00 [DBG] Executing DbCommand [Parameters=[], CommandType='"Text"', CommandTimeout='30']
CREATE INDEX `IX_TB_ACCOUNT_TenantId` ON `TB_ACCOUNT` (`TenantId`);
2023-07-19 14:44:34.575 -03:00 [INF] Executed DbCommand (33ms) [Parameters=[], CommandType='"Text"', CommandTimeout='30']
CREATE INDEX `IX_TB_ACCOUNT_TenantId` ON `TB_ACCOUNT` (`TenantId`);
2023-07-19 14:44:34.582 -03:00 [DBG] Creating DbCommand for 'ExecuteNonQuery'.
2023-07-19 14:44:34.584 -03:00 [DBG] Created DbCommand for 'ExecuteNonQuery' (2ms).
2023-07-19 14:44:34.587 -03:00 [DBG] Executing DbCommand [Parameters=[], CommandType='"Text"', CommandTimeout='30']
CREATE INDEX `IX_TB_ACCOUNT_MOVES_ID_ACCOUNT` ON `TB_ACCOUNT_MOVES` (`ID_ACCOUNT`);
2023-07-19 14:44:34.616 -03:00 [INF] Executed DbCommand (29ms) [Parameters=[], CommandType='"Text"', CommandTimeout='30']
CREATE INDEX `IX_TB_ACCOUNT_MOVES_ID_ACCOUNT` ON `TB_ACCOUNT_MOVES` (`ID_ACCOUNT`);
2023-07-19 14:44:34.622 -03:00 [DBG] Creating DbCommand for 'ExecuteNonQuery'.
2023-07-19 14:44:34.624 -03:00 [DBG] Created DbCommand for 'ExecuteNonQuery' (2ms).
2023-07-19 14:44:34.626 -03:00 [DBG] Executing DbCommand [Parameters=[], CommandType='"Text"', CommandTimeout='30']
CREATE INDEX `IX_TB_ACCOUNT_MOVES_ID_PERSON` ON `TB_ACCOUNT_MOVES` (`ID_PERSON`);
2023-07-19 14:44:34.646 -03:00 [INF] Executed DbCommand (20ms) [Parameters=[], CommandType='"Text"', CommandTimeout='30']
CREATE INDEX `IX_TB_ACCOUNT_MOVES_ID_PERSON` ON `TB_ACCOUNT_MOVES` (`ID_PERSON`);
2023-07-19 14:44:34.656 -03:00 [DBG] Creating DbCommand for 'ExecuteNonQuery'.
2023-07-19 14:44:34.659 -03:00 [DBG] Created DbCommand for 'ExecuteNonQuery' (2ms).
2023-07-19 14:44:34.663 -03:00 [DBG] Executing DbCommand [Parameters=[], CommandType='"Text"', CommandTimeout='30']
CREATE INDEX `IX_TB_ACCOUNT_MOVES_ID_TENANT` ON `TB_ACCOUNT_MOVES` (`ID_TENANT`);
2023-07-19 14:44:34.687 -03:00 [INF] Executed DbCommand (24ms) [Parameters=[], CommandType='"Text"', CommandTimeout='30']
CREATE INDEX `IX_TB_ACCOUNT_MOVES_ID_TENANT` ON `TB_ACCOUNT_MOVES` (`ID_TENANT`);
2023-07-19 14:44:34.692 -03:00 [DBG] Creating DbCommand for 'ExecuteNonQuery'.
2023-07-19 14:44:34.695 -03:00 [DBG] Created DbCommand for 'ExecuteNonQuery' (2ms).
2023-07-19 14:44:34.701 -03:00 [DBG] Executing DbCommand [Parameters=[], CommandType='"Text"', CommandTimeout='30']
CREATE INDEX `IX_TB_ACCOUNT_MOVES_ID_TYPE_INCOME_EXPENSES` ON `TB_ACCOUNT_MOVES` (`ID_TYPE_INCOME_EXPENSES`);
2023-07-19 14:44:34.726 -03:00 [INF] Executed DbCommand (25ms) [Parameters=[], CommandType='"Text"', CommandTimeout='30']
CREATE INDEX `IX_TB_ACCOUNT_MOVES_ID_TYPE_INCOME_EXPENSES` ON `TB_ACCOUNT_MOVES` (`ID_TYPE_INCOME_EXPENSES`);
2023-07-19 14:44:34.737 -03:00 [DBG] Creating DbCommand for 'ExecuteNonQuery'.
2023-07-19 14:44:34.739 -03:00 [DBG] Created DbCommand for 'ExecuteNonQuery' (2ms).
2023-07-19 14:44:34.741 -03:00 [DBG] Executing DbCommand [Parameters=[], CommandType='"Text"', CommandTimeout='30']
CREATE UNIQUE INDEX `IX_TB_ALMOXARIFADO_ID_PERSON` ON `TB_ALMOXARIFADO` (`ID_PERSON`);
2023-07-19 14:44:34.771 -03:00 [INF] Executed DbCommand (30ms) [Parameters=[], CommandType='"Text"', CommandTimeout='30']
CREATE UNIQUE INDEX `IX_TB_ALMOXARIFADO_ID_PERSON` ON `TB_ALMOXARIFADO` (`ID_PERSON`);
2023-07-19 14:44:34.776 -03:00 [DBG] Creating DbCommand for 'ExecuteNonQuery'.
2023-07-19 14:44:34.778 -03:00 [DBG] Created DbCommand for 'ExecuteNonQuery' (2ms).
2023-07-19 14:44:34.781 -03:00 [DBG] Executing DbCommand [Parameters=[], CommandType='"Text"', CommandTimeout='30']
CREATE INDEX `IX_TB_INCOME_EXPENSES_ID_TENANT` ON `TB_INCOME_EXPENSES` (`ID_TENANT`);
2023-07-19 14:44:34.826 -03:00 [INF] Executed DbCommand (45ms) [Parameters=[], CommandType='"Text"', CommandTimeout='30']
CREATE INDEX `IX_TB_INCOME_EXPENSES_ID_TENANT` ON `TB_INCOME_EXPENSES` (`ID_TENANT`);
2023-07-19 14:44:34.832 -03:00 [DBG] Creating DbCommand for 'ExecuteNonQuery'.
2023-07-19 14:44:34.834 -03:00 [DBG] Created DbCommand for 'ExecuteNonQuery' (2ms).
2023-07-19 14:44:34.836 -03:00 [DBG] Executing DbCommand [Parameters=[], CommandType='"Text"', CommandTimeout='30']
CREATE INDEX `IX_TB_Produtos_ID_UNIDADE_MEDIDA` ON `TB_Produtos` (`ID_UNIDADE_MEDIDA`);
2023-07-19 14:44:34.874 -03:00 [INF] Executed DbCommand (37ms) [Parameters=[], CommandType='"Text"', CommandTimeout='30']
CREATE INDEX `IX_TB_Produtos_ID_UNIDADE_MEDIDA` ON `TB_Produtos` (`ID_UNIDADE_MEDIDA`);
2023-07-19 14:44:34.878 -03:00 [DBG] Creating DbCommand for 'ExecuteNonQuery'.
2023-07-19 14:44:34.881 -03:00 [DBG] Created DbCommand for 'ExecuteNonQuery' (2ms).
2023-07-19 14:44:34.884 -03:00 [DBG] Executing DbCommand [Parameters=[], CommandType='"Text"', CommandTimeout='30']
CREATE INDEX `IX_TB_ProdutosAlmoxatrifados_ID_alMOXarIFADO` ON `TB_ProdutosAlmoxatrifados` (`ID_alMOXarIFADO`);
2023-07-19 14:44:34.906 -03:00 [INF] Executed DbCommand (22ms) [Parameters=[], CommandType='"Text"', CommandTimeout='30']
CREATE INDEX `IX_TB_ProdutosAlmoxatrifados_ID_alMOXarIFADO` ON `TB_ProdutosAlmoxatrifados` (`ID_alMOXarIFADO`);
2023-07-19 14:44:34.911 -03:00 [DBG] Creating DbCommand for 'ExecuteNonQuery'.
2023-07-19 14:44:34.913 -03:00 [DBG] Created DbCommand for 'ExecuteNonQuery' (2ms).
2023-07-19 14:44:34.916 -03:00 [DBG] Executing DbCommand [Parameters=[], CommandType='"Text"', CommandTimeout='30']
CREATE INDEX `IX_TB_ProdutosAlmoxatrifados_ID_PRODUTO` ON `TB_ProdutosAlmoxatrifados` (`ID_PRODUTO`);
2023-07-19 14:44:34.936 -03:00 [INF] Executed DbCommand (20ms) [Parameters=[], CommandType='"Text"', CommandTimeout='30']
CREATE INDEX `IX_TB_ProdutosAlmoxatrifados_ID_PRODUTO` ON `TB_ProdutosAlmoxatrifados` (`ID_PRODUTO`);
2023-07-19 14:44:34.941 -03:00 [DBG] Creating DbCommand for 'ExecuteNonQuery'.
2023-07-19 14:44:34.943 -03:00 [DBG] Created DbCommand for 'ExecuteNonQuery' (1ms).
2023-07-19 14:44:34.945 -03:00 [DBG] Executing DbCommand [Parameters=[], CommandType='"Text"', CommandTimeout='30']
CREATE INDEX `IX_TB_TENANT_ID_ADDRESS` ON `TB_TENANT` (`ID_ADDRESS`);
2023-07-19 14:44:35.000 -03:00 [INF] Executed DbCommand (55ms) [Parameters=[], CommandType='"Text"', CommandTimeout='30']
CREATE INDEX `IX_TB_TENANT_ID_ADDRESS` ON `TB_TENANT` (`ID_ADDRESS`);
2023-07-19 14:44:35.005 -03:00 [DBG] Creating DbCommand for 'ExecuteNonQuery'.
2023-07-19 14:44:35.006 -03:00 [DBG] Created DbCommand for 'ExecuteNonQuery' (1ms).
2023-07-19 14:44:35.009 -03:00 [DBG] Executing DbCommand [Parameters=[], CommandType='"Text"', CommandTimeout='30']
CREATE UNIQUE INDEX `IX_TB_USER_ID_PERSON` ON `TB_USER` (`ID_PERSON`);
2023-07-19 14:44:35.033 -03:00 [INF] Executed DbCommand (24ms) [Parameters=[], CommandType='"Text"', CommandTimeout='30']
CREATE UNIQUE INDEX `IX_TB_USER_ID_PERSON` ON `TB_USER` (`ID_PERSON`);
2023-07-19 14:44:35.038 -03:00 [DBG] Committing transaction.
2023-07-19 14:44:35.041 -03:00 [DBG] Committed transaction.
2023-07-19 14:44:35.044 -03:00 [DBG] Disposing transaction.
2023-07-19 14:44:35.046 -03:00 [DBG] Closing connection to database 'Athenadb' on server 'localhost'.
2023-07-19 14:44:35.051 -03:00 [DBG] Closed connection to database 'Athenadb' on server 'localhost'.
2023-07-19 14:44:35.120 -03:00 [DBG] Compiling query expression: 
'DbSet<Produtos>()
    .AsNoTracking()
    .Where(f => True && Invoke(x => x.IsActive, f)
    )
    .Count()'
2023-07-19 14:44:35.302 -03:00 [DBG] Generated query execution expression: 
'queryContext => new SingleQueryingEnumerable<int>(
    (RelationalQueryContext)queryContext, 
    RelationalCommandCache.SelectExpression(
        Projection Mapping:
            EmptyProjectionMember -> 0
        SELECT COUNT(*)
        FROM TB_Produtos AS t
        WHERE TRUE && t.ST_ACTIVE), 
    Func<QueryContext, DbDataReader, ResultContext, SingleQueryResultCoordinator, int>, 
    Concent.Athena.Infrastructure.Data.Contexts.AthenaContext, 
    False, 
    False
)
    .Single()'
2023-07-19 14:44:35.334 -03:00 [DBG] Creating DbCommand for 'ExecuteReader'.
2023-07-19 14:44:35.337 -03:00 [DBG] Created DbCommand for 'ExecuteReader' (3ms).
2023-07-19 14:44:35.340 -03:00 [DBG] Opening connection to database 'Athenadb' on server 'localhost'.
2023-07-19 14:44:35.345 -03:00 [DBG] Opened connection to database 'Athenadb' on server 'localhost'.
2023-07-19 14:44:35.349 -03:00 [DBG] Executing DbCommand [Parameters=[], CommandType='"Text"', CommandTimeout='30']
SELECT COUNT(*)
FROM `TB_Produtos` AS `t`
WHERE `t`.`ST_ACTIVE`
2023-07-19 14:44:35.358 -03:00 [INF] Executed DbCommand (9ms) [Parameters=[], CommandType='"Text"', CommandTimeout='30']
SELECT COUNT(*)
FROM `TB_Produtos` AS `t`
WHERE `t`.`ST_ACTIVE`
2023-07-19 14:44:35.374 -03:00 [DBG] A data reader was disposed.
2023-07-19 14:44:35.378 -03:00 [DBG] Closing connection to database 'Athenadb' on server 'localhost'.
2023-07-19 14:44:35.383 -03:00 [DBG] Closed connection to database 'Athenadb' on server 'localhost'.
2023-07-19 14:44:35.419 -03:00 [DBG] List of registered output formatters, in the following order: ["Microsoft.AspNetCore.Mvc.Formatters.HttpNoContentOutputFormatter","Microsoft.AspNetCore.Mvc.Formatters.StringOutputFormatter","Microsoft.AspNetCore.Mvc.Formatters.StreamOutputFormatter","Microsoft.AspNetCore.Mvc.Formatters.SystemTextJsonOutputFormatter"]
2023-07-19 14:44:35.426 -03:00 [DBG] No information found on request to perform content negotiation.
2023-07-19 14:44:35.428 -03:00 [DBG] Attempting to select an output formatter without using a content type as no explicit content types were specified for the response.
2023-07-19 14:44:35.432 -03:00 [DBG] Attempting to select the first formatter in the output formatters list which can write the result.
2023-07-19 14:44:35.435 -03:00 [DBG] Selected output formatter 'Microsoft.AspNetCore.Mvc.Formatters.SystemTextJsonOutputFormatter' and content type 'application/json' to write the response.
2023-07-19 14:44:35.438 -03:00 [INF] Executing ObjectResult, writing value of type 'Concent.Athena.Domain.Core.Responses.ProdutosResponses.GetProdutosResponse'.
2023-07-19 14:44:35.458 -03:00 [DBG] Compiling query expression: 
'DbSet<Produtos>()
    .AsNoTracking()
    .Where(f => True && Invoke(x => x.IsActive, f)
    )
    .Select(x => new { 
        Id = x.Id, 
        NomeProduto = x.NomeProduto
     })
    .OrderBy(x => x.NomeProduto)
    .Skip(__p_0)
    .Take(__p_1)'
2023-07-19 14:44:35.486 -03:00 [DBG] Generated query execution expression: 
'queryContext => new SingleQueryingEnumerable<<>f__AnonymousType9<Guid, string>>(
    (RelationalQueryContext)queryContext, 
    RelationalCommandCache.SelectExpression(
        Projection Mapping:
            Id -> 0
            NomeProduto -> 1
        SELECT t.ID AS Id, t.DS_NOME_PRODUTO AS NomeProduto
        FROM TB_Produtos AS t
        WHERE TRUE && t.ST_ACTIVE
        ORDER BY t.DS_NOME_PRODUTO ASC
        OFFSET @__p_0 ROWS FETCH NEXT @__p_1 ROWS ONLY), 
    Func<QueryContext, DbDataReader, ResultContext, SingleQueryResultCoordinator, <>f__AnonymousType9<Guid, string>>, 
    Concent.Athena.Infrastructure.Data.Contexts.AthenaContext, 
    False, 
    False
)'
2023-07-19 14:44:35.496 -03:00 [DBG] Creating DbCommand for 'ExecuteReader'.
2023-07-19 14:44:35.501 -03:00 [DBG] Created DbCommand for 'ExecuteReader' (4ms).
2023-07-19 14:44:35.526 -03:00 [DBG] Opening connection to database 'Athenadb' on server 'localhost'.
2023-07-19 14:44:35.530 -03:00 [DBG] Opened connection to database 'Athenadb' on server 'localhost'.
2023-07-19 14:44:35.537 -03:00 [DBG] Executing DbCommand [Parameters=[@__p_1='?' (DbType = Int32), @__p_0='?' (DbType = Int32)], CommandType='"Text"', CommandTimeout='30']
SELECT `t`.`ID` AS `Id`, `t`.`DS_NOME_PRODUTO` AS `NomeProduto`
FROM `TB_Produtos` AS `t`
WHERE `t`.`ST_ACTIVE`
ORDER BY `t`.`DS_NOME_PRODUTO`
LIMIT @__p_1 OFFSET @__p_0
2023-07-19 14:44:35.560 -03:00 [INF] Executed DbCommand (25ms) [Parameters=[@__p_1='?' (DbType = Int32), @__p_0='?' (DbType = Int32)], CommandType='"Text"', CommandTimeout='30']
SELECT `t`.`ID` AS `Id`, `t`.`DS_NOME_PRODUTO` AS `NomeProduto`
FROM `TB_Produtos` AS `t`
WHERE `t`.`ST_ACTIVE`
ORDER BY `t`.`DS_NOME_PRODUTO`
LIMIT @__p_1 OFFSET @__p_0
2023-07-19 14:44:35.577 -03:00 [INF] Executed action Concent.Athena.Services.API.Controllers.ProdutosController.GetAll (Concent.Athena.Services.API) in 4019.2245ms
2023-07-19 14:44:35.582 -03:00 [INF] Executed endpoint 'Concent.Athena.Services.API.Controllers.ProdutosController.GetAll (Concent.Athena.Services.API)'
2023-07-19 14:44:35.587 -03:00 [DBG] 'AthenaContext' disposed.
2023-07-19 14:44:35.592 -03:00 [INF] Request finished HTTP/2 GET https://localhost:5004/api/v1/tenant/produtos - - - 200 - application/json;+charset=utf-8 4242.6958ms
2023-07-19 14:44:37.255 -03:00 [DBG] Connection id "0HMS8FRQQ2K2U" received FIN.
2023-07-19 14:44:37.259 -03:00 [DBG] Connection id "0HMS8FRQQ2K2U" is closed. The last processed stream ID was 1.
2023-07-19 14:44:37.262 -03:00 [DBG] Connection id "0HMS8FRQQ2K2U" sending FIN because: "The client closed the connection."
2023-07-19 14:44:37.271 -03:00 [DBG] Connection id "0HMS8FRQQ2K2U" stopped.
2023-07-19 14:46:08.413 -03:00 [DBG] Hosting starting
2023-07-19 14:46:09.025 -03:00 [DBG] Using development certificate: CN=localhost (Thumbprint: 1ED06961E04A72F7E2C9617C51B22CBBFE7472A4)
2023-07-19 14:46:09.130 -03:00 [INF] Now listening on: https://localhost:5004
2023-07-19 14:46:09.133 -03:00 [DBG] Loaded hosting startup assembly Concent.Athena.Services.API
2023-07-19 14:46:09.136 -03:00 [DBG] Loaded hosting startup assembly Microsoft.AspNetCore.Watch.BrowserRefresh
2023-07-19 14:46:09.138 -03:00 [DBG] Loaded hosting startup assembly Microsoft.WebTools.BrowserLink.Net
2023-07-19 14:46:09.141 -03:00 [INF] Application started. Press Ctrl+C to shut down.
2023-07-19 14:46:09.143 -03:00 [INF] Hosting environment: Local
2023-07-19 14:46:09.146 -03:00 [INF] Content root path: C:\Users\concent\Desktop\Organizador\Projeto ATHENA\Athena\concent.athena\src\Services.API
2023-07-19 14:46:09.149 -03:00 [DBG] Hosting started
2023-07-19 14:46:11.883 -03:00 [DBG] Connection id "0HMS8G05A6KPF" accepted.
2023-07-19 14:46:11.889 -03:00 [DBG] Connection id "0HMS8G05A6KPF" started.
2023-07-19 14:46:12.026 -03:00 [DBG] Connection "0HMS8G05A6KPF" established using the following protocol: "Tls12"
2023-07-19 14:46:12.082 -03:00 [INF] Request starting HTTP/2 GET https://localhost:5004/swagger/index.html - -
2023-07-19 14:46:12.123 -03:00 [DBG] Wildcard detected, all requests with hosts will be allowed.
2023-07-19 14:46:12.215 -03:00 [DBG] Response markup is scheduled to include browser refresh script injection.
2023-07-19 14:46:12.344 -03:00 [DBG] Response markup was updated to include browser refresh script injection.
2023-07-19 14:46:12.377 -03:00 [INF] Request starting HTTP/2 GET https://localhost:5004/_framework/aspnetcore-browser-refresh.js - -
2023-07-19 14:46:12.378 -03:00 [INF] Request starting HTTP/2 GET https://localhost:5004/_vs/browserLink - -
2023-07-19 14:46:12.390 -03:00 [INF] Request finished HTTP/2 GET https://localhost:5004/_framework/aspnetcore-browser-refresh.js - - - 200 12356 application/javascript;+charset=utf-8 11.5692ms
2023-07-19 14:46:12.395 -03:00 [INF] Request finished HTTP/2 GET https://localhost:5004/swagger/index.html - - - 200 - text/html;charset=utf-8 314.6714ms
2023-07-19 14:46:12.420 -03:00 [INF] Request finished HTTP/2 GET https://localhost:5004/_vs/browserLink - - - 200 - text/javascript;+charset=UTF-8 42.4898ms
2023-07-19 14:46:12.647 -03:00 [INF] Request starting HTTP/2 GET https://localhost:5004/swagger/v1/swagger.json - -
2023-07-19 14:46:12.829 -03:00 [INF] Request finished HTTP/2 GET https://localhost:5004/swagger/v1/swagger.json - - - 200 - application/json;charset=utf-8 182.3271ms
2023-07-19 14:46:22.405 -03:00 [DBG] Connection id "0HMS8G05A6KPF" received FIN.
2023-07-19 14:46:22.409 -03:00 [DBG] Connection id "0HMS8G05A6KPF" sending FIN because: "The client closed the connection."
2023-07-19 14:46:22.416 -03:00 [DBG] Connection id "0HMS8G05A6KPF" is closed. The last processed stream ID was 7.
2023-07-19 14:46:22.423 -03:00 [DBG] Connection id "0HMS8G05A6KPF" stopped.
2023-07-19 14:46:35.935 -03:00 [DBG] Connection id "0HMS8G05A6KPG" accepted.
2023-07-19 14:46:35.938 -03:00 [DBG] Connection id "0HMS8G05A6KPG" started.
2023-07-19 14:46:35.944 -03:00 [DBG] Connection "0HMS8G05A6KPG" established using the following protocol: "Tls12"
2023-07-19 14:46:35.958 -03:00 [INF] Request starting HTTP/2 POST https://localhost:5004/api/v1/tenant/produtos application/json 159
2023-07-19 14:46:35.964 -03:00 [DBG] POST requests are not supported
2023-07-19 14:46:36.020 -03:00 [DBG] 1 candidate(s) found for the request path '/api/v1/tenant/produtos'
2023-07-19 14:46:36.027 -03:00 [DBG] Endpoint 'Concent.Athena.Services.API.Controllers.ProdutosController.Create (Concent.Athena.Services.API)' with route pattern 'api/v1/tenant/Produtos' is valid for the request path '/api/v1/tenant/produtos'
2023-07-19 14:46:36.031 -03:00 [DBG] Request matched endpoint 'Concent.Athena.Services.API.Controllers.ProdutosController.Create (Concent.Athena.Services.API)'
2023-07-19 14:46:36.046 -03:00 [DBG] The request has an origin header: 'https://localhost:5004'.
2023-07-19 14:46:36.049 -03:00 [INF] CORS policy execution successful.
2023-07-19 14:46:36.056 -03:00 [INF] Executing endpoint 'Concent.Athena.Services.API.Controllers.ProdutosController.Create (Concent.Athena.Services.API)'
2023-07-19 14:46:36.068 -03:00 [DBG] Registered model binder providers, in the following order: ["Microsoft.AspNetCore.Mvc.ModelBinding.Binders.BinderTypeModelBinderProvider","Microsoft.AspNetCore.Mvc.ModelBinding.Binders.ServicesModelBinderProvider","Microsoft.AspNetCore.Mvc.ModelBinding.Binders.BodyModelBinderProvider","Microsoft.AspNetCore.Mvc.ModelBinding.Binders.HeaderModelBinderProvider","Microsoft.AspNetCore.Mvc.ModelBinding.Binders.FloatingPointTypeModelBinderProvider","Microsoft.AspNetCore.Mvc.ModelBinding.Binders.EnumTypeModelBinderProvider","Microsoft.AspNetCore.Mvc.ModelBinding.Binders.DateTimeModelBinderProvider","Microsoft.AspNetCore.Mvc.ModelBinding.Binders.SimpleTypeModelBinderProvider","Microsoft.AspNetCore.Mvc.ModelBinding.Binders.CancellationTokenModelBinderProvider","Microsoft.AspNetCore.Mvc.ModelBinding.Binders.ByteArrayModelBinderProvider","Microsoft.AspNetCore.Mvc.ModelBinding.Binders.FormFileModelBinderProvider","Microsoft.AspNetCore.Mvc.ModelBinding.Binders.FormCollectionModelBinderProvider","Microsoft.AspNetCore.Mvc.ModelBinding.Binders.KeyValuePairModelBinderProvider","Microsoft.AspNetCore.Mvc.ModelBinding.Binders.DictionaryModelBinderProvider","Microsoft.AspNetCore.Mvc.ModelBinding.Binders.ArrayModelBinderProvider","Microsoft.AspNetCore.Mvc.ModelBinding.Binders.CollectionModelBinderProvider","Microsoft.AspNetCore.Mvc.ModelBinding.Binders.ComplexObjectModelBinderProvider"]
2023-07-19 14:46:36.131 -03:00 [INF] Route matched with {action = "Create", controller = "Produtos"}. Executing controller action with signature System.Threading.Tasks.Task`1[Microsoft.AspNetCore.Mvc.IActionResult] Create(Concent.Athena.Domain.Core.Requests.ProdutosRequests.CreateProdutosRequest, System.Threading.CancellationToken) on controller Concent.Athena.Services.API.Controllers.ProdutosController (Concent.Athena.Services.API).
2023-07-19 14:46:36.138 -03:00 [DBG] Execution plan of authorization filters (in the following order): ["None"]
2023-07-19 14:46:36.140 -03:00 [DBG] Execution plan of resource filters (in the following order): ["None"]
2023-07-19 14:46:36.146 -03:00 [DBG] Execution plan of action filters (in the following order): ["Microsoft.AspNetCore.Mvc.ModelBinding.UnsupportedContentTypeFilter (Order: -3000)","Microsoft.AspNetCore.Mvc.Infrastructure.ModelStateInvalidFilter (Order: -2000)"]
2023-07-19 14:46:36.150 -03:00 [DBG] Execution plan of exception filters (in the following order): ["None"]
2023-07-19 14:46:36.154 -03:00 [DBG] Execution plan of result filters (in the following order): ["Microsoft.AspNetCore.Mvc.Infrastructure.ClientErrorResultFilter (Order: -2000)"]
2023-07-19 14:46:36.159 -03:00 [DBG] Executing controller factory for controller Concent.Athena.Services.API.Controllers.ProdutosController (Concent.Athena.Services.API)
2023-07-19 14:46:36.164 -03:00 [DBG] Executed controller factory for controller Concent.Athena.Services.API.Controllers.ProdutosController (Concent.Athena.Services.API)
2023-07-19 14:46:36.182 -03:00 [DBG] Attempting to bind parameter 'request' of type 'Concent.Athena.Domain.Core.Requests.ProdutosRequests.CreateProdutosRequest' ...
2023-07-19 14:46:36.191 -03:00 [DBG] Attempting to bind parameter 'request' of type 'Concent.Athena.Domain.Core.Requests.ProdutosRequests.CreateProdutosRequest' using the name '' in request data ...
2023-07-19 14:46:36.196 -03:00 [DBG] Selected input formatter 'Microsoft.AspNetCore.Mvc.Formatters.SystemTextJsonInputFormatter' for content type 'application/json'.
2023-07-19 14:46:36.213 -03:00 [DBG] Connection id "0HMS8G05A6KPG", Request id "0HMS8G05A6KPG:00000001": started reading request body.
2023-07-19 14:46:36.216 -03:00 [DBG] Connection id "0HMS8G05A6KPG", Request id "0HMS8G05A6KPG:00000001": done reading request body.
2023-07-19 14:46:36.227 -03:00 [DBG] JSON input formatter succeeded, deserializing to type 'Concent.Athena.Domain.Core.Requests.ProdutosRequests.CreateProdutosRequest'
2023-07-19 14:46:36.230 -03:00 [DBG] Done attempting to bind parameter 'request' of type 'Concent.Athena.Domain.Core.Requests.ProdutosRequests.CreateProdutosRequest'.
2023-07-19 14:46:36.232 -03:00 [DBG] Done attempting to bind parameter 'request' of type 'Concent.Athena.Domain.Core.Requests.ProdutosRequests.CreateProdutosRequest'.
2023-07-19 14:46:36.237 -03:00 [DBG] Attempting to validate the bound parameter 'request' of type 'Concent.Athena.Domain.Core.Requests.ProdutosRequests.CreateProdutosRequest' ...
2023-07-19 14:46:36.244 -03:00 [DBG] Done attempting to validate the bound parameter 'request' of type 'Concent.Athena.Domain.Core.Requests.ProdutosRequests.CreateProdutosRequest'.
2023-07-19 14:46:36.247 -03:00 [DBG] Attempting to bind parameter 'cancellationToken' of type 'System.Threading.CancellationToken' ...
2023-07-19 14:46:36.250 -03:00 [DBG] Done attempting to bind parameter 'cancellationToken' of type 'System.Threading.CancellationToken'.
2023-07-19 14:46:36.257 -03:00 [DBG] Attempting to validate the bound parameter 'cancellationToken' of type 'System.Threading.CancellationToken' ...
2023-07-19 14:46:36.261 -03:00 [DBG] Done attempting to validate the bound parameter 'cancellationToken' of type 'System.Threading.CancellationToken'.
2023-07-19 14:46:36.481 -03:00 [DBG] An 'IServiceProvider' was created for internal use by Entity Framework.
2023-07-19 14:46:37.366 -03:00 [INF] Entity Framework Core 5.0.16 initialized 'AthenaContext' using provider 'Pomelo.EntityFrameworkCore.MySql' with options: ServerVersion 8.0.21-mysql 
2023-07-19 14:46:37.391 -03:00 [DBG] Opening connection to database '' on server 'localhost'.
2023-07-19 14:46:37.498 -03:00 [DBG] Opened connection to database '' on server 'localhost'.
2023-07-19 14:46:37.612 -03:00 [DBG] Creating DbCommand for 'ExecuteScalar'.
2023-07-19 14:46:37.616 -03:00 [DBG] Created DbCommand for 'ExecuteScalar' (4ms).
2023-07-19 14:46:37.620 -03:00 [DBG] Opening connection to database 'Athenadb' on server 'localhost'.
2023-07-19 14:46:37.637 -03:00 [DBG] Opened connection to database 'Athenadb' on server 'localhost'.
2023-07-19 14:46:37.649 -03:00 [DBG] Executing DbCommand [Parameters=[], CommandType='"Text"', CommandTimeout='30']
SELECT CASE WHEN COUNT(*) = 0 THEN FALSE ELSE TRUE END
FROM information_schema.tables
WHERE table_type = 'BASE TABLE' AND table_schema = 'Athenadb'
2023-07-19 14:46:37.680 -03:00 [INF] Executed DbCommand (32ms) [Parameters=[], CommandType='"Text"', CommandTimeout='30']
SELECT CASE WHEN COUNT(*) = 0 THEN FALSE ELSE TRUE END
FROM information_schema.tables
WHERE table_type = 'BASE TABLE' AND table_schema = 'Athenadb'
2023-07-19 14:46:37.688 -03:00 [DBG] Closing connection to database 'Athenadb' on server 'localhost'.
2023-07-19 14:46:37.693 -03:00 [DBG] Closed connection to database 'Athenadb' on server 'localhost'.
2023-07-19 14:46:38.007 -03:00 [DBG] Compiling query expression: 
'DbSet<Produtos>()
    .Any(x => x.NomeProduto.Equals(__request_NomeProduto_0))'
2023-07-19 14:46:38.198 -03:00 [DBG] Generated query execution expression: 
'queryContext => ShapedQueryCompilingExpressionVisitor.SingleAsync<bool>(
    asyncEnumerable: new SingleQueryingEnumerable<bool>(
        (RelationalQueryContext)queryContext, 
        RelationalCommandCache.SelectExpression(
            Projection Mapping:
                EmptyProjectionMember -> 0
            SELECT EXISTS (
                Projection Mapping:
                SELECT 1
                FROM TB_Produtos AS t
                WHERE t.DS_NOME_PRODUTO == @__request_NomeProduto_0)), 
        Func<QueryContext, DbDataReader, ResultContext, SingleQueryResultCoordinator, bool>, 
        Concent.Athena.Infrastructure.Data.Contexts.AthenaContext, 
        False, 
        False
    ), 
    cancellationToken: queryContext.CancellationToken)'
2023-07-19 14:46:38.258 -03:00 [DBG] Creating DbCommand for 'ExecuteReader'.
2023-07-19 14:46:38.261 -03:00 [DBG] Created DbCommand for 'ExecuteReader' (2ms).
2023-07-19 14:46:38.291 -03:00 [DBG] Opening connection to database 'Athenadb' on server 'localhost'.
2023-07-19 14:46:38.309 -03:00 [DBG] Opened connection to database 'Athenadb' on server 'localhost'.
2023-07-19 14:46:38.314 -03:00 [DBG] Executing DbCommand [Parameters=[@__request_NomeProduto_0='?' (Size = 400)], CommandType='"Text"', CommandTimeout='30']
SELECT EXISTS (
    SELECT 1
    FROM `TB_Produtos` AS `t`
    WHERE `t`.`DS_NOME_PRODUTO` = @__request_NomeProduto_0)
2023-07-19 14:46:38.346 -03:00 [INF] Executed DbCommand (34ms) [Parameters=[@__request_NomeProduto_0='?' (Size = 400)], CommandType='"Text"', CommandTimeout='30']
SELECT EXISTS (
    SELECT 1
    FROM `TB_Produtos` AS `t`
    WHERE `t`.`DS_NOME_PRODUTO` = @__request_NomeProduto_0)
2023-07-19 14:46:38.358 -03:00 [DBG] A data reader was disposed.
2023-07-19 14:46:38.363 -03:00 [DBG] Closing connection to database 'Athenadb' on server 'localhost'.
2023-07-19 14:46:38.366 -03:00 [DBG] Closed connection to database 'Athenadb' on server 'localhost'.
2023-07-19 14:46:38.372 -03:00 [DBG] Compiling query expression: 
'DbSet<UnidadeMedida>()
    .Any(x => (Nullable<Guid>)x.Id == __request_UnidadeMedidaId_0)'
2023-07-19 14:46:38.379 -03:00 [DBG] Generated query execution expression: 
'queryContext => ShapedQueryCompilingExpressionVisitor.SingleAsync<bool>(
    asyncEnumerable: new SingleQueryingEnumerable<bool>(
        (RelationalQueryContext)queryContext, 
        RelationalCommandCache.SelectExpression(
            Projection Mapping:
                EmptyProjectionMember -> 0
            SELECT EXISTS (
                Projection Mapping:
                SELECT 1
                FROM TB_UNIDADE_MEDIDA AS t
                WHERE t.ID == @__request_UnidadeMedidaId_0)), 
        Func<QueryContext, DbDataReader, ResultContext, SingleQueryResultCoordinator, bool>, 
        Concent.Athena.Infrastructure.Data.Contexts.AthenaContext, 
        False, 
        False
    ), 
    cancellationToken: queryContext.CancellationToken)'
2023-07-19 14:46:38.384 -03:00 [DBG] Creating DbCommand for 'ExecuteReader'.
2023-07-19 14:46:38.388 -03:00 [DBG] Created DbCommand for 'ExecuteReader' (4ms).
2023-07-19 14:46:38.393 -03:00 [DBG] Opening connection to database 'Athenadb' on server 'localhost'.
2023-07-19 14:46:38.410 -03:00 [DBG] Opened connection to database 'Athenadb' on server 'localhost'.
2023-07-19 14:46:38.415 -03:00 [DBG] Executing DbCommand [Parameters=[@__request_UnidadeMedidaId_0='?' (DbType = Guid)], CommandType='"Text"', CommandTimeout='30']
SELECT EXISTS (
    SELECT 1
    FROM `TB_UNIDADE_MEDIDA` AS `t`
    WHERE `t`.`ID` = @__request_UnidadeMedidaId_0)
2023-07-19 14:46:38.434 -03:00 [INF] Executed DbCommand (19ms) [Parameters=[@__request_UnidadeMedidaId_0='?' (DbType = Guid)], CommandType='"Text"', CommandTimeout='30']
SELECT EXISTS (
    SELECT 1
    FROM `TB_UNIDADE_MEDIDA` AS `t`
    WHERE `t`.`ID` = @__request_UnidadeMedidaId_0)
2023-07-19 14:46:38.445 -03:00 [DBG] A data reader was disposed.
2023-07-19 14:46:38.447 -03:00 [DBG] Closing connection to database 'Athenadb' on server 'localhost'.
2023-07-19 14:46:38.449 -03:00 [DBG] Closed connection to database 'Athenadb' on server 'localhost'.
2023-07-19 14:46:38.461 -03:00 [DBG] List of registered output formatters, in the following order: ["Microsoft.AspNetCore.Mvc.Formatters.HttpNoContentOutputFormatter","Microsoft.AspNetCore.Mvc.Formatters.StringOutputFormatter","Microsoft.AspNetCore.Mvc.Formatters.StreamOutputFormatter","Microsoft.AspNetCore.Mvc.Formatters.SystemTextJsonOutputFormatter"]
2023-07-19 14:46:38.466 -03:00 [DBG] No information found on request to perform content negotiation.
2023-07-19 14:46:38.472 -03:00 [DBG] Attempting to select an output formatter without using a content type as no explicit content types were specified for the response.
2023-07-19 14:46:38.474 -03:00 [DBG] Attempting to select the first formatter in the output formatters list which can write the result.
2023-07-19 14:46:38.476 -03:00 [DBG] Selected output formatter 'Microsoft.AspNetCore.Mvc.Formatters.SystemTextJsonOutputFormatter' and content type 'application/json' to write the response.
2023-07-19 14:46:38.478 -03:00 [INF] Executing ObjectResult, writing value of type 'Concent.Athena.Domain.Core.Responses.ProdutosResponses.CreateProdutosResponse'.
2023-07-19 14:46:38.504 -03:00 [INF] Executed action Concent.Athena.Services.API.Controllers.ProdutosController.Create (Concent.Athena.Services.API) in 2340.179ms
2023-07-19 14:46:38.507 -03:00 [INF] Executed endpoint 'Concent.Athena.Services.API.Controllers.ProdutosController.Create (Concent.Athena.Services.API)'
2023-07-19 14:46:38.513 -03:00 [DBG] 'AthenaContext' disposed.
2023-07-19 14:46:38.522 -03:00 [INF] Request finished HTTP/2 POST https://localhost:5004/api/v1/tenant/produtos application/json 159 - 404 - application/json;+charset=utf-8 2565.1910ms
2023-07-19 14:46:42.439 -03:00 [DBG] Connection id "0HMS8G05A6KPG" received FIN.
2023-07-19 14:46:42.443 -03:00 [DBG] Connection id "0HMS8G05A6KPG" is closed. The last processed stream ID was 1.
2023-07-19 14:46:42.446 -03:00 [DBG] Connection id "0HMS8G05A6KPG" sending FIN because: "The client closed the connection."
2023-07-19 14:46:42.456 -03:00 [DBG] Connection id "0HMS8G05A6KPG" stopped.
2023-07-19 14:46:48.533 -03:00 [DBG] Connection id "0HMS8G05A6KPH" accepted.
2023-07-19 14:46:48.535 -03:00 [DBG] Connection id "0HMS8G05A6KPH" started.
2023-07-19 14:46:48.563 -03:00 [DBG] Connection "0HMS8G05A6KPH" established using the following protocol: "Tls12"
2023-07-19 14:46:48.568 -03:00 [INF] Request starting HTTP/2 POST https://localhost:5004/api/v1/tenant/produtos application/json 125
2023-07-19 14:46:48.571 -03:00 [DBG] POST requests are not supported
2023-07-19 14:46:48.583 -03:00 [DBG] 1 candidate(s) found for the request path '/api/v1/tenant/produtos'
2023-07-19 14:46:48.586 -03:00 [DBG] Endpoint 'Concent.Athena.Services.API.Controllers.ProdutosController.Create (Concent.Athena.Services.API)' with route pattern 'api/v1/tenant/Produtos' is valid for the request path '/api/v1/tenant/produtos'
2023-07-19 14:46:48.593 -03:00 [DBG] Request matched endpoint 'Concent.Athena.Services.API.Controllers.ProdutosController.Create (Concent.Athena.Services.API)'
2023-07-19 14:46:48.597 -03:00 [DBG] The request has an origin header: 'https://localhost:5004'.
2023-07-19 14:46:48.599 -03:00 [INF] CORS policy execution successful.
2023-07-19 14:46:48.600 -03:00 [INF] Executing endpoint 'Concent.Athena.Services.API.Controllers.ProdutosController.Create (Concent.Athena.Services.API)'
2023-07-19 14:46:48.602 -03:00 [INF] Route matched with {action = "Create", controller = "Produtos"}. Executing controller action with signature System.Threading.Tasks.Task`1[Microsoft.AspNetCore.Mvc.IActionResult] Create(Concent.Athena.Domain.Core.Requests.ProdutosRequests.CreateProdutosRequest, System.Threading.CancellationToken) on controller Concent.Athena.Services.API.Controllers.ProdutosController (Concent.Athena.Services.API).
2023-07-19 14:46:48.612 -03:00 [DBG] Execution plan of authorization filters (in the following order): ["None"]
2023-07-19 14:46:48.615 -03:00 [DBG] Execution plan of resource filters (in the following order): ["None"]
2023-07-19 14:46:48.618 -03:00 [DBG] Execution plan of action filters (in the following order): ["Microsoft.AspNetCore.Mvc.ModelBinding.UnsupportedContentTypeFilter (Order: -3000)","Microsoft.AspNetCore.Mvc.Infrastructure.ModelStateInvalidFilter (Order: -2000)"]
2023-07-19 14:46:48.622 -03:00 [DBG] Execution plan of exception filters (in the following order): ["None"]
2023-07-19 14:46:48.627 -03:00 [DBG] Execution plan of result filters (in the following order): ["Microsoft.AspNetCore.Mvc.Infrastructure.ClientErrorResultFilter (Order: -2000)"]
2023-07-19 14:46:48.630 -03:00 [DBG] Executing controller factory for controller Concent.Athena.Services.API.Controllers.ProdutosController (Concent.Athena.Services.API)
2023-07-19 14:46:48.632 -03:00 [DBG] Executed controller factory for controller Concent.Athena.Services.API.Controllers.ProdutosController (Concent.Athena.Services.API)
2023-07-19 14:46:48.636 -03:00 [DBG] Attempting to bind parameter 'request' of type 'Concent.Athena.Domain.Core.Requests.ProdutosRequests.CreateProdutosRequest' ...
2023-07-19 14:46:48.641 -03:00 [DBG] Attempting to bind parameter 'request' of type 'Concent.Athena.Domain.Core.Requests.ProdutosRequests.CreateProdutosRequest' using the name '' in request data ...
2023-07-19 14:46:48.645 -03:00 [DBG] Selected input formatter 'Microsoft.AspNetCore.Mvc.Formatters.SystemTextJsonInputFormatter' for content type 'application/json'.
2023-07-19 14:46:48.647 -03:00 [DBG] Connection id "0HMS8G05A6KPH", Request id "0HMS8G05A6KPH:00000001": started reading request body.
2023-07-19 14:46:48.650 -03:00 [DBG] Connection id "0HMS8G05A6KPH", Request id "0HMS8G05A6KPH:00000001": done reading request body.
2023-07-19 14:46:48.653 -03:00 [DBG] JSON input formatter succeeded, deserializing to type 'Concent.Athena.Domain.Core.Requests.ProdutosRequests.CreateProdutosRequest'
2023-07-19 14:46:48.655 -03:00 [DBG] Done attempting to bind parameter 'request' of type 'Concent.Athena.Domain.Core.Requests.ProdutosRequests.CreateProdutosRequest'.
2023-07-19 14:46:48.660 -03:00 [DBG] Done attempting to bind parameter 'request' of type 'Concent.Athena.Domain.Core.Requests.ProdutosRequests.CreateProdutosRequest'.
2023-07-19 14:46:48.662 -03:00 [DBG] Attempting to validate the bound parameter 'request' of type 'Concent.Athena.Domain.Core.Requests.ProdutosRequests.CreateProdutosRequest' ...
2023-07-19 14:46:48.665 -03:00 [DBG] Done attempting to validate the bound parameter 'request' of type 'Concent.Athena.Domain.Core.Requests.ProdutosRequests.CreateProdutosRequest'.
2023-07-19 14:46:48.668 -03:00 [DBG] Attempting to bind parameter 'cancellationToken' of type 'System.Threading.CancellationToken' ...
2023-07-19 14:46:48.670 -03:00 [DBG] Done attempting to bind parameter 'cancellationToken' of type 'System.Threading.CancellationToken'.
2023-07-19 14:46:48.675 -03:00 [DBG] Attempting to validate the bound parameter 'cancellationToken' of type 'System.Threading.CancellationToken' ...
2023-07-19 14:46:48.677 -03:00 [DBG] Done attempting to validate the bound parameter 'cancellationToken' of type 'System.Threading.CancellationToken'.
2023-07-19 14:46:48.683 -03:00 [INF] Entity Framework Core 5.0.16 initialized 'AthenaContext' using provider 'Pomelo.EntityFrameworkCore.MySql' with options: ServerVersion 8.0.21-mysql 
2023-07-19 14:46:48.688 -03:00 [DBG] Opening connection to database '' on server 'localhost'.
2023-07-19 14:46:48.696 -03:00 [DBG] Opened connection to database '' on server 'localhost'.
2023-07-19 14:46:48.702 -03:00 [DBG] Creating DbCommand for 'ExecuteScalar'.
2023-07-19 14:46:48.704 -03:00 [DBG] Created DbCommand for 'ExecuteScalar' (2ms).
2023-07-19 14:46:48.708 -03:00 [DBG] Opening connection to database 'Athenadb' on server 'localhost'.
2023-07-19 14:46:48.712 -03:00 [DBG] Opened connection to database 'Athenadb' on server 'localhost'.
2023-07-19 14:46:48.715 -03:00 [DBG] Executing DbCommand [Parameters=[], CommandType='"Text"', CommandTimeout='30']
SELECT CASE WHEN COUNT(*) = 0 THEN FALSE ELSE TRUE END
FROM information_schema.tables
WHERE table_type = 'BASE TABLE' AND table_schema = 'Athenadb'
2023-07-19 14:46:48.720 -03:00 [INF] Executed DbCommand (5ms) [Parameters=[], CommandType='"Text"', CommandTimeout='30']
SELECT CASE WHEN COUNT(*) = 0 THEN FALSE ELSE TRUE END
FROM information_schema.tables
WHERE table_type = 'BASE TABLE' AND table_schema = 'Athenadb'
2023-07-19 14:46:48.726 -03:00 [DBG] Closing connection to database 'Athenadb' on server 'localhost'.
2023-07-19 14:46:48.729 -03:00 [DBG] Closed connection to database 'Athenadb' on server 'localhost'.
2023-07-19 14:46:48.734 -03:00 [DBG] Creating DbCommand for 'ExecuteReader'.
2023-07-19 14:46:48.736 -03:00 [DBG] Created DbCommand for 'ExecuteReader' (1ms).
2023-07-19 14:46:48.738 -03:00 [DBG] Opening connection to database 'Athenadb' on server 'localhost'.
2023-07-19 14:46:48.747 -03:00 [DBG] Opened connection to database 'Athenadb' on server 'localhost'.
2023-07-19 14:46:48.751 -03:00 [DBG] Executing DbCommand [Parameters=[@__request_NomeProduto_0='?' (Size = 400)], CommandType='"Text"', CommandTimeout='30']
SELECT EXISTS (
    SELECT 1
    FROM `TB_Produtos` AS `t`
    WHERE `t`.`DS_NOME_PRODUTO` = @__request_NomeProduto_0)
2023-07-19 14:46:48.755 -03:00 [INF] Executed DbCommand (5ms) [Parameters=[@__request_NomeProduto_0='?' (Size = 400)], CommandType='"Text"', CommandTimeout='30']
SELECT EXISTS (
    SELECT 1
    FROM `TB_Produtos` AS `t`
    WHERE `t`.`DS_NOME_PRODUTO` = @__request_NomeProduto_0)
2023-07-19 14:46:48.764 -03:00 [DBG] A data reader was disposed.
2023-07-19 14:46:48.766 -03:00 [DBG] Closing connection to database 'Athenadb' on server 'localhost'.
2023-07-19 14:46:48.768 -03:00 [DBG] Closed connection to database 'Athenadb' on server 'localhost'.
2023-07-19 14:46:48.845 -03:00 [DBG] 'AthenaContext' generated a value for the property 'Id.Produtos'. Consider using 'DbContextOptionsBuilder.EnableSensitiveDataLogging' to see key values.
2023-07-19 14:46:48.928 -03:00 [DBG] Context 'AthenaContext' started tracking 'Produtos' entity. Consider using 'DbContextOptionsBuilder.EnableSensitiveDataLogging' to see key values.
2023-07-19 14:46:48.934 -03:00 [DBG] DetectChanges starting for 'AthenaContext'.
2023-07-19 14:46:48.954 -03:00 [DBG] DetectChanges completed for 'AthenaContext'.
2023-07-19 14:46:48.959 -03:00 [DBG] DetectChanges starting for 'AthenaContext'.
2023-07-19 14:46:48.961 -03:00 [DBG] DetectChanges completed for 'AthenaContext'.
2023-07-19 14:46:48.969 -03:00 [DBG] SaveChanges starting for 'AthenaContext'.
2023-07-19 14:46:48.974 -03:00 [DBG] DetectChanges starting for 'AthenaContext'.
2023-07-19 14:46:48.978 -03:00 [DBG] DetectChanges completed for 'AthenaContext'.
2023-07-19 14:46:49.000 -03:00 [DBG] Opening connection to database 'Athenadb' on server 'localhost'.
2023-07-19 14:46:49.005 -03:00 [DBG] Opened connection to database 'Athenadb' on server 'localhost'.
2023-07-19 14:46:49.014 -03:00 [DBG] Beginning transaction with isolation level 'Unspecified'.
2023-07-19 14:46:49.031 -03:00 [DBG] Began transaction with isolation level 'Unspecified'.
2023-07-19 14:46:49.098 -03:00 [DBG] Creating DbCommand for 'ExecuteReader'.
2023-07-19 14:46:49.101 -03:00 [DBG] Created DbCommand for 'ExecuteReader' (2ms).
2023-07-19 14:46:49.105 -03:00 [DBG] Executing DbCommand [Parameters=[@p0='?' (DbType = Guid), @p1='?' (DbType = DateTime), @p2='?' (Size = 400), @p3='?' (DbType = Boolean), @p4='?' (Size = 400), @p5='?' (DbType = Single), @p6='?' (DbType = Single), @p7='?' (DbType = Guid)], CommandType='"Text"', CommandTimeout='30']
INSERT INTO `TB_Produtos` (`ID`, `CREATED_AT`, `DS_DESCRICAO`, `ST_ACTIVE`, `DS_NOME_PRODUTO`, `DS_PESO_BRUTO`, `DS_PESO_LIQUIDO`, `ID_UNIDADE_MEDIDA`)
VALUES (@p0, @p1, @p2, @p3, @p4, @p5, @p6, @p7);
SELECT `UPDATED_AT`
FROM `TB_Produtos`
WHERE ROW_COUNT() = 1 AND `ID` = @p0;
2023-07-19 14:46:49.122 -03:00 [INF] Executed DbCommand (17ms) [Parameters=[@p0='?' (DbType = Guid), @p1='?' (DbType = DateTime), @p2='?' (Size = 400), @p3='?' (DbType = Boolean), @p4='?' (Size = 400), @p5='?' (DbType = Single), @p6='?' (DbType = Single), @p7='?' (DbType = Guid)], CommandType='"Text"', CommandTimeout='30']
INSERT INTO `TB_Produtos` (`ID`, `CREATED_AT`, `DS_DESCRICAO`, `ST_ACTIVE`, `DS_NOME_PRODUTO`, `DS_PESO_BRUTO`, `DS_PESO_LIQUIDO`, `ID_UNIDADE_MEDIDA`)
VALUES (@p0, @p1, @p2, @p3, @p4, @p5, @p6, @p7);
SELECT `UPDATED_AT`
FROM `TB_Produtos`
WHERE ROW_COUNT() = 1 AND `ID` = @p0;
2023-07-19 14:46:49.161 -03:00 [DBG] A data reader was disposed.
2023-07-19 14:46:49.166 -03:00 [DBG] Committing transaction.
2023-07-19 14:46:49.175 -03:00 [DBG] Committed transaction.
2023-07-19 14:46:49.179 -03:00 [DBG] Closing connection to database 'Athenadb' on server 'localhost'.
2023-07-19 14:46:49.183 -03:00 [DBG] Closed connection to database 'Athenadb' on server 'localhost'.
2023-07-19 14:46:49.188 -03:00 [DBG] Disposing transaction.
2023-07-19 14:46:49.204 -03:00 [DBG] An entity of type 'Produtos' tracked by 'AthenaContext' changed state from '"Added"' to '"Unchanged"'. Consider using 'DbContextOptionsBuilder.EnableSensitiveDataLogging' to see key values.
2023-07-19 14:46:49.212 -03:00 [DBG] SaveChanges completed for 'AthenaContext' with 1 entities written to the database.
2023-07-19 14:46:49.228 -03:00 [DBG] List of registered output formatters, in the following order: ["Microsoft.AspNetCore.Mvc.Formatters.HttpNoContentOutputFormatter","Microsoft.AspNetCore.Mvc.Formatters.StringOutputFormatter","Microsoft.AspNetCore.Mvc.Formatters.StreamOutputFormatter","Microsoft.AspNetCore.Mvc.Formatters.SystemTextJsonOutputFormatter"]
2023-07-19 14:46:49.234 -03:00 [DBG] No information found on request to perform content negotiation.
2023-07-19 14:46:49.236 -03:00 [DBG] Attempting to select an output formatter without using a content type as no explicit content types were specified for the response.
2023-07-19 14:46:49.237 -03:00 [DBG] Attempting to select the first formatter in the output formatters list which can write the result.
2023-07-19 14:46:49.239 -03:00 [DBG] Selected output formatter 'Microsoft.AspNetCore.Mvc.Formatters.SystemTextJsonOutputFormatter' and content type 'application/json' to write the response.
2023-07-19 14:46:49.243 -03:00 [INF] Executing ObjectResult, writing value of type 'Concent.Athena.Domain.Core.Responses.ProdutosResponses.CreateProdutosResponse'.
2023-07-19 14:46:49.247 -03:00 [INF] Executed action Concent.Athena.Services.API.Controllers.ProdutosController.Create (Concent.Athena.Services.API) in 617.4819ms
2023-07-19 14:46:49.251 -03:00 [INF] Executed endpoint 'Concent.Athena.Services.API.Controllers.ProdutosController.Create (Concent.Athena.Services.API)'
2023-07-19 14:46:49.254 -03:00 [DBG] 'AthenaContext' disposed.
2023-07-19 14:46:49.258 -03:00 [INF] Request finished HTTP/2 POST https://localhost:5004/api/v1/tenant/produtos application/json 125 - 201 - application/json;+charset=utf-8 689.9715ms
2023-07-19 14:46:52.446 -03:00 [DBG] Connection id "0HMS8G05A6KPH" received FIN.
2023-07-19 14:46:52.449 -03:00 [DBG] Connection id "0HMS8G05A6KPH" is closed. The last processed stream ID was 1.
2023-07-19 14:46:52.452 -03:00 [DBG] Connection id "0HMS8G05A6KPH" sending FIN because: "The client closed the connection."
2023-07-19 14:46:52.462 -03:00 [DBG] Connection id "0HMS8G05A6KPH" stopped.
