2023-07-03 17:21:47.423 -03:00 [DBG] Hosting starting
2023-07-03 17:21:48.259 -03:00 [DBG] Using development certificate: CN=localhost (Thumbprint: 1ED06961E04A72F7E2C9617C51B22CBBFE7472A4)
2023-07-03 17:21:48.393 -03:00 [INF] Now listening on: https://localhost:5002
2023-07-03 17:21:48.395 -03:00 [DBG] Loaded hosting startup assembly Concent.Athena.Services.API
2023-07-03 17:21:48.397 -03:00 [DBG] Loaded hosting startup assembly Microsoft.AspNetCore.Watch.BrowserRefresh
2023-07-03 17:21:48.399 -03:00 [DBG] Loaded hosting startup assembly Microsoft.WebTools.BrowserLink.Net
2023-07-03 17:21:48.402 -03:00 [INF] Application started. Press Ctrl+C to shut down.
2023-07-03 17:21:48.404 -03:00 [INF] Hosting environment: Local
2023-07-03 17:21:48.406 -03:00 [INF] Content root path: C:\Users\concent\Desktop\Organizador\Projeto ATHENA\Athena\concent.athena\src\Services.API
2023-07-03 17:21:48.412 -03:00 [DBG] Hosting started
2023-07-03 17:23:02.045 -03:00 [DBG] Connection id "0HMRS0D6ENF5V" accepted.
2023-07-03 17:23:02.053 -03:00 [DBG] Connection id "0HMRS0D6ENF5V" started.
2023-07-03 17:23:02.251 -03:00 [DBG] Connection "0HMRS0D6ENF5V" established using the following protocol: "Tls12"
2023-07-03 17:23:02.324 -03:00 [INF] Request starting HTTP/2 GET https://localhost:5002/_vs/browserLink - -
2023-07-03 17:23:02.324 -03:00 [INF] Request starting HTTP/2 GET https://localhost:5002/_framework/aspnetcore-browser-refresh.js - -
2023-07-03 17:23:02.345 -03:00 [INF] Request finished HTTP/2 GET https://localhost:5002/_framework/aspnetcore-browser-refresh.js - - - 200 11994 application/javascript;+charset=utf-8 23.8430ms
2023-07-03 17:23:02.551 -03:00 [INF] Request finished HTTP/2 GET https://localhost:5002/_vs/browserLink - - - 200 - text/javascript;+charset=UTF-8 229.7489ms
2023-07-03 17:23:02.645 -03:00 [INF] Request starting HTTP/2 GET https://localhost:5002/swagger/v1/swagger.json - -
2023-07-03 17:23:02.654 -03:00 [DBG] Wildcard detected, all requests with hosts will be allowed.
2023-07-03 17:23:02.824 -03:00 [INF] Request finished HTTP/2 GET https://localhost:5002/swagger/v1/swagger.json - - - 200 - application/json;charset=utf-8 178.6286ms
2023-07-03 17:23:09.139 -03:00 [DBG] Connection id "0HMRS0D6ENF5V" received FIN.
2023-07-03 17:23:09.149 -03:00 [DBG] Connection id "0HMRS0D6ENF5V" sending FIN because: "The client closed the connection."
2023-07-03 17:23:09.155 -03:00 [DBG] Connection id "0HMRS0D6ENF5V" is closed. The last processed stream ID was 5.
2023-07-03 17:23:09.164 -03:00 [DBG] Connection id "0HMRS0D6ENF5V" stopped.
2023-07-03 17:23:40.882 -03:00 [DBG] Connection id "0HMRS0D6ENF60" accepted.
2023-07-03 17:23:40.892 -03:00 [DBG] Connection id "0HMRS0D6ENF60" started.
2023-07-03 17:23:40.922 -03:00 [DBG] Connection "0HMRS0D6ENF60" established using the following protocol: "Tls12"
2023-07-03 17:23:40.926 -03:00 [INF] Request starting HTTP/2 GET https://localhost:5002/api/v1/account - -
2023-07-03 17:23:40.932 -03:00 [DBG] The request path  does not match the path filter
2023-07-03 17:23:40.976 -03:00 [DBG] 1 candidate(s) found for the request path '/api/v1/account'
2023-07-03 17:23:40.983 -03:00 [DBG] Endpoint 'Concent.Athena.Services.API.Controllers.AccountController.GetAll (Concent.Athena.Services.API)' with route pattern 'api/v1/Account' is valid for the request path '/api/v1/account'
2023-07-03 17:23:40.988 -03:00 [DBG] Request matched endpoint 'Concent.Athena.Services.API.Controllers.AccountController.GetAll (Concent.Athena.Services.API)'
2023-07-03 17:23:40.999 -03:00 [INF] Executing endpoint 'Concent.Athena.Services.API.Controllers.AccountController.GetAll (Concent.Athena.Services.API)'
2023-07-03 17:23:41.011 -03:00 [DBG] Registered model binder providers, in the following order: ["Microsoft.AspNetCore.Mvc.ModelBinding.Binders.BinderTypeModelBinderProvider","Microsoft.AspNetCore.Mvc.ModelBinding.Binders.ServicesModelBinderProvider","Microsoft.AspNetCore.Mvc.ModelBinding.Binders.BodyModelBinderProvider","Microsoft.AspNetCore.Mvc.ModelBinding.Binders.HeaderModelBinderProvider","Microsoft.AspNetCore.Mvc.ModelBinding.Binders.FloatingPointTypeModelBinderProvider","Microsoft.AspNetCore.Mvc.ModelBinding.Binders.EnumTypeModelBinderProvider","Microsoft.AspNetCore.Mvc.ModelBinding.Binders.DateTimeModelBinderProvider","Microsoft.AspNetCore.Mvc.ModelBinding.Binders.SimpleTypeModelBinderProvider","Microsoft.AspNetCore.Mvc.ModelBinding.Binders.CancellationTokenModelBinderProvider","Microsoft.AspNetCore.Mvc.ModelBinding.Binders.ByteArrayModelBinderProvider","Microsoft.AspNetCore.Mvc.ModelBinding.Binders.FormFileModelBinderProvider","Microsoft.AspNetCore.Mvc.ModelBinding.Binders.FormCollectionModelBinderProvider","Microsoft.AspNetCore.Mvc.ModelBinding.Binders.KeyValuePairModelBinderProvider","Microsoft.AspNetCore.Mvc.ModelBinding.Binders.DictionaryModelBinderProvider","Microsoft.AspNetCore.Mvc.ModelBinding.Binders.ArrayModelBinderProvider","Microsoft.AspNetCore.Mvc.ModelBinding.Binders.CollectionModelBinderProvider","Microsoft.AspNetCore.Mvc.ModelBinding.Binders.ComplexObjectModelBinderProvider"]
2023-07-03 17:23:41.082 -03:00 [INF] Route matched with {action = "GetAll", controller = "Account"}. Executing controller action with signature System.Threading.Tasks.Task`1[Microsoft.AspNetCore.Mvc.IActionResult] GetAll(System.Guid, Concent.Athena.Domain.Core.Requests.AccountRequest.GetAccountRequest, System.Threading.CancellationToken) on controller Concent.Athena.Services.API.Controllers.AccountController (Concent.Athena.Services.API).
2023-07-03 17:23:41.087 -03:00 [DBG] Execution plan of authorization filters (in the following order): ["None"]
2023-07-03 17:23:41.090 -03:00 [DBG] Execution plan of resource filters (in the following order): ["None"]
2023-07-03 17:23:41.093 -03:00 [DBG] Execution plan of action filters (in the following order): ["Microsoft.AspNetCore.Mvc.ModelBinding.UnsupportedContentTypeFilter (Order: -3000)","Microsoft.AspNetCore.Mvc.Infrastructure.ModelStateInvalidFilter (Order: -2000)"]
2023-07-03 17:23:41.096 -03:00 [DBG] Execution plan of exception filters (in the following order): ["None"]
2023-07-03 17:23:41.100 -03:00 [DBG] Execution plan of result filters (in the following order): ["Microsoft.AspNetCore.Mvc.Infrastructure.ClientErrorResultFilter (Order: -2000)"]
2023-07-03 17:23:41.106 -03:00 [DBG] Executing controller factory for controller Concent.Athena.Services.API.Controllers.AccountController (Concent.Athena.Services.API)
2023-07-03 17:23:41.110 -03:00 [DBG] Executed controller factory for controller Concent.Athena.Services.API.Controllers.AccountController (Concent.Athena.Services.API)
2023-07-03 17:23:41.132 -03:00 [DBG] Attempting to bind parameter 'tenantId' of type 'System.Guid' ...
2023-07-03 17:23:41.138 -03:00 [DBG] Attempting to bind parameter 'tenantId' of type 'System.Guid' using the name '' in request data ...
2023-07-03 17:23:41.143 -03:00 [DBG] Could not find a value in the request with name '' for binding parameter 'tenantId' of type 'System.Guid'.
2023-07-03 17:23:41.148 -03:00 [DBG] Attempting to bind parameter 'tenantId' of type 'System.Guid' using the name '' in request data ...
2023-07-03 17:23:41.151 -03:00 [DBG] Could not find a value in the request with name '' for binding parameter 'tenantId' of type 'System.Guid'.
2023-07-03 17:23:41.156 -03:00 [DBG] Done attempting to bind parameter 'tenantId' of type 'System.Guid'.
2023-07-03 17:23:41.160 -03:00 [DBG] Done attempting to bind parameter 'tenantId' of type 'System.Guid'.
2023-07-03 17:23:41.163 -03:00 [DBG] Done attempting to bind parameter 'tenantId' of type 'System.Guid'.
2023-07-03 17:23:41.165 -03:00 [DBG] Attempting to validate the bound parameter 'tenantId' of type 'System.Guid' ...
2023-07-03 17:23:41.171 -03:00 [DBG] Done attempting to validate the bound parameter 'tenantId' of type 'System.Guid'.
2023-07-03 17:23:41.176 -03:00 [DBG] Attempting to bind parameter 'request' of type 'Concent.Athena.Domain.Core.Requests.AccountRequest.GetAccountRequest' ...
2023-07-03 17:23:41.180 -03:00 [DBG] Attempting to bind parameter 'request' of type 'Concent.Athena.Domain.Core.Requests.AccountRequest.GetAccountRequest' using the name '' in request data ...
2023-07-03 17:23:41.187 -03:00 [DBG] Attempting to bind property 'Concent.Athena.Domain.Core.Requests.AccountRequest.GetAccountRequest.BankCode' of type 'System.String' using the name 'BankCode' in request data ...
2023-07-03 17:23:41.192 -03:00 [DBG] Could not find a value in the request with name 'BankCode' for binding property 'Concent.Athena.Domain.Core.Requests.AccountRequest.GetAccountRequest.BankCode' of type 'System.String'.
2023-07-03 17:23:41.197 -03:00 [DBG] Done attempting to bind property 'Concent.Athena.Domain.Core.Requests.AccountRequest.GetAccountRequest.BankCode' of type 'System.String'.
2023-07-03 17:23:41.200 -03:00 [DBG] Attempting to bind property 'Concent.Athena.Domain.Core.Requests.AccountRequest.GetAccountRequest.AccountNumber' of type 'System.String' using the name 'AccountNumber' in request data ...
2023-07-03 17:23:41.205 -03:00 [DBG] Could not find a value in the request with name 'AccountNumber' for binding property 'Concent.Athena.Domain.Core.Requests.AccountRequest.GetAccountRequest.AccountNumber' of type 'System.String'.
2023-07-03 17:23:41.210 -03:00 [DBG] Done attempting to bind property 'Concent.Athena.Domain.Core.Requests.AccountRequest.GetAccountRequest.AccountNumber' of type 'System.String'.
2023-07-03 17:23:41.213 -03:00 [DBG] Attempting to bind property 'Concent.Athena.Domain.Core.Requests.AccountRequest.GetAccountRequest.Branch' of type 'System.String' using the name 'Branch' in request data ...
2023-07-03 17:23:41.216 -03:00 [DBG] Could not find a value in the request with name 'Branch' for binding property 'Concent.Athena.Domain.Core.Requests.AccountRequest.GetAccountRequest.Branch' of type 'System.String'.
2023-07-03 17:23:41.220 -03:00 [DBG] Done attempting to bind property 'Concent.Athena.Domain.Core.Requests.AccountRequest.GetAccountRequest.Branch' of type 'System.String'.
2023-07-03 17:23:41.225 -03:00 [DBG] Attempting to bind property 'Concent.Athena.Domain.Core.Requests.AccountRequest.GetAccountRequest.TypeAccount' of type 'Concent.Athena.Domain.Core.Entities.Enum.ETypeAccount' using the name 'TypeAccount' in request data ...
2023-07-03 17:23:41.229 -03:00 [DBG] Could not find a value in the request with name 'TypeAccount' for binding property 'Concent.Athena.Domain.Core.Requests.AccountRequest.GetAccountRequest.TypeAccount' of type 'Concent.Athena.Domain.Core.Entities.Enum.ETypeAccount'.
2023-07-03 17:23:41.232 -03:00 [DBG] Done attempting to bind property 'Concent.Athena.Domain.Core.Requests.AccountRequest.GetAccountRequest.TypeAccount' of type 'Concent.Athena.Domain.Core.Entities.Enum.ETypeAccount'.
2023-07-03 17:23:41.236 -03:00 [DBG] Attempting to bind property 'Concent.Athena.Domain.Core.Requests.AccountRequest.GetAccountRequest.OpenDate' of type 'System.DateTime' using the name 'OpenDate' in request data ...
2023-07-03 17:23:41.242 -03:00 [DBG] Could not find a value in the request with name 'OpenDate' for binding property 'Concent.Athena.Domain.Core.Requests.AccountRequest.GetAccountRequest.OpenDate' of type 'System.DateTime'.
2023-07-03 17:23:41.245 -03:00 [DBG] Done attempting to bind property 'Concent.Athena.Domain.Core.Requests.AccountRequest.GetAccountRequest.OpenDate' of type 'System.DateTime'.
2023-07-03 17:23:41.248 -03:00 [DBG] Attempting to bind property 'Concent.Athena.Domain.Core.Requests.AccountRequest.GetAccountRequest.OpeningBalance' of type 'System.Decimal' using the name 'OpeningBalance' in request data ...
2023-07-03 17:23:41.254 -03:00 [DBG] Could not find a value in the request with name 'OpeningBalance' for binding property 'Concent.Athena.Domain.Core.Requests.AccountRequest.GetAccountRequest.OpeningBalance' of type 'System.Decimal'.
2023-07-03 17:23:41.259 -03:00 [DBG] Done attempting to bind property 'Concent.Athena.Domain.Core.Requests.AccountRequest.GetAccountRequest.OpeningBalance' of type 'System.Decimal'.
2023-07-03 17:23:41.263 -03:00 [DBG] Done attempting to bind parameter 'request' of type 'Concent.Athena.Domain.Core.Requests.AccountRequest.GetAccountRequest'.
2023-07-03 17:23:41.266 -03:00 [DBG] Done attempting to bind parameter 'request' of type 'Concent.Athena.Domain.Core.Requests.AccountRequest.GetAccountRequest'.
2023-07-03 17:23:41.271 -03:00 [DBG] Attempting to validate the bound parameter 'request' of type 'Concent.Athena.Domain.Core.Requests.AccountRequest.GetAccountRequest' ...
2023-07-03 17:23:41.276 -03:00 [DBG] Done attempting to validate the bound parameter 'request' of type 'Concent.Athena.Domain.Core.Requests.AccountRequest.GetAccountRequest'.
2023-07-03 17:23:41.279 -03:00 [DBG] Attempting to bind parameter 'cancellationToken' of type 'System.Threading.CancellationToken' ...
2023-07-03 17:23:41.281 -03:00 [DBG] Done attempting to bind parameter 'cancellationToken' of type 'System.Threading.CancellationToken'.
2023-07-03 17:23:41.287 -03:00 [DBG] Attempting to validate the bound parameter 'cancellationToken' of type 'System.Threading.CancellationToken' ...
2023-07-03 17:23:41.291 -03:00 [DBG] Done attempting to validate the bound parameter 'cancellationToken' of type 'System.Threading.CancellationToken'.
2023-07-03 17:23:41.838 -03:00 [DBG] An 'IServiceProvider' was created for internal use by Entity Framework.
2023-07-03 17:23:42.659 -03:00 [INF] Entity Framework Core 5.0.16 initialized 'AthenaContext' using provider 'Pomelo.EntityFrameworkCore.MySql' with options: ServerVersion 8.0.21-mysql 
2023-07-03 17:23:42.694 -03:00 [DBG] Opening connection to database '' on server 'localhost'.
2023-07-03 17:23:42.830 -03:00 [DBG] Opened connection to database '' on server 'localhost'.
2023-07-03 17:23:42.944 -03:00 [DBG] Creating DbCommand for 'ExecuteScalar'.
2023-07-03 17:23:42.947 -03:00 [DBG] Created DbCommand for 'ExecuteScalar' (3ms).
2023-07-03 17:23:42.950 -03:00 [DBG] Opening connection to database 'Athenadb' on server 'localhost'.
2023-07-03 17:23:42.965 -03:00 [DBG] Opened connection to database 'Athenadb' on server 'localhost'.
2023-07-03 17:23:42.978 -03:00 [DBG] Executing DbCommand [Parameters=[], CommandType='"Text"', CommandTimeout='30']
SELECT CASE WHEN COUNT(*) = 0 THEN FALSE ELSE TRUE END
FROM information_schema.tables
WHERE table_type = 'BASE TABLE' AND table_schema = 'Athenadb'
2023-07-03 17:23:43.008 -03:00 [INF] Executed DbCommand (30ms) [Parameters=[], CommandType='"Text"', CommandTimeout='30']
SELECT CASE WHEN COUNT(*) = 0 THEN FALSE ELSE TRUE END
FROM information_schema.tables
WHERE table_type = 'BASE TABLE' AND table_schema = 'Athenadb'
2023-07-03 17:23:43.013 -03:00 [DBG] Closing connection to database 'Athenadb' on server 'localhost'.
2023-07-03 17:23:43.018 -03:00 [DBG] Closed connection to database 'Athenadb' on server 'localhost'.
2023-07-03 17:23:43.084 -03:00 [DBG] Compiling query expression: 
'DbSet<Account>()
    .AsNoTracking()
    .Where(f => True && Invoke(x => x.IsActive, f)
    )
    .Select(x => new { 
        Id = x.Id, 
        BankCode = x.BankCode, 
        TypeAccount = x.TypeAccount, 
        Branch = x.Branch, 
        OpeningBalance = x.OpeningBalance, 
        OpenDate = x.OpenDate
     })'
2023-07-03 17:23:43.267 -03:00 [DBG] Generated query execution expression: 
'queryContext => new SingleQueryingEnumerable<<>f__AnonymousType0<Guid, string, ETypeAccount, string, decimal, DateTime>>(
    (RelationalQueryContext)queryContext, 
    RelationalCommandCache.SelectExpression(
        Projection Mapping:
            Id -> 0
            BankCode -> 1
            TypeAccount -> 2
            Branch -> 3
            OpeningBalance -> 4
            OpenDate -> 5
        SELECT t.ID AS Id, t.DS_BANKCODE AS BankCode, t.ST_TYPE_ACCOUNT AS TypeAccount, t.NR_BRANCH AS Branch, t.NR_OPENING_BALANCE AS OpeningBalance, t.DT_OPEN_DATE AS OpenDate
        FROM TB_ACCOUNT AS t
        WHERE TRUE && t.ST_ACTIVE), 
    Func<QueryContext, DbDataReader, ResultContext, SingleQueryResultCoordinator, <>f__AnonymousType0<Guid, string, ETypeAccount, string, decimal, DateTime>>, 
    Concent.Athena.Infrastructure.Data.Contexts.AthenaContext, 
    False, 
    False
)'
2023-07-03 17:23:43.297 -03:00 [DBG] Creating DbCommand for 'ExecuteReader'.
2023-07-03 17:23:43.300 -03:00 [DBG] Created DbCommand for 'ExecuteReader' (3ms).
2023-07-03 17:23:43.304 -03:00 [DBG] Opening connection to database 'Athenadb' on server 'localhost'.
2023-07-03 17:23:43.309 -03:00 [DBG] Opened connection to database 'Athenadb' on server 'localhost'.
2023-07-03 17:23:43.312 -03:00 [DBG] Executing DbCommand [Parameters=[], CommandType='"Text"', CommandTimeout='30']
SELECT `t`.`ID` AS `Id`, `t`.`DS_BANKCODE` AS `BankCode`, `t`.`ST_TYPE_ACCOUNT` AS `TypeAccount`, `t`.`NR_BRANCH` AS `Branch`, `t`.`NR_OPENING_BALANCE` AS `OpeningBalance`, `t`.`DT_OPEN_DATE` AS `OpenDate`
FROM `TB_ACCOUNT` AS `t`
WHERE `t`.`ST_ACTIVE`
2023-07-03 17:23:43.320 -03:00 [INF] Executed DbCommand (7ms) [Parameters=[], CommandType='"Text"', CommandTimeout='30']
SELECT `t`.`ID` AS `Id`, `t`.`DS_BANKCODE` AS `BankCode`, `t`.`ST_TYPE_ACCOUNT` AS `TypeAccount`, `t`.`NR_BRANCH` AS `Branch`, `t`.`NR_OPENING_BALANCE` AS `OpeningBalance`, `t`.`DT_OPEN_DATE` AS `OpenDate`
FROM `TB_ACCOUNT` AS `t`
WHERE `t`.`ST_ACTIVE`
2023-07-03 17:23:43.327 -03:00 [DBG] A data reader was disposed.
2023-07-03 17:23:43.330 -03:00 [DBG] Closing connection to database 'Athenadb' on server 'localhost'.
2023-07-03 17:23:43.333 -03:00 [DBG] Closed connection to database 'Athenadb' on server 'localhost'.
2023-07-03 17:23:43.365 -03:00 [DBG] List of registered output formatters, in the following order: ["Microsoft.AspNetCore.Mvc.Formatters.HttpNoContentOutputFormatter","Microsoft.AspNetCore.Mvc.Formatters.StringOutputFormatter","Microsoft.AspNetCore.Mvc.Formatters.StreamOutputFormatter","Microsoft.AspNetCore.Mvc.Formatters.SystemTextJsonOutputFormatter"]
2023-07-03 17:23:43.374 -03:00 [DBG] No information found on request to perform content negotiation.
2023-07-03 17:23:43.378 -03:00 [DBG] Attempting to select an output formatter without using a content type as no explicit content types were specified for the response.
2023-07-03 17:23:43.380 -03:00 [DBG] Attempting to select the first formatter in the output formatters list which can write the result.
2023-07-03 17:23:43.383 -03:00 [DBG] Selected output formatter 'Microsoft.AspNetCore.Mvc.Formatters.SystemTextJsonOutputFormatter' and content type 'application/json' to write the response.
2023-07-03 17:23:43.389 -03:00 [INF] Executing ObjectResult, writing value of type 'Concent.Athena.Domain.Core.Responses.AccountResponses.GetAccountResponse'.
2023-07-03 17:23:43.433 -03:00 [INF] Executed action Concent.Athena.Services.API.Controllers.AccountController.GetAll (Concent.Athena.Services.API) in 2324.9426ms
2023-07-03 17:23:43.438 -03:00 [INF] Executed endpoint 'Concent.Athena.Services.API.Controllers.AccountController.GetAll (Concent.Athena.Services.API)'
2023-07-03 17:23:43.443 -03:00 [DBG] 'AthenaContext' disposed.
2023-07-03 17:23:43.450 -03:00 [INF] Request finished HTTP/2 GET https://localhost:5002/api/v1/account - - - 200 - application/json;+charset=utf-8 2523.8787ms
2023-07-03 17:23:49.170 -03:00 [DBG] Connection id "0HMRS0D6ENF60" received FIN.
2023-07-03 17:23:49.172 -03:00 [DBG] Connection id "0HMRS0D6ENF60" is closed. The last processed stream ID was 1.
2023-07-03 17:23:49.172 -03:00 [DBG] Connection id "0HMRS0D6ENF60" sending FIN because: "The client closed the connection."
2023-07-03 17:23:49.182 -03:00 [DBG] Connection id "0HMRS0D6ENF60" stopped.
2023-07-03 17:48:08.466 -03:00 [INF] Application is shutting down...
2023-07-03 17:48:08.475 -03:00 [DBG] Hosting stopping
2023-07-03 17:48:08.578 -03:00 [DBG] Hosting stopped
