2023-07-18 14:07:08.826 -03:00 [DBG] Hosting starting
2023-07-18 14:07:13.594 -03:00 [DBG] Using development certificate: CN=localhost (Thumbprint: 1ED06961E04A72F7E2C9617C51B22CBBFE7472A4)
2023-07-18 14:07:13.819 -03:00 [INF] Now listening on: https://localhost:5004
2023-07-18 14:07:13.855 -03:00 [DBG] Loaded hosting startup assembly Concent.Athena.Services.API
2023-07-18 14:07:13.859 -03:00 [DBG] Loaded hosting startup assembly Microsoft.AspNetCore.Watch.BrowserRefresh
2023-07-18 14:07:13.862 -03:00 [DBG] Loaded hosting startup assembly Microsoft.WebTools.BrowserLink.Net
2023-07-18 14:07:13.865 -03:00 [INF] Application started. Press Ctrl+C to shut down.
2023-07-18 14:07:13.868 -03:00 [INF] Hosting environment: Local
2023-07-18 14:07:13.871 -03:00 [INF] Content root path: C:\Users\concent\Desktop\Organizador\Projeto ATHENA\Athena\concent.athena\src\Services.API
2023-07-18 14:07:13.878 -03:00 [DBG] Hosting started
2023-07-18 14:07:15.832 -03:00 [DBG] Connection id "0HMS7M5NT9HRO" accepted.
2023-07-18 14:07:15.836 -03:00 [DBG] Connection id "0HMS7M5NT9HRO" started.
2023-07-18 14:07:16.724 -03:00 [DBG] Connection "0HMS7M5NT9HRO" established using the following protocol: "Tls12"
2023-07-18 14:07:16.796 -03:00 [INF] Request starting HTTP/2 GET https://localhost:5004/swagger/index.html - -
2023-07-18 14:07:16.840 -03:00 [DBG] Wildcard detected, all requests with hosts will be allowed.
2023-07-18 14:07:16.933 -03:00 [DBG] Response markup is scheduled to include browser refresh script injection.
2023-07-18 14:07:17.189 -03:00 [DBG] Response markup was updated to include browser refresh script injection.
2023-07-18 14:07:17.194 -03:00 [INF] Request starting HTTP/2 GET https://localhost:5004/_framework/aspnetcore-browser-refresh.js - -
2023-07-18 14:07:17.202 -03:00 [INF] Request starting HTTP/2 GET https://localhost:5004/_vs/browserLink - -
2023-07-18 14:07:17.227 -03:00 [INF] Request finished HTTP/2 GET https://localhost:5004/_framework/aspnetcore-browser-refresh.js - - - 200 12356 application/javascript;+charset=utf-8 31.9477ms
2023-07-18 14:07:17.234 -03:00 [INF] Request finished HTTP/2 GET https://localhost:5004/swagger/index.html - - - 200 - text/html;charset=utf-8 435.0304ms
2023-07-18 14:07:17.510 -03:00 [INF] Request finished HTTP/2 GET https://localhost:5004/_vs/browserLink - - - 200 - text/javascript;+charset=UTF-8 308.0418ms
2023-07-18 14:07:17.595 -03:00 [INF] Request starting HTTP/2 GET https://localhost:5004/swagger/v1/swagger.json - -
2023-07-18 14:07:17.775 -03:00 [INF] Request finished HTTP/2 GET https://localhost:5004/swagger/v1/swagger.json - - - 200 - application/json;charset=utf-8 179.6056ms
2023-07-18 14:07:21.965 -03:00 [DBG] Connection id "0HMS7M5NT9HRO" received FIN.
2023-07-18 14:07:21.969 -03:00 [DBG] Connection id "0HMS7M5NT9HRO" sending FIN because: "The client closed the connection."
2023-07-18 14:07:21.975 -03:00 [DBG] Connection id "0HMS7M5NT9HRO" is closed. The last processed stream ID was 7.
2023-07-18 14:07:21.986 -03:00 [DBG] Connection id "0HMS7M5NT9HRO" stopped.
2023-07-18 14:08:06.839 -03:00 [DBG] Connection id "0HMS7M5NT9HRP" accepted.
2023-07-18 14:08:06.848 -03:00 [DBG] Connection id "0HMS7M5NT9HRP" started.
2023-07-18 14:08:06.871 -03:00 [DBG] Connection "0HMS7M5NT9HRP" established using the following protocol: "Tls12"
2023-07-18 14:08:06.875 -03:00 [INF] Request starting HTTP/2 GET https://localhost:5004/api/v1/tenant/almoxarifados - -
2023-07-18 14:08:06.885 -03:00 [DBG] The request path  does not match the path filter
2023-07-18 14:08:06.933 -03:00 [DBG] 1 candidate(s) found for the request path '/api/v1/tenant/almoxarifados'
2023-07-18 14:08:06.940 -03:00 [DBG] Endpoint 'Concent.Athena.Services.API.Controllers.AlmoxarifadosController.GetAll (Concent.Athena.Services.API)' with route pattern 'api/v1/tenant/Almoxarifados' is valid for the request path '/api/v1/tenant/almoxarifados'
2023-07-18 14:08:06.945 -03:00 [DBG] Request matched endpoint 'Concent.Athena.Services.API.Controllers.AlmoxarifadosController.GetAll (Concent.Athena.Services.API)'
2023-07-18 14:08:06.956 -03:00 [INF] Executing endpoint 'Concent.Athena.Services.API.Controllers.AlmoxarifadosController.GetAll (Concent.Athena.Services.API)'
2023-07-18 14:08:06.969 -03:00 [DBG] Registered model binder providers, in the following order: ["Microsoft.AspNetCore.Mvc.ModelBinding.Binders.BinderTypeModelBinderProvider","Microsoft.AspNetCore.Mvc.ModelBinding.Binders.ServicesModelBinderProvider","Microsoft.AspNetCore.Mvc.ModelBinding.Binders.BodyModelBinderProvider","Microsoft.AspNetCore.Mvc.ModelBinding.Binders.HeaderModelBinderProvider","Microsoft.AspNetCore.Mvc.ModelBinding.Binders.FloatingPointTypeModelBinderProvider","Microsoft.AspNetCore.Mvc.ModelBinding.Binders.EnumTypeModelBinderProvider","Microsoft.AspNetCore.Mvc.ModelBinding.Binders.DateTimeModelBinderProvider","Microsoft.AspNetCore.Mvc.ModelBinding.Binders.SimpleTypeModelBinderProvider","Microsoft.AspNetCore.Mvc.ModelBinding.Binders.CancellationTokenModelBinderProvider","Microsoft.AspNetCore.Mvc.ModelBinding.Binders.ByteArrayModelBinderProvider","Microsoft.AspNetCore.Mvc.ModelBinding.Binders.FormFileModelBinderProvider","Microsoft.AspNetCore.Mvc.ModelBinding.Binders.FormCollectionModelBinderProvider","Microsoft.AspNetCore.Mvc.ModelBinding.Binders.KeyValuePairModelBinderProvider","Microsoft.AspNetCore.Mvc.ModelBinding.Binders.DictionaryModelBinderProvider","Microsoft.AspNetCore.Mvc.ModelBinding.Binders.ArrayModelBinderProvider","Microsoft.AspNetCore.Mvc.ModelBinding.Binders.CollectionModelBinderProvider","Microsoft.AspNetCore.Mvc.ModelBinding.Binders.ComplexObjectModelBinderProvider"]
2023-07-18 14:08:07.036 -03:00 [INF] Route matched with {action = "GetAll", controller = "Almoxarifados"}. Executing controller action with signature System.Threading.Tasks.Task`1[Microsoft.AspNetCore.Mvc.IActionResult] GetAll(System.String, Concent.Athena.Domain.Core.Requests.AlmoxarifadosRequests.GetAlmoxarifadosRequest, Int32, Int32, System.Threading.CancellationToken) on controller Concent.Athena.Services.API.Controllers.AlmoxarifadosController (Concent.Athena.Services.API).
2023-07-18 14:08:07.042 -03:00 [DBG] Execution plan of authorization filters (in the following order): ["None"]
2023-07-18 14:08:07.045 -03:00 [DBG] Execution plan of resource filters (in the following order): ["None"]
2023-07-18 14:08:07.048 -03:00 [DBG] Execution plan of action filters (in the following order): ["Microsoft.AspNetCore.Mvc.ModelBinding.UnsupportedContentTypeFilter (Order: -3000)","Microsoft.AspNetCore.Mvc.Infrastructure.ModelStateInvalidFilter (Order: -2000)"]
2023-07-18 14:08:07.051 -03:00 [DBG] Execution plan of exception filters (in the following order): ["None"]
2023-07-18 14:08:07.055 -03:00 [DBG] Execution plan of result filters (in the following order): ["Microsoft.AspNetCore.Mvc.Infrastructure.ClientErrorResultFilter (Order: -2000)"]
2023-07-18 14:08:07.059 -03:00 [DBG] Executing controller factory for controller Concent.Athena.Services.API.Controllers.AlmoxarifadosController (Concent.Athena.Services.API)
2023-07-18 14:08:07.067 -03:00 [DBG] Executed controller factory for controller Concent.Athena.Services.API.Controllers.AlmoxarifadosController (Concent.Athena.Services.API)
2023-07-18 14:08:07.094 -03:00 [DBG] Attempting to bind parameter 'Sigla' of type 'System.String' ...
2023-07-18 14:08:07.101 -03:00 [DBG] Attempting to bind parameter 'Sigla' of type 'System.String' using the name '' in request data ...
2023-07-18 14:08:07.107 -03:00 [DBG] Could not find a value in the request with name '' for binding parameter 'Sigla' of type 'System.String'.
2023-07-18 14:08:07.111 -03:00 [DBG] Done attempting to bind parameter 'Sigla' of type 'System.String'.
2023-07-18 14:08:07.115 -03:00 [DBG] Done attempting to bind parameter 'Sigla' of type 'System.String'.
2023-07-18 14:08:07.119 -03:00 [DBG] Attempting to validate the bound parameter 'Sigla' of type 'System.String' ...
2023-07-18 14:08:07.125 -03:00 [DBG] Done attempting to validate the bound parameter 'Sigla' of type 'System.String'.
2023-07-18 14:08:07.130 -03:00 [DBG] Attempting to bind parameter 'request' of type 'Concent.Athena.Domain.Core.Requests.AlmoxarifadosRequests.GetAlmoxarifadosRequest' ...
2023-07-18 14:08:07.135 -03:00 [DBG] Attempting to bind parameter 'request' of type 'Concent.Athena.Domain.Core.Requests.AlmoxarifadosRequests.GetAlmoxarifadosRequest' using the name '' in request data ...
2023-07-18 14:08:07.145 -03:00 [DBG] Attempting to bind property 'Concent.Athena.Domain.Core.Requests.AlmoxarifadosRequests.GetAlmoxarifadosRequest.Sigla' of type 'System.String' using the name 'Sigla' in request data ...
2023-07-18 14:08:07.152 -03:00 [DBG] Could not find a value in the request with name 'Sigla' for binding property 'Concent.Athena.Domain.Core.Requests.AlmoxarifadosRequests.GetAlmoxarifadosRequest.Sigla' of type 'System.String'.
2023-07-18 14:08:07.156 -03:00 [DBG] Done attempting to bind property 'Concent.Athena.Domain.Core.Requests.AlmoxarifadosRequests.GetAlmoxarifadosRequest.Sigla' of type 'System.String'.
2023-07-18 14:08:07.161 -03:00 [DBG] Attempting to bind property 'Concent.Athena.Domain.Core.Requests.AlmoxarifadosRequests.GetAlmoxarifadosRequest.IsActive' of type 'System.Boolean' using the name 'IsActive' in request data ...
2023-07-18 14:08:07.166 -03:00 [DBG] Could not find a value in the request with name 'IsActive' for binding property 'Concent.Athena.Domain.Core.Requests.AlmoxarifadosRequests.GetAlmoxarifadosRequest.IsActive' of type 'System.Boolean'.
2023-07-18 14:08:07.171 -03:00 [DBG] Done attempting to bind property 'Concent.Athena.Domain.Core.Requests.AlmoxarifadosRequests.GetAlmoxarifadosRequest.IsActive' of type 'System.Boolean'.
2023-07-18 14:08:07.175 -03:00 [DBG] Done attempting to bind parameter 'request' of type 'Concent.Athena.Domain.Core.Requests.AlmoxarifadosRequests.GetAlmoxarifadosRequest'.
2023-07-18 14:08:07.179 -03:00 [DBG] Done attempting to bind parameter 'request' of type 'Concent.Athena.Domain.Core.Requests.AlmoxarifadosRequests.GetAlmoxarifadosRequest'.
2023-07-18 14:08:07.183 -03:00 [DBG] Attempting to validate the bound parameter 'request' of type 'Concent.Athena.Domain.Core.Requests.AlmoxarifadosRequests.GetAlmoxarifadosRequest' ...
2023-07-18 14:08:07.188 -03:00 [DBG] Done attempting to validate the bound parameter 'request' of type 'Concent.Athena.Domain.Core.Requests.AlmoxarifadosRequests.GetAlmoxarifadosRequest'.
2023-07-18 14:08:07.190 -03:00 [DBG] Attempting to bind parameter 'page' of type 'System.Int32' ...
2023-07-18 14:08:07.193 -03:00 [DBG] Attempting to bind parameter 'page' of type 'System.Int32' using the name '' in request data ...
2023-07-18 14:08:07.197 -03:00 [DBG] Could not find a value in the request with name '' for binding parameter 'page' of type 'System.Int32'.
2023-07-18 14:08:07.201 -03:00 [DBG] Done attempting to bind parameter 'page' of type 'System.Int32'.
2023-07-18 14:08:07.204 -03:00 [DBG] Done attempting to bind parameter 'page' of type 'System.Int32'.
2023-07-18 14:08:07.206 -03:00 [DBG] Attempting to validate the bound parameter 'page' of type 'System.Int32' ...
2023-07-18 14:08:07.209 -03:00 [DBG] Done attempting to validate the bound parameter 'page' of type 'System.Int32'.
2023-07-18 14:08:07.212 -03:00 [DBG] Attempting to bind parameter 'index' of type 'System.Int32' ...
2023-07-18 14:08:07.215 -03:00 [DBG] Attempting to bind parameter 'index' of type 'System.Int32' using the name '' in request data ...
2023-07-18 14:08:07.219 -03:00 [DBG] Could not find a value in the request with name '' for binding parameter 'index' of type 'System.Int32'.
2023-07-18 14:08:07.222 -03:00 [DBG] Done attempting to bind parameter 'index' of type 'System.Int32'.
2023-07-18 14:08:07.224 -03:00 [DBG] Done attempting to bind parameter 'index' of type 'System.Int32'.
2023-07-18 14:08:07.227 -03:00 [DBG] Attempting to validate the bound parameter 'index' of type 'System.Int32' ...
2023-07-18 14:08:07.232 -03:00 [DBG] Done attempting to validate the bound parameter 'index' of type 'System.Int32'.
2023-07-18 14:08:07.235 -03:00 [DBG] Attempting to bind parameter 'cancellationToken' of type 'System.Threading.CancellationToken' ...
2023-07-18 14:08:07.238 -03:00 [DBG] Done attempting to bind parameter 'cancellationToken' of type 'System.Threading.CancellationToken'.
2023-07-18 14:08:07.241 -03:00 [DBG] Attempting to validate the bound parameter 'cancellationToken' of type 'System.Threading.CancellationToken' ...
2023-07-18 14:08:07.243 -03:00 [DBG] Done attempting to validate the bound parameter 'cancellationToken' of type 'System.Threading.CancellationToken'.
2023-07-18 14:08:07.546 -03:00 [DBG] An 'IServiceProvider' was created for internal use by Entity Framework.
2023-07-18 14:08:08.418 -03:00 [INF] Entity Framework Core 5.0.16 initialized 'AthenaContext' using provider 'Pomelo.EntityFrameworkCore.MySql' with options: ServerVersion 8.0.21-mysql 
2023-07-18 14:08:08.449 -03:00 [DBG] Opening connection to database '' on server 'localhost'.
2023-07-18 14:08:08.689 -03:00 [DBG] Opened connection to database '' on server 'localhost'.
2023-07-18 14:08:08.814 -03:00 [DBG] Creating DbCommand for 'ExecuteScalar'.
2023-07-18 14:08:08.818 -03:00 [DBG] Created DbCommand for 'ExecuteScalar' (3ms).
2023-07-18 14:08:08.821 -03:00 [DBG] Opening connection to database 'Athenadb' on server 'localhost'.
2023-07-18 14:08:08.848 -03:00 [DBG] Opened connection to database 'Athenadb' on server 'localhost'.
2023-07-18 14:08:08.862 -03:00 [DBG] Executing DbCommand [Parameters=[], CommandType='"Text"', CommandTimeout='30']
SELECT CASE WHEN COUNT(*) = 0 THEN FALSE ELSE TRUE END
FROM information_schema.tables
WHERE table_type = 'BASE TABLE' AND table_schema = 'Athenadb'
2023-07-18 14:08:08.928 -03:00 [INF] Executed DbCommand (70ms) [Parameters=[], CommandType='"Text"', CommandTimeout='30']
SELECT CASE WHEN COUNT(*) = 0 THEN FALSE ELSE TRUE END
FROM information_schema.tables
WHERE table_type = 'BASE TABLE' AND table_schema = 'Athenadb'
2023-07-18 14:08:08.933 -03:00 [DBG] Closing connection to database 'Athenadb' on server 'localhost'.
2023-07-18 14:08:08.938 -03:00 [DBG] Closed connection to database 'Athenadb' on server 'localhost'.
2023-07-18 14:08:08.999 -03:00 [DBG] Compiling query expression: 
'DbSet<Almoxarifados>()
    .AsNoTracking()
    .Where(f => True && Invoke(x => x.IsActive, f)
    )
    .Count()'
2023-07-18 14:08:09.191 -03:00 [DBG] Generated query execution expression: 
'queryContext => new SingleQueryingEnumerable<int>(
    (RelationalQueryContext)queryContext, 
    RelationalCommandCache.SelectExpression(
        Projection Mapping:
            EmptyProjectionMember -> 0
        SELECT COUNT(*)
        FROM TB_ALMOXARIFADO AS t
        WHERE TRUE && t.ST_ACTIVE), 
    Func<QueryContext, DbDataReader, ResultContext, SingleQueryResultCoordinator, int>, 
    Concent.Athena.Infrastructure.Data.Contexts.AthenaContext, 
    False, 
    False
)
    .Single()'
2023-07-18 14:08:09.221 -03:00 [DBG] Creating DbCommand for 'ExecuteReader'.
2023-07-18 14:08:09.224 -03:00 [DBG] Created DbCommand for 'ExecuteReader' (3ms).
2023-07-18 14:08:09.227 -03:00 [DBG] Opening connection to database 'Athenadb' on server 'localhost'.
2023-07-18 14:08:09.234 -03:00 [DBG] Opened connection to database 'Athenadb' on server 'localhost'.
2023-07-18 14:08:09.238 -03:00 [DBG] Executing DbCommand [Parameters=[], CommandType='"Text"', CommandTimeout='30']
SELECT COUNT(*)
FROM `TB_ALMOXARIFADO` AS `t`
WHERE `t`.`ST_ACTIVE`
2023-07-18 14:08:09.254 -03:00 [INF] Executed DbCommand (16ms) [Parameters=[], CommandType='"Text"', CommandTimeout='30']
SELECT COUNT(*)
FROM `TB_ALMOXARIFADO` AS `t`
WHERE `t`.`ST_ACTIVE`
2023-07-18 14:08:09.265 -03:00 [DBG] A data reader was disposed.
2023-07-18 14:08:09.267 -03:00 [DBG] Closing connection to database 'Athenadb' on server 'localhost'.
2023-07-18 14:08:09.271 -03:00 [DBG] Closed connection to database 'Athenadb' on server 'localhost'.
2023-07-18 14:08:09.314 -03:00 [DBG] List of registered output formatters, in the following order: ["Microsoft.AspNetCore.Mvc.Formatters.HttpNoContentOutputFormatter","Microsoft.AspNetCore.Mvc.Formatters.StringOutputFormatter","Microsoft.AspNetCore.Mvc.Formatters.StreamOutputFormatter","Microsoft.AspNetCore.Mvc.Formatters.SystemTextJsonOutputFormatter"]
2023-07-18 14:08:09.321 -03:00 [DBG] No information found on request to perform content negotiation.
2023-07-18 14:08:09.324 -03:00 [DBG] Attempting to select an output formatter without using a content type as no explicit content types were specified for the response.
2023-07-18 14:08:09.326 -03:00 [DBG] Attempting to select the first formatter in the output formatters list which can write the result.
2023-07-18 14:08:09.330 -03:00 [DBG] Selected output formatter 'Microsoft.AspNetCore.Mvc.Formatters.SystemTextJsonOutputFormatter' and content type 'application/json' to write the response.
2023-07-18 14:08:09.334 -03:00 [INF] Executing ObjectResult, writing value of type 'Concent.Athena.Domain.Core.Responses.AlmoxarifadoResponses.GetAlmoxarifadoResponse'.
2023-07-18 14:08:09.354 -03:00 [DBG] Compiling query expression: 
'DbSet<Almoxarifados>()
    .AsNoTracking()
    .Where(f => True && Invoke(x => x.IsActive, f)
    )
    .Select(x => new { 
        Id = x.Id, 
        Sigla = x.Sigla, 
        IsActive = x.IsActive, 
        CreatedAt = x.CreatedAt, 
        UpdatedAt = x.UpdatedAt
     })
    .OrderBy(x => x.Sigla)
    .Skip(__p_0)
    .Take(__p_1)'
2023-07-18 14:08:09.382 -03:00 [DBG] Generated query execution expression: 
'queryContext => new SingleQueryingEnumerable<<>f__AnonymousType4<Guid, string, bool, DateTime, DateTime>>(
    (RelationalQueryContext)queryContext, 
    RelationalCommandCache.SelectExpression(
        Projection Mapping:
            Id -> 0
            Sigla -> 1
            IsActive -> 2
            CreatedAt -> 3
            UpdatedAt -> 4
        SELECT t.ID AS Id, t.DS_SIGLA AS Sigla, t.ST_ACTIVE AS IsActive, t.CREATED_AT AS CreatedAt, t.UPDATED_AT AS UpdatedAt
        FROM TB_ALMOXARIFADO AS t
        WHERE TRUE && t.ST_ACTIVE
        ORDER BY t.DS_SIGLA ASC
        OFFSET @__p_0 ROWS FETCH NEXT @__p_1 ROWS ONLY), 
    Func<QueryContext, DbDataReader, ResultContext, SingleQueryResultCoordinator, <>f__AnonymousType4<Guid, string, bool, DateTime, DateTime>>, 
    Concent.Athena.Infrastructure.Data.Contexts.AthenaContext, 
    False, 
    False
)'
2023-07-18 14:08:09.395 -03:00 [DBG] Creating DbCommand for 'ExecuteReader'.
2023-07-18 14:08:09.398 -03:00 [DBG] Created DbCommand for 'ExecuteReader' (3ms).
2023-07-18 14:08:09.417 -03:00 [DBG] Opening connection to database 'Athenadb' on server 'localhost'.
2023-07-18 14:08:09.421 -03:00 [DBG] Opened connection to database 'Athenadb' on server 'localhost'.
2023-07-18 14:08:09.425 -03:00 [DBG] Executing DbCommand [Parameters=[@__p_1='?' (DbType = Int32), @__p_0='?' (DbType = Int32)], CommandType='"Text"', CommandTimeout='30']
SELECT `t`.`ID` AS `Id`, `t`.`DS_SIGLA` AS `Sigla`, `t`.`ST_ACTIVE` AS `IsActive`, `t`.`CREATED_AT` AS `CreatedAt`, `t`.`UPDATED_AT` AS `UpdatedAt`
FROM `TB_ALMOXARIFADO` AS `t`
WHERE `t`.`ST_ACTIVE`
ORDER BY `t`.`DS_SIGLA`
LIMIT @__p_1 OFFSET @__p_0
2023-07-18 14:08:09.450 -03:00 [INF] Executed DbCommand (27ms) [Parameters=[@__p_1='?' (DbType = Int32), @__p_0='?' (DbType = Int32)], CommandType='"Text"', CommandTimeout='30']
SELECT `t`.`ID` AS `Id`, `t`.`DS_SIGLA` AS `Sigla`, `t`.`ST_ACTIVE` AS `IsActive`, `t`.`CREATED_AT` AS `CreatedAt`, `t`.`UPDATED_AT` AS `UpdatedAt`
FROM `TB_ALMOXARIFADO` AS `t`
WHERE `t`.`ST_ACTIVE`
ORDER BY `t`.`DS_SIGLA`
LIMIT @__p_1 OFFSET @__p_0
2023-07-18 14:08:09.476 -03:00 [INF] Executed action Concent.Athena.Services.API.Controllers.AlmoxarifadosController.GetAll (Concent.Athena.Services.API) in 2413.4984ms
2023-07-18 14:08:09.481 -03:00 [INF] Executed endpoint 'Concent.Athena.Services.API.Controllers.AlmoxarifadosController.GetAll (Concent.Athena.Services.API)'
2023-07-18 14:08:09.487 -03:00 [DBG] 'AthenaContext' disposed.
2023-07-18 14:08:09.496 -03:00 [INF] Request finished HTTP/2 GET https://localhost:5004/api/v1/tenant/almoxarifados - - - 200 - application/json;+charset=utf-8 2621.3708ms
2023-07-18 14:08:12.046 -03:00 [DBG] Connection id "0HMS7M5NT9HRP" received FIN.
2023-07-18 14:08:12.049 -03:00 [DBG] Connection id "0HMS7M5NT9HRP" is closed. The last processed stream ID was 1.
2023-07-18 14:08:12.053 -03:00 [DBG] Connection id "0HMS7M5NT9HRP" sending FIN because: "The client closed the connection."
2023-07-18 14:08:12.067 -03:00 [DBG] Connection id "0HMS7M5NT9HRP" stopped.
2023-07-18 14:08:19.979 -03:00 [DBG] Connection id "0HMS7M5NT9HRQ" accepted.
2023-07-18 14:08:19.982 -03:00 [DBG] Connection id "0HMS7M5NT9HRQ" started.
2023-07-18 14:08:19.991 -03:00 [DBG] Connection "0HMS7M5NT9HRQ" established using the following protocol: "Tls12"
2023-07-18 14:08:19.996 -03:00 [INF] Request starting HTTP/2 GET https://localhost:5004/api/v1/tenant/produtos - -
2023-07-18 14:08:19.999 -03:00 [DBG] The request path  does not match the path filter
2023-07-18 14:08:20.005 -03:00 [DBG] 1 candidate(s) found for the request path '/api/v1/tenant/produtos'
2023-07-18 14:08:20.010 -03:00 [DBG] Endpoint 'Concent.Athena.Services.API.Controllers.ProdutosController.GetAll (Concent.Athena.Services.API)' with route pattern 'api/v1/tenant/Produtos' is valid for the request path '/api/v1/tenant/produtos'
2023-07-18 14:08:20.013 -03:00 [DBG] Request matched endpoint 'Concent.Athena.Services.API.Controllers.ProdutosController.GetAll (Concent.Athena.Services.API)'
2023-07-18 14:08:20.015 -03:00 [INF] Executing endpoint 'Concent.Athena.Services.API.Controllers.ProdutosController.GetAll (Concent.Athena.Services.API)'
2023-07-18 14:08:20.024 -03:00 [INF] Route matched with {action = "GetAll", controller = "Produtos"}. Executing controller action with signature System.Threading.Tasks.Task`1[Microsoft.AspNetCore.Mvc.IActionResult] GetAll(System.String, Concent.Athena.Domain.Core.Requests.ProdutosRequests.GetProdutosRequest, Int32, Int32, System.Threading.CancellationToken) on controller Concent.Athena.Services.API.Controllers.ProdutosController (Concent.Athena.Services.API).
2023-07-18 14:08:20.029 -03:00 [DBG] Execution plan of authorization filters (in the following order): ["None"]
2023-07-18 14:08:20.031 -03:00 [DBG] Execution plan of resource filters (in the following order): ["None"]
2023-07-18 14:08:20.035 -03:00 [DBG] Execution plan of action filters (in the following order): ["Microsoft.AspNetCore.Mvc.ModelBinding.UnsupportedContentTypeFilter (Order: -3000)","Microsoft.AspNetCore.Mvc.Infrastructure.ModelStateInvalidFilter (Order: -2000)"]
2023-07-18 14:08:20.042 -03:00 [DBG] Execution plan of exception filters (in the following order): ["None"]
2023-07-18 14:08:20.044 -03:00 [DBG] Execution plan of result filters (in the following order): ["Microsoft.AspNetCore.Mvc.Infrastructure.ClientErrorResultFilter (Order: -2000)"]
2023-07-18 14:08:20.047 -03:00 [DBG] Executing controller factory for controller Concent.Athena.Services.API.Controllers.ProdutosController (Concent.Athena.Services.API)
2023-07-18 14:08:20.051 -03:00 [DBG] Executed controller factory for controller Concent.Athena.Services.API.Controllers.ProdutosController (Concent.Athena.Services.API)
2023-07-18 14:08:20.055 -03:00 [DBG] Attempting to bind parameter 'NomeProduto' of type 'System.String' ...
2023-07-18 14:08:20.059 -03:00 [DBG] Attempting to bind parameter 'NomeProduto' of type 'System.String' using the name '' in request data ...
2023-07-18 14:08:20.063 -03:00 [DBG] Could not find a value in the request with name '' for binding parameter 'NomeProduto' of type 'System.String'.
2023-07-18 14:08:20.066 -03:00 [DBG] Done attempting to bind parameter 'NomeProduto' of type 'System.String'.
2023-07-18 14:08:20.070 -03:00 [DBG] Done attempting to bind parameter 'NomeProduto' of type 'System.String'.
2023-07-18 14:08:20.074 -03:00 [DBG] Attempting to validate the bound parameter 'NomeProduto' of type 'System.String' ...
2023-07-18 14:08:20.077 -03:00 [DBG] Done attempting to validate the bound parameter 'NomeProduto' of type 'System.String'.
2023-07-18 14:08:20.079 -03:00 [DBG] Attempting to bind parameter 'request' of type 'Concent.Athena.Domain.Core.Requests.ProdutosRequests.GetProdutosRequest' ...
2023-07-18 14:08:20.084 -03:00 [DBG] Attempting to bind parameter 'request' of type 'Concent.Athena.Domain.Core.Requests.ProdutosRequests.GetProdutosRequest' using the name '' in request data ...
2023-07-18 14:08:20.089 -03:00 [DBG] Attempting to bind property 'Concent.Athena.Domain.Core.Requests.ProdutosRequests.GetProdutosRequest.NomeProduto' of type 'System.String' using the name 'NomeProduto' in request data ...
2023-07-18 14:08:20.094 -03:00 [DBG] Could not find a value in the request with name 'NomeProduto' for binding property 'Concent.Athena.Domain.Core.Requests.ProdutosRequests.GetProdutosRequest.NomeProduto' of type 'System.String'.
2023-07-18 14:08:20.101 -03:00 [DBG] Done attempting to bind property 'Concent.Athena.Domain.Core.Requests.ProdutosRequests.GetProdutosRequest.NomeProduto' of type 'System.String'.
2023-07-18 14:08:20.104 -03:00 [DBG] Attempting to bind property 'Concent.Athena.Domain.Core.Requests.ProdutosRequests.GetProdutosRequest.IsActive' of type 'System.Boolean' using the name 'IsActive' in request data ...
2023-07-18 14:08:20.107 -03:00 [DBG] Could not find a value in the request with name 'IsActive' for binding property 'Concent.Athena.Domain.Core.Requests.ProdutosRequests.GetProdutosRequest.IsActive' of type 'System.Boolean'.
2023-07-18 14:08:20.111 -03:00 [DBG] Done attempting to bind property 'Concent.Athena.Domain.Core.Requests.ProdutosRequests.GetProdutosRequest.IsActive' of type 'System.Boolean'.
2023-07-18 14:08:20.114 -03:00 [DBG] Done attempting to bind parameter 'request' of type 'Concent.Athena.Domain.Core.Requests.ProdutosRequests.GetProdutosRequest'.
2023-07-18 14:08:20.119 -03:00 [DBG] Done attempting to bind parameter 'request' of type 'Concent.Athena.Domain.Core.Requests.ProdutosRequests.GetProdutosRequest'.
2023-07-18 14:08:20.122 -03:00 [DBG] Attempting to validate the bound parameter 'request' of type 'Concent.Athena.Domain.Core.Requests.ProdutosRequests.GetProdutosRequest' ...
2023-07-18 14:08:20.125 -03:00 [DBG] Done attempting to validate the bound parameter 'request' of type 'Concent.Athena.Domain.Core.Requests.ProdutosRequests.GetProdutosRequest'.
2023-07-18 14:08:20.130 -03:00 [DBG] Attempting to bind parameter 'page' of type 'System.Int32' ...
2023-07-18 14:08:20.136 -03:00 [DBG] Attempting to bind parameter 'page' of type 'System.Int32' using the name '' in request data ...
2023-07-18 14:08:20.139 -03:00 [DBG] Could not find a value in the request with name '' for binding parameter 'page' of type 'System.Int32'.
2023-07-18 14:08:20.143 -03:00 [DBG] Done attempting to bind parameter 'page' of type 'System.Int32'.
2023-07-18 14:08:20.146 -03:00 [DBG] Done attempting to bind parameter 'page' of type 'System.Int32'.
2023-07-18 14:08:20.150 -03:00 [DBG] Attempting to validate the bound parameter 'page' of type 'System.Int32' ...
2023-07-18 14:08:20.153 -03:00 [DBG] Done attempting to validate the bound parameter 'page' of type 'System.Int32'.
2023-07-18 14:08:20.158 -03:00 [DBG] Attempting to bind parameter 'index' of type 'System.Int32' ...
2023-07-18 14:08:20.161 -03:00 [DBG] Attempting to bind parameter 'index' of type 'System.Int32' using the name '' in request data ...
2023-07-18 14:08:20.165 -03:00 [DBG] Could not find a value in the request with name '' for binding parameter 'index' of type 'System.Int32'.
2023-07-18 14:08:20.170 -03:00 [DBG] Done attempting to bind parameter 'index' of type 'System.Int32'.
2023-07-18 14:08:20.173 -03:00 [DBG] Done attempting to bind parameter 'index' of type 'System.Int32'.
2023-07-18 14:08:20.175 -03:00 [DBG] Attempting to validate the bound parameter 'index' of type 'System.Int32' ...
2023-07-18 14:08:20.178 -03:00 [DBG] Done attempting to validate the bound parameter 'index' of type 'System.Int32'.
2023-07-18 14:08:20.180 -03:00 [DBG] Attempting to bind parameter 'cancellationToken' of type 'System.Threading.CancellationToken' ...
2023-07-18 14:08:20.184 -03:00 [DBG] Done attempting to bind parameter 'cancellationToken' of type 'System.Threading.CancellationToken'.
2023-07-18 14:08:20.188 -03:00 [DBG] Attempting to validate the bound parameter 'cancellationToken' of type 'System.Threading.CancellationToken' ...
2023-07-18 14:08:20.190 -03:00 [DBG] Done attempting to validate the bound parameter 'cancellationToken' of type 'System.Threading.CancellationToken'.
2023-07-18 14:08:20.197 -03:00 [INF] Entity Framework Core 5.0.16 initialized 'AthenaContext' using provider 'Pomelo.EntityFrameworkCore.MySql' with options: ServerVersion 8.0.21-mysql 
2023-07-18 14:08:20.203 -03:00 [DBG] Opening connection to database '' on server 'localhost'.
2023-07-18 14:08:20.209 -03:00 [DBG] Opened connection to database '' on server 'localhost'.
2023-07-18 14:08:20.213 -03:00 [DBG] Creating DbCommand for 'ExecuteScalar'.
2023-07-18 14:08:20.215 -03:00 [DBG] Created DbCommand for 'ExecuteScalar' (2ms).
2023-07-18 14:08:20.223 -03:00 [DBG] Opening connection to database 'Athenadb' on server 'localhost'.
2023-07-18 14:08:20.225 -03:00 [DBG] Opened connection to database 'Athenadb' on server 'localhost'.
2023-07-18 14:08:20.228 -03:00 [DBG] Executing DbCommand [Parameters=[], CommandType='"Text"', CommandTimeout='30']
SELECT CASE WHEN COUNT(*) = 0 THEN FALSE ELSE TRUE END
FROM information_schema.tables
WHERE table_type = 'BASE TABLE' AND table_schema = 'Athenadb'
2023-07-18 14:08:20.233 -03:00 [INF] Executed DbCommand (6ms) [Parameters=[], CommandType='"Text"', CommandTimeout='30']
SELECT CASE WHEN COUNT(*) = 0 THEN FALSE ELSE TRUE END
FROM information_schema.tables
WHERE table_type = 'BASE TABLE' AND table_schema = 'Athenadb'
2023-07-18 14:08:20.239 -03:00 [DBG] Closing connection to database 'Athenadb' on server 'localhost'.
2023-07-18 14:08:20.241 -03:00 [DBG] Closed connection to database 'Athenadb' on server 'localhost'.
2023-07-18 14:08:20.246 -03:00 [DBG] Compiling query expression: 
'DbSet<Produtos>()
    .AsNoTracking()
    .Where(f => True && Invoke(x => x.IsActive, f)
    )
    .Count()'
2023-07-18 14:08:20.253 -03:00 [DBG] Generated query execution expression: 
'queryContext => new SingleQueryingEnumerable<int>(
    (RelationalQueryContext)queryContext, 
    RelationalCommandCache.SelectExpression(
        Projection Mapping:
            EmptyProjectionMember -> 0
        SELECT COUNT(*)
        FROM TB_Produtos AS t
        WHERE TRUE && t.ST_ACTIVE), 
    Func<QueryContext, DbDataReader, ResultContext, SingleQueryResultCoordinator, int>, 
    Concent.Athena.Infrastructure.Data.Contexts.AthenaContext, 
    False, 
    False
)
    .Single()'
2023-07-18 14:08:20.257 -03:00 [DBG] Creating DbCommand for 'ExecuteReader'.
2023-07-18 14:08:20.259 -03:00 [DBG] Created DbCommand for 'ExecuteReader' (1ms).
2023-07-18 14:08:20.261 -03:00 [DBG] Opening connection to database 'Athenadb' on server 'localhost'.
2023-07-18 14:08:20.265 -03:00 [DBG] Opened connection to database 'Athenadb' on server 'localhost'.
2023-07-18 14:08:20.269 -03:00 [DBG] Executing DbCommand [Parameters=[], CommandType='"Text"', CommandTimeout='30']
SELECT COUNT(*)
FROM `TB_Produtos` AS `t`
WHERE `t`.`ST_ACTIVE`
2023-07-18 14:08:20.275 -03:00 [INF] Executed DbCommand (6ms) [Parameters=[], CommandType='"Text"', CommandTimeout='30']
SELECT COUNT(*)
FROM `TB_Produtos` AS `t`
WHERE `t`.`ST_ACTIVE`
2023-07-18 14:08:20.281 -03:00 [DBG] A data reader was disposed.
2023-07-18 14:08:20.284 -03:00 [DBG] Closing connection to database 'Athenadb' on server 'localhost'.
2023-07-18 14:08:20.287 -03:00 [DBG] Closed connection to database 'Athenadb' on server 'localhost'.
2023-07-18 14:08:20.291 -03:00 [DBG] List of registered output formatters, in the following order: ["Microsoft.AspNetCore.Mvc.Formatters.HttpNoContentOutputFormatter","Microsoft.AspNetCore.Mvc.Formatters.StringOutputFormatter","Microsoft.AspNetCore.Mvc.Formatters.StreamOutputFormatter","Microsoft.AspNetCore.Mvc.Formatters.SystemTextJsonOutputFormatter"]
2023-07-18 14:08:20.296 -03:00 [DBG] No information found on request to perform content negotiation.
2023-07-18 14:08:20.298 -03:00 [DBG] Attempting to select an output formatter without using a content type as no explicit content types were specified for the response.
2023-07-18 14:08:20.302 -03:00 [DBG] Attempting to select the first formatter in the output formatters list which can write the result.
2023-07-18 14:08:20.305 -03:00 [DBG] Selected output formatter 'Microsoft.AspNetCore.Mvc.Formatters.SystemTextJsonOutputFormatter' and content type 'application/json' to write the response.
2023-07-18 14:08:20.308 -03:00 [INF] Executing ObjectResult, writing value of type 'Concent.Athena.Domain.Core.Responses.ProdutosResponses.GetProdutosResponse'.
2023-07-18 14:08:20.312 -03:00 [DBG] Compiling query expression: 
'DbSet<Produtos>()
    .AsNoTracking()
    .Where(f => True && Invoke(x => x.IsActive, f)
    )
    .Select(x => new { 
        Id = x.Id, 
        NomeProduto = x.NomeProduto
     })
    .OrderBy(x => x.NomeProduto)
    .Skip(__p_0)
    .Take(__p_1)'
2023-07-18 14:08:20.321 -03:00 [DBG] Generated query execution expression: 
'queryContext => new SingleQueryingEnumerable<<>f__AnonymousType10<Guid, string>>(
    (RelationalQueryContext)queryContext, 
    RelationalCommandCache.SelectExpression(
        Projection Mapping:
            Id -> 0
            NomeProduto -> 1
        SELECT t.ID AS Id, t.DS_NOME_PRODUTO AS NomeProduto
        FROM TB_Produtos AS t
        WHERE TRUE && t.ST_ACTIVE
        ORDER BY t.DS_NOME_PRODUTO ASC
        OFFSET @__p_0 ROWS FETCH NEXT @__p_1 ROWS ONLY), 
    Func<QueryContext, DbDataReader, ResultContext, SingleQueryResultCoordinator, <>f__AnonymousType10<Guid, string>>, 
    Concent.Athena.Infrastructure.Data.Contexts.AthenaContext, 
    False, 
    False
)'
2023-07-18 14:08:20.325 -03:00 [DBG] Creating DbCommand for 'ExecuteReader'.
2023-07-18 14:08:20.327 -03:00 [DBG] Created DbCommand for 'ExecuteReader' (2ms).
2023-07-18 14:08:20.330 -03:00 [DBG] Opening connection to database 'Athenadb' on server 'localhost'.
2023-07-18 14:08:20.335 -03:00 [DBG] Opened connection to database 'Athenadb' on server 'localhost'.
2023-07-18 14:08:20.337 -03:00 [DBG] Executing DbCommand [Parameters=[@__p_1='?' (DbType = Int32), @__p_0='?' (DbType = Int32)], CommandType='"Text"', CommandTimeout='30']
SELECT `t`.`ID` AS `Id`, `t`.`DS_NOME_PRODUTO` AS `NomeProduto`
FROM `TB_Produtos` AS `t`
WHERE `t`.`ST_ACTIVE`
ORDER BY `t`.`DS_NOME_PRODUTO`
LIMIT @__p_1 OFFSET @__p_0
2023-07-18 14:08:20.343 -03:00 [INF] Executed DbCommand (5ms) [Parameters=[@__p_1='?' (DbType = Int32), @__p_0='?' (DbType = Int32)], CommandType='"Text"', CommandTimeout='30']
SELECT `t`.`ID` AS `Id`, `t`.`DS_NOME_PRODUTO` AS `NomeProduto`
FROM `TB_Produtos` AS `t`
WHERE `t`.`ST_ACTIVE`
ORDER BY `t`.`DS_NOME_PRODUTO`
LIMIT @__p_1 OFFSET @__p_0
2023-07-18 14:08:20.350 -03:00 [INF] Executed action Concent.Athena.Services.API.Controllers.ProdutosController.GetAll (Concent.Athena.Services.API) in 303.1018ms
2023-07-18 14:08:20.353 -03:00 [INF] Executed endpoint 'Concent.Athena.Services.API.Controllers.ProdutosController.GetAll (Concent.Athena.Services.API)'
2023-07-18 14:08:20.356 -03:00 [DBG] 'AthenaContext' disposed.
2023-07-18 14:08:20.360 -03:00 [INF] Request finished HTTP/2 GET https://localhost:5004/api/v1/tenant/produtos - - - 200 - application/json;+charset=utf-8 363.7768ms
2023-07-18 14:08:30.266 -03:00 [INF] Request starting HTTP/2 GET https://localhost:5004/api/v1/tenant/produtos?page=1&index=1 - -
2023-07-18 14:08:30.268 -03:00 [DBG] The request path  does not match the path filter
2023-07-18 14:08:30.271 -03:00 [DBG] 1 candidate(s) found for the request path '/api/v1/tenant/produtos'
2023-07-18 14:08:30.275 -03:00 [DBG] Endpoint 'Concent.Athena.Services.API.Controllers.ProdutosController.GetAll (Concent.Athena.Services.API)' with route pattern 'api/v1/tenant/Produtos' is valid for the request path '/api/v1/tenant/produtos'
2023-07-18 14:08:30.281 -03:00 [DBG] Request matched endpoint 'Concent.Athena.Services.API.Controllers.ProdutosController.GetAll (Concent.Athena.Services.API)'
2023-07-18 14:08:30.287 -03:00 [INF] Executing endpoint 'Concent.Athena.Services.API.Controllers.ProdutosController.GetAll (Concent.Athena.Services.API)'
2023-07-18 14:08:30.293 -03:00 [INF] Route matched with {action = "GetAll", controller = "Produtos"}. Executing controller action with signature System.Threading.Tasks.Task`1[Microsoft.AspNetCore.Mvc.IActionResult] GetAll(System.String, Concent.Athena.Domain.Core.Requests.ProdutosRequests.GetProdutosRequest, Int32, Int32, System.Threading.CancellationToken) on controller Concent.Athena.Services.API.Controllers.ProdutosController (Concent.Athena.Services.API).
2023-07-18 14:08:30.299 -03:00 [DBG] Execution plan of authorization filters (in the following order): ["None"]
2023-07-18 14:08:30.301 -03:00 [DBG] Execution plan of resource filters (in the following order): ["None"]
2023-07-18 14:08:30.306 -03:00 [DBG] Execution plan of action filters (in the following order): ["Microsoft.AspNetCore.Mvc.ModelBinding.UnsupportedContentTypeFilter (Order: -3000)","Microsoft.AspNetCore.Mvc.Infrastructure.ModelStateInvalidFilter (Order: -2000)"]
2023-07-18 14:08:30.310 -03:00 [DBG] Execution plan of exception filters (in the following order): ["None"]
2023-07-18 14:08:30.315 -03:00 [DBG] Execution plan of result filters (in the following order): ["Microsoft.AspNetCore.Mvc.Infrastructure.ClientErrorResultFilter (Order: -2000)"]
2023-07-18 14:08:30.318 -03:00 [DBG] Executing controller factory for controller Concent.Athena.Services.API.Controllers.ProdutosController (Concent.Athena.Services.API)
2023-07-18 14:08:30.322 -03:00 [DBG] Executed controller factory for controller Concent.Athena.Services.API.Controllers.ProdutosController (Concent.Athena.Services.API)
2023-07-18 14:08:30.327 -03:00 [DBG] Attempting to bind parameter 'NomeProduto' of type 'System.String' ...
2023-07-18 14:08:30.333 -03:00 [DBG] Attempting to bind parameter 'NomeProduto' of type 'System.String' using the name '' in request data ...
2023-07-18 14:08:30.338 -03:00 [DBG] Could not find a value in the request with name '' for binding parameter 'NomeProduto' of type 'System.String'.
2023-07-18 14:08:30.342 -03:00 [DBG] Done attempting to bind parameter 'NomeProduto' of type 'System.String'.
2023-07-18 14:08:30.345 -03:00 [DBG] Done attempting to bind parameter 'NomeProduto' of type 'System.String'.
2023-07-18 14:08:30.347 -03:00 [DBG] Attempting to validate the bound parameter 'NomeProduto' of type 'System.String' ...
2023-07-18 14:08:30.349 -03:00 [DBG] Done attempting to validate the bound parameter 'NomeProduto' of type 'System.String'.
2023-07-18 14:08:30.352 -03:00 [DBG] Attempting to bind parameter 'request' of type 'Concent.Athena.Domain.Core.Requests.ProdutosRequests.GetProdutosRequest' ...
2023-07-18 14:08:30.355 -03:00 [DBG] Attempting to bind parameter 'request' of type 'Concent.Athena.Domain.Core.Requests.ProdutosRequests.GetProdutosRequest' using the name '' in request data ...
2023-07-18 14:08:30.361 -03:00 [DBG] Attempting to bind property 'Concent.Athena.Domain.Core.Requests.ProdutosRequests.GetProdutosRequest.NomeProduto' of type 'System.String' using the name 'NomeProduto' in request data ...
2023-07-18 14:08:30.364 -03:00 [DBG] Could not find a value in the request with name 'NomeProduto' for binding property 'Concent.Athena.Domain.Core.Requests.ProdutosRequests.GetProdutosRequest.NomeProduto' of type 'System.String'.
2023-07-18 14:08:30.367 -03:00 [DBG] Done attempting to bind property 'Concent.Athena.Domain.Core.Requests.ProdutosRequests.GetProdutosRequest.NomeProduto' of type 'System.String'.
2023-07-18 14:08:30.372 -03:00 [DBG] Attempting to bind property 'Concent.Athena.Domain.Core.Requests.ProdutosRequests.GetProdutosRequest.IsActive' of type 'System.Boolean' using the name 'IsActive' in request data ...
2023-07-18 14:08:30.378 -03:00 [DBG] Could not find a value in the request with name 'IsActive' for binding property 'Concent.Athena.Domain.Core.Requests.ProdutosRequests.GetProdutosRequest.IsActive' of type 'System.Boolean'.
2023-07-18 14:08:30.381 -03:00 [DBG] Done attempting to bind property 'Concent.Athena.Domain.Core.Requests.ProdutosRequests.GetProdutosRequest.IsActive' of type 'System.Boolean'.
2023-07-18 14:08:30.384 -03:00 [DBG] Done attempting to bind parameter 'request' of type 'Concent.Athena.Domain.Core.Requests.ProdutosRequests.GetProdutosRequest'.
2023-07-18 14:08:30.388 -03:00 [DBG] Done attempting to bind parameter 'request' of type 'Concent.Athena.Domain.Core.Requests.ProdutosRequests.GetProdutosRequest'.
2023-07-18 14:08:30.394 -03:00 [DBG] Attempting to validate the bound parameter 'request' of type 'Concent.Athena.Domain.Core.Requests.ProdutosRequests.GetProdutosRequest' ...
2023-07-18 14:08:30.396 -03:00 [DBG] Done attempting to validate the bound parameter 'request' of type 'Concent.Athena.Domain.Core.Requests.ProdutosRequests.GetProdutosRequest'.
2023-07-18 14:08:30.399 -03:00 [DBG] Attempting to bind parameter 'page' of type 'System.Int32' ...
2023-07-18 14:08:30.401 -03:00 [DBG] Attempting to bind parameter 'page' of type 'System.Int32' using the name 'page' in request data ...
2023-07-18 14:08:30.408 -03:00 [DBG] Done attempting to bind parameter 'page' of type 'System.Int32'.
2023-07-18 14:08:30.411 -03:00 [DBG] Done attempting to bind parameter 'page' of type 'System.Int32'.
2023-07-18 14:08:30.413 -03:00 [DBG] Attempting to validate the bound parameter 'page' of type 'System.Int32' ...
2023-07-18 14:08:30.416 -03:00 [DBG] Done attempting to validate the bound parameter 'page' of type 'System.Int32'.
2023-07-18 14:08:30.419 -03:00 [DBG] Attempting to bind parameter 'index' of type 'System.Int32' ...
2023-07-18 14:08:30.424 -03:00 [DBG] Attempting to bind parameter 'index' of type 'System.Int32' using the name 'index' in request data ...
2023-07-18 14:08:30.427 -03:00 [DBG] Done attempting to bind parameter 'index' of type 'System.Int32'.
2023-07-18 14:08:30.430 -03:00 [DBG] Done attempting to bind parameter 'index' of type 'System.Int32'.
2023-07-18 14:08:30.432 -03:00 [DBG] Attempting to validate the bound parameter 'index' of type 'System.Int32' ...
2023-07-18 14:08:30.436 -03:00 [DBG] Done attempting to validate the bound parameter 'index' of type 'System.Int32'.
2023-07-18 14:08:30.442 -03:00 [DBG] Attempting to bind parameter 'cancellationToken' of type 'System.Threading.CancellationToken' ...
2023-07-18 14:08:30.445 -03:00 [DBG] Done attempting to bind parameter 'cancellationToken' of type 'System.Threading.CancellationToken'.
2023-07-18 14:08:30.447 -03:00 [DBG] Attempting to validate the bound parameter 'cancellationToken' of type 'System.Threading.CancellationToken' ...
2023-07-18 14:08:30.450 -03:00 [DBG] Done attempting to validate the bound parameter 'cancellationToken' of type 'System.Threading.CancellationToken'.
2023-07-18 14:08:30.502 -03:00 [INF] Entity Framework Core 5.0.16 initialized 'AthenaContext' using provider 'Pomelo.EntityFrameworkCore.MySql' with options: ServerVersion 8.0.21-mysql 
2023-07-18 14:08:30.514 -03:00 [DBG] Opening connection to database '' on server 'localhost'.
2023-07-18 14:08:30.522 -03:00 [DBG] Opened connection to database '' on server 'localhost'.
2023-07-18 14:08:30.526 -03:00 [DBG] Creating DbCommand for 'ExecuteScalar'.
2023-07-18 14:08:30.529 -03:00 [DBG] Created DbCommand for 'ExecuteScalar' (2ms).
2023-07-18 14:08:30.532 -03:00 [DBG] Opening connection to database 'Athenadb' on server 'localhost'.
2023-07-18 14:08:30.535 -03:00 [DBG] Opened connection to database 'Athenadb' on server 'localhost'.
2023-07-18 14:08:30.539 -03:00 [DBG] Executing DbCommand [Parameters=[], CommandType='"Text"', CommandTimeout='30']
SELECT CASE WHEN COUNT(*) = 0 THEN FALSE ELSE TRUE END
FROM information_schema.tables
WHERE table_type = 'BASE TABLE' AND table_schema = 'Athenadb'
2023-07-18 14:08:30.545 -03:00 [INF] Executed DbCommand (7ms) [Parameters=[], CommandType='"Text"', CommandTimeout='30']
SELECT CASE WHEN COUNT(*) = 0 THEN FALSE ELSE TRUE END
FROM information_schema.tables
WHERE table_type = 'BASE TABLE' AND table_schema = 'Athenadb'
2023-07-18 14:08:30.550 -03:00 [DBG] Closing connection to database 'Athenadb' on server 'localhost'.
2023-07-18 14:08:30.553 -03:00 [DBG] Closed connection to database 'Athenadb' on server 'localhost'.
2023-07-18 14:08:30.559 -03:00 [DBG] Creating DbCommand for 'ExecuteReader'.
2023-07-18 14:08:30.563 -03:00 [DBG] Created DbCommand for 'ExecuteReader' (3ms).
2023-07-18 14:08:30.566 -03:00 [DBG] Opening connection to database 'Athenadb' on server 'localhost'.
2023-07-18 14:08:30.568 -03:00 [DBG] Opened connection to database 'Athenadb' on server 'localhost'.
2023-07-18 14:08:30.572 -03:00 [DBG] Executing DbCommand [Parameters=[], CommandType='"Text"', CommandTimeout='30']
SELECT COUNT(*)
FROM `TB_Produtos` AS `t`
WHERE `t`.`ST_ACTIVE`
2023-07-18 14:08:30.580 -03:00 [INF] Executed DbCommand (8ms) [Parameters=[], CommandType='"Text"', CommandTimeout='30']
SELECT COUNT(*)
FROM `TB_Produtos` AS `t`
WHERE `t`.`ST_ACTIVE`
2023-07-18 14:08:30.584 -03:00 [DBG] A data reader was disposed.
2023-07-18 14:08:30.585 -03:00 [DBG] Closing connection to database 'Athenadb' on server 'localhost'.
2023-07-18 14:08:30.590 -03:00 [DBG] Closed connection to database 'Athenadb' on server 'localhost'.
2023-07-18 14:08:30.595 -03:00 [DBG] List of registered output formatters, in the following order: ["Microsoft.AspNetCore.Mvc.Formatters.HttpNoContentOutputFormatter","Microsoft.AspNetCore.Mvc.Formatters.StringOutputFormatter","Microsoft.AspNetCore.Mvc.Formatters.StreamOutputFormatter","Microsoft.AspNetCore.Mvc.Formatters.SystemTextJsonOutputFormatter"]
2023-07-18 14:08:30.599 -03:00 [DBG] No information found on request to perform content negotiation.
2023-07-18 14:08:30.600 -03:00 [DBG] Attempting to select an output formatter without using a content type as no explicit content types were specified for the response.
2023-07-18 14:08:30.602 -03:00 [DBG] Attempting to select the first formatter in the output formatters list which can write the result.
2023-07-18 14:08:30.604 -03:00 [DBG] Selected output formatter 'Microsoft.AspNetCore.Mvc.Formatters.SystemTextJsonOutputFormatter' and content type 'application/json' to write the response.
2023-07-18 14:08:30.608 -03:00 [INF] Executing ObjectResult, writing value of type 'Concent.Athena.Domain.Core.Responses.ProdutosResponses.GetProdutosResponse'.
2023-07-18 14:08:30.613 -03:00 [DBG] Creating DbCommand for 'ExecuteReader'.
2023-07-18 14:08:30.615 -03:00 [DBG] Created DbCommand for 'ExecuteReader' (2ms).
2023-07-18 14:08:30.618 -03:00 [DBG] Opening connection to database 'Athenadb' on server 'localhost'.
2023-07-18 14:08:30.622 -03:00 [DBG] Opened connection to database 'Athenadb' on server 'localhost'.
2023-07-18 14:08:30.625 -03:00 [DBG] Executing DbCommand [Parameters=[@__p_1='?' (DbType = Int32), @__p_0='?' (DbType = Int32)], CommandType='"Text"', CommandTimeout='30']
SELECT `t`.`ID` AS `Id`, `t`.`DS_NOME_PRODUTO` AS `NomeProduto`
FROM `TB_Produtos` AS `t`
WHERE `t`.`ST_ACTIVE`
ORDER BY `t`.`DS_NOME_PRODUTO`
LIMIT @__p_1 OFFSET @__p_0
2023-07-18 14:08:30.631 -03:00 [INF] Executed DbCommand (6ms) [Parameters=[@__p_1='?' (DbType = Int32), @__p_0='?' (DbType = Int32)], CommandType='"Text"', CommandTimeout='30']
SELECT `t`.`ID` AS `Id`, `t`.`DS_NOME_PRODUTO` AS `NomeProduto`
FROM `TB_Produtos` AS `t`
WHERE `t`.`ST_ACTIVE`
ORDER BY `t`.`DS_NOME_PRODUTO`
LIMIT @__p_1 OFFSET @__p_0
2023-07-18 14:08:30.635 -03:00 [INF] Executed action Concent.Athena.Services.API.Controllers.ProdutosController.GetAll (Concent.Athena.Services.API) in 317.0215ms
2023-07-18 14:08:30.640 -03:00 [INF] Executed endpoint 'Concent.Athena.Services.API.Controllers.ProdutosController.GetAll (Concent.Athena.Services.API)'
2023-07-18 14:08:30.644 -03:00 [DBG] 'AthenaContext' disposed.
2023-07-18 14:08:30.647 -03:00 [INF] Request finished HTTP/2 GET https://localhost:5004/api/v1/tenant/produtos?page=1&index=1 - - - 200 - application/json;+charset=utf-8 381.1265ms
2023-07-18 14:08:38.130 -03:00 [INF] Request starting HTTP/2 GET https://localhost:5004/api/v1/tenant/produtos?page=1&index=2 - -
2023-07-18 14:08:38.133 -03:00 [DBG] The request path  does not match the path filter
2023-07-18 14:08:38.136 -03:00 [DBG] 1 candidate(s) found for the request path '/api/v1/tenant/produtos'
2023-07-18 14:08:38.141 -03:00 [DBG] Endpoint 'Concent.Athena.Services.API.Controllers.ProdutosController.GetAll (Concent.Athena.Services.API)' with route pattern 'api/v1/tenant/Produtos' is valid for the request path '/api/v1/tenant/produtos'
2023-07-18 14:08:38.147 -03:00 [DBG] Request matched endpoint 'Concent.Athena.Services.API.Controllers.ProdutosController.GetAll (Concent.Athena.Services.API)'
2023-07-18 14:08:38.152 -03:00 [INF] Executing endpoint 'Concent.Athena.Services.API.Controllers.ProdutosController.GetAll (Concent.Athena.Services.API)'
2023-07-18 14:08:38.154 -03:00 [INF] Route matched with {action = "GetAll", controller = "Produtos"}. Executing controller action with signature System.Threading.Tasks.Task`1[Microsoft.AspNetCore.Mvc.IActionResult] GetAll(System.String, Concent.Athena.Domain.Core.Requests.ProdutosRequests.GetProdutosRequest, Int32, Int32, System.Threading.CancellationToken) on controller Concent.Athena.Services.API.Controllers.ProdutosController (Concent.Athena.Services.API).
2023-07-18 14:08:38.160 -03:00 [DBG] Execution plan of authorization filters (in the following order): ["None"]
2023-07-18 14:08:38.165 -03:00 [DBG] Execution plan of resource filters (in the following order): ["None"]
2023-07-18 14:08:38.168 -03:00 [DBG] Execution plan of action filters (in the following order): ["Microsoft.AspNetCore.Mvc.ModelBinding.UnsupportedContentTypeFilter (Order: -3000)","Microsoft.AspNetCore.Mvc.Infrastructure.ModelStateInvalidFilter (Order: -2000)"]
2023-07-18 14:08:38.171 -03:00 [DBG] Execution plan of exception filters (in the following order): ["None"]
2023-07-18 14:08:38.176 -03:00 [DBG] Execution plan of result filters (in the following order): ["Microsoft.AspNetCore.Mvc.Infrastructure.ClientErrorResultFilter (Order: -2000)"]
2023-07-18 14:08:38.180 -03:00 [DBG] Executing controller factory for controller Concent.Athena.Services.API.Controllers.ProdutosController (Concent.Athena.Services.API)
2023-07-18 14:08:38.184 -03:00 [DBG] Executed controller factory for controller Concent.Athena.Services.API.Controllers.ProdutosController (Concent.Athena.Services.API)
2023-07-18 14:08:38.189 -03:00 [DBG] Attempting to bind parameter 'NomeProduto' of type 'System.String' ...
2023-07-18 14:08:38.194 -03:00 [DBG] Attempting to bind parameter 'NomeProduto' of type 'System.String' using the name '' in request data ...
2023-07-18 14:08:38.199 -03:00 [DBG] Could not find a value in the request with name '' for binding parameter 'NomeProduto' of type 'System.String'.
2023-07-18 14:08:38.201 -03:00 [DBG] Done attempting to bind parameter 'NomeProduto' of type 'System.String'.
2023-07-18 14:08:38.204 -03:00 [DBG] Done attempting to bind parameter 'NomeProduto' of type 'System.String'.
2023-07-18 14:08:38.208 -03:00 [DBG] Attempting to validate the bound parameter 'NomeProduto' of type 'System.String' ...
2023-07-18 14:08:38.212 -03:00 [DBG] Done attempting to validate the bound parameter 'NomeProduto' of type 'System.String'.
2023-07-18 14:08:38.216 -03:00 [DBG] Attempting to bind parameter 'request' of type 'Concent.Athena.Domain.Core.Requests.ProdutosRequests.GetProdutosRequest' ...
2023-07-18 14:08:38.218 -03:00 [DBG] Attempting to bind parameter 'request' of type 'Concent.Athena.Domain.Core.Requests.ProdutosRequests.GetProdutosRequest' using the name '' in request data ...
2023-07-18 14:08:38.221 -03:00 [DBG] Attempting to bind property 'Concent.Athena.Domain.Core.Requests.ProdutosRequests.GetProdutosRequest.NomeProduto' of type 'System.String' using the name 'NomeProduto' in request data ...
2023-07-18 14:08:38.229 -03:00 [DBG] Could not find a value in the request with name 'NomeProduto' for binding property 'Concent.Athena.Domain.Core.Requests.ProdutosRequests.GetProdutosRequest.NomeProduto' of type 'System.String'.
2023-07-18 14:08:38.232 -03:00 [DBG] Done attempting to bind property 'Concent.Athena.Domain.Core.Requests.ProdutosRequests.GetProdutosRequest.NomeProduto' of type 'System.String'.
2023-07-18 14:08:38.235 -03:00 [DBG] Attempting to bind property 'Concent.Athena.Domain.Core.Requests.ProdutosRequests.GetProdutosRequest.IsActive' of type 'System.Boolean' using the name 'IsActive' in request data ...
2023-07-18 14:08:38.239 -03:00 [DBG] Could not find a value in the request with name 'IsActive' for binding property 'Concent.Athena.Domain.Core.Requests.ProdutosRequests.GetProdutosRequest.IsActive' of type 'System.Boolean'.
2023-07-18 14:08:38.245 -03:00 [DBG] Done attempting to bind property 'Concent.Athena.Domain.Core.Requests.ProdutosRequests.GetProdutosRequest.IsActive' of type 'System.Boolean'.
2023-07-18 14:08:38.248 -03:00 [DBG] Done attempting to bind parameter 'request' of type 'Concent.Athena.Domain.Core.Requests.ProdutosRequests.GetProdutosRequest'.
2023-07-18 14:08:38.251 -03:00 [DBG] Done attempting to bind parameter 'request' of type 'Concent.Athena.Domain.Core.Requests.ProdutosRequests.GetProdutosRequest'.
2023-07-18 14:08:38.253 -03:00 [DBG] Attempting to validate the bound parameter 'request' of type 'Concent.Athena.Domain.Core.Requests.ProdutosRequests.GetProdutosRequest' ...
2023-07-18 14:08:38.257 -03:00 [DBG] Done attempting to validate the bound parameter 'request' of type 'Concent.Athena.Domain.Core.Requests.ProdutosRequests.GetProdutosRequest'.
2023-07-18 14:08:38.261 -03:00 [DBG] Attempting to bind parameter 'page' of type 'System.Int32' ...
2023-07-18 14:08:38.263 -03:00 [DBG] Attempting to bind parameter 'page' of type 'System.Int32' using the name 'page' in request data ...
2023-07-18 14:08:38.266 -03:00 [DBG] Done attempting to bind parameter 'page' of type 'System.Int32'.
2023-07-18 14:08:38.268 -03:00 [DBG] Done attempting to bind parameter 'page' of type 'System.Int32'.
2023-07-18 14:08:38.271 -03:00 [DBG] Attempting to validate the bound parameter 'page' of type 'System.Int32' ...
2023-07-18 14:08:38.275 -03:00 [DBG] Done attempting to validate the bound parameter 'page' of type 'System.Int32'.
2023-07-18 14:08:38.277 -03:00 [DBG] Attempting to bind parameter 'index' of type 'System.Int32' ...
2023-07-18 14:08:38.280 -03:00 [DBG] Attempting to bind parameter 'index' of type 'System.Int32' using the name 'index' in request data ...
2023-07-18 14:08:38.282 -03:00 [DBG] Done attempting to bind parameter 'index' of type 'System.Int32'.
2023-07-18 14:08:38.285 -03:00 [DBG] Done attempting to bind parameter 'index' of type 'System.Int32'.
2023-07-18 14:08:38.288 -03:00 [DBG] Attempting to validate the bound parameter 'index' of type 'System.Int32' ...
2023-07-18 14:08:38.291 -03:00 [DBG] Done attempting to validate the bound parameter 'index' of type 'System.Int32'.
2023-07-18 14:08:38.294 -03:00 [DBG] Attempting to bind parameter 'cancellationToken' of type 'System.Threading.CancellationToken' ...
2023-07-18 14:08:38.296 -03:00 [DBG] Done attempting to bind parameter 'cancellationToken' of type 'System.Threading.CancellationToken'.
2023-07-18 14:08:38.299 -03:00 [DBG] Attempting to validate the bound parameter 'cancellationToken' of type 'System.Threading.CancellationToken' ...
2023-07-18 14:08:38.302 -03:00 [DBG] Done attempting to validate the bound parameter 'cancellationToken' of type 'System.Threading.CancellationToken'.
2023-07-18 14:08:38.308 -03:00 [INF] Entity Framework Core 5.0.16 initialized 'AthenaContext' using provider 'Pomelo.EntityFrameworkCore.MySql' with options: ServerVersion 8.0.21-mysql 
2023-07-18 14:08:38.313 -03:00 [DBG] Opening connection to database '' on server 'localhost'.
2023-07-18 14:08:38.320 -03:00 [DBG] Opened connection to database '' on server 'localhost'.
2023-07-18 14:08:38.324 -03:00 [DBG] Creating DbCommand for 'ExecuteScalar'.
2023-07-18 14:08:38.327 -03:00 [DBG] Created DbCommand for 'ExecuteScalar' (3ms).
2023-07-18 14:08:38.330 -03:00 [DBG] Opening connection to database 'Athenadb' on server 'localhost'.
2023-07-18 14:08:38.334 -03:00 [DBG] Opened connection to database 'Athenadb' on server 'localhost'.
2023-07-18 14:08:38.337 -03:00 [DBG] Executing DbCommand [Parameters=[], CommandType='"Text"', CommandTimeout='30']
SELECT CASE WHEN COUNT(*) = 0 THEN FALSE ELSE TRUE END
FROM information_schema.tables
WHERE table_type = 'BASE TABLE' AND table_schema = 'Athenadb'
2023-07-18 14:08:38.344 -03:00 [INF] Executed DbCommand (7ms) [Parameters=[], CommandType='"Text"', CommandTimeout='30']
SELECT CASE WHEN COUNT(*) = 0 THEN FALSE ELSE TRUE END
FROM information_schema.tables
WHERE table_type = 'BASE TABLE' AND table_schema = 'Athenadb'
2023-07-18 14:08:38.348 -03:00 [DBG] Closing connection to database 'Athenadb' on server 'localhost'.
2023-07-18 14:08:38.351 -03:00 [DBG] Closed connection to database 'Athenadb' on server 'localhost'.
2023-07-18 14:08:38.353 -03:00 [DBG] Creating DbCommand for 'ExecuteReader'.
2023-07-18 14:08:38.356 -03:00 [DBG] Created DbCommand for 'ExecuteReader' (2ms).
2023-07-18 14:08:38.360 -03:00 [DBG] Opening connection to database 'Athenadb' on server 'localhost'.
2023-07-18 14:08:38.363 -03:00 [DBG] Opened connection to database 'Athenadb' on server 'localhost'.
2023-07-18 14:08:38.365 -03:00 [DBG] Executing DbCommand [Parameters=[], CommandType='"Text"', CommandTimeout='30']
SELECT COUNT(*)
FROM `TB_Produtos` AS `t`
WHERE `t`.`ST_ACTIVE`
2023-07-18 14:08:38.369 -03:00 [INF] Executed DbCommand (4ms) [Parameters=[], CommandType='"Text"', CommandTimeout='30']
SELECT COUNT(*)
FROM `TB_Produtos` AS `t`
WHERE `t`.`ST_ACTIVE`
2023-07-18 14:08:38.373 -03:00 [DBG] A data reader was disposed.
2023-07-18 14:08:38.376 -03:00 [DBG] Closing connection to database 'Athenadb' on server 'localhost'.
2023-07-18 14:08:38.379 -03:00 [DBG] Closed connection to database 'Athenadb' on server 'localhost'.
2023-07-18 14:08:38.382 -03:00 [DBG] List of registered output formatters, in the following order: ["Microsoft.AspNetCore.Mvc.Formatters.HttpNoContentOutputFormatter","Microsoft.AspNetCore.Mvc.Formatters.StringOutputFormatter","Microsoft.AspNetCore.Mvc.Formatters.StreamOutputFormatter","Microsoft.AspNetCore.Mvc.Formatters.SystemTextJsonOutputFormatter"]
2023-07-18 14:08:38.386 -03:00 [DBG] No information found on request to perform content negotiation.
2023-07-18 14:08:38.388 -03:00 [DBG] Attempting to select an output formatter without using a content type as no explicit content types were specified for the response.
2023-07-18 14:08:38.390 -03:00 [DBG] Attempting to select the first formatter in the output formatters list which can write the result.
2023-07-18 14:08:38.394 -03:00 [DBG] Selected output formatter 'Microsoft.AspNetCore.Mvc.Formatters.SystemTextJsonOutputFormatter' and content type 'application/json' to write the response.
2023-07-18 14:08:38.397 -03:00 [INF] Executing ObjectResult, writing value of type 'Concent.Athena.Domain.Core.Responses.ProdutosResponses.GetProdutosResponse'.
2023-07-18 14:08:38.401 -03:00 [DBG] Creating DbCommand for 'ExecuteReader'.
2023-07-18 14:08:38.403 -03:00 [DBG] Created DbCommand for 'ExecuteReader' (2ms).
2023-07-18 14:08:38.405 -03:00 [DBG] Opening connection to database 'Athenadb' on server 'localhost'.
2023-07-18 14:08:38.411 -03:00 [DBG] Opened connection to database 'Athenadb' on server 'localhost'.
2023-07-18 14:08:38.413 -03:00 [DBG] Executing DbCommand [Parameters=[@__p_1='?' (DbType = Int32), @__p_0='?' (DbType = Int32)], CommandType='"Text"', CommandTimeout='30']
SELECT `t`.`ID` AS `Id`, `t`.`DS_NOME_PRODUTO` AS `NomeProduto`
FROM `TB_Produtos` AS `t`
WHERE `t`.`ST_ACTIVE`
ORDER BY `t`.`DS_NOME_PRODUTO`
LIMIT @__p_1 OFFSET @__p_0
2023-07-18 14:08:38.417 -03:00 [INF] Executed DbCommand (4ms) [Parameters=[@__p_1='?' (DbType = Int32), @__p_0='?' (DbType = Int32)], CommandType='"Text"', CommandTimeout='30']
SELECT `t`.`ID` AS `Id`, `t`.`DS_NOME_PRODUTO` AS `NomeProduto`
FROM `TB_Produtos` AS `t`
WHERE `t`.`ST_ACTIVE`
ORDER BY `t`.`DS_NOME_PRODUTO`
LIMIT @__p_1 OFFSET @__p_0
2023-07-18 14:08:38.422 -03:00 [INF] Executed action Concent.Athena.Services.API.Controllers.ProdutosController.GetAll (Concent.Athena.Services.API) in 241.7112ms
2023-07-18 14:08:38.428 -03:00 [INF] Executed endpoint 'Concent.Athena.Services.API.Controllers.ProdutosController.GetAll (Concent.Athena.Services.API)'
2023-07-18 14:08:38.431 -03:00 [DBG] 'AthenaContext' disposed.
2023-07-18 14:08:38.434 -03:00 [INF] Request finished HTTP/2 GET https://localhost:5004/api/v1/tenant/produtos?page=1&index=2 - - - 200 - application/json;+charset=utf-8 304.1854ms
2023-07-18 14:08:44.431 -03:00 [INF] Request starting HTTP/2 GET https://localhost:5004/api/v1/tenant/produtos?page=2&index=1 - -
2023-07-18 14:08:44.434 -03:00 [DBG] The request path  does not match the path filter
2023-07-18 14:08:44.437 -03:00 [DBG] 1 candidate(s) found for the request path '/api/v1/tenant/produtos'
2023-07-18 14:08:44.440 -03:00 [DBG] Endpoint 'Concent.Athena.Services.API.Controllers.ProdutosController.GetAll (Concent.Athena.Services.API)' with route pattern 'api/v1/tenant/Produtos' is valid for the request path '/api/v1/tenant/produtos'
2023-07-18 14:08:44.446 -03:00 [DBG] Request matched endpoint 'Concent.Athena.Services.API.Controllers.ProdutosController.GetAll (Concent.Athena.Services.API)'
2023-07-18 14:08:44.450 -03:00 [INF] Executing endpoint 'Concent.Athena.Services.API.Controllers.ProdutosController.GetAll (Concent.Athena.Services.API)'
2023-07-18 14:08:44.454 -03:00 [INF] Route matched with {action = "GetAll", controller = "Produtos"}. Executing controller action with signature System.Threading.Tasks.Task`1[Microsoft.AspNetCore.Mvc.IActionResult] GetAll(System.String, Concent.Athena.Domain.Core.Requests.ProdutosRequests.GetProdutosRequest, Int32, Int32, System.Threading.CancellationToken) on controller Concent.Athena.Services.API.Controllers.ProdutosController (Concent.Athena.Services.API).
2023-07-18 14:08:44.458 -03:00 [DBG] Execution plan of authorization filters (in the following order): ["None"]
2023-07-18 14:08:44.463 -03:00 [DBG] Execution plan of resource filters (in the following order): ["None"]
2023-07-18 14:08:44.466 -03:00 [DBG] Execution plan of action filters (in the following order): ["Microsoft.AspNetCore.Mvc.ModelBinding.UnsupportedContentTypeFilter (Order: -3000)","Microsoft.AspNetCore.Mvc.Infrastructure.ModelStateInvalidFilter (Order: -2000)"]
2023-07-18 14:08:44.471 -03:00 [DBG] Execution plan of exception filters (in the following order): ["None"]
2023-07-18 14:08:44.474 -03:00 [DBG] Execution plan of result filters (in the following order): ["Microsoft.AspNetCore.Mvc.Infrastructure.ClientErrorResultFilter (Order: -2000)"]
2023-07-18 14:08:44.479 -03:00 [DBG] Executing controller factory for controller Concent.Athena.Services.API.Controllers.ProdutosController (Concent.Athena.Services.API)
2023-07-18 14:08:44.484 -03:00 [DBG] Executed controller factory for controller Concent.Athena.Services.API.Controllers.ProdutosController (Concent.Athena.Services.API)
2023-07-18 14:08:44.487 -03:00 [DBG] Attempting to bind parameter 'NomeProduto' of type 'System.String' ...
2023-07-18 14:08:44.490 -03:00 [DBG] Attempting to bind parameter 'NomeProduto' of type 'System.String' using the name '' in request data ...
2023-07-18 14:08:44.494 -03:00 [DBG] Could not find a value in the request with name '' for binding parameter 'NomeProduto' of type 'System.String'.
2023-07-18 14:08:44.502 -03:00 [DBG] Done attempting to bind parameter 'NomeProduto' of type 'System.String'.
2023-07-18 14:08:44.504 -03:00 [DBG] Done attempting to bind parameter 'NomeProduto' of type 'System.String'.
2023-07-18 14:08:44.506 -03:00 [DBG] Attempting to validate the bound parameter 'NomeProduto' of type 'System.String' ...
2023-07-18 14:08:44.511 -03:00 [DBG] Done attempting to validate the bound parameter 'NomeProduto' of type 'System.String'.
2023-07-18 14:08:44.515 -03:00 [DBG] Attempting to bind parameter 'request' of type 'Concent.Athena.Domain.Core.Requests.ProdutosRequests.GetProdutosRequest' ...
2023-07-18 14:08:44.519 -03:00 [DBG] Attempting to bind parameter 'request' of type 'Concent.Athena.Domain.Core.Requests.ProdutosRequests.GetProdutosRequest' using the name '' in request data ...
2023-07-18 14:08:44.522 -03:00 [DBG] Attempting to bind property 'Concent.Athena.Domain.Core.Requests.ProdutosRequests.GetProdutosRequest.NomeProduto' of type 'System.String' using the name 'NomeProduto' in request data ...
2023-07-18 14:08:44.525 -03:00 [DBG] Could not find a value in the request with name 'NomeProduto' for binding property 'Concent.Athena.Domain.Core.Requests.ProdutosRequests.GetProdutosRequest.NomeProduto' of type 'System.String'.
2023-07-18 14:08:44.533 -03:00 [DBG] Done attempting to bind property 'Concent.Athena.Domain.Core.Requests.ProdutosRequests.GetProdutosRequest.NomeProduto' of type 'System.String'.
2023-07-18 14:08:44.536 -03:00 [DBG] Attempting to bind property 'Concent.Athena.Domain.Core.Requests.ProdutosRequests.GetProdutosRequest.IsActive' of type 'System.Boolean' using the name 'IsActive' in request data ...
2023-07-18 14:08:44.539 -03:00 [DBG] Could not find a value in the request with name 'IsActive' for binding property 'Concent.Athena.Domain.Core.Requests.ProdutosRequests.GetProdutosRequest.IsActive' of type 'System.Boolean'.
2023-07-18 14:08:44.545 -03:00 [DBG] Done attempting to bind property 'Concent.Athena.Domain.Core.Requests.ProdutosRequests.GetProdutosRequest.IsActive' of type 'System.Boolean'.
2023-07-18 14:08:44.550 -03:00 [DBG] Done attempting to bind parameter 'request' of type 'Concent.Athena.Domain.Core.Requests.ProdutosRequests.GetProdutosRequest'.
2023-07-18 14:08:44.552 -03:00 [DBG] Done attempting to bind parameter 'request' of type 'Concent.Athena.Domain.Core.Requests.ProdutosRequests.GetProdutosRequest'.
2023-07-18 14:08:44.554 -03:00 [DBG] Attempting to validate the bound parameter 'request' of type 'Concent.Athena.Domain.Core.Requests.ProdutosRequests.GetProdutosRequest' ...
2023-07-18 14:08:44.557 -03:00 [DBG] Done attempting to validate the bound parameter 'request' of type 'Concent.Athena.Domain.Core.Requests.ProdutosRequests.GetProdutosRequest'.
2023-07-18 14:08:44.562 -03:00 [DBG] Attempting to bind parameter 'page' of type 'System.Int32' ...
2023-07-18 14:08:44.566 -03:00 [DBG] Attempting to bind parameter 'page' of type 'System.Int32' using the name 'page' in request data ...
2023-07-18 14:08:44.569 -03:00 [DBG] Done attempting to bind parameter 'page' of type 'System.Int32'.
2023-07-18 14:08:44.572 -03:00 [DBG] Done attempting to bind parameter 'page' of type 'System.Int32'.
2023-07-18 14:08:44.575 -03:00 [DBG] Attempting to validate the bound parameter 'page' of type 'System.Int32' ...
2023-07-18 14:08:44.579 -03:00 [DBG] Done attempting to validate the bound parameter 'page' of type 'System.Int32'.
2023-07-18 14:08:44.582 -03:00 [DBG] Attempting to bind parameter 'index' of type 'System.Int32' ...
2023-07-18 14:08:44.585 -03:00 [DBG] Attempting to bind parameter 'index' of type 'System.Int32' using the name 'index' in request data ...
2023-07-18 14:08:44.589 -03:00 [DBG] Done attempting to bind parameter 'index' of type 'System.Int32'.
2023-07-18 14:08:44.593 -03:00 [DBG] Done attempting to bind parameter 'index' of type 'System.Int32'.
2023-07-18 14:08:44.598 -03:00 [DBG] Attempting to validate the bound parameter 'index' of type 'System.Int32' ...
2023-07-18 14:08:44.600 -03:00 [DBG] Done attempting to validate the bound parameter 'index' of type 'System.Int32'.
2023-07-18 14:08:44.604 -03:00 [DBG] Attempting to bind parameter 'cancellationToken' of type 'System.Threading.CancellationToken' ...
2023-07-18 14:08:44.607 -03:00 [DBG] Done attempting to bind parameter 'cancellationToken' of type 'System.Threading.CancellationToken'.
2023-07-18 14:08:44.613 -03:00 [DBG] Attempting to validate the bound parameter 'cancellationToken' of type 'System.Threading.CancellationToken' ...
2023-07-18 14:08:44.617 -03:00 [DBG] Done attempting to validate the bound parameter 'cancellationToken' of type 'System.Threading.CancellationToken'.
2023-07-18 14:08:44.621 -03:00 [INF] Entity Framework Core 5.0.16 initialized 'AthenaContext' using provider 'Pomelo.EntityFrameworkCore.MySql' with options: ServerVersion 8.0.21-mysql 
2023-07-18 14:08:44.626 -03:00 [DBG] Opening connection to database '' on server 'localhost'.
2023-07-18 14:08:44.635 -03:00 [DBG] Opened connection to database '' on server 'localhost'.
2023-07-18 14:08:44.639 -03:00 [DBG] Creating DbCommand for 'ExecuteScalar'.
2023-07-18 14:08:44.643 -03:00 [DBG] Created DbCommand for 'ExecuteScalar' (3ms).
2023-07-18 14:08:44.647 -03:00 [DBG] Opening connection to database 'Athenadb' on server 'localhost'.
2023-07-18 14:08:44.653 -03:00 [DBG] Opened connection to database 'Athenadb' on server 'localhost'.
2023-07-18 14:08:44.656 -03:00 [DBG] Executing DbCommand [Parameters=[], CommandType='"Text"', CommandTimeout='30']
SELECT CASE WHEN COUNT(*) = 0 THEN FALSE ELSE TRUE END
FROM information_schema.tables
WHERE table_type = 'BASE TABLE' AND table_schema = 'Athenadb'
2023-07-18 14:08:44.663 -03:00 [INF] Executed DbCommand (7ms) [Parameters=[], CommandType='"Text"', CommandTimeout='30']
SELECT CASE WHEN COUNT(*) = 0 THEN FALSE ELSE TRUE END
FROM information_schema.tables
WHERE table_type = 'BASE TABLE' AND table_schema = 'Athenadb'
2023-07-18 14:08:44.668 -03:00 [DBG] Closing connection to database 'Athenadb' on server 'localhost'.
2023-07-18 14:08:44.671 -03:00 [DBG] Closed connection to database 'Athenadb' on server 'localhost'.
2023-07-18 14:08:44.673 -03:00 [DBG] Creating DbCommand for 'ExecuteReader'.
2023-07-18 14:08:44.676 -03:00 [DBG] Created DbCommand for 'ExecuteReader' (2ms).
2023-07-18 14:08:44.682 -03:00 [DBG] Opening connection to database 'Athenadb' on server 'localhost'.
2023-07-18 14:08:44.685 -03:00 [DBG] Opened connection to database 'Athenadb' on server 'localhost'.
2023-07-18 14:08:44.688 -03:00 [DBG] Executing DbCommand [Parameters=[], CommandType='"Text"', CommandTimeout='30']
SELECT COUNT(*)
FROM `TB_Produtos` AS `t`
WHERE `t`.`ST_ACTIVE`
2023-07-18 14:08:44.692 -03:00 [INF] Executed DbCommand (4ms) [Parameters=[], CommandType='"Text"', CommandTimeout='30']
SELECT COUNT(*)
FROM `TB_Produtos` AS `t`
WHERE `t`.`ST_ACTIVE`
2023-07-18 14:08:44.699 -03:00 [DBG] A data reader was disposed.
2023-07-18 14:08:44.701 -03:00 [DBG] Closing connection to database 'Athenadb' on server 'localhost'.
2023-07-18 14:08:44.704 -03:00 [DBG] Closed connection to database 'Athenadb' on server 'localhost'.
2023-07-18 14:08:44.707 -03:00 [DBG] List of registered output formatters, in the following order: ["Microsoft.AspNetCore.Mvc.Formatters.HttpNoContentOutputFormatter","Microsoft.AspNetCore.Mvc.Formatters.StringOutputFormatter","Microsoft.AspNetCore.Mvc.Formatters.StreamOutputFormatter","Microsoft.AspNetCore.Mvc.Formatters.SystemTextJsonOutputFormatter"]
2023-07-18 14:08:44.712 -03:00 [DBG] No information found on request to perform content negotiation.
2023-07-18 14:08:44.714 -03:00 [DBG] Attempting to select an output formatter without using a content type as no explicit content types were specified for the response.
2023-07-18 14:08:44.716 -03:00 [DBG] Attempting to select the first formatter in the output formatters list which can write the result.
2023-07-18 14:08:44.718 -03:00 [DBG] Selected output formatter 'Microsoft.AspNetCore.Mvc.Formatters.SystemTextJsonOutputFormatter' and content type 'application/json' to write the response.
2023-07-18 14:08:44.720 -03:00 [INF] Executing ObjectResult, writing value of type 'Concent.Athena.Domain.Core.Responses.ProdutosResponses.GetProdutosResponse'.
2023-07-18 14:08:44.723 -03:00 [DBG] Compiling query expression: 
'DbSet<Produtos>()
    .AsNoTracking()
    .Where(f => True && Invoke(x => x.IsActive, f)
    )
    .Select(x => new { 
        Id = x.Id, 
        NomeProduto = x.NomeProduto
     })
    .OrderBy(x => x.NomeProduto)
    .Skip(__p_0)
    .Take(__p_0)'
2023-07-18 14:08:44.732 -03:00 [DBG] Generated query execution expression: 
'queryContext => new SingleQueryingEnumerable<<>f__AnonymousType10<Guid, string>>(
    (RelationalQueryContext)queryContext, 
    RelationalCommandCache.SelectExpression(
        Projection Mapping:
            Id -> 0
            NomeProduto -> 1
        SELECT t.ID AS Id, t.DS_NOME_PRODUTO AS NomeProduto
        FROM TB_Produtos AS t
        WHERE TRUE && t.ST_ACTIVE
        ORDER BY t.DS_NOME_PRODUTO ASC
        OFFSET @__p_0 ROWS FETCH NEXT @__p_0 ROWS ONLY), 
    Func<QueryContext, DbDataReader, ResultContext, SingleQueryResultCoordinator, <>f__AnonymousType10<Guid, string>>, 
    Concent.Athena.Infrastructure.Data.Contexts.AthenaContext, 
    False, 
    False
)'
2023-07-18 14:08:44.737 -03:00 [DBG] Creating DbCommand for 'ExecuteReader'.
2023-07-18 14:08:44.739 -03:00 [DBG] Created DbCommand for 'ExecuteReader' (1ms).
2023-07-18 14:08:44.741 -03:00 [DBG] Opening connection to database 'Athenadb' on server 'localhost'.
2023-07-18 14:08:44.748 -03:00 [DBG] Opened connection to database 'Athenadb' on server 'localhost'.
2023-07-18 14:08:44.751 -03:00 [DBG] Executing DbCommand [Parameters=[@__p_0='?' (DbType = Int32)], CommandType='"Text"', CommandTimeout='30']
SELECT `t`.`ID` AS `Id`, `t`.`DS_NOME_PRODUTO` AS `NomeProduto`
FROM `TB_Produtos` AS `t`
WHERE `t`.`ST_ACTIVE`
ORDER BY `t`.`DS_NOME_PRODUTO`
LIMIT @__p_0 OFFSET @__p_0
2023-07-18 14:08:44.756 -03:00 [INF] Executed DbCommand (4ms) [Parameters=[@__p_0='?' (DbType = Int32)], CommandType='"Text"', CommandTimeout='30']
SELECT `t`.`ID` AS `Id`, `t`.`DS_NOME_PRODUTO` AS `NomeProduto`
FROM `TB_Produtos` AS `t`
WHERE `t`.`ST_ACTIVE`
ORDER BY `t`.`DS_NOME_PRODUTO`
LIMIT @__p_0 OFFSET @__p_0
2023-07-18 14:08:44.761 -03:00 [INF] Executed action Concent.Athena.Services.API.Controllers.ProdutosController.GetAll (Concent.Athena.Services.API) in 281.8503ms
2023-07-18 14:08:44.765 -03:00 [INF] Executed endpoint 'Concent.Athena.Services.API.Controllers.ProdutosController.GetAll (Concent.Athena.Services.API)'
2023-07-18 14:08:44.767 -03:00 [DBG] 'AthenaContext' disposed.
2023-07-18 14:08:44.770 -03:00 [INF] Request finished HTTP/2 GET https://localhost:5004/api/v1/tenant/produtos?page=2&index=1 - - - 200 - application/json;+charset=utf-8 339.1319ms
2023-07-18 14:09:06.684 -03:00 [INF] Request starting HTTP/2 GET https://localhost:5004/api/v1/tenant/almoxarifados/08db86e2-8f9d-4466-8992-a0f3d2c428c3 - -
2023-07-18 14:09:06.688 -03:00 [DBG] The request path  does not match the path filter
2023-07-18 14:09:06.692 -03:00 [DBG] 1 candidate(s) found for the request path '/api/v1/tenant/almoxarifados/08db86e2-8f9d-4466-8992-a0f3d2c428c3'
2023-07-18 14:09:06.697 -03:00 [DBG] Endpoint 'Concent.Athena.Services.API.Controllers.AlmoxarifadosController.GetById (Concent.Athena.Services.API)' with route pattern 'api/v1/tenant/Almoxarifados/{id}' is valid for the request path '/api/v1/tenant/almoxarifados/08db86e2-8f9d-4466-8992-a0f3d2c428c3'
2023-07-18 14:09:06.700 -03:00 [DBG] Request matched endpoint 'Concent.Athena.Services.API.Controllers.AlmoxarifadosController.GetById (Concent.Athena.Services.API)'
2023-07-18 14:09:06.702 -03:00 [INF] Executing endpoint 'Concent.Athena.Services.API.Controllers.AlmoxarifadosController.GetById (Concent.Athena.Services.API)'
2023-07-18 14:09:06.709 -03:00 [INF] Route matched with {action = "GetById", controller = "Almoxarifados"}. Executing controller action with signature System.Threading.Tasks.Task`1[Microsoft.AspNetCore.Mvc.IActionResult] GetById(System.Guid, System.Threading.CancellationToken) on controller Concent.Athena.Services.API.Controllers.AlmoxarifadosController (Concent.Athena.Services.API).
2023-07-18 14:09:06.714 -03:00 [DBG] Execution plan of authorization filters (in the following order): ["None"]
2023-07-18 14:09:06.717 -03:00 [DBG] Execution plan of resource filters (in the following order): ["None"]
2023-07-18 14:09:06.723 -03:00 [DBG] Execution plan of action filters (in the following order): ["Microsoft.AspNetCore.Mvc.ModelBinding.UnsupportedContentTypeFilter (Order: -3000)","Microsoft.AspNetCore.Mvc.Infrastructure.ModelStateInvalidFilter (Order: -2000)"]
2023-07-18 14:09:06.728 -03:00 [DBG] Execution plan of exception filters (in the following order): ["None"]
2023-07-18 14:09:06.732 -03:00 [DBG] Execution plan of result filters (in the following order): ["Microsoft.AspNetCore.Mvc.Infrastructure.ClientErrorResultFilter (Order: -2000)"]
2023-07-18 14:09:06.741 -03:00 [DBG] Executing controller factory for controller Concent.Athena.Services.API.Controllers.AlmoxarifadosController (Concent.Athena.Services.API)
2023-07-18 14:09:06.743 -03:00 [DBG] Executed controller factory for controller Concent.Athena.Services.API.Controllers.AlmoxarifadosController (Concent.Athena.Services.API)
2023-07-18 14:09:06.746 -03:00 [DBG] Attempting to bind parameter 'id' of type 'System.Guid' ...
2023-07-18 14:09:06.748 -03:00 [DBG] Attempting to bind parameter 'id' of type 'System.Guid' using the name 'id' in request data ...
2023-07-18 14:09:06.752 -03:00 [DBG] Done attempting to bind parameter 'id' of type 'System.Guid'.
2023-07-18 14:09:06.758 -03:00 [DBG] Done attempting to bind parameter 'id' of type 'System.Guid'.
2023-07-18 14:09:06.760 -03:00 [DBG] Attempting to validate the bound parameter 'id' of type 'System.Guid' ...
2023-07-18 14:09:06.763 -03:00 [DBG] Done attempting to validate the bound parameter 'id' of type 'System.Guid'.
2023-07-18 14:09:06.766 -03:00 [DBG] Attempting to bind parameter 'cancellationToken' of type 'System.Threading.CancellationToken' ...
2023-07-18 14:09:06.771 -03:00 [DBG] Done attempting to bind parameter 'cancellationToken' of type 'System.Threading.CancellationToken'.
2023-07-18 14:09:06.774 -03:00 [DBG] Attempting to validate the bound parameter 'cancellationToken' of type 'System.Threading.CancellationToken' ...
2023-07-18 14:09:06.776 -03:00 [DBG] Done attempting to validate the bound parameter 'cancellationToken' of type 'System.Threading.CancellationToken'.
2023-07-18 14:09:06.782 -03:00 [INF] Entity Framework Core 5.0.16 initialized 'AthenaContext' using provider 'Pomelo.EntityFrameworkCore.MySql' with options: ServerVersion 8.0.21-mysql 
2023-07-18 14:09:06.789 -03:00 [DBG] Opening connection to database '' on server 'localhost'.
2023-07-18 14:09:06.795 -03:00 [DBG] Opened connection to database '' on server 'localhost'.
2023-07-18 14:09:06.799 -03:00 [DBG] Creating DbCommand for 'ExecuteScalar'.
2023-07-18 14:09:06.801 -03:00 [DBG] Created DbCommand for 'ExecuteScalar' (2ms).
2023-07-18 14:09:06.806 -03:00 [DBG] Opening connection to database 'Athenadb' on server 'localhost'.
2023-07-18 14:09:06.809 -03:00 [DBG] Opened connection to database 'Athenadb' on server 'localhost'.
2023-07-18 14:09:06.811 -03:00 [DBG] Executing DbCommand [Parameters=[], CommandType='"Text"', CommandTimeout='30']
SELECT CASE WHEN COUNT(*) = 0 THEN FALSE ELSE TRUE END
FROM information_schema.tables
WHERE table_type = 'BASE TABLE' AND table_schema = 'Athenadb'
2023-07-18 14:09:06.816 -03:00 [INF] Executed DbCommand (5ms) [Parameters=[], CommandType='"Text"', CommandTimeout='30']
SELECT CASE WHEN COUNT(*) = 0 THEN FALSE ELSE TRUE END
FROM information_schema.tables
WHERE table_type = 'BASE TABLE' AND table_schema = 'Athenadb'
2023-07-18 14:09:06.823 -03:00 [DBG] Closing connection to database 'Athenadb' on server 'localhost'.
2023-07-18 14:09:06.825 -03:00 [DBG] Closed connection to database 'Athenadb' on server 'localhost'.
2023-07-18 14:09:06.831 -03:00 [DBG] List of registered output formatters, in the following order: ["Microsoft.AspNetCore.Mvc.Formatters.HttpNoContentOutputFormatter","Microsoft.AspNetCore.Mvc.Formatters.StringOutputFormatter","Microsoft.AspNetCore.Mvc.Formatters.StreamOutputFormatter","Microsoft.AspNetCore.Mvc.Formatters.SystemTextJsonOutputFormatter"]
2023-07-18 14:09:06.838 -03:00 [DBG] No information found on request to perform content negotiation.
2023-07-18 14:09:06.840 -03:00 [DBG] Attempting to select an output formatter without using a content type as no explicit content types were specified for the response.
2023-07-18 14:09:06.842 -03:00 [DBG] Attempting to select the first formatter in the output formatters list which can write the result.
2023-07-18 14:09:06.844 -03:00 [DBG] Selected output formatter 'Microsoft.AspNetCore.Mvc.Formatters.SystemTextJsonOutputFormatter' and content type 'application/json' to write the response.
2023-07-18 14:09:06.847 -03:00 [INF] Executing ObjectResult, writing value of type 'Concent.Athena.Domain.Core.Responses.AlmoxarifadoResponses.GetByIdAlmoxarifadoResponse'.
2023-07-18 14:09:06.851 -03:00 [DBG] Compiling query expression: 
'DbSet<Almoxarifados>()
    .AsNoTracking()
    .Where(x => x.Id == __GetId_0)
    .Select(x => new { 
        Id = x.Id, 
        Sigla = x.Sigla, 
        CreatedAt = x.CreatedAt, 
        UpdatedAt = x.UpdatedAt, 
        Produtos = x.Produtos
            .Select(x => new { 
                Id = x.Id, 
                NomeProduto = x.NomeProduto, 
                Descrio = x.Descrio, 
                PesoLiquido = x.PesoLiquido, 
                PesoBruto = x.PesoBruto, 
                NomeUnidadeMedida = x.UnidadeMedida.NomeUnidadeMedida, 
                IsActive = x.IsActive, 
                CreatedAt = x.CreatedAt, 
                UpdatedAt = x.UpdatedAt
             })
     })
    .OrderBy(x => x.Sigla)
    .Skip(__p_1)
    .Take(__p_2)'
2023-07-18 14:09:06.972 -03:00 [DBG] Generated query execution expression: 
'queryContext => new SingleQueryingEnumerable<<>f__AnonymousType5<Guid, string, DateTime, DateTime, IEnumerable<<>f__AnonymousType6<Guid, string, string, float, float, string, bool, DateTime, DateTime>>>>(
    (RelationalQueryContext)queryContext, 
    RelationalCommandCache.SelectExpression(
        Projection Mapping:
        SELECT t0.ID, t0.DS_SIGLA, t0.CREATED_AT, t0.UPDATED_AT, t3.Id, t3.NomeProduto, t3.Descrio, t3.PesoLiquido, t3.PesoBruto, t3.NomeUnidadeMedida, t3.IsActive, t3.CreatedAt, t3.UpdatedAt, t3.ID0
        FROM Projection Mapping:
        (
            SELECT t.ID, t.DS_SIGLA, t.CREATED_AT, t.UPDATED_AT
            FROM TB_ALMOXARIFADO AS t
            WHERE t.ID == @__GetId_0
            ORDER BY t.DS_SIGLA ASC
            OFFSET @__p_1 ROWS FETCH NEXT @__p_2 ROWS ONLY
        ) AS t0
        LEFT JOIN Projection Mapping:
        (
            SELECT t1.ID AS Id, t1.DS_NOME_PRODUTO AS NomeProduto, t1.DS_DESCRICAO AS Descrio, t1.DS_PESO_LIQUIDO AS PesoLiquido, t1.DS_PESO_BRUTO AS PesoBruto, t2.DS_UNIDADE_MEDIDA AS NomeUnidadeMedida, t1.ST_ACTIVE AS IsActive, t1.CREATED_AT AS CreatedAt, t1.UPDATED_AT AS UpdatedAt, t2.ID AS ID0, t1.ID_ALMOXARIFADOS
            FROM TB_Produtos AS t1
            LEFT JOIN TB_UNIDADE_MEDIDA AS t2 ON t1.ID_UNIDADE_MEDIDA == t2.ID
        ) AS t3 ON t0.ID == t3.ID_ALMOXARIFADOS
        ORDER BY t0.DS_SIGLA ASC, t0.ID ASC, t3.Id ASC, t3.ID0 ASC), 
    Func<QueryContext, DbDataReader, ResultContext, SingleQueryResultCoordinator, <>f__AnonymousType5<Guid, string, DateTime, DateTime, IEnumerable<<>f__AnonymousType6<Guid, string, string, float, float, string, bool, DateTime, DateTime>>>>, 
    Concent.Athena.Infrastructure.Data.Contexts.AthenaContext, 
    False, 
    False
)'
2023-07-18 14:09:06.982 -03:00 [DBG] Creating DbCommand for 'ExecuteReader'.
2023-07-18 14:09:06.985 -03:00 [DBG] Created DbCommand for 'ExecuteReader' (3ms).
2023-07-18 14:09:06.989 -03:00 [DBG] Opening connection to database 'Athenadb' on server 'localhost'.
2023-07-18 14:09:06.995 -03:00 [DBG] Opened connection to database 'Athenadb' on server 'localhost'.
2023-07-18 14:09:06.998 -03:00 [DBG] Executing DbCommand [Parameters=[@__GetId_0='?' (DbType = Guid), @__p_2='?' (DbType = Int32), @__p_1='?' (DbType = Int32)], CommandType='"Text"', CommandTimeout='30']
SELECT `t0`.`ID`, `t0`.`DS_SIGLA`, `t0`.`CREATED_AT`, `t0`.`UPDATED_AT`, `t3`.`Id`, `t3`.`NomeProduto`, `t3`.`Descrio`, `t3`.`PesoLiquido`, `t3`.`PesoBruto`, `t3`.`NomeUnidadeMedida`, `t3`.`IsActive`, `t3`.`CreatedAt`, `t3`.`UpdatedAt`, `t3`.`ID0`
FROM (
    SELECT `t`.`ID`, `t`.`DS_SIGLA`, `t`.`CREATED_AT`, `t`.`UPDATED_AT`
    FROM `TB_ALMOXARIFADO` AS `t`
    WHERE `t`.`ID` = @__GetId_0
    ORDER BY `t`.`DS_SIGLA`
    LIMIT @__p_2 OFFSET @__p_1
) AS `t0`
LEFT JOIN (
    SELECT `t1`.`ID` AS `Id`, `t1`.`DS_NOME_PRODUTO` AS `NomeProduto`, `t1`.`DS_DESCRICAO` AS `Descrio`, `t1`.`DS_PESO_LIQUIDO` AS `PesoLiquido`, `t1`.`DS_PESO_BRUTO` AS `PesoBruto`, `t2`.`DS_UNIDADE_MEDIDA` AS `NomeUnidadeMedida`, `t1`.`ST_ACTIVE` AS `IsActive`, `t1`.`CREATED_AT` AS `CreatedAt`, `t1`.`UPDATED_AT` AS `UpdatedAt`, `t2`.`ID` AS `ID0`, `t1`.`ID_ALMOXARIFADOS`
    FROM `TB_Produtos` AS `t1`
    LEFT JOIN `TB_UNIDADE_MEDIDA` AS `t2` ON `t1`.`ID_UNIDADE_MEDIDA` = `t2`.`ID`
) AS `t3` ON `t0`.`ID` = `t3`.`ID_ALMOXARIFADOS`
ORDER BY `t0`.`DS_SIGLA`, `t0`.`ID`, `t3`.`Id`, `t3`.`ID0`
2023-07-18 14:09:07.021 -03:00 [INF] Executed DbCommand (24ms) [Parameters=[@__GetId_0='?' (DbType = Guid), @__p_2='?' (DbType = Int32), @__p_1='?' (DbType = Int32)], CommandType='"Text"', CommandTimeout='30']
SELECT `t0`.`ID`, `t0`.`DS_SIGLA`, `t0`.`CREATED_AT`, `t0`.`UPDATED_AT`, `t3`.`Id`, `t3`.`NomeProduto`, `t3`.`Descrio`, `t3`.`PesoLiquido`, `t3`.`PesoBruto`, `t3`.`NomeUnidadeMedida`, `t3`.`IsActive`, `t3`.`CreatedAt`, `t3`.`UpdatedAt`, `t3`.`ID0`
FROM (
    SELECT `t`.`ID`, `t`.`DS_SIGLA`, `t`.`CREATED_AT`, `t`.`UPDATED_AT`
    FROM `TB_ALMOXARIFADO` AS `t`
    WHERE `t`.`ID` = @__GetId_0
    ORDER BY `t`.`DS_SIGLA`
    LIMIT @__p_2 OFFSET @__p_1
) AS `t0`
LEFT JOIN (
    SELECT `t1`.`ID` AS `Id`, `t1`.`DS_NOME_PRODUTO` AS `NomeProduto`, `t1`.`DS_DESCRICAO` AS `Descrio`, `t1`.`DS_PESO_LIQUIDO` AS `PesoLiquido`, `t1`.`DS_PESO_BRUTO` AS `PesoBruto`, `t2`.`DS_UNIDADE_MEDIDA` AS `NomeUnidadeMedida`, `t1`.`ST_ACTIVE` AS `IsActive`, `t1`.`CREATED_AT` AS `CreatedAt`, `t1`.`UPDATED_AT` AS `UpdatedAt`, `t2`.`ID` AS `ID0`, `t1`.`ID_ALMOXARIFADOS`
    FROM `TB_Produtos` AS `t1`
    LEFT JOIN `TB_UNIDADE_MEDIDA` AS `t2` ON `t1`.`ID_UNIDADE_MEDIDA` = `t2`.`ID`
) AS `t3` ON `t0`.`ID` = `t3`.`ID_ALMOXARIFADOS`
ORDER BY `t0`.`DS_SIGLA`, `t0`.`ID`, `t3`.`Id`, `t3`.`ID0`
2023-07-18 14:09:07.045 -03:00 [INF] Executed action Concent.Athena.Services.API.Controllers.AlmoxarifadosController.GetById (Concent.Athena.Services.API) in 304.3047ms
2023-07-18 14:09:07.059 -03:00 [INF] Executed endpoint 'Concent.Athena.Services.API.Controllers.AlmoxarifadosController.GetById (Concent.Athena.Services.API)'
2023-07-18 14:09:07.063 -03:00 [DBG] 'AthenaContext' disposed.
2023-07-18 14:09:07.065 -03:00 [INF] Request finished HTTP/2 GET https://localhost:5004/api/v1/tenant/almoxarifados/08db86e2-8f9d-4466-8992-a0f3d2c428c3 - - - 200 - application/json;+charset=utf-8 381.3420ms
2023-07-18 14:11:37.344 -03:00 [DBG] Connection id "0HMS7M5NT9HRQ" received FIN.
2023-07-18 14:11:37.349 -03:00 [DBG] Connection id "0HMS7M5NT9HRQ" is closed. The last processed stream ID was 9.
2023-07-18 14:11:37.358 -03:00 [DBG] Connection id "0HMS7M5NT9HRQ" sending FIN because: "The client closed the connection."
2023-07-18 14:11:37.375 -03:00 [DBG] Connection id "0HMS7M5NT9HRQ" stopped.
