2023-07-14 13:05:08.982 -03:00 [DBG] Hosting starting
2023-07-14 13:05:09.843 -03:00 [DBG] Using development certificate: CN=localhost (Thumbprint: 1ED06961E04A72F7E2C9617C51B22CBBFE7472A4)
2023-07-14 13:05:09.977 -03:00 [INF] Now listening on: https://localhost:5004
2023-07-14 13:05:09.980 -03:00 [DBG] Loaded hosting startup assembly Concent.Athena.Services.API
2023-07-14 13:05:09.982 -03:00 [DBG] Loaded hosting startup assembly Microsoft.AspNetCore.Watch.BrowserRefresh
2023-07-14 13:05:09.986 -03:00 [DBG] Loaded hosting startup assembly Microsoft.WebTools.BrowserLink.Net
2023-07-14 13:05:09.990 -03:00 [INF] Application started. Press Ctrl+C to shut down.
2023-07-14 13:05:09.992 -03:00 [INF] Hosting environment: Local
2023-07-14 13:05:09.995 -03:00 [INF] Content root path: C:\Users\concent\Desktop\Organizador\Projeto ATHENA\Athena\concent.athena\src\Services.API
2023-07-14 13:05:09.999 -03:00 [DBG] Hosting started
2023-07-14 13:05:24.068 -03:00 [DBG] Connection id "0HMS4GGGSL8G1" accepted.
2023-07-14 13:05:24.073 -03:00 [DBG] Connection id "0HMS4GGGSL8G1" started.
2023-07-14 13:05:24.200 -03:00 [DBG] Connection "0HMS4GGGSL8G1" established using the following protocol: "Tls12"
2023-07-14 13:05:24.273 -03:00 [INF] Request starting HTTP/2 GET https://localhost:5004/api/v1/tenant/almoxarifados - -
2023-07-14 13:05:24.310 -03:00 [DBG] Wildcard detected, all requests with hosts will be allowed.
2023-07-14 13:05:24.349 -03:00 [DBG] The request path  does not match the path filter
2023-07-14 13:05:24.437 -03:00 [DBG] 1 candidate(s) found for the request path '/api/v1/tenant/almoxarifados'
2023-07-14 13:05:24.473 -03:00 [DBG] Endpoint 'Concent.Athena.Services.API.Controllers.AlmoxarifadosController.GetAll (Concent.Athena.Services.API)' with route pattern 'api/v1/tenant/Almoxarifados' is valid for the request path '/api/v1/tenant/almoxarifados'
2023-07-14 13:05:24.523 -03:00 [DBG] Request matched endpoint 'Concent.Athena.Services.API.Controllers.AlmoxarifadosController.GetAll (Concent.Athena.Services.API)'
2023-07-14 13:05:24.547 -03:00 [INF] Executing endpoint 'Concent.Athena.Services.API.Controllers.AlmoxarifadosController.GetAll (Concent.Athena.Services.API)'
2023-07-14 13:05:24.564 -03:00 [DBG] Registered model binder providers, in the following order: ["Microsoft.AspNetCore.Mvc.ModelBinding.Binders.BinderTypeModelBinderProvider","Microsoft.AspNetCore.Mvc.ModelBinding.Binders.ServicesModelBinderProvider","Microsoft.AspNetCore.Mvc.ModelBinding.Binders.BodyModelBinderProvider","Microsoft.AspNetCore.Mvc.ModelBinding.Binders.HeaderModelBinderProvider","Microsoft.AspNetCore.Mvc.ModelBinding.Binders.FloatingPointTypeModelBinderProvider","Microsoft.AspNetCore.Mvc.ModelBinding.Binders.EnumTypeModelBinderProvider","Microsoft.AspNetCore.Mvc.ModelBinding.Binders.DateTimeModelBinderProvider","Microsoft.AspNetCore.Mvc.ModelBinding.Binders.SimpleTypeModelBinderProvider","Microsoft.AspNetCore.Mvc.ModelBinding.Binders.CancellationTokenModelBinderProvider","Microsoft.AspNetCore.Mvc.ModelBinding.Binders.ByteArrayModelBinderProvider","Microsoft.AspNetCore.Mvc.ModelBinding.Binders.FormFileModelBinderProvider","Microsoft.AspNetCore.Mvc.ModelBinding.Binders.FormCollectionModelBinderProvider","Microsoft.AspNetCore.Mvc.ModelBinding.Binders.KeyValuePairModelBinderProvider","Microsoft.AspNetCore.Mvc.ModelBinding.Binders.DictionaryModelBinderProvider","Microsoft.AspNetCore.Mvc.ModelBinding.Binders.ArrayModelBinderProvider","Microsoft.AspNetCore.Mvc.ModelBinding.Binders.CollectionModelBinderProvider","Microsoft.AspNetCore.Mvc.ModelBinding.Binders.ComplexObjectModelBinderProvider"]
2023-07-14 13:05:24.635 -03:00 [INF] Route matched with {action = "GetAll", controller = "Almoxarifados"}. Executing controller action with signature System.Threading.Tasks.Task`1[Microsoft.AspNetCore.Mvc.IActionResult] GetAll(System.String, Concent.Athena.Domain.Core.Requests.AlmoxarifadosRequests.GetAlmoxarifadosRequest, Int32, Int32, System.Threading.CancellationToken) on controller Concent.Athena.Services.API.Controllers.AlmoxarifadosController (Concent.Athena.Services.API).
2023-07-14 13:05:24.639 -03:00 [DBG] Execution plan of authorization filters (in the following order): ["None"]
2023-07-14 13:05:24.642 -03:00 [DBG] Execution plan of resource filters (in the following order): ["None"]
2023-07-14 13:05:24.646 -03:00 [DBG] Execution plan of action filters (in the following order): ["Microsoft.AspNetCore.Mvc.ModelBinding.UnsupportedContentTypeFilter (Order: -3000)","Microsoft.AspNetCore.Mvc.Infrastructure.ModelStateInvalidFilter (Order: -2000)"]
2023-07-14 13:05:24.651 -03:00 [DBG] Execution plan of exception filters (in the following order): ["None"]
2023-07-14 13:05:24.656 -03:00 [DBG] Execution plan of result filters (in the following order): ["Microsoft.AspNetCore.Mvc.Infrastructure.ClientErrorResultFilter (Order: -2000)"]
2023-07-14 13:05:24.664 -03:00 [DBG] Executing controller factory for controller Concent.Athena.Services.API.Controllers.AlmoxarifadosController (Concent.Athena.Services.API)
2023-07-14 13:05:24.670 -03:00 [DBG] Executed controller factory for controller Concent.Athena.Services.API.Controllers.AlmoxarifadosController (Concent.Athena.Services.API)
2023-07-14 13:05:24.700 -03:00 [DBG] Attempting to bind parameter 'Sigla' of type 'System.String' ...
2023-07-14 13:05:24.704 -03:00 [DBG] Attempting to bind parameter 'Sigla' of type 'System.String' using the name '' in request data ...
2023-07-14 13:05:24.708 -03:00 [DBG] Could not find a value in the request with name '' for binding parameter 'Sigla' of type 'System.String'.
2023-07-14 13:05:24.713 -03:00 [DBG] Done attempting to bind parameter 'Sigla' of type 'System.String'.
2023-07-14 13:05:24.715 -03:00 [DBG] Done attempting to bind parameter 'Sigla' of type 'System.String'.
2023-07-14 13:05:24.718 -03:00 [DBG] Attempting to validate the bound parameter 'Sigla' of type 'System.String' ...
2023-07-14 13:05:24.721 -03:00 [DBG] Done attempting to validate the bound parameter 'Sigla' of type 'System.String'.
2023-07-14 13:05:24.727 -03:00 [DBG] Attempting to bind parameter 'request' of type 'Concent.Athena.Domain.Core.Requests.AlmoxarifadosRequests.GetAlmoxarifadosRequest' ...
2023-07-14 13:05:24.731 -03:00 [DBG] Attempting to bind parameter 'request' of type 'Concent.Athena.Domain.Core.Requests.AlmoxarifadosRequests.GetAlmoxarifadosRequest' using the name '' in request data ...
2023-07-14 13:05:24.738 -03:00 [DBG] Attempting to bind property 'Concent.Athena.Domain.Core.Requests.AlmoxarifadosRequests.GetAlmoxarifadosRequest.Sigla' of type 'System.String' using the name 'Sigla' in request data ...
2023-07-14 13:05:24.745 -03:00 [DBG] Could not find a value in the request with name 'Sigla' for binding property 'Concent.Athena.Domain.Core.Requests.AlmoxarifadosRequests.GetAlmoxarifadosRequest.Sigla' of type 'System.String'.
2023-07-14 13:05:24.750 -03:00 [DBG] Done attempting to bind property 'Concent.Athena.Domain.Core.Requests.AlmoxarifadosRequests.GetAlmoxarifadosRequest.Sigla' of type 'System.String'.
2023-07-14 13:05:24.754 -03:00 [DBG] Attempting to bind property 'Concent.Athena.Domain.Core.Requests.AlmoxarifadosRequests.GetAlmoxarifadosRequest.IsActive' of type 'System.Boolean' using the name 'IsActive' in request data ...
2023-07-14 13:05:24.782 -03:00 [DBG] Could not find a value in the request with name 'IsActive' for binding property 'Concent.Athena.Domain.Core.Requests.AlmoxarifadosRequests.GetAlmoxarifadosRequest.IsActive' of type 'System.Boolean'.
2023-07-14 13:05:24.785 -03:00 [DBG] Done attempting to bind property 'Concent.Athena.Domain.Core.Requests.AlmoxarifadosRequests.GetAlmoxarifadosRequest.IsActive' of type 'System.Boolean'.
2023-07-14 13:05:24.790 -03:00 [DBG] Done attempting to bind parameter 'request' of type 'Concent.Athena.Domain.Core.Requests.AlmoxarifadosRequests.GetAlmoxarifadosRequest'.
2023-07-14 13:05:24.795 -03:00 [DBG] Done attempting to bind parameter 'request' of type 'Concent.Athena.Domain.Core.Requests.AlmoxarifadosRequests.GetAlmoxarifadosRequest'.
2023-07-14 13:05:24.798 -03:00 [DBG] Attempting to validate the bound parameter 'request' of type 'Concent.Athena.Domain.Core.Requests.AlmoxarifadosRequests.GetAlmoxarifadosRequest' ...
2023-07-14 13:05:24.801 -03:00 [DBG] Done attempting to validate the bound parameter 'request' of type 'Concent.Athena.Domain.Core.Requests.AlmoxarifadosRequests.GetAlmoxarifadosRequest'.
2023-07-14 13:05:24.806 -03:00 [DBG] Attempting to bind parameter 'page' of type 'System.Int32' ...
2023-07-14 13:05:24.809 -03:00 [DBG] Attempting to bind parameter 'page' of type 'System.Int32' using the name '' in request data ...
2023-07-14 13:05:24.813 -03:00 [DBG] Could not find a value in the request with name '' for binding parameter 'page' of type 'System.Int32'.
2023-07-14 13:05:24.816 -03:00 [DBG] Done attempting to bind parameter 'page' of type 'System.Int32'.
2023-07-14 13:05:24.819 -03:00 [DBG] Done attempting to bind parameter 'page' of type 'System.Int32'.
2023-07-14 13:05:24.822 -03:00 [DBG] Attempting to validate the bound parameter 'page' of type 'System.Int32' ...
2023-07-14 13:05:24.825 -03:00 [DBG] Done attempting to validate the bound parameter 'page' of type 'System.Int32'.
2023-07-14 13:05:24.828 -03:00 [DBG] Attempting to bind parameter 'index' of type 'System.Int32' ...
2023-07-14 13:05:24.831 -03:00 [DBG] Attempting to bind parameter 'index' of type 'System.Int32' using the name '' in request data ...
2023-07-14 13:05:24.836 -03:00 [DBG] Could not find a value in the request with name '' for binding parameter 'index' of type 'System.Int32'.
2023-07-14 13:05:24.839 -03:00 [DBG] Done attempting to bind parameter 'index' of type 'System.Int32'.
2023-07-14 13:05:24.841 -03:00 [DBG] Done attempting to bind parameter 'index' of type 'System.Int32'.
2023-07-14 13:05:24.845 -03:00 [DBG] Attempting to validate the bound parameter 'index' of type 'System.Int32' ...
2023-07-14 13:05:24.851 -03:00 [DBG] Done attempting to validate the bound parameter 'index' of type 'System.Int32'.
2023-07-14 13:05:24.855 -03:00 [DBG] Attempting to bind parameter 'cancellationToken' of type 'System.Threading.CancellationToken' ...
2023-07-14 13:05:24.858 -03:00 [DBG] Done attempting to bind parameter 'cancellationToken' of type 'System.Threading.CancellationToken'.
2023-07-14 13:05:24.862 -03:00 [DBG] Attempting to validate the bound parameter 'cancellationToken' of type 'System.Threading.CancellationToken' ...
2023-07-14 13:05:24.868 -03:00 [DBG] Done attempting to validate the bound parameter 'cancellationToken' of type 'System.Threading.CancellationToken'.
2023-07-14 13:05:25.168 -03:00 [DBG] An 'IServiceProvider' was created for internal use by Entity Framework.
2023-07-14 13:05:25.544 -03:00 [DBG] No relationship from 'Almoxarifados' to 'Person' has been configured by convention because there are multiple properties on one entity type {'Person', 'Persons'} that could be matched with the properties on the other entity type {'Almoxarifados'}. This message can be disregarded if explicit configuration has been specified in 'OnModelCreating'.
2023-07-14 13:05:25.554 -03:00 [DBG] No relationship from 'Person' to 'Almoxarifados' has been configured by convention because there are multiple properties on one entity type {'Almoxarifados'} that could be matched with the properties on the other entity type {'Person', 'Persons'}. This message can be disregarded if explicit configuration has been specified in 'OnModelCreating'.
2023-07-14 13:05:37.960 -03:00 [INF] Executed action Concent.Athena.Services.API.Controllers.AlmoxarifadosController.GetAll (Concent.Athena.Services.API) in 13292.493ms
2023-07-14 13:05:37.969 -03:00 [INF] Executed endpoint 'Concent.Athena.Services.API.Controllers.AlmoxarifadosController.GetAll (Concent.Athena.Services.API)'
2023-07-14 13:05:37.985 -03:00 [ERR] An unhandled exception has occurred while executing the request.
System.InvalidOperationException: Error constructing handler for request of type MediatR.IRequestHandler`2[Concent.Athena.Domain.Core.Requests.AlmoxarifadosRequests.GetAlmoxarifadosRequest,Concent.Athena.Domain.Core.Responses.AlmoxarifadoResponses.GetAlmoxarifadoResponse]. Register your handlers with the container. See the samples in GitHub for examples.
 ---> System.InvalidOperationException: Unable to determine the relationship represented by navigation 'Almoxarifados.Person' of type 'Person'. Either manually configure the relationship, or ignore this property using the '[NotMapped]' attribute or by using 'EntityTypeBuilder.Ignore' in 'OnModelCreating'.
   at Microsoft.EntityFrameworkCore.Infrastructure.ModelValidator.ValidatePropertyMapping(IModel model, IDiagnosticsLogger`1 logger)
   at Microsoft.EntityFrameworkCore.Infrastructure.ModelValidator.Validate(IModel model, IDiagnosticsLogger`1 logger)
   at Microsoft.EntityFrameworkCore.Infrastructure.RelationalModelValidator.Validate(IModel model, IDiagnosticsLogger`1 logger)
   at Pomelo.EntityFrameworkCore.MySql.Internal.MySqlModelValidator.Validate(IModel model, IDiagnosticsLogger`1 logger)
   at Microsoft.EntityFrameworkCore.Metadata.Conventions.ValidatingConvention.ProcessModelFinalized(IModel model)
   at Microsoft.EntityFrameworkCore.Metadata.Conventions.Internal.ConventionDispatcher.ImmediateConventionScope.OnModelFinalized(IModel model)
   at Microsoft.EntityFrameworkCore.Metadata.Conventions.Internal.ConventionDispatcher.OnModelFinalized(IModel model)
   at Microsoft.EntityFrameworkCore.Metadata.Internal.Model.FinalizeModel()
   at Microsoft.EntityFrameworkCore.ModelBuilder.FinalizeModel()
   at Microsoft.EntityFrameworkCore.Infrastructure.ModelSource.CreateModel(DbContext context, IConventionSetBuilder conventionSetBuilder, ModelDependencies modelDependencies)
   at Microsoft.EntityFrameworkCore.Infrastructure.ModelSource.GetModel(DbContext context, IConventionSetBuilder conventionSetBuilder, ModelDependencies modelDependencies)
   at Microsoft.EntityFrameworkCore.Internal.DbContextServices.CreateModel()
   at Microsoft.EntityFrameworkCore.Internal.DbContextServices.get_Model()
   at Microsoft.EntityFrameworkCore.Infrastructure.EntityFrameworkServicesBuilder.<>c.<TryAddCoreServices>b__7_3(IServiceProvider p)
   at Microsoft.Extensions.DependencyInjection.ServiceLookup.CallSiteRuntimeResolver.VisitFactory(FactoryCallSite factoryCallSite, RuntimeResolverContext context)
   at Microsoft.Extensions.DependencyInjection.ServiceLookup.CallSiteRuntimeResolver.VisitCache(ServiceCallSite callSite, RuntimeResolverContext context, ServiceProviderEngineScope serviceProviderEngine, RuntimeResolverLock lockType)
   at Microsoft.Extensions.DependencyInjection.ServiceLookup.CallSiteRuntimeResolver.VisitScopeCache(ServiceCallSite callSite, RuntimeResolverContext context)
   at Microsoft.Extensions.DependencyInjection.ServiceLookup.CallSiteVisitor`2.VisitCallSite(ServiceCallSite callSite, TArgument argument)
   at Microsoft.Extensions.DependencyInjection.ServiceLookup.CallSiteRuntimeResolver.VisitConstructor(ConstructorCallSite constructorCallSite, RuntimeResolverContext context)
   at Microsoft.Extensions.DependencyInjection.ServiceLookup.CallSiteRuntimeResolver.VisitCache(ServiceCallSite callSite, RuntimeResolverContext context, ServiceProviderEngineScope serviceProviderEngine, RuntimeResolverLock lockType)
   at Microsoft.Extensions.DependencyInjection.ServiceLookup.CallSiteRuntimeResolver.VisitScopeCache(ServiceCallSite callSite, RuntimeResolverContext context)
   at Microsoft.Extensions.DependencyInjection.ServiceLookup.CallSiteVisitor`2.VisitCallSite(ServiceCallSite callSite, TArgument argument)
   at Microsoft.Extensions.DependencyInjection.ServiceLookup.CallSiteRuntimeResolver.Resolve(ServiceCallSite callSite, ServiceProviderEngineScope scope)
   at Microsoft.Extensions.DependencyInjection.ServiceLookup.DynamicServiceProviderEngine.<>c__DisplayClass2_0.<RealizeService>b__0(ServiceProviderEngineScope scope)
   at Microsoft.Extensions.DependencyInjection.ServiceProvider.GetService(Type serviceType, ServiceProviderEngineScope serviceProviderEngineScope)
   at Microsoft.Extensions.DependencyInjection.ServiceProviderServiceExtensions.GetRequiredService(IServiceProvider provider, Type serviceType)
   at Microsoft.Extensions.DependencyInjection.ServiceProviderServiceExtensions.GetRequiredService[T](IServiceProvider provider)
   at Microsoft.EntityFrameworkCore.DbContext.get_DbContextDependencies()
   at Microsoft.EntityFrameworkCore.DbContext.get_InternalServiceProvider()
   at Microsoft.EntityFrameworkCore.DbContext.Microsoft.EntityFrameworkCore.Infrastructure.IInfrastructure<System.IServiceProvider>.get_Instance()
   at Microsoft.EntityFrameworkCore.Infrastructure.Internal.InfrastructureExtensions.GetService[TService](IInfrastructure`1 accessor)
   at Microsoft.EntityFrameworkCore.Infrastructure.AccessorExtensions.GetService[TService](IInfrastructure`1 accessor)
   at Microsoft.EntityFrameworkCore.Infrastructure.DatabaseFacade.get_Dependencies()
   at Microsoft.EntityFrameworkCore.Infrastructure.DatabaseFacade.EnsureCreated()
   at Concent.Athena.Infrastructure.Data.Contexts.AthenaContext..ctor(DbContextOptions options) in C:\Users\concent\Desktop\Organizador\Projeto ATHENA\Athena\concent.athena\src\Infrastructure.Data\Contexts\AuthContext.cs:line 20
   at System.RuntimeMethodHandle.InvokeMethod(Object target, Object[] arguments, Signature sig, Boolean constructor, Boolean wrapExceptions)
   at System.Reflection.RuntimeConstructorInfo.Invoke(BindingFlags invokeAttr, Binder binder, Object[] parameters, CultureInfo culture)
   at Microsoft.Extensions.DependencyInjection.ServiceLookup.CallSiteRuntimeResolver.VisitConstructor(ConstructorCallSite constructorCallSite, RuntimeResolverContext context)
   at Microsoft.Extensions.DependencyInjection.ServiceLookup.CallSiteRuntimeResolver.VisitCache(ServiceCallSite callSite, RuntimeResolverContext context, ServiceProviderEngineScope serviceProviderEngine, RuntimeResolverLock lockType)
   at Microsoft.Extensions.DependencyInjection.ServiceLookup.CallSiteRuntimeResolver.VisitScopeCache(ServiceCallSite callSite, RuntimeResolverContext context)
   at Microsoft.Extensions.DependencyInjection.ServiceLookup.CallSiteVisitor`2.VisitCallSite(ServiceCallSite callSite, TArgument argument)
   at Microsoft.Extensions.DependencyInjection.ServiceLookup.CallSiteRuntimeResolver.VisitConstructor(ConstructorCallSite constructorCallSite, RuntimeResolverContext context)
   at Microsoft.Extensions.DependencyInjection.ServiceLookup.CallSiteRuntimeResolver.VisitCache(ServiceCallSite callSite, RuntimeResolverContext context, ServiceProviderEngineScope serviceProviderEngine, RuntimeResolverLock lockType)
   at Microsoft.Extensions.DependencyInjection.ServiceLookup.CallSiteRuntimeResolver.VisitScopeCache(ServiceCallSite callSite, RuntimeResolverContext context)
   at Microsoft.Extensions.DependencyInjection.ServiceLookup.CallSiteVisitor`2.VisitCallSite(ServiceCallSite callSite, TArgument argument)
   at Microsoft.Extensions.DependencyInjection.ServiceLookup.CallSiteRuntimeResolver.VisitConstructor(ConstructorCallSite constructorCallSite, RuntimeResolverContext context)
   at Microsoft.Extensions.DependencyInjection.ServiceLookup.CallSiteRuntimeResolver.VisitDisposeCache(ServiceCallSite transientCallSite, RuntimeResolverContext context)
   at Microsoft.Extensions.DependencyInjection.ServiceLookup.CallSiteVisitor`2.VisitCallSite(ServiceCallSite callSite, TArgument argument)
   at Microsoft.Extensions.DependencyInjection.ServiceLookup.CallSiteRuntimeResolver.Resolve(ServiceCallSite callSite, ServiceProviderEngineScope scope)
   at Microsoft.Extensions.DependencyInjection.ServiceLookup.DynamicServiceProviderEngine.<>c__DisplayClass2_0.<RealizeService>b__0(ServiceProviderEngineScope scope)
   at Microsoft.Extensions.DependencyInjection.ServiceProvider.GetService(Type serviceType, ServiceProviderEngineScope serviceProviderEngineScope)
   at MediatR.ServiceFactoryExtensions.GetInstance[T](ServiceFactory factory)
   at MediatR.Internal.RequestHandlerBase.GetHandler[THandler](ServiceFactory factory)
   --- End of inner exception stack trace ---
   at MediatR.Internal.RequestHandlerBase.GetHandler[THandler](ServiceFactory factory)
   at MediatR.Internal.RequestHandlerWrapperImpl`2.<>c__DisplayClass1_0.<Handle>g__Handler|0()
   at Concent.Athena.Application.Behaviors.ValidationBehavior`2.Handle(TRequest request, CancellationToken cancellationToken, RequestHandlerDelegate`1 next) in C:\Users\concent\Desktop\Organizador\Projeto ATHENA\Athena\concent.athena\src\Application\Behaviors\ValidationBehavior.cs:line 33
   at MediatR.Pipeline.RequestExceptionProcessorBehavior`2.Handle(TRequest request, CancellationToken cancellationToken, RequestHandlerDelegate`1 next)
   at MediatR.Pipeline.RequestExceptionProcessorBehavior`2.Handle(TRequest request, CancellationToken cancellationToken, RequestHandlerDelegate`1 next)
   at MediatR.Pipeline.RequestExceptionActionProcessorBehavior`2.Handle(TRequest request, CancellationToken cancellationToken, RequestHandlerDelegate`1 next)
   at MediatR.Pipeline.RequestExceptionActionProcessorBehavior`2.Handle(TRequest request, CancellationToken cancellationToken, RequestHandlerDelegate`1 next)
   at MediatR.Pipeline.RequestPostProcessorBehavior`2.Handle(TRequest request, CancellationToken cancellationToken, RequestHandlerDelegate`1 next)
   at MediatR.Pipeline.RequestPreProcessorBehavior`2.Handle(TRequest request, CancellationToken cancellationToken, RequestHandlerDelegate`1 next)
   at Concent.Athena.Services.API.Controllers.AlmoxarifadosController.GetAll(String Sigla, GetAlmoxarifadosRequest request, Int32 page, Int32 index, CancellationToken cancellationToken) in C:\Users\concent\Desktop\Organizador\Projeto ATHENA\Athena\concent.athena\src\Services.API\Controllers\AlmoxarifadosController.cs:line 46
   at Microsoft.AspNetCore.Mvc.Infrastructure.ActionMethodExecutor.TaskOfIActionResultExecutor.Execute(IActionResultTypeMapper mapper, ObjectMethodExecutor executor, Object controller, Object[] arguments)
   at Microsoft.AspNetCore.Mvc.Infrastructure.ControllerActionInvoker.<InvokeActionMethodAsync>g__Awaited|12_0(ControllerActionInvoker invoker, ValueTask`1 actionResultValueTask)
   at Microsoft.AspNetCore.Mvc.Infrastructure.ControllerActionInvoker.<InvokeNextActionFilterAsync>g__Awaited|10_0(ControllerActionInvoker invoker, Task lastTask, State next, Scope scope, Object state, Boolean isCompleted)
   at Microsoft.AspNetCore.Mvc.Infrastructure.ControllerActionInvoker.Rethrow(ActionExecutedContextSealed context)
   at Microsoft.AspNetCore.Mvc.Infrastructure.ControllerActionInvoker.Next(State& next, Scope& scope, Object& state, Boolean& isCompleted)
   at Microsoft.AspNetCore.Mvc.Infrastructure.ControllerActionInvoker.InvokeInnerFilterAsync()
--- End of stack trace from previous location ---
   at Microsoft.AspNetCore.Mvc.Infrastructure.ResourceInvoker.<InvokeFilterPipelineAsync>g__Awaited|19_0(ResourceInvoker invoker, Task lastTask, State next, Scope scope, Object state, Boolean isCompleted)
   at Microsoft.AspNetCore.Mvc.Infrastructure.ResourceInvoker.<InvokeAsync>g__Logged|17_1(ResourceInvoker invoker)
   at Microsoft.AspNetCore.Routing.EndpointMiddleware.<Invoke>g__AwaitRequestTask|6_0(Endpoint endpoint, Task requestTask, ILogger logger)
   at Microsoft.AspNetCore.Authorization.AuthorizationMiddleware.Invoke(HttpContext context)
   at Microsoft.AspNetCore.Builder.Extensions.MapMiddleware.Invoke(HttpContext context)
   at Prometheus.HttpMetrics.HttpRequestDurationMiddleware.Invoke(HttpContext context)
   at Prometheus.HttpMetrics.HttpRequestCountMiddleware.Invoke(HttpContext context)
   at Prometheus.HttpMetrics.HttpInProgressMiddleware.Invoke(HttpContext context)
   at Swashbuckle.AspNetCore.SwaggerUI.SwaggerUIMiddleware.Invoke(HttpContext httpContext)
   at Swashbuckle.AspNetCore.Swagger.SwaggerMiddleware.Invoke(HttpContext httpContext, ISwaggerProvider swaggerProvider)
   at Microsoft.AspNetCore.Diagnostics.DeveloperExceptionPageMiddleware.Invoke(HttpContext context)
2023-07-14 13:05:38.157 -03:00 [INF] Request finished HTTP/2 GET https://localhost:5004/api/v1/tenant/almoxarifados - - - 500 - text/plain 13887.5960ms
2023-07-14 13:05:44.689 -03:00 [INF] Request starting HTTP/2 GET https://localhost:5004/api/v1/tenant/almoxarifados - -
2023-07-14 13:05:44.694 -03:00 [DBG] The request path  does not match the path filter
2023-07-14 13:05:44.700 -03:00 [DBG] 1 candidate(s) found for the request path '/api/v1/tenant/almoxarifados'
2023-07-14 13:05:44.705 -03:00 [DBG] Endpoint 'Concent.Athena.Services.API.Controllers.AlmoxarifadosController.GetAll (Concent.Athena.Services.API)' with route pattern 'api/v1/tenant/Almoxarifados' is valid for the request path '/api/v1/tenant/almoxarifados'
2023-07-14 13:05:44.709 -03:00 [DBG] Request matched endpoint 'Concent.Athena.Services.API.Controllers.AlmoxarifadosController.GetAll (Concent.Athena.Services.API)'
2023-07-14 13:05:44.716 -03:00 [INF] Executing endpoint 'Concent.Athena.Services.API.Controllers.AlmoxarifadosController.GetAll (Concent.Athena.Services.API)'
2023-07-14 13:05:44.723 -03:00 [INF] Route matched with {action = "GetAll", controller = "Almoxarifados"}. Executing controller action with signature System.Threading.Tasks.Task`1[Microsoft.AspNetCore.Mvc.IActionResult] GetAll(System.String, Concent.Athena.Domain.Core.Requests.AlmoxarifadosRequests.GetAlmoxarifadosRequest, Int32, Int32, System.Threading.CancellationToken) on controller Concent.Athena.Services.API.Controllers.AlmoxarifadosController (Concent.Athena.Services.API).
2023-07-14 13:05:44.727 -03:00 [DBG] Execution plan of authorization filters (in the following order): ["None"]
2023-07-14 13:05:44.731 -03:00 [DBG] Execution plan of resource filters (in the following order): ["None"]
2023-07-14 13:05:44.734 -03:00 [DBG] Execution plan of action filters (in the following order): ["Microsoft.AspNetCore.Mvc.ModelBinding.UnsupportedContentTypeFilter (Order: -3000)","Microsoft.AspNetCore.Mvc.Infrastructure.ModelStateInvalidFilter (Order: -2000)"]
2023-07-14 13:05:44.739 -03:00 [DBG] Execution plan of exception filters (in the following order): ["None"]
2023-07-14 13:05:44.742 -03:00 [DBG] Execution plan of result filters (in the following order): ["Microsoft.AspNetCore.Mvc.Infrastructure.ClientErrorResultFilter (Order: -2000)"]
2023-07-14 13:05:44.746 -03:00 [DBG] Executing controller factory for controller Concent.Athena.Services.API.Controllers.AlmoxarifadosController (Concent.Athena.Services.API)
2023-07-14 13:05:44.749 -03:00 [DBG] Executed controller factory for controller Concent.Athena.Services.API.Controllers.AlmoxarifadosController (Concent.Athena.Services.API)
2023-07-14 13:05:44.752 -03:00 [DBG] Attempting to bind parameter 'Sigla' of type 'System.String' ...
2023-07-14 13:05:44.756 -03:00 [DBG] Attempting to bind parameter 'Sigla' of type 'System.String' using the name '' in request data ...
2023-07-14 13:05:44.760 -03:00 [DBG] Could not find a value in the request with name '' for binding parameter 'Sigla' of type 'System.String'.
2023-07-14 13:05:44.764 -03:00 [DBG] Done attempting to bind parameter 'Sigla' of type 'System.String'.
2023-07-14 13:05:44.767 -03:00 [DBG] Done attempting to bind parameter 'Sigla' of type 'System.String'.
2023-07-14 13:05:44.771 -03:00 [DBG] Attempting to validate the bound parameter 'Sigla' of type 'System.String' ...
2023-07-14 13:05:44.776 -03:00 [DBG] Done attempting to validate the bound parameter 'Sigla' of type 'System.String'.
2023-07-14 13:05:44.781 -03:00 [DBG] Attempting to bind parameter 'request' of type 'Concent.Athena.Domain.Core.Requests.AlmoxarifadosRequests.GetAlmoxarifadosRequest' ...
2023-07-14 13:05:44.783 -03:00 [DBG] Attempting to bind parameter 'request' of type 'Concent.Athena.Domain.Core.Requests.AlmoxarifadosRequests.GetAlmoxarifadosRequest' using the name '' in request data ...
2023-07-14 13:05:44.788 -03:00 [DBG] Attempting to bind property 'Concent.Athena.Domain.Core.Requests.AlmoxarifadosRequests.GetAlmoxarifadosRequest.Sigla' of type 'System.String' using the name 'Sigla' in request data ...
2023-07-14 13:05:44.795 -03:00 [DBG] Could not find a value in the request with name 'Sigla' for binding property 'Concent.Athena.Domain.Core.Requests.AlmoxarifadosRequests.GetAlmoxarifadosRequest.Sigla' of type 'System.String'.
2023-07-14 13:05:44.798 -03:00 [DBG] Done attempting to bind property 'Concent.Athena.Domain.Core.Requests.AlmoxarifadosRequests.GetAlmoxarifadosRequest.Sigla' of type 'System.String'.
2023-07-14 13:05:44.800 -03:00 [DBG] Attempting to bind property 'Concent.Athena.Domain.Core.Requests.AlmoxarifadosRequests.GetAlmoxarifadosRequest.IsActive' of type 'System.Boolean' using the name 'IsActive' in request data ...
2023-07-14 13:05:44.807 -03:00 [DBG] Could not find a value in the request with name 'IsActive' for binding property 'Concent.Athena.Domain.Core.Requests.AlmoxarifadosRequests.GetAlmoxarifadosRequest.IsActive' of type 'System.Boolean'.
2023-07-14 13:05:44.813 -03:00 [DBG] Done attempting to bind property 'Concent.Athena.Domain.Core.Requests.AlmoxarifadosRequests.GetAlmoxarifadosRequest.IsActive' of type 'System.Boolean'.
2023-07-14 13:05:44.815 -03:00 [DBG] Done attempting to bind parameter 'request' of type 'Concent.Athena.Domain.Core.Requests.AlmoxarifadosRequests.GetAlmoxarifadosRequest'.
2023-07-14 13:05:44.818 -03:00 [DBG] Done attempting to bind parameter 'request' of type 'Concent.Athena.Domain.Core.Requests.AlmoxarifadosRequests.GetAlmoxarifadosRequest'.
2023-07-14 13:05:44.824 -03:00 [DBG] Attempting to validate the bound parameter 'request' of type 'Concent.Athena.Domain.Core.Requests.AlmoxarifadosRequests.GetAlmoxarifadosRequest' ...
2023-07-14 13:05:44.827 -03:00 [DBG] Done attempting to validate the bound parameter 'request' of type 'Concent.Athena.Domain.Core.Requests.AlmoxarifadosRequests.GetAlmoxarifadosRequest'.
2023-07-14 13:05:44.830 -03:00 [DBG] Attempting to bind parameter 'page' of type 'System.Int32' ...
2023-07-14 13:05:44.833 -03:00 [DBG] Attempting to bind parameter 'page' of type 'System.Int32' using the name '' in request data ...
2023-07-14 13:05:44.840 -03:00 [DBG] Could not find a value in the request with name '' for binding parameter 'page' of type 'System.Int32'.
2023-07-14 13:05:44.844 -03:00 [DBG] Done attempting to bind parameter 'page' of type 'System.Int32'.
2023-07-14 13:05:44.847 -03:00 [DBG] Done attempting to bind parameter 'page' of type 'System.Int32'.
2023-07-14 13:05:44.849 -03:00 [DBG] Attempting to validate the bound parameter 'page' of type 'System.Int32' ...
2023-07-14 13:05:44.855 -03:00 [DBG] Done attempting to validate the bound parameter 'page' of type 'System.Int32'.
2023-07-14 13:05:44.860 -03:00 [DBG] Attempting to bind parameter 'index' of type 'System.Int32' ...
2023-07-14 13:05:44.863 -03:00 [DBG] Attempting to bind parameter 'index' of type 'System.Int32' using the name '' in request data ...
2023-07-14 13:05:44.865 -03:00 [DBG] Could not find a value in the request with name '' for binding parameter 'index' of type 'System.Int32'.
2023-07-14 13:05:44.872 -03:00 [DBG] Done attempting to bind parameter 'index' of type 'System.Int32'.
2023-07-14 13:05:44.875 -03:00 [DBG] Done attempting to bind parameter 'index' of type 'System.Int32'.
2023-07-14 13:05:44.878 -03:00 [DBG] Attempting to validate the bound parameter 'index' of type 'System.Int32' ...
2023-07-14 13:05:44.880 -03:00 [DBG] Done attempting to validate the bound parameter 'index' of type 'System.Int32'.
2023-07-14 13:05:44.884 -03:00 [DBG] Attempting to bind parameter 'cancellationToken' of type 'System.Threading.CancellationToken' ...
2023-07-14 13:05:44.893 -03:00 [DBG] Done attempting to bind parameter 'cancellationToken' of type 'System.Threading.CancellationToken'.
2023-07-14 13:05:44.897 -03:00 [DBG] Attempting to validate the bound parameter 'cancellationToken' of type 'System.Threading.CancellationToken' ...
2023-07-14 13:05:44.902 -03:00 [DBG] Done attempting to validate the bound parameter 'cancellationToken' of type 'System.Threading.CancellationToken'.
2023-07-14 13:05:44.913 -03:00 [DBG] No relationship from 'Almoxarifados' to 'Person' has been configured by convention because there are multiple properties on one entity type {'Person', 'Persons'} that could be matched with the properties on the other entity type {'Almoxarifados'}. This message can be disregarded if explicit configuration has been specified in 'OnModelCreating'.
2023-07-14 13:05:44.935 -03:00 [DBG] No relationship from 'Person' to 'Almoxarifados' has been configured by convention because there are multiple properties on one entity type {'Almoxarifados'} that could be matched with the properties on the other entity type {'Person', 'Persons'}. This message can be disregarded if explicit configuration has been specified in 'OnModelCreating'.
2023-07-14 13:08:58.605 -03:00 [DBG] Hosting starting
2023-07-14 13:08:59.375 -03:00 [DBG] Using development certificate: CN=localhost (Thumbprint: 1ED06961E04A72F7E2C9617C51B22CBBFE7472A4)
2023-07-14 13:08:59.508 -03:00 [INF] Now listening on: https://localhost:5004
2023-07-14 13:08:59.511 -03:00 [DBG] Loaded hosting startup assembly Concent.Athena.Services.API
2023-07-14 13:08:59.513 -03:00 [DBG] Loaded hosting startup assembly Microsoft.AspNetCore.Watch.BrowserRefresh
2023-07-14 13:08:59.515 -03:00 [DBG] Loaded hosting startup assembly Microsoft.WebTools.BrowserLink.Net
2023-07-14 13:08:59.518 -03:00 [INF] Application started. Press Ctrl+C to shut down.
2023-07-14 13:08:59.521 -03:00 [INF] Hosting environment: Local
2023-07-14 13:08:59.523 -03:00 [INF] Content root path: C:\Users\concent\Desktop\Organizador\Projeto ATHENA\Athena\concent.athena\src\Services.API
2023-07-14 13:08:59.526 -03:00 [DBG] Hosting started
2023-07-14 13:09:14.887 -03:00 [DBG] Connection id "0HMS4GILLUO9H" accepted.
2023-07-14 13:09:14.891 -03:00 [DBG] Connection id "0HMS4GILLUO9H" started.
2023-07-14 13:09:15.048 -03:00 [DBG] Connection "0HMS4GILLUO9H" established using the following protocol: "Tls12"
2023-07-14 13:09:15.123 -03:00 [INF] Request starting HTTP/2 GET https://localhost:5004/api/v1/tenant/almoxarifados - -
2023-07-14 13:09:15.156 -03:00 [DBG] Wildcard detected, all requests with hosts will be allowed.
2023-07-14 13:09:15.189 -03:00 [DBG] The request path  does not match the path filter
2023-07-14 13:09:15.239 -03:00 [DBG] 1 candidate(s) found for the request path '/api/v1/tenant/almoxarifados'
2023-07-14 13:09:15.251 -03:00 [DBG] Endpoint 'Concent.Athena.Services.API.Controllers.AlmoxarifadosController.GetAll (Concent.Athena.Services.API)' with route pattern 'api/v1/tenant/Almoxarifados' is valid for the request path '/api/v1/tenant/almoxarifados'
2023-07-14 13:09:15.258 -03:00 [DBG] Request matched endpoint 'Concent.Athena.Services.API.Controllers.AlmoxarifadosController.GetAll (Concent.Athena.Services.API)'
2023-07-14 13:09:15.270 -03:00 [INF] Executing endpoint 'Concent.Athena.Services.API.Controllers.AlmoxarifadosController.GetAll (Concent.Athena.Services.API)'
2023-07-14 13:09:15.285 -03:00 [DBG] Registered model binder providers, in the following order: ["Microsoft.AspNetCore.Mvc.ModelBinding.Binders.BinderTypeModelBinderProvider","Microsoft.AspNetCore.Mvc.ModelBinding.Binders.ServicesModelBinderProvider","Microsoft.AspNetCore.Mvc.ModelBinding.Binders.BodyModelBinderProvider","Microsoft.AspNetCore.Mvc.ModelBinding.Binders.HeaderModelBinderProvider","Microsoft.AspNetCore.Mvc.ModelBinding.Binders.FloatingPointTypeModelBinderProvider","Microsoft.AspNetCore.Mvc.ModelBinding.Binders.EnumTypeModelBinderProvider","Microsoft.AspNetCore.Mvc.ModelBinding.Binders.DateTimeModelBinderProvider","Microsoft.AspNetCore.Mvc.ModelBinding.Binders.SimpleTypeModelBinderProvider","Microsoft.AspNetCore.Mvc.ModelBinding.Binders.CancellationTokenModelBinderProvider","Microsoft.AspNetCore.Mvc.ModelBinding.Binders.ByteArrayModelBinderProvider","Microsoft.AspNetCore.Mvc.ModelBinding.Binders.FormFileModelBinderProvider","Microsoft.AspNetCore.Mvc.ModelBinding.Binders.FormCollectionModelBinderProvider","Microsoft.AspNetCore.Mvc.ModelBinding.Binders.KeyValuePairModelBinderProvider","Microsoft.AspNetCore.Mvc.ModelBinding.Binders.DictionaryModelBinderProvider","Microsoft.AspNetCore.Mvc.ModelBinding.Binders.ArrayModelBinderProvider","Microsoft.AspNetCore.Mvc.ModelBinding.Binders.CollectionModelBinderProvider","Microsoft.AspNetCore.Mvc.ModelBinding.Binders.ComplexObjectModelBinderProvider"]
2023-07-14 13:09:15.363 -03:00 [INF] Route matched with {action = "GetAll", controller = "Almoxarifados"}. Executing controller action with signature System.Threading.Tasks.Task`1[Microsoft.AspNetCore.Mvc.IActionResult] GetAll(System.String, Concent.Athena.Domain.Core.Requests.AlmoxarifadosRequests.GetAlmoxarifadosRequest, Int32, Int32, System.Threading.CancellationToken) on controller Concent.Athena.Services.API.Controllers.AlmoxarifadosController (Concent.Athena.Services.API).
2023-07-14 13:09:15.369 -03:00 [DBG] Execution plan of authorization filters (in the following order): ["None"]
2023-07-14 13:09:15.372 -03:00 [DBG] Execution plan of resource filters (in the following order): ["None"]
2023-07-14 13:09:15.375 -03:00 [DBG] Execution plan of action filters (in the following order): ["Microsoft.AspNetCore.Mvc.ModelBinding.UnsupportedContentTypeFilter (Order: -3000)","Microsoft.AspNetCore.Mvc.Infrastructure.ModelStateInvalidFilter (Order: -2000)"]
2023-07-14 13:09:15.383 -03:00 [DBG] Execution plan of exception filters (in the following order): ["None"]
2023-07-14 13:09:15.387 -03:00 [DBG] Execution plan of result filters (in the following order): ["Microsoft.AspNetCore.Mvc.Infrastructure.ClientErrorResultFilter (Order: -2000)"]
2023-07-14 13:09:15.392 -03:00 [DBG] Executing controller factory for controller Concent.Athena.Services.API.Controllers.AlmoxarifadosController (Concent.Athena.Services.API)
2023-07-14 13:09:15.398 -03:00 [DBG] Executed controller factory for controller Concent.Athena.Services.API.Controllers.AlmoxarifadosController (Concent.Athena.Services.API)
2023-07-14 13:09:15.422 -03:00 [DBG] Attempting to bind parameter 'Sigla' of type 'System.String' ...
2023-07-14 13:09:15.432 -03:00 [DBG] Attempting to bind parameter 'Sigla' of type 'System.String' using the name '' in request data ...
2023-07-14 13:09:15.436 -03:00 [DBG] Could not find a value in the request with name '' for binding parameter 'Sigla' of type 'System.String'.
2023-07-14 13:09:15.439 -03:00 [DBG] Done attempting to bind parameter 'Sigla' of type 'System.String'.
2023-07-14 13:09:15.441 -03:00 [DBG] Done attempting to bind parameter 'Sigla' of type 'System.String'.
2023-07-14 13:09:15.448 -03:00 [DBG] Attempting to validate the bound parameter 'Sigla' of type 'System.String' ...
2023-07-14 13:09:15.452 -03:00 [DBG] Done attempting to validate the bound parameter 'Sigla' of type 'System.String'.
2023-07-14 13:09:15.455 -03:00 [DBG] Attempting to bind parameter 'request' of type 'Concent.Athena.Domain.Core.Requests.AlmoxarifadosRequests.GetAlmoxarifadosRequest' ...
2023-07-14 13:09:15.463 -03:00 [DBG] Attempting to bind parameter 'request' of type 'Concent.Athena.Domain.Core.Requests.AlmoxarifadosRequests.GetAlmoxarifadosRequest' using the name '' in request data ...
2023-07-14 13:09:15.474 -03:00 [DBG] Attempting to bind property 'Concent.Athena.Domain.Core.Requests.AlmoxarifadosRequests.GetAlmoxarifadosRequest.Sigla' of type 'System.String' using the name 'Sigla' in request data ...
2023-07-14 13:09:15.481 -03:00 [DBG] Could not find a value in the request with name 'Sigla' for binding property 'Concent.Athena.Domain.Core.Requests.AlmoxarifadosRequests.GetAlmoxarifadosRequest.Sigla' of type 'System.String'.
2023-07-14 13:09:15.485 -03:00 [DBG] Done attempting to bind property 'Concent.Athena.Domain.Core.Requests.AlmoxarifadosRequests.GetAlmoxarifadosRequest.Sigla' of type 'System.String'.
2023-07-14 13:09:15.488 -03:00 [DBG] Attempting to bind property 'Concent.Athena.Domain.Core.Requests.AlmoxarifadosRequests.GetAlmoxarifadosRequest.IsActive' of type 'System.Boolean' using the name 'IsActive' in request data ...
2023-07-14 13:09:15.494 -03:00 [DBG] Could not find a value in the request with name 'IsActive' for binding property 'Concent.Athena.Domain.Core.Requests.AlmoxarifadosRequests.GetAlmoxarifadosRequest.IsActive' of type 'System.Boolean'.
2023-07-14 13:09:15.500 -03:00 [DBG] Done attempting to bind property 'Concent.Athena.Domain.Core.Requests.AlmoxarifadosRequests.GetAlmoxarifadosRequest.IsActive' of type 'System.Boolean'.
2023-07-14 13:09:15.504 -03:00 [DBG] Done attempting to bind parameter 'request' of type 'Concent.Athena.Domain.Core.Requests.AlmoxarifadosRequests.GetAlmoxarifadosRequest'.
2023-07-14 13:09:15.508 -03:00 [DBG] Done attempting to bind parameter 'request' of type 'Concent.Athena.Domain.Core.Requests.AlmoxarifadosRequests.GetAlmoxarifadosRequest'.
2023-07-14 13:09:15.513 -03:00 [DBG] Attempting to validate the bound parameter 'request' of type 'Concent.Athena.Domain.Core.Requests.AlmoxarifadosRequests.GetAlmoxarifadosRequest' ...
2023-07-14 13:09:15.517 -03:00 [DBG] Done attempting to validate the bound parameter 'request' of type 'Concent.Athena.Domain.Core.Requests.AlmoxarifadosRequests.GetAlmoxarifadosRequest'.
2023-07-14 13:09:15.521 -03:00 [DBG] Attempting to bind parameter 'page' of type 'System.Int32' ...
2023-07-14 13:09:15.523 -03:00 [DBG] Attempting to bind parameter 'page' of type 'System.Int32' using the name '' in request data ...
2023-07-14 13:09:15.526 -03:00 [DBG] Could not find a value in the request with name '' for binding parameter 'page' of type 'System.Int32'.
2023-07-14 13:09:15.531 -03:00 [DBG] Done attempting to bind parameter 'page' of type 'System.Int32'.
2023-07-14 13:09:15.533 -03:00 [DBG] Done attempting to bind parameter 'page' of type 'System.Int32'.
2023-07-14 13:09:15.538 -03:00 [DBG] Attempting to validate the bound parameter 'page' of type 'System.Int32' ...
2023-07-14 13:09:15.542 -03:00 [DBG] Done attempting to validate the bound parameter 'page' of type 'System.Int32'.
2023-07-14 13:09:15.547 -03:00 [DBG] Attempting to bind parameter 'index' of type 'System.Int32' ...
2023-07-14 13:09:15.549 -03:00 [DBG] Attempting to bind parameter 'index' of type 'System.Int32' using the name '' in request data ...
2023-07-14 13:09:15.554 -03:00 [DBG] Could not find a value in the request with name '' for binding parameter 'index' of type 'System.Int32'.
2023-07-14 13:09:15.556 -03:00 [DBG] Done attempting to bind parameter 'index' of type 'System.Int32'.
2023-07-14 13:09:15.559 -03:00 [DBG] Done attempting to bind parameter 'index' of type 'System.Int32'.
2023-07-14 13:09:15.563 -03:00 [DBG] Attempting to validate the bound parameter 'index' of type 'System.Int32' ...
2023-07-14 13:09:15.568 -03:00 [DBG] Done attempting to validate the bound parameter 'index' of type 'System.Int32'.
2023-07-14 13:09:15.571 -03:00 [DBG] Attempting to bind parameter 'cancellationToken' of type 'System.Threading.CancellationToken' ...
2023-07-14 13:09:15.575 -03:00 [DBG] Done attempting to bind parameter 'cancellationToken' of type 'System.Threading.CancellationToken'.
2023-07-14 13:09:15.582 -03:00 [DBG] Attempting to validate the bound parameter 'cancellationToken' of type 'System.Threading.CancellationToken' ...
2023-07-14 13:09:15.586 -03:00 [DBG] Done attempting to validate the bound parameter 'cancellationToken' of type 'System.Threading.CancellationToken'.
2023-07-14 13:09:15.856 -03:00 [DBG] An 'IServiceProvider' was created for internal use by Entity Framework.
2023-07-14 13:09:16.252 -03:00 [DBG] No relationship from 'Almoxarifados' to 'Person' has been configured by convention because there are multiple properties on one entity type {'Person', 'Persons'} that could be matched with the properties on the other entity type {'Almoxarifados'}. This message can be disregarded if explicit configuration has been specified in 'OnModelCreating'.
2023-07-14 13:09:16.263 -03:00 [DBG] No relationship from 'Person' to 'Almoxarifados' has been configured by convention because there are multiple properties on one entity type {'Almoxarifados'} that could be matched with the properties on the other entity type {'Person', 'Persons'}. This message can be disregarded if explicit configuration has been specified in 'OnModelCreating'.
2023-07-14 13:09:19.019 -03:00 [INF] Executed action Concent.Athena.Services.API.Controllers.AlmoxarifadosController.GetAll (Concent.Athena.Services.API) in 3624.2763ms
2023-07-14 13:09:19.026 -03:00 [INF] Executed endpoint 'Concent.Athena.Services.API.Controllers.AlmoxarifadosController.GetAll (Concent.Athena.Services.API)'
2023-07-14 13:09:19.033 -03:00 [ERR] An unhandled exception has occurred while executing the request.
System.InvalidOperationException: Error constructing handler for request of type MediatR.IRequestHandler`2[Concent.Athena.Domain.Core.Requests.AlmoxarifadosRequests.GetAlmoxarifadosRequest,Concent.Athena.Domain.Core.Responses.AlmoxarifadoResponses.GetAlmoxarifadoResponse]. Register your handlers with the container. See the samples in GitHub for examples.
 ---> System.InvalidOperationException: Unable to determine the relationship represented by navigation 'Almoxarifados.Person' of type 'Person'. Either manually configure the relationship, or ignore this property using the '[NotMapped]' attribute or by using 'EntityTypeBuilder.Ignore' in 'OnModelCreating'.
   at Microsoft.EntityFrameworkCore.Infrastructure.ModelValidator.ValidatePropertyMapping(IModel model, IDiagnosticsLogger`1 logger)
   at Microsoft.EntityFrameworkCore.Infrastructure.ModelValidator.Validate(IModel model, IDiagnosticsLogger`1 logger)
   at Microsoft.EntityFrameworkCore.Infrastructure.RelationalModelValidator.Validate(IModel model, IDiagnosticsLogger`1 logger)
   at Pomelo.EntityFrameworkCore.MySql.Internal.MySqlModelValidator.Validate(IModel model, IDiagnosticsLogger`1 logger)
   at Microsoft.EntityFrameworkCore.Metadata.Conventions.ValidatingConvention.ProcessModelFinalized(IModel model)
   at Microsoft.EntityFrameworkCore.Metadata.Conventions.Internal.ConventionDispatcher.ImmediateConventionScope.OnModelFinalized(IModel model)
   at Microsoft.EntityFrameworkCore.Metadata.Conventions.Internal.ConventionDispatcher.OnModelFinalized(IModel model)
   at Microsoft.EntityFrameworkCore.Metadata.Internal.Model.FinalizeModel()
   at Microsoft.EntityFrameworkCore.ModelBuilder.FinalizeModel()
   at Microsoft.EntityFrameworkCore.Infrastructure.ModelSource.CreateModel(DbContext context, IConventionSetBuilder conventionSetBuilder, ModelDependencies modelDependencies)
   at Microsoft.EntityFrameworkCore.Infrastructure.ModelSource.GetModel(DbContext context, IConventionSetBuilder conventionSetBuilder, ModelDependencies modelDependencies)
   at Microsoft.EntityFrameworkCore.Internal.DbContextServices.CreateModel()
   at Microsoft.EntityFrameworkCore.Internal.DbContextServices.get_Model()
   at Microsoft.EntityFrameworkCore.Infrastructure.EntityFrameworkServicesBuilder.<>c.<TryAddCoreServices>b__7_3(IServiceProvider p)
   at Microsoft.Extensions.DependencyInjection.ServiceLookup.CallSiteRuntimeResolver.VisitFactory(FactoryCallSite factoryCallSite, RuntimeResolverContext context)
   at Microsoft.Extensions.DependencyInjection.ServiceLookup.CallSiteVisitor`2.VisitCallSiteMain(ServiceCallSite callSite, TArgument argument)
   at Microsoft.Extensions.DependencyInjection.ServiceLookup.CallSiteRuntimeResolver.VisitCache(ServiceCallSite callSite, RuntimeResolverContext context, ServiceProviderEngineScope serviceProviderEngine, RuntimeResolverLock lockType)
   at Microsoft.Extensions.DependencyInjection.ServiceLookup.CallSiteRuntimeResolver.VisitScopeCache(ServiceCallSite callSite, RuntimeResolverContext context)
   at Microsoft.Extensions.DependencyInjection.ServiceLookup.CallSiteVisitor`2.VisitCallSite(ServiceCallSite callSite, TArgument argument)
   at Microsoft.Extensions.DependencyInjection.ServiceLookup.CallSiteRuntimeResolver.VisitConstructor(ConstructorCallSite constructorCallSite, RuntimeResolverContext context)
   at Microsoft.Extensions.DependencyInjection.ServiceLookup.CallSiteVisitor`2.VisitCallSiteMain(ServiceCallSite callSite, TArgument argument)
   at Microsoft.Extensions.DependencyInjection.ServiceLookup.CallSiteRuntimeResolver.VisitCache(ServiceCallSite callSite, RuntimeResolverContext context, ServiceProviderEngineScope serviceProviderEngine, RuntimeResolverLock lockType)
   at Microsoft.Extensions.DependencyInjection.ServiceLookup.CallSiteRuntimeResolver.VisitScopeCache(ServiceCallSite callSite, RuntimeResolverContext context)
   at Microsoft.Extensions.DependencyInjection.ServiceLookup.CallSiteVisitor`2.VisitCallSite(ServiceCallSite callSite, TArgument argument)
   at Microsoft.Extensions.DependencyInjection.ServiceLookup.CallSiteRuntimeResolver.Resolve(ServiceCallSite callSite, ServiceProviderEngineScope scope)
   at Microsoft.Extensions.DependencyInjection.ServiceLookup.DynamicServiceProviderEngine.<>c__DisplayClass2_0.<RealizeService>b__0(ServiceProviderEngineScope scope)
   at Microsoft.Extensions.DependencyInjection.ServiceProvider.GetService(Type serviceType, ServiceProviderEngineScope serviceProviderEngineScope)
   at Microsoft.Extensions.DependencyInjection.ServiceLookup.ServiceProviderEngineScope.GetService(Type serviceType)
   at Microsoft.Extensions.DependencyInjection.ServiceProviderServiceExtensions.GetRequiredService(IServiceProvider provider, Type serviceType)
   at Microsoft.Extensions.DependencyInjection.ServiceProviderServiceExtensions.GetRequiredService[T](IServiceProvider provider)
   at Microsoft.EntityFrameworkCore.DbContext.get_DbContextDependencies()
   at Microsoft.EntityFrameworkCore.DbContext.get_InternalServiceProvider()
   at Microsoft.EntityFrameworkCore.DbContext.Microsoft.EntityFrameworkCore.Infrastructure.IInfrastructure<System.IServiceProvider>.get_Instance()
   at Microsoft.EntityFrameworkCore.Infrastructure.Internal.InfrastructureExtensions.GetService[TService](IInfrastructure`1 accessor)
   at Microsoft.EntityFrameworkCore.Infrastructure.AccessorExtensions.GetService[TService](IInfrastructure`1 accessor)
   at Microsoft.EntityFrameworkCore.Infrastructure.DatabaseFacade.get_Dependencies()
   at Microsoft.EntityFrameworkCore.Infrastructure.DatabaseFacade.EnsureCreated()
   at Concent.Athena.Infrastructure.Data.Contexts.AthenaContext..ctor(DbContextOptions options) in C:\Users\concent\Desktop\Organizador\Projeto ATHENA\Athena\concent.athena\src\Infrastructure.Data\Contexts\AuthContext.cs:line 20
   at System.RuntimeMethodHandle.InvokeMethod(Object target, Object[] arguments, Signature sig, Boolean constructor, Boolean wrapExceptions)
   at System.Reflection.RuntimeConstructorInfo.Invoke(BindingFlags invokeAttr, Binder binder, Object[] parameters, CultureInfo culture)
   at Microsoft.Extensions.DependencyInjection.ServiceLookup.CallSiteRuntimeResolver.VisitConstructor(ConstructorCallSite constructorCallSite, RuntimeResolverContext context)
   at Microsoft.Extensions.DependencyInjection.ServiceLookup.CallSiteVisitor`2.VisitCallSiteMain(ServiceCallSite callSite, TArgument argument)
   at Microsoft.Extensions.DependencyInjection.ServiceLookup.CallSiteRuntimeResolver.VisitCache(ServiceCallSite callSite, RuntimeResolverContext context, ServiceProviderEngineScope serviceProviderEngine, RuntimeResolverLock lockType)
   at Microsoft.Extensions.DependencyInjection.ServiceLookup.CallSiteRuntimeResolver.VisitScopeCache(ServiceCallSite callSite, RuntimeResolverContext context)
   at Microsoft.Extensions.DependencyInjection.ServiceLookup.CallSiteVisitor`2.VisitCallSite(ServiceCallSite callSite, TArgument argument)
   at Microsoft.Extensions.DependencyInjection.ServiceLookup.CallSiteRuntimeResolver.VisitConstructor(ConstructorCallSite constructorCallSite, RuntimeResolverContext context)
   at Microsoft.Extensions.DependencyInjection.ServiceLookup.CallSiteVisitor`2.VisitCallSiteMain(ServiceCallSite callSite, TArgument argument)
   at Microsoft.Extensions.DependencyInjection.ServiceLookup.CallSiteRuntimeResolver.VisitCache(ServiceCallSite callSite, RuntimeResolverContext context, ServiceProviderEngineScope serviceProviderEngine, RuntimeResolverLock lockType)
   at Microsoft.Extensions.DependencyInjection.ServiceLookup.CallSiteRuntimeResolver.VisitScopeCache(ServiceCallSite callSite, RuntimeResolverContext context)
   at Microsoft.Extensions.DependencyInjection.ServiceLookup.CallSiteVisitor`2.VisitCallSite(ServiceCallSite callSite, TArgument argument)
   at Microsoft.Extensions.DependencyInjection.ServiceLookup.CallSiteRuntimeResolver.VisitConstructor(ConstructorCallSite constructorCallSite, RuntimeResolverContext context)
   at Microsoft.Extensions.DependencyInjection.ServiceLookup.CallSiteVisitor`2.VisitCallSiteMain(ServiceCallSite callSite, TArgument argument)
   at Microsoft.Extensions.DependencyInjection.ServiceLookup.CallSiteRuntimeResolver.VisitDisposeCache(ServiceCallSite transientCallSite, RuntimeResolverContext context)
   at Microsoft.Extensions.DependencyInjection.ServiceLookup.CallSiteVisitor`2.VisitCallSite(ServiceCallSite callSite, TArgument argument)
   at Microsoft.Extensions.DependencyInjection.ServiceLookup.CallSiteRuntimeResolver.Resolve(ServiceCallSite callSite, ServiceProviderEngineScope scope)
   at Microsoft.Extensions.DependencyInjection.ServiceLookup.DynamicServiceProviderEngine.<>c__DisplayClass2_0.<RealizeService>b__0(ServiceProviderEngineScope scope)
   at Microsoft.Extensions.DependencyInjection.ServiceProvider.GetService(Type serviceType, ServiceProviderEngineScope serviceProviderEngineScope)
   at Microsoft.Extensions.DependencyInjection.ServiceLookup.ServiceProviderEngineScope.GetService(Type serviceType)
   at MediatR.ServiceFactoryExtensions.GetInstance[T](ServiceFactory factory)
   at MediatR.Internal.RequestHandlerBase.GetHandler[THandler](ServiceFactory factory)
   --- End of inner exception stack trace ---
   at MediatR.Internal.RequestHandlerBase.GetHandler[THandler](ServiceFactory factory)
   at MediatR.Internal.RequestHandlerWrapperImpl`2.<>c__DisplayClass1_0.<Handle>g__Handler|0()
   at Concent.Athena.Application.Behaviors.ValidationBehavior`2.Handle(TRequest request, CancellationToken cancellationToken, RequestHandlerDelegate`1 next) in C:\Users\concent\Desktop\Organizador\Projeto ATHENA\Athena\concent.athena\src\Application\Behaviors\ValidationBehavior.cs:line 33
   at MediatR.Pipeline.RequestExceptionProcessorBehavior`2.Handle(TRequest request, CancellationToken cancellationToken, RequestHandlerDelegate`1 next)
   at MediatR.Pipeline.RequestExceptionProcessorBehavior`2.Handle(TRequest request, CancellationToken cancellationToken, RequestHandlerDelegate`1 next)
   at MediatR.Pipeline.RequestExceptionActionProcessorBehavior`2.Handle(TRequest request, CancellationToken cancellationToken, RequestHandlerDelegate`1 next)
   at MediatR.Pipeline.RequestExceptionActionProcessorBehavior`2.Handle(TRequest request, CancellationToken cancellationToken, RequestHandlerDelegate`1 next)
   at MediatR.Pipeline.RequestPostProcessorBehavior`2.Handle(TRequest request, CancellationToken cancellationToken, RequestHandlerDelegate`1 next)
   at MediatR.Pipeline.RequestPreProcessorBehavior`2.Handle(TRequest request, CancellationToken cancellationToken, RequestHandlerDelegate`1 next)
   at Concent.Athena.Services.API.Controllers.AlmoxarifadosController.GetAll(String Sigla, GetAlmoxarifadosRequest request, Int32 page, Int32 index, CancellationToken cancellationToken) in C:\Users\concent\Desktop\Organizador\Projeto ATHENA\Athena\concent.athena\src\Services.API\Controllers\AlmoxarifadosController.cs:line 46
   at Microsoft.AspNetCore.Mvc.Infrastructure.ActionMethodExecutor.TaskOfIActionResultExecutor.Execute(IActionResultTypeMapper mapper, ObjectMethodExecutor executor, Object controller, Object[] arguments)
   at Microsoft.AspNetCore.Mvc.Infrastructure.ControllerActionInvoker.<InvokeActionMethodAsync>g__Awaited|12_0(ControllerActionInvoker invoker, ValueTask`1 actionResultValueTask)
   at Microsoft.AspNetCore.Mvc.Infrastructure.ControllerActionInvoker.<InvokeNextActionFilterAsync>g__Awaited|10_0(ControllerActionInvoker invoker, Task lastTask, State next, Scope scope, Object state, Boolean isCompleted)
   at Microsoft.AspNetCore.Mvc.Infrastructure.ControllerActionInvoker.Rethrow(ActionExecutedContextSealed context)
   at Microsoft.AspNetCore.Mvc.Infrastructure.ControllerActionInvoker.Next(State& next, Scope& scope, Object& state, Boolean& isCompleted)
   at Microsoft.AspNetCore.Mvc.Infrastructure.ControllerActionInvoker.InvokeInnerFilterAsync()
--- End of stack trace from previous location ---
   at Microsoft.AspNetCore.Mvc.Infrastructure.ResourceInvoker.<InvokeFilterPipelineAsync>g__Awaited|19_0(ResourceInvoker invoker, Task lastTask, State next, Scope scope, Object state, Boolean isCompleted)
   at Microsoft.AspNetCore.Mvc.Infrastructure.ResourceInvoker.<InvokeAsync>g__Logged|17_1(ResourceInvoker invoker)
   at Microsoft.AspNetCore.Routing.EndpointMiddleware.<Invoke>g__AwaitRequestTask|6_0(Endpoint endpoint, Task requestTask, ILogger logger)
   at Microsoft.AspNetCore.Authorization.AuthorizationMiddleware.Invoke(HttpContext context)
   at Microsoft.AspNetCore.Builder.Extensions.MapMiddleware.Invoke(HttpContext context)
   at Prometheus.HttpMetrics.HttpRequestDurationMiddleware.Invoke(HttpContext context)
   at Prometheus.HttpMetrics.HttpRequestCountMiddleware.Invoke(HttpContext context)
   at Prometheus.HttpMetrics.HttpInProgressMiddleware.Invoke(HttpContext context)
   at Swashbuckle.AspNetCore.SwaggerUI.SwaggerUIMiddleware.Invoke(HttpContext httpContext)
   at Swashbuckle.AspNetCore.Swagger.SwaggerMiddleware.Invoke(HttpContext httpContext, ISwaggerProvider swaggerProvider)
   at Microsoft.AspNetCore.Diagnostics.DeveloperExceptionPageMiddleware.Invoke(HttpContext context)
2023-07-14 13:09:19.214 -03:00 [INF] Request finished HTTP/2 GET https://localhost:5004/api/v1/tenant/almoxarifados - - - 500 - text/plain 4094.2214ms
2023-07-14 13:09:20.464 -03:00 [DBG] Connection id "0HMS4GILLUO9H" received FIN.
2023-07-14 13:09:20.472 -03:00 [DBG] Connection id "0HMS4GILLUO9H" is closed. The last processed stream ID was 1.
2023-07-14 13:09:20.479 -03:00 [DBG] Connection id "0HMS4GILLUO9H" sending FIN because: "The client closed the connection."
2023-07-14 13:09:20.487 -03:00 [DBG] Connection id "0HMS4GILLUO9H" stopped.
2023-07-14 13:09:32.727 -03:00 [DBG] Connection id "0HMS4GILLUO9I" accepted.
2023-07-14 13:09:32.730 -03:00 [DBG] Connection id "0HMS4GILLUO9I" started.
2023-07-14 13:09:32.746 -03:00 [DBG] Connection "0HMS4GILLUO9I" established using the following protocol: "Tls12"
2023-07-14 13:09:32.761 -03:00 [INF] Request starting HTTP/2 GET https://localhost:5004/api/v1/tenant/almoxarifados/08db83bd-5286-4548-8b11-fa7119d3c058 - -
2023-07-14 13:09:32.769 -03:00 [DBG] The request path  does not match the path filter
2023-07-14 13:09:32.776 -03:00 [DBG] 1 candidate(s) found for the request path '/api/v1/tenant/almoxarifados/08db83bd-5286-4548-8b11-fa7119d3c058'
2023-07-14 13:09:32.780 -03:00 [DBG] Endpoint 'Concent.Athena.Services.API.Controllers.AlmoxarifadosController.GetById (Concent.Athena.Services.API)' with route pattern 'api/v1/tenant/Almoxarifados/{id}' is valid for the request path '/api/v1/tenant/almoxarifados/08db83bd-5286-4548-8b11-fa7119d3c058'
2023-07-14 13:09:32.785 -03:00 [DBG] Request matched endpoint 'Concent.Athena.Services.API.Controllers.AlmoxarifadosController.GetById (Concent.Athena.Services.API)'
2023-07-14 13:09:32.790 -03:00 [INF] Executing endpoint 'Concent.Athena.Services.API.Controllers.AlmoxarifadosController.GetById (Concent.Athena.Services.API)'
2023-07-14 13:09:32.795 -03:00 [INF] Route matched with {action = "GetById", controller = "Almoxarifados"}. Executing controller action with signature System.Threading.Tasks.Task`1[Microsoft.AspNetCore.Mvc.IActionResult] GetById(System.Guid, System.Threading.CancellationToken) on controller Concent.Athena.Services.API.Controllers.AlmoxarifadosController (Concent.Athena.Services.API).
2023-07-14 13:09:32.804 -03:00 [DBG] Execution plan of authorization filters (in the following order): ["None"]
2023-07-14 13:09:32.807 -03:00 [DBG] Execution plan of resource filters (in the following order): ["None"]
2023-07-14 13:09:32.811 -03:00 [DBG] Execution plan of action filters (in the following order): ["Microsoft.AspNetCore.Mvc.ModelBinding.UnsupportedContentTypeFilter (Order: -3000)","Microsoft.AspNetCore.Mvc.Infrastructure.ModelStateInvalidFilter (Order: -2000)"]
2023-07-14 13:09:32.816 -03:00 [DBG] Execution plan of exception filters (in the following order): ["None"]
2023-07-14 13:09:32.821 -03:00 [DBG] Execution plan of result filters (in the following order): ["Microsoft.AspNetCore.Mvc.Infrastructure.ClientErrorResultFilter (Order: -2000)"]
2023-07-14 13:09:32.824 -03:00 [DBG] Executing controller factory for controller Concent.Athena.Services.API.Controllers.AlmoxarifadosController (Concent.Athena.Services.API)
2023-07-14 13:09:32.827 -03:00 [DBG] Executed controller factory for controller Concent.Athena.Services.API.Controllers.AlmoxarifadosController (Concent.Athena.Services.API)
2023-07-14 13:09:32.830 -03:00 [DBG] Attempting to bind parameter 'id' of type 'System.Guid' ...
2023-07-14 13:09:32.834 -03:00 [DBG] Attempting to bind parameter 'id' of type 'System.Guid' using the name 'id' in request data ...
2023-07-14 13:09:32.839 -03:00 [DBG] Done attempting to bind parameter 'id' of type 'System.Guid'.
2023-07-14 13:09:32.842 -03:00 [DBG] Done attempting to bind parameter 'id' of type 'System.Guid'.
2023-07-14 13:09:32.845 -03:00 [DBG] Attempting to validate the bound parameter 'id' of type 'System.Guid' ...
2023-07-14 13:09:32.849 -03:00 [DBG] Done attempting to validate the bound parameter 'id' of type 'System.Guid'.
2023-07-14 13:09:32.853 -03:00 [DBG] Attempting to bind parameter 'cancellationToken' of type 'System.Threading.CancellationToken' ...
2023-07-14 13:09:32.856 -03:00 [DBG] Done attempting to bind parameter 'cancellationToken' of type 'System.Threading.CancellationToken'.
2023-07-14 13:09:32.860 -03:00 [DBG] Attempting to validate the bound parameter 'cancellationToken' of type 'System.Threading.CancellationToken' ...
2023-07-14 13:09:32.864 -03:00 [DBG] Done attempting to validate the bound parameter 'cancellationToken' of type 'System.Threading.CancellationToken'.
2023-07-14 13:09:32.878 -03:00 [DBG] No relationship from 'Almoxarifados' to 'Person' has been configured by convention because there are multiple properties on one entity type {'Person', 'Persons'} that could be matched with the properties on the other entity type {'Almoxarifados'}. This message can be disregarded if explicit configuration has been specified in 'OnModelCreating'.
2023-07-14 13:09:32.883 -03:00 [DBG] No relationship from 'Person' to 'Almoxarifados' has been configured by convention because there are multiple properties on one entity type {'Almoxarifados'} that could be matched with the properties on the other entity type {'Person', 'Persons'}. This message can be disregarded if explicit configuration has been specified in 'OnModelCreating'.
2023-07-14 13:09:35.644 -03:00 [INF] Executed action Concent.Athena.Services.API.Controllers.AlmoxarifadosController.GetById (Concent.Athena.Services.API) in 2820.1397ms
2023-07-14 13:09:35.649 -03:00 [INF] Executed endpoint 'Concent.Athena.Services.API.Controllers.AlmoxarifadosController.GetById (Concent.Athena.Services.API)'
2023-07-14 13:09:35.655 -03:00 [ERR] An unhandled exception has occurred while executing the request.
System.InvalidOperationException: Error constructing handler for request of type MediatR.IRequestHandler`2[Concent.Athena.Domain.Core.Requests.AlmoxarifadosRequests.GetByIdAlmoxarifadosRequest,Concent.Athena.Domain.Core.Responses.AlmoxarifadoResponses.GetByIdAlmoxarifadoResponse]. Register your handlers with the container. See the samples in GitHub for examples.
 ---> System.InvalidOperationException: Unable to determine the relationship represented by navigation 'Almoxarifados.Person' of type 'Person'. Either manually configure the relationship, or ignore this property using the '[NotMapped]' attribute or by using 'EntityTypeBuilder.Ignore' in 'OnModelCreating'.
   at Microsoft.EntityFrameworkCore.Infrastructure.ModelValidator.ValidatePropertyMapping(IModel model, IDiagnosticsLogger`1 logger)
   at Microsoft.EntityFrameworkCore.Infrastructure.ModelValidator.Validate(IModel model, IDiagnosticsLogger`1 logger)
   at Microsoft.EntityFrameworkCore.Infrastructure.RelationalModelValidator.Validate(IModel model, IDiagnosticsLogger`1 logger)
   at Pomelo.EntityFrameworkCore.MySql.Internal.MySqlModelValidator.Validate(IModel model, IDiagnosticsLogger`1 logger)
   at Microsoft.EntityFrameworkCore.Metadata.Conventions.ValidatingConvention.ProcessModelFinalized(IModel model)
   at Microsoft.EntityFrameworkCore.Metadata.Conventions.Internal.ConventionDispatcher.ImmediateConventionScope.OnModelFinalized(IModel model)
   at Microsoft.EntityFrameworkCore.Metadata.Conventions.Internal.ConventionDispatcher.OnModelFinalized(IModel model)
   at Microsoft.EntityFrameworkCore.Metadata.Internal.Model.FinalizeModel()
   at Microsoft.EntityFrameworkCore.ModelBuilder.FinalizeModel()
   at Microsoft.EntityFrameworkCore.Infrastructure.ModelSource.CreateModel(DbContext context, IConventionSetBuilder conventionSetBuilder, ModelDependencies modelDependencies)
   at Microsoft.EntityFrameworkCore.Infrastructure.ModelSource.GetModel(DbContext context, IConventionSetBuilder conventionSetBuilder, ModelDependencies modelDependencies)
   at Microsoft.EntityFrameworkCore.Internal.DbContextServices.CreateModel()
   at Microsoft.EntityFrameworkCore.Internal.DbContextServices.get_Model()
   at Microsoft.EntityFrameworkCore.Infrastructure.EntityFrameworkServicesBuilder.<>c.<TryAddCoreServices>b__7_3(IServiceProvider p)
   at Microsoft.Extensions.DependencyInjection.ServiceLookup.CallSiteRuntimeResolver.VisitFactory(FactoryCallSite factoryCallSite, RuntimeResolverContext context)
   at Microsoft.Extensions.DependencyInjection.ServiceLookup.CallSiteRuntimeResolver.VisitCache(ServiceCallSite callSite, RuntimeResolverContext context, ServiceProviderEngineScope serviceProviderEngine, RuntimeResolverLock lockType)
   at Microsoft.Extensions.DependencyInjection.ServiceLookup.CallSiteRuntimeResolver.VisitScopeCache(ServiceCallSite callSite, RuntimeResolverContext context)
   at Microsoft.Extensions.DependencyInjection.ServiceLookup.CallSiteVisitor`2.VisitCallSite(ServiceCallSite callSite, TArgument argument)
   at Microsoft.Extensions.DependencyInjection.ServiceLookup.CallSiteRuntimeResolver.VisitConstructor(ConstructorCallSite constructorCallSite, RuntimeResolverContext context)
   at Microsoft.Extensions.DependencyInjection.ServiceLookup.CallSiteRuntimeResolver.VisitCache(ServiceCallSite callSite, RuntimeResolverContext context, ServiceProviderEngineScope serviceProviderEngine, RuntimeResolverLock lockType)
   at Microsoft.Extensions.DependencyInjection.ServiceLookup.CallSiteRuntimeResolver.VisitScopeCache(ServiceCallSite callSite, RuntimeResolverContext context)
   at Microsoft.Extensions.DependencyInjection.ServiceLookup.CallSiteVisitor`2.VisitCallSite(ServiceCallSite callSite, TArgument argument)
   at Microsoft.Extensions.DependencyInjection.ServiceLookup.CallSiteRuntimeResolver.Resolve(ServiceCallSite callSite, ServiceProviderEngineScope scope)
   at Microsoft.Extensions.DependencyInjection.ServiceLookup.DynamicServiceProviderEngine.<>c__DisplayClass2_0.<RealizeService>b__0(ServiceProviderEngineScope scope)
   at Microsoft.Extensions.DependencyInjection.ServiceProvider.GetService(Type serviceType, ServiceProviderEngineScope serviceProviderEngineScope)
   at Microsoft.Extensions.DependencyInjection.ServiceProviderServiceExtensions.GetRequiredService(IServiceProvider provider, Type serviceType)
   at Microsoft.Extensions.DependencyInjection.ServiceProviderServiceExtensions.GetRequiredService[T](IServiceProvider provider)
   at Microsoft.EntityFrameworkCore.DbContext.get_DbContextDependencies()
   at Microsoft.EntityFrameworkCore.DbContext.get_InternalServiceProvider()
   at Microsoft.EntityFrameworkCore.DbContext.Microsoft.EntityFrameworkCore.Infrastructure.IInfrastructure<System.IServiceProvider>.get_Instance()
   at Microsoft.EntityFrameworkCore.Infrastructure.Internal.InfrastructureExtensions.GetService[TService](IInfrastructure`1 accessor)
   at Microsoft.EntityFrameworkCore.Infrastructure.AccessorExtensions.GetService[TService](IInfrastructure`1 accessor)
   at Microsoft.EntityFrameworkCore.Infrastructure.DatabaseFacade.get_Dependencies()
   at Microsoft.EntityFrameworkCore.Infrastructure.DatabaseFacade.EnsureCreated()
   at Concent.Athena.Infrastructure.Data.Contexts.AthenaContext..ctor(DbContextOptions options) in C:\Users\concent\Desktop\Organizador\Projeto ATHENA\Athena\concent.athena\src\Infrastructure.Data\Contexts\AuthContext.cs:line 20
   at System.RuntimeMethodHandle.InvokeMethod(Object target, Object[] arguments, Signature sig, Boolean constructor, Boolean wrapExceptions)
   at System.Reflection.RuntimeConstructorInfo.Invoke(BindingFlags invokeAttr, Binder binder, Object[] parameters, CultureInfo culture)
   at Microsoft.Extensions.DependencyInjection.ServiceLookup.CallSiteRuntimeResolver.VisitConstructor(ConstructorCallSite constructorCallSite, RuntimeResolverContext context)
   at Microsoft.Extensions.DependencyInjection.ServiceLookup.CallSiteRuntimeResolver.VisitCache(ServiceCallSite callSite, RuntimeResolverContext context, ServiceProviderEngineScope serviceProviderEngine, RuntimeResolverLock lockType)
   at Microsoft.Extensions.DependencyInjection.ServiceLookup.CallSiteRuntimeResolver.VisitScopeCache(ServiceCallSite callSite, RuntimeResolverContext context)
   at Microsoft.Extensions.DependencyInjection.ServiceLookup.CallSiteVisitor`2.VisitCallSite(ServiceCallSite callSite, TArgument argument)
   at Microsoft.Extensions.DependencyInjection.ServiceLookup.CallSiteRuntimeResolver.VisitConstructor(ConstructorCallSite constructorCallSite, RuntimeResolverContext context)
   at Microsoft.Extensions.DependencyInjection.ServiceLookup.CallSiteRuntimeResolver.VisitCache(ServiceCallSite callSite, RuntimeResolverContext context, ServiceProviderEngineScope serviceProviderEngine, RuntimeResolverLock lockType)
   at Microsoft.Extensions.DependencyInjection.ServiceLookup.CallSiteRuntimeResolver.VisitScopeCache(ServiceCallSite callSite, RuntimeResolverContext context)
   at Microsoft.Extensions.DependencyInjection.ServiceLookup.CallSiteVisitor`2.VisitCallSite(ServiceCallSite callSite, TArgument argument)
   at Microsoft.Extensions.DependencyInjection.ServiceLookup.CallSiteRuntimeResolver.VisitConstructor(ConstructorCallSite constructorCallSite, RuntimeResolverContext context)
   at Microsoft.Extensions.DependencyInjection.ServiceLookup.CallSiteRuntimeResolver.VisitDisposeCache(ServiceCallSite transientCallSite, RuntimeResolverContext context)
   at Microsoft.Extensions.DependencyInjection.ServiceLookup.CallSiteVisitor`2.VisitCallSite(ServiceCallSite callSite, TArgument argument)
   at Microsoft.Extensions.DependencyInjection.ServiceLookup.CallSiteRuntimeResolver.Resolve(ServiceCallSite callSite, ServiceProviderEngineScope scope)
   at Microsoft.Extensions.DependencyInjection.ServiceLookup.DynamicServiceProviderEngine.<>c__DisplayClass2_0.<RealizeService>b__0(ServiceProviderEngineScope scope)
   at Microsoft.Extensions.DependencyInjection.ServiceProvider.GetService(Type serviceType, ServiceProviderEngineScope serviceProviderEngineScope)
   at MediatR.ServiceFactoryExtensions.GetInstance[T](ServiceFactory factory)
   at MediatR.Internal.RequestHandlerBase.GetHandler[THandler](ServiceFactory factory)
   --- End of inner exception stack trace ---
   at MediatR.Internal.RequestHandlerBase.GetHandler[THandler](ServiceFactory factory)
   at MediatR.Internal.RequestHandlerWrapperImpl`2.<>c__DisplayClass1_0.<Handle>g__Handler|0()
   at Concent.Athena.Application.Behaviors.ValidationBehavior`2.Handle(TRequest request, CancellationToken cancellationToken, RequestHandlerDelegate`1 next) in C:\Users\concent\Desktop\Organizador\Projeto ATHENA\Athena\concent.athena\src\Application\Behaviors\ValidationBehavior.cs:line 33
   at MediatR.Pipeline.RequestExceptionProcessorBehavior`2.Handle(TRequest request, CancellationToken cancellationToken, RequestHandlerDelegate`1 next)
   at MediatR.Pipeline.RequestExceptionProcessorBehavior`2.Handle(TRequest request, CancellationToken cancellationToken, RequestHandlerDelegate`1 next)
   at MediatR.Pipeline.RequestExceptionActionProcessorBehavior`2.Handle(TRequest request, CancellationToken cancellationToken, RequestHandlerDelegate`1 next)
   at MediatR.Pipeline.RequestExceptionActionProcessorBehavior`2.Handle(TRequest request, CancellationToken cancellationToken, RequestHandlerDelegate`1 next)
   at MediatR.Pipeline.RequestPostProcessorBehavior`2.Handle(TRequest request, CancellationToken cancellationToken, RequestHandlerDelegate`1 next)
   at MediatR.Pipeline.RequestPreProcessorBehavior`2.Handle(TRequest request, CancellationToken cancellationToken, RequestHandlerDelegate`1 next)
   at Concent.Athena.Services.API.Controllers.AlmoxarifadosController.GetById(Guid id, CancellationToken cancellationToken) in C:\Users\concent\Desktop\Organizador\Projeto ATHENA\Athena\concent.athena\src\Services.API\Controllers\AlmoxarifadosController.cs:line 56
   at Microsoft.AspNetCore.Mvc.Infrastructure.ActionMethodExecutor.TaskOfIActionResultExecutor.Execute(IActionResultTypeMapper mapper, ObjectMethodExecutor executor, Object controller, Object[] arguments)
   at Microsoft.AspNetCore.Mvc.Infrastructure.ControllerActionInvoker.<InvokeActionMethodAsync>g__Awaited|12_0(ControllerActionInvoker invoker, ValueTask`1 actionResultValueTask)
   at Microsoft.AspNetCore.Mvc.Infrastructure.ControllerActionInvoker.<InvokeNextActionFilterAsync>g__Awaited|10_0(ControllerActionInvoker invoker, Task lastTask, State next, Scope scope, Object state, Boolean isCompleted)
   at Microsoft.AspNetCore.Mvc.Infrastructure.ControllerActionInvoker.Rethrow(ActionExecutedContextSealed context)
   at Microsoft.AspNetCore.Mvc.Infrastructure.ControllerActionInvoker.Next(State& next, Scope& scope, Object& state, Boolean& isCompleted)
   at Microsoft.AspNetCore.Mvc.Infrastructure.ControllerActionInvoker.InvokeInnerFilterAsync()
--- End of stack trace from previous location ---
   at Microsoft.AspNetCore.Mvc.Infrastructure.ResourceInvoker.<InvokeFilterPipelineAsync>g__Awaited|19_0(ResourceInvoker invoker, Task lastTask, State next, Scope scope, Object state, Boolean isCompleted)
   at Microsoft.AspNetCore.Mvc.Infrastructure.ResourceInvoker.<InvokeAsync>g__Logged|17_1(ResourceInvoker invoker)
   at Microsoft.AspNetCore.Routing.EndpointMiddleware.<Invoke>g__AwaitRequestTask|6_0(Endpoint endpoint, Task requestTask, ILogger logger)
   at Microsoft.AspNetCore.Authorization.AuthorizationMiddleware.Invoke(HttpContext context)
   at Microsoft.AspNetCore.Builder.Extensions.MapMiddleware.Invoke(HttpContext context)
   at Prometheus.HttpMetrics.HttpRequestDurationMiddleware.Invoke(HttpContext context)
   at Prometheus.HttpMetrics.HttpRequestCountMiddleware.Invoke(HttpContext context)
   at Prometheus.HttpMetrics.HttpInProgressMiddleware.Invoke(HttpContext context)
   at Swashbuckle.AspNetCore.SwaggerUI.SwaggerUIMiddleware.Invoke(HttpContext httpContext)
   at Swashbuckle.AspNetCore.Swagger.SwaggerMiddleware.Invoke(HttpContext httpContext, ISwaggerProvider swaggerProvider)
   at Microsoft.AspNetCore.Diagnostics.DeveloperExceptionPageMiddleware.Invoke(HttpContext context)
2023-07-14 13:09:35.706 -03:00 [INF] Request finished HTTP/2 GET https://localhost:5004/api/v1/tenant/almoxarifados/08db83bd-5286-4548-8b11-fa7119d3c058 - - - 500 - text/plain 2948.2689ms
2023-07-14 13:09:45.534 -03:00 [DBG] Connection id "0HMS4GILLUO9I" received FIN.
2023-07-14 13:09:45.538 -03:00 [DBG] Connection id "0HMS4GILLUO9I" is closed. The last processed stream ID was 1.
2023-07-14 13:09:45.554 -03:00 [DBG] Connection id "0HMS4GILLUO9I" sending FIN because: "The client closed the connection."
2023-07-14 13:09:45.607 -03:00 [DBG] Connection id "0HMS4GILLUO9I" stopped.
2023-07-14 13:11:16.236 -03:00 [DBG] Hosting starting
2023-07-14 13:11:17.017 -03:00 [DBG] Using development certificate: CN=localhost (Thumbprint: 1ED06961E04A72F7E2C9617C51B22CBBFE7472A4)
2023-07-14 13:11:17.202 -03:00 [INF] Now listening on: https://localhost:5004
2023-07-14 13:11:17.207 -03:00 [DBG] Loaded hosting startup assembly Concent.Athena.Services.API
2023-07-14 13:11:17.209 -03:00 [DBG] Loaded hosting startup assembly Microsoft.AspNetCore.Watch.BrowserRefresh
2023-07-14 13:11:17.213 -03:00 [DBG] Loaded hosting startup assembly Microsoft.WebTools.BrowserLink.Net
2023-07-14 13:11:17.216 -03:00 [INF] Application started. Press Ctrl+C to shut down.
2023-07-14 13:11:17.218 -03:00 [INF] Hosting environment: Local
2023-07-14 13:11:17.219 -03:00 [INF] Content root path: C:\Users\concent\Desktop\Organizador\Projeto ATHENA\Athena\concent.athena\src\Services.API
2023-07-14 13:11:17.222 -03:00 [DBG] Hosting started
2023-07-14 13:11:17.444 -03:00 [DBG] Connection id "0HMS4GJQ6OUHS" accepted.
2023-07-14 13:11:17.450 -03:00 [DBG] Connection id "0HMS4GJQ6OUHS" started.
2023-07-14 13:11:17.572 -03:00 [DBG] Connection "0HMS4GJQ6OUHS" established using the following protocol: "Tls12"
2023-07-14 13:11:20.690 -03:00 [DBG] Connection id "0HMS4GJQ6OUHS" received FIN.
2023-07-14 13:11:20.716 -03:00 [DBG] Connection id "0HMS4GJQ6OUHS" is closed. The last processed stream ID was 0.
2023-07-14 13:11:20.719 -03:00 [DBG] Connection id "0HMS4GJQ6OUHS" sending FIN because: "The client closed the connection."
2023-07-14 13:11:20.734 -03:00 [DBG] Connection id "0HMS4GJQ6OUHS" stopped.
2023-07-14 13:11:22.253 -03:00 [DBG] Connection id "0HMS4GJQ6OUHT" accepted.
2023-07-14 13:11:22.258 -03:00 [DBG] Connection id "0HMS4GJQ6OUHT" started.
2023-07-14 13:11:22.264 -03:00 [DBG] Connection "0HMS4GJQ6OUHT" established using the following protocol: "Tls12"
2023-07-14 13:11:22.319 -03:00 [INF] Request starting HTTP/2 GET https://localhost:5004/api/v1/tenant/almoxarifados/08db83bd-5286-4548-8b11-fa7119d3c058 - -
2023-07-14 13:11:22.344 -03:00 [DBG] Wildcard detected, all requests with hosts will be allowed.
2023-07-14 13:11:22.376 -03:00 [DBG] The request path  does not match the path filter
2023-07-14 13:11:22.424 -03:00 [DBG] 1 candidate(s) found for the request path '/api/v1/tenant/almoxarifados/08db83bd-5286-4548-8b11-fa7119d3c058'
2023-07-14 13:11:22.434 -03:00 [DBG] Endpoint 'Concent.Athena.Services.API.Controllers.AlmoxarifadosController.GetById (Concent.Athena.Services.API)' with route pattern 'api/v1/tenant/Almoxarifados/{id}' is valid for the request path '/api/v1/tenant/almoxarifados/08db83bd-5286-4548-8b11-fa7119d3c058'
2023-07-14 13:11:22.438 -03:00 [DBG] Request matched endpoint 'Concent.Athena.Services.API.Controllers.AlmoxarifadosController.GetById (Concent.Athena.Services.API)'
2023-07-14 13:11:22.451 -03:00 [INF] Executing endpoint 'Concent.Athena.Services.API.Controllers.AlmoxarifadosController.GetById (Concent.Athena.Services.API)'
2023-07-14 13:11:22.466 -03:00 [DBG] Registered model binder providers, in the following order: ["Microsoft.AspNetCore.Mvc.ModelBinding.Binders.BinderTypeModelBinderProvider","Microsoft.AspNetCore.Mvc.ModelBinding.Binders.ServicesModelBinderProvider","Microsoft.AspNetCore.Mvc.ModelBinding.Binders.BodyModelBinderProvider","Microsoft.AspNetCore.Mvc.ModelBinding.Binders.HeaderModelBinderProvider","Microsoft.AspNetCore.Mvc.ModelBinding.Binders.FloatingPointTypeModelBinderProvider","Microsoft.AspNetCore.Mvc.ModelBinding.Binders.EnumTypeModelBinderProvider","Microsoft.AspNetCore.Mvc.ModelBinding.Binders.DateTimeModelBinderProvider","Microsoft.AspNetCore.Mvc.ModelBinding.Binders.SimpleTypeModelBinderProvider","Microsoft.AspNetCore.Mvc.ModelBinding.Binders.CancellationTokenModelBinderProvider","Microsoft.AspNetCore.Mvc.ModelBinding.Binders.ByteArrayModelBinderProvider","Microsoft.AspNetCore.Mvc.ModelBinding.Binders.FormFileModelBinderProvider","Microsoft.AspNetCore.Mvc.ModelBinding.Binders.FormCollectionModelBinderProvider","Microsoft.AspNetCore.Mvc.ModelBinding.Binders.KeyValuePairModelBinderProvider","Microsoft.AspNetCore.Mvc.ModelBinding.Binders.DictionaryModelBinderProvider","Microsoft.AspNetCore.Mvc.ModelBinding.Binders.ArrayModelBinderProvider","Microsoft.AspNetCore.Mvc.ModelBinding.Binders.CollectionModelBinderProvider","Microsoft.AspNetCore.Mvc.ModelBinding.Binders.ComplexObjectModelBinderProvider"]
2023-07-14 13:11:22.526 -03:00 [INF] Route matched with {action = "GetById", controller = "Almoxarifados"}. Executing controller action with signature System.Threading.Tasks.Task`1[Microsoft.AspNetCore.Mvc.IActionResult] GetById(System.Guid, System.Threading.CancellationToken) on controller Concent.Athena.Services.API.Controllers.AlmoxarifadosController (Concent.Athena.Services.API).
2023-07-14 13:11:22.531 -03:00 [DBG] Execution plan of authorization filters (in the following order): ["None"]
2023-07-14 13:11:22.535 -03:00 [DBG] Execution plan of resource filters (in the following order): ["None"]
2023-07-14 13:11:22.538 -03:00 [DBG] Execution plan of action filters (in the following order): ["Microsoft.AspNetCore.Mvc.ModelBinding.UnsupportedContentTypeFilter (Order: -3000)","Microsoft.AspNetCore.Mvc.Infrastructure.ModelStateInvalidFilter (Order: -2000)"]
2023-07-14 13:11:22.541 -03:00 [DBG] Execution plan of exception filters (in the following order): ["None"]
2023-07-14 13:11:22.543 -03:00 [DBG] Execution plan of result filters (in the following order): ["Microsoft.AspNetCore.Mvc.Infrastructure.ClientErrorResultFilter (Order: -2000)"]
2023-07-14 13:11:22.547 -03:00 [DBG] Executing controller factory for controller Concent.Athena.Services.API.Controllers.AlmoxarifadosController (Concent.Athena.Services.API)
2023-07-14 13:11:22.553 -03:00 [DBG] Executed controller factory for controller Concent.Athena.Services.API.Controllers.AlmoxarifadosController (Concent.Athena.Services.API)
2023-07-14 13:11:22.577 -03:00 [DBG] Attempting to bind parameter 'id' of type 'System.Guid' ...
2023-07-14 13:11:22.583 -03:00 [DBG] Attempting to bind parameter 'id' of type 'System.Guid' using the name 'id' in request data ...
2023-07-14 13:11:22.592 -03:00 [DBG] Done attempting to bind parameter 'id' of type 'System.Guid'.
2023-07-14 13:11:22.595 -03:00 [DBG] Done attempting to bind parameter 'id' of type 'System.Guid'.
2023-07-14 13:11:22.600 -03:00 [DBG] Attempting to validate the bound parameter 'id' of type 'System.Guid' ...
2023-07-14 13:11:22.606 -03:00 [DBG] Done attempting to validate the bound parameter 'id' of type 'System.Guid'.
2023-07-14 13:11:22.611 -03:00 [DBG] Attempting to bind parameter 'cancellationToken' of type 'System.Threading.CancellationToken' ...
2023-07-14 13:11:22.618 -03:00 [DBG] Done attempting to bind parameter 'cancellationToken' of type 'System.Threading.CancellationToken'.
2023-07-14 13:11:22.621 -03:00 [DBG] Attempting to validate the bound parameter 'cancellationToken' of type 'System.Threading.CancellationToken' ...
2023-07-14 13:11:22.624 -03:00 [DBG] Done attempting to validate the bound parameter 'cancellationToken' of type 'System.Threading.CancellationToken'.
2023-07-14 13:11:22.902 -03:00 [DBG] An 'IServiceProvider' was created for internal use by Entity Framework.
2023-07-14 13:11:23.267 -03:00 [DBG] No relationship from 'Almoxarifados' to 'Person' has been configured by convention because there are multiple properties on one entity type {'Person', 'Persons'} that could be matched with the properties on the other entity type {'Almoxarifados'}. This message can be disregarded if explicit configuration has been specified in 'OnModelCreating'.
2023-07-14 13:11:23.279 -03:00 [DBG] No relationship from 'Person' to 'Almoxarifados' has been configured by convention because there are multiple properties on one entity type {'Almoxarifados'} that could be matched with the properties on the other entity type {'Person', 'Persons'}. This message can be disregarded if explicit configuration has been specified in 'OnModelCreating'.
