2023-07-17 15:15:15.786 -03:00 [DBG] Hosting starting
2023-07-17 15:15:16.532 -03:00 [DBG] Using development certificate: CN=localhost (Thumbprint: 1ED06961E04A72F7E2C9617C51B22CBBFE7472A4)
2023-07-17 15:15:16.663 -03:00 [INF] Now listening on: https://localhost:5004
2023-07-17 15:15:16.666 -03:00 [DBG] Loaded hosting startup assembly Concent.Athena.Services.API
2023-07-17 15:15:16.668 -03:00 [DBG] Loaded hosting startup assembly Microsoft.AspNetCore.Watch.BrowserRefresh
2023-07-17 15:15:16.670 -03:00 [DBG] Loaded hosting startup assembly Microsoft.WebTools.BrowserLink.Net
2023-07-17 15:15:16.674 -03:00 [INF] Application started. Press Ctrl+C to shut down.
2023-07-17 15:15:16.675 -03:00 [INF] Hosting environment: Local
2023-07-17 15:15:16.677 -03:00 [INF] Content root path: C:\Users\concent\Desktop\Organizador\Projeto ATHENA\Athena\concent.athena\src\Services.API
2023-07-17 15:15:16.679 -03:00 [DBG] Hosting started
2023-07-17 15:15:24.959 -03:00 [DBG] Connection id "0HMS6U75BK21D" accepted.
2023-07-17 15:15:24.963 -03:00 [DBG] Connection id "0HMS6U75BK21D" started.
2023-07-17 15:15:25.062 -03:00 [DBG] Connection "0HMS6U75BK21D" established using the following protocol: "Tls12"
2023-07-17 15:15:25.129 -03:00 [INF] Request starting HTTP/2 GET https://localhost:5004/api/v1/tenant/produtos?index=2 - -
2023-07-17 15:15:25.160 -03:00 [DBG] Wildcard detected, all requests with hosts will be allowed.
2023-07-17 15:15:25.188 -03:00 [DBG] The request path  does not match the path filter
2023-07-17 15:15:25.243 -03:00 [DBG] 1 candidate(s) found for the request path '/api/v1/tenant/produtos'
2023-07-17 15:15:25.255 -03:00 [DBG] Endpoint 'Concent.Athena.Services.API.Controllers.ProdutosController.GetAll (Concent.Athena.Services.API)' with route pattern 'api/v1/tenant/Produtos' is valid for the request path '/api/v1/tenant/produtos'
2023-07-17 15:15:25.259 -03:00 [DBG] Request matched endpoint 'Concent.Athena.Services.API.Controllers.ProdutosController.GetAll (Concent.Athena.Services.API)'
2023-07-17 15:15:25.271 -03:00 [INF] Executing endpoint 'Concent.Athena.Services.API.Controllers.ProdutosController.GetAll (Concent.Athena.Services.API)'
2023-07-17 15:15:25.284 -03:00 [DBG] Registered model binder providers, in the following order: ["Microsoft.AspNetCore.Mvc.ModelBinding.Binders.BinderTypeModelBinderProvider","Microsoft.AspNetCore.Mvc.ModelBinding.Binders.ServicesModelBinderProvider","Microsoft.AspNetCore.Mvc.ModelBinding.Binders.BodyModelBinderProvider","Microsoft.AspNetCore.Mvc.ModelBinding.Binders.HeaderModelBinderProvider","Microsoft.AspNetCore.Mvc.ModelBinding.Binders.FloatingPointTypeModelBinderProvider","Microsoft.AspNetCore.Mvc.ModelBinding.Binders.EnumTypeModelBinderProvider","Microsoft.AspNetCore.Mvc.ModelBinding.Binders.DateTimeModelBinderProvider","Microsoft.AspNetCore.Mvc.ModelBinding.Binders.SimpleTypeModelBinderProvider","Microsoft.AspNetCore.Mvc.ModelBinding.Binders.CancellationTokenModelBinderProvider","Microsoft.AspNetCore.Mvc.ModelBinding.Binders.ByteArrayModelBinderProvider","Microsoft.AspNetCore.Mvc.ModelBinding.Binders.FormFileModelBinderProvider","Microsoft.AspNetCore.Mvc.ModelBinding.Binders.FormCollectionModelBinderProvider","Microsoft.AspNetCore.Mvc.ModelBinding.Binders.KeyValuePairModelBinderProvider","Microsoft.AspNetCore.Mvc.ModelBinding.Binders.DictionaryModelBinderProvider","Microsoft.AspNetCore.Mvc.ModelBinding.Binders.ArrayModelBinderProvider","Microsoft.AspNetCore.Mvc.ModelBinding.Binders.CollectionModelBinderProvider","Microsoft.AspNetCore.Mvc.ModelBinding.Binders.ComplexObjectModelBinderProvider"]
2023-07-17 15:15:25.346 -03:00 [INF] Route matched with {action = "GetAll", controller = "Produtos"}. Executing controller action with signature System.Threading.Tasks.Task`1[Microsoft.AspNetCore.Mvc.IActionResult] GetAll(System.String, Concent.Athena.Domain.Core.Requests.AlmoxarifadosRequests.GetAlmoxarifadosRequest, Int32, Int32, System.Threading.CancellationToken) on controller Concent.Athena.Services.API.Controllers.ProdutosController (Concent.Athena.Services.API).
2023-07-17 15:15:25.353 -03:00 [DBG] Execution plan of authorization filters (in the following order): ["None"]
2023-07-17 15:15:25.357 -03:00 [DBG] Execution plan of resource filters (in the following order): ["None"]
2023-07-17 15:15:25.361 -03:00 [DBG] Execution plan of action filters (in the following order): ["Microsoft.AspNetCore.Mvc.ModelBinding.UnsupportedContentTypeFilter (Order: -3000)","Microsoft.AspNetCore.Mvc.Infrastructure.ModelStateInvalidFilter (Order: -2000)"]
2023-07-17 15:15:25.366 -03:00 [DBG] Execution plan of exception filters (in the following order): ["None"]
2023-07-17 15:15:25.370 -03:00 [DBG] Execution plan of result filters (in the following order): ["Microsoft.AspNetCore.Mvc.Infrastructure.ClientErrorResultFilter (Order: -2000)"]
2023-07-17 15:15:25.375 -03:00 [DBG] Executing controller factory for controller Concent.Athena.Services.API.Controllers.ProdutosController (Concent.Athena.Services.API)
2023-07-17 15:15:25.381 -03:00 [DBG] Executed controller factory for controller Concent.Athena.Services.API.Controllers.ProdutosController (Concent.Athena.Services.API)
2023-07-17 15:15:25.409 -03:00 [DBG] Attempting to bind parameter 'NomeProduto' of type 'System.String' ...
2023-07-17 15:15:25.417 -03:00 [DBG] Attempting to bind parameter 'NomeProduto' of type 'System.String' using the name '' in request data ...
2023-07-17 15:15:25.423 -03:00 [DBG] Could not find a value in the request with name '' for binding parameter 'NomeProduto' of type 'System.String'.
2023-07-17 15:15:25.427 -03:00 [DBG] Done attempting to bind parameter 'NomeProduto' of type 'System.String'.
2023-07-17 15:15:25.430 -03:00 [DBG] Done attempting to bind parameter 'NomeProduto' of type 'System.String'.
2023-07-17 15:15:25.432 -03:00 [DBG] Attempting to validate the bound parameter 'NomeProduto' of type 'System.String' ...
2023-07-17 15:15:25.437 -03:00 [DBG] Done attempting to validate the bound parameter 'NomeProduto' of type 'System.String'.
2023-07-17 15:15:25.443 -03:00 [DBG] Attempting to bind parameter 'request' of type 'Concent.Athena.Domain.Core.Requests.AlmoxarifadosRequests.GetAlmoxarifadosRequest' ...
2023-07-17 15:15:25.447 -03:00 [DBG] Attempting to bind parameter 'request' of type 'Concent.Athena.Domain.Core.Requests.AlmoxarifadosRequests.GetAlmoxarifadosRequest' using the name '' in request data ...
2023-07-17 15:15:25.455 -03:00 [DBG] Attempting to bind property 'Concent.Athena.Domain.Core.Requests.AlmoxarifadosRequests.GetAlmoxarifadosRequest.Sigla' of type 'System.String' using the name 'Sigla' in request data ...
2023-07-17 15:15:25.461 -03:00 [DBG] Could not find a value in the request with name 'Sigla' for binding property 'Concent.Athena.Domain.Core.Requests.AlmoxarifadosRequests.GetAlmoxarifadosRequest.Sigla' of type 'System.String'.
2023-07-17 15:15:25.467 -03:00 [DBG] Done attempting to bind property 'Concent.Athena.Domain.Core.Requests.AlmoxarifadosRequests.GetAlmoxarifadosRequest.Sigla' of type 'System.String'.
2023-07-17 15:15:25.473 -03:00 [DBG] Attempting to bind property 'Concent.Athena.Domain.Core.Requests.AlmoxarifadosRequests.GetAlmoxarifadosRequest.IsActive' of type 'System.Boolean' using the name 'IsActive' in request data ...
2023-07-17 15:15:25.477 -03:00 [DBG] Could not find a value in the request with name 'IsActive' for binding property 'Concent.Athena.Domain.Core.Requests.AlmoxarifadosRequests.GetAlmoxarifadosRequest.IsActive' of type 'System.Boolean'.
2023-07-17 15:15:25.481 -03:00 [DBG] Done attempting to bind property 'Concent.Athena.Domain.Core.Requests.AlmoxarifadosRequests.GetAlmoxarifadosRequest.IsActive' of type 'System.Boolean'.
2023-07-17 15:15:25.487 -03:00 [DBG] Done attempting to bind parameter 'request' of type 'Concent.Athena.Domain.Core.Requests.AlmoxarifadosRequests.GetAlmoxarifadosRequest'.
2023-07-17 15:15:25.492 -03:00 [DBG] Done attempting to bind parameter 'request' of type 'Concent.Athena.Domain.Core.Requests.AlmoxarifadosRequests.GetAlmoxarifadosRequest'.
2023-07-17 15:15:25.495 -03:00 [DBG] Attempting to validate the bound parameter 'request' of type 'Concent.Athena.Domain.Core.Requests.AlmoxarifadosRequests.GetAlmoxarifadosRequest' ...
2023-07-17 15:15:25.499 -03:00 [DBG] Done attempting to validate the bound parameter 'request' of type 'Concent.Athena.Domain.Core.Requests.AlmoxarifadosRequests.GetAlmoxarifadosRequest'.
2023-07-17 15:15:25.505 -03:00 [DBG] Attempting to bind parameter 'page' of type 'System.Int32' ...
2023-07-17 15:15:25.508 -03:00 [DBG] Attempting to bind parameter 'page' of type 'System.Int32' using the name '' in request data ...
2023-07-17 15:15:25.511 -03:00 [DBG] Could not find a value in the request with name '' for binding parameter 'page' of type 'System.Int32'.
2023-07-17 15:15:25.514 -03:00 [DBG] Done attempting to bind parameter 'page' of type 'System.Int32'.
2023-07-17 15:15:25.519 -03:00 [DBG] Done attempting to bind parameter 'page' of type 'System.Int32'.
2023-07-17 15:15:25.523 -03:00 [DBG] Attempting to validate the bound parameter 'page' of type 'System.Int32' ...
2023-07-17 15:15:25.525 -03:00 [DBG] Done attempting to validate the bound parameter 'page' of type 'System.Int32'.
2023-07-17 15:15:25.528 -03:00 [DBG] Attempting to bind parameter 'index' of type 'System.Int32' ...
2023-07-17 15:15:25.530 -03:00 [DBG] Attempting to bind parameter 'index' of type 'System.Int32' using the name 'index' in request data ...
2023-07-17 15:15:25.538 -03:00 [DBG] Done attempting to bind parameter 'index' of type 'System.Int32'.
2023-07-17 15:15:25.541 -03:00 [DBG] Done attempting to bind parameter 'index' of type 'System.Int32'.
2023-07-17 15:15:25.543 -03:00 [DBG] Attempting to validate the bound parameter 'index' of type 'System.Int32' ...
2023-07-17 15:15:25.546 -03:00 [DBG] Done attempting to validate the bound parameter 'index' of type 'System.Int32'.
2023-07-17 15:15:25.549 -03:00 [DBG] Attempting to bind parameter 'cancellationToken' of type 'System.Threading.CancellationToken' ...
2023-07-17 15:15:25.555 -03:00 [DBG] Done attempting to bind parameter 'cancellationToken' of type 'System.Threading.CancellationToken'.
2023-07-17 15:15:25.557 -03:00 [DBG] Attempting to validate the bound parameter 'cancellationToken' of type 'System.Threading.CancellationToken' ...
2023-07-17 15:15:25.560 -03:00 [DBG] Done attempting to validate the bound parameter 'cancellationToken' of type 'System.Threading.CancellationToken'.
2023-07-17 15:15:25.844 -03:00 [DBG] An 'IServiceProvider' was created for internal use by Entity Framework.
2023-07-17 15:15:26.746 -03:00 [INF] Entity Framework Core 5.0.16 initialized 'AthenaContext' using provider 'Pomelo.EntityFrameworkCore.MySql' with options: ServerVersion 8.0.21-mysql 
2023-07-17 15:15:26.779 -03:00 [DBG] Opening connection to database '' on server 'localhost'.
2023-07-17 15:15:26.929 -03:00 [DBG] Opened connection to database '' on server 'localhost'.
2023-07-17 15:15:27.043 -03:00 [DBG] Creating DbCommand for 'ExecuteScalar'.
2023-07-17 15:15:27.051 -03:00 [DBG] Created DbCommand for 'ExecuteScalar' (5ms).
2023-07-17 15:15:27.056 -03:00 [DBG] Opening connection to database 'Athenadb' on server 'localhost'.
2023-07-17 15:15:27.073 -03:00 [DBG] Opened connection to database 'Athenadb' on server 'localhost'.
2023-07-17 15:15:27.086 -03:00 [DBG] Executing DbCommand [Parameters=[], CommandType='"Text"', CommandTimeout='30']
SELECT CASE WHEN COUNT(*) = 0 THEN FALSE ELSE TRUE END
FROM information_schema.tables
WHERE table_type = 'BASE TABLE' AND table_schema = 'Athenadb'
2023-07-17 15:15:27.124 -03:00 [INF] Executed DbCommand (40ms) [Parameters=[], CommandType='"Text"', CommandTimeout='30']
SELECT CASE WHEN COUNT(*) = 0 THEN FALSE ELSE TRUE END
FROM information_schema.tables
WHERE table_type = 'BASE TABLE' AND table_schema = 'Athenadb'
2023-07-17 15:15:27.131 -03:00 [DBG] Closing connection to database 'Athenadb' on server 'localhost'.
2023-07-17 15:15:27.137 -03:00 [DBG] Closed connection to database 'Athenadb' on server 'localhost'.
2023-07-17 15:15:27.210 -03:00 [DBG] Compiling query expression: 
'DbSet<Almoxarifados>()
    .AsNoTracking()
    .Where(f => True && Invoke(x => x.IsActive, f)
    )
    .Count()'
2023-07-17 15:15:27.395 -03:00 [DBG] Generated query execution expression: 
'queryContext => new SingleQueryingEnumerable<int>(
    (RelationalQueryContext)queryContext, 
    RelationalCommandCache.SelectExpression(
        Projection Mapping:
            EmptyProjectionMember -> 0
        SELECT COUNT(*)
        FROM TB_ALMOXARIFADO AS t
        WHERE TRUE && t.ST_ACTIVE), 
    Func<QueryContext, DbDataReader, ResultContext, SingleQueryResultCoordinator, int>, 
    Concent.Athena.Infrastructure.Data.Contexts.AthenaContext, 
    False, 
    False
)
    .Single()'
2023-07-17 15:15:27.430 -03:00 [DBG] Creating DbCommand for 'ExecuteReader'.
2023-07-17 15:15:27.437 -03:00 [DBG] Created DbCommand for 'ExecuteReader' (7ms).
2023-07-17 15:15:27.440 -03:00 [DBG] Opening connection to database 'Athenadb' on server 'localhost'.
2023-07-17 15:15:27.446 -03:00 [DBG] Opened connection to database 'Athenadb' on server 'localhost'.
2023-07-17 15:15:27.450 -03:00 [DBG] Executing DbCommand [Parameters=[], CommandType='"Text"', CommandTimeout='30']
SELECT COUNT(*)
FROM `TB_ALMOXARIFADO` AS `t`
WHERE `t`.`ST_ACTIVE`
2023-07-17 15:15:27.458 -03:00 [INF] Executed DbCommand (8ms) [Parameters=[], CommandType='"Text"', CommandTimeout='30']
SELECT COUNT(*)
FROM `TB_ALMOXARIFADO` AS `t`
WHERE `t`.`ST_ACTIVE`
2023-07-17 15:15:27.466 -03:00 [DBG] A data reader was disposed.
2023-07-17 15:15:27.471 -03:00 [DBG] Closing connection to database 'Athenadb' on server 'localhost'.
2023-07-17 15:15:27.474 -03:00 [DBG] Closed connection to database 'Athenadb' on server 'localhost'.
2023-07-17 15:15:27.513 -03:00 [DBG] List of registered output formatters, in the following order: ["Microsoft.AspNetCore.Mvc.Formatters.HttpNoContentOutputFormatter","Microsoft.AspNetCore.Mvc.Formatters.StringOutputFormatter","Microsoft.AspNetCore.Mvc.Formatters.StreamOutputFormatter","Microsoft.AspNetCore.Mvc.Formatters.SystemTextJsonOutputFormatter"]
2023-07-17 15:15:27.521 -03:00 [DBG] No information found on request to perform content negotiation.
2023-07-17 15:15:27.524 -03:00 [DBG] Attempting to select an output formatter without using a content type as no explicit content types were specified for the response.
2023-07-17 15:15:27.528 -03:00 [DBG] Attempting to select the first formatter in the output formatters list which can write the result.
2023-07-17 15:15:27.531 -03:00 [DBG] Selected output formatter 'Microsoft.AspNetCore.Mvc.Formatters.SystemTextJsonOutputFormatter' and content type 'application/json' to write the response.
2023-07-17 15:15:27.534 -03:00 [INF] Executing ObjectResult, writing value of type 'Concent.Athena.Domain.Core.Responses.AlmoxarifadoResponses.GetAlmoxarifadoResponse'.
2023-07-17 15:15:27.587 -03:00 [DBG] Compiling query expression: 
'DbSet<Almoxarifados>()
    .AsNoTracking()
    .Where(f => True && Invoke(x => x.IsActive, f)
    )
    .Select(x => new { 
        Id = x.Id, 
        Sigla = x.Sigla, 
        IsActive = x.IsActive, 
        CreatedAt = x.CreatedAt, 
        UpdatedAt = x.UpdatedAt
     })
    .OrderBy(x => x.Sigla)
    .Skip(__p_0)
    .Take(__p_1)'
2023-07-17 15:15:27.613 -03:00 [DBG] Generated query execution expression: 
'queryContext => new SingleQueryingEnumerable<<>f__AnonymousType4<Guid, string, bool, DateTime, DateTime>>(
    (RelationalQueryContext)queryContext, 
    RelationalCommandCache.SelectExpression(
        Projection Mapping:
            Id -> 0
            Sigla -> 1
            IsActive -> 2
            CreatedAt -> 3
            UpdatedAt -> 4
        SELECT t.ID AS Id, t.DS_SIGLA AS Sigla, t.ST_ACTIVE AS IsActive, t.CREATED_AT AS CreatedAt, t.UPDATED_AT AS UpdatedAt
        FROM TB_ALMOXARIFADO AS t
        WHERE TRUE && t.ST_ACTIVE
        ORDER BY t.DS_SIGLA ASC
        OFFSET @__p_0 ROWS FETCH NEXT @__p_1 ROWS ONLY), 
    Func<QueryContext, DbDataReader, ResultContext, SingleQueryResultCoordinator, <>f__AnonymousType4<Guid, string, bool, DateTime, DateTime>>, 
    Concent.Athena.Infrastructure.Data.Contexts.AthenaContext, 
    False, 
    False
)'
2023-07-17 15:15:27.627 -03:00 [DBG] Creating DbCommand for 'ExecuteReader'.
2023-07-17 15:15:27.630 -03:00 [DBG] Created DbCommand for 'ExecuteReader' (2ms).
2023-07-17 15:15:27.662 -03:00 [DBG] Opening connection to database 'Athenadb' on server 'localhost'.
2023-07-17 15:15:27.666 -03:00 [DBG] Opened connection to database 'Athenadb' on server 'localhost'.
2023-07-17 15:15:27.674 -03:00 [DBG] Executing DbCommand [Parameters=[@__p_1='?' (DbType = Int32), @__p_0='?' (DbType = Int32)], CommandType='"Text"', CommandTimeout='30']
SELECT `t`.`ID` AS `Id`, `t`.`DS_SIGLA` AS `Sigla`, `t`.`ST_ACTIVE` AS `IsActive`, `t`.`CREATED_AT` AS `CreatedAt`, `t`.`UPDATED_AT` AS `UpdatedAt`
FROM `TB_ALMOXARIFADO` AS `t`
WHERE `t`.`ST_ACTIVE`
ORDER BY `t`.`DS_SIGLA`
LIMIT @__p_1 OFFSET @__p_0
2023-07-17 15:15:27.704 -03:00 [INF] Executed DbCommand (32ms) [Parameters=[@__p_1='?' (DbType = Int32), @__p_0='?' (DbType = Int32)], CommandType='"Text"', CommandTimeout='30']
SELECT `t`.`ID` AS `Id`, `t`.`DS_SIGLA` AS `Sigla`, `t`.`ST_ACTIVE` AS `IsActive`, `t`.`CREATED_AT` AS `CreatedAt`, `t`.`UPDATED_AT` AS `UpdatedAt`
FROM `TB_ALMOXARIFADO` AS `t`
WHERE `t`.`ST_ACTIVE`
ORDER BY `t`.`DS_SIGLA`
LIMIT @__p_1 OFFSET @__p_0
2023-07-17 15:15:27.736 -03:00 [INF] Executed action Concent.Athena.Services.API.Controllers.ProdutosController.GetAll (Concent.Athena.Services.API) in 2356.1379ms
2023-07-17 15:15:27.740 -03:00 [INF] Executed endpoint 'Concent.Athena.Services.API.Controllers.ProdutosController.GetAll (Concent.Athena.Services.API)'
2023-07-17 15:15:27.750 -03:00 [DBG] 'AthenaContext' disposed.
2023-07-17 15:15:27.759 -03:00 [INF] Request finished HTTP/2 GET https://localhost:5004/api/v1/tenant/produtos?index=2 - - - 200 - application/json;+charset=utf-8 2633.1095ms
2023-07-17 15:15:30.535 -03:00 [DBG] Connection id "0HMS6U75BK21D" received FIN.
2023-07-17 15:15:30.540 -03:00 [DBG] Connection id "0HMS6U75BK21D" is closed. The last processed stream ID was 1.
2023-07-17 15:15:30.543 -03:00 [DBG] Connection id "0HMS6U75BK21D" sending FIN because: "The client closed the connection."
2023-07-17 15:15:30.554 -03:00 [DBG] Connection id "0HMS6U75BK21D" stopped.
2023-07-17 15:17:42.528 -03:00 [DBG] Hosting starting
2023-07-17 15:17:43.297 -03:00 [DBG] Using development certificate: CN=localhost (Thumbprint: 1ED06961E04A72F7E2C9617C51B22CBBFE7472A4)
2023-07-17 15:17:43.483 -03:00 [INF] Now listening on: https://localhost:5004
2023-07-17 15:17:43.486 -03:00 [DBG] Loaded hosting startup assembly Concent.Athena.Services.API
2023-07-17 15:17:43.489 -03:00 [DBG] Loaded hosting startup assembly Microsoft.AspNetCore.Watch.BrowserRefresh
2023-07-17 15:17:43.492 -03:00 [DBG] Loaded hosting startup assembly Microsoft.WebTools.BrowserLink.Net
2023-07-17 15:17:43.494 -03:00 [INF] Application started. Press Ctrl+C to shut down.
2023-07-17 15:17:43.496 -03:00 [INF] Hosting environment: Local
2023-07-17 15:17:43.497 -03:00 [INF] Content root path: C:\Users\concent\Desktop\Organizador\Projeto ATHENA\Athena\concent.athena\src\Services.API
2023-07-17 15:17:43.500 -03:00 [DBG] Hosting started
2023-07-17 15:17:55.447 -03:00 [DBG] Connection id "0HMS6U8I6P8CA" accepted.
2023-07-17 15:17:55.451 -03:00 [DBG] Connection id "0HMS6U8I6P8CA" started.
2023-07-17 15:17:55.578 -03:00 [DBG] Connection "0HMS6U8I6P8CA" established using the following protocol: "Tls12"
2023-07-17 15:17:55.667 -03:00 [INF] Request starting HTTP/2 GET https://localhost:5004/api/v1/tenant/produtos?NomeProduto=t2 - -
2023-07-17 15:17:55.703 -03:00 [DBG] Wildcard detected, all requests with hosts will be allowed.
2023-07-17 15:17:55.743 -03:00 [DBG] The request path  does not match the path filter
2023-07-17 15:17:55.803 -03:00 [DBG] 1 candidate(s) found for the request path '/api/v1/tenant/produtos'
2023-07-17 15:17:55.812 -03:00 [DBG] Endpoint 'Concent.Athena.Services.API.Controllers.ProdutosController.GetAll (Concent.Athena.Services.API)' with route pattern 'api/v1/tenant/Produtos' is valid for the request path '/api/v1/tenant/produtos'
2023-07-17 15:17:55.817 -03:00 [DBG] Request matched endpoint 'Concent.Athena.Services.API.Controllers.ProdutosController.GetAll (Concent.Athena.Services.API)'
2023-07-17 15:17:55.830 -03:00 [INF] Executing endpoint 'Concent.Athena.Services.API.Controllers.ProdutosController.GetAll (Concent.Athena.Services.API)'
2023-07-17 15:17:55.843 -03:00 [DBG] Registered model binder providers, in the following order: ["Microsoft.AspNetCore.Mvc.ModelBinding.Binders.BinderTypeModelBinderProvider","Microsoft.AspNetCore.Mvc.ModelBinding.Binders.ServicesModelBinderProvider","Microsoft.AspNetCore.Mvc.ModelBinding.Binders.BodyModelBinderProvider","Microsoft.AspNetCore.Mvc.ModelBinding.Binders.HeaderModelBinderProvider","Microsoft.AspNetCore.Mvc.ModelBinding.Binders.FloatingPointTypeModelBinderProvider","Microsoft.AspNetCore.Mvc.ModelBinding.Binders.EnumTypeModelBinderProvider","Microsoft.AspNetCore.Mvc.ModelBinding.Binders.DateTimeModelBinderProvider","Microsoft.AspNetCore.Mvc.ModelBinding.Binders.SimpleTypeModelBinderProvider","Microsoft.AspNetCore.Mvc.ModelBinding.Binders.CancellationTokenModelBinderProvider","Microsoft.AspNetCore.Mvc.ModelBinding.Binders.ByteArrayModelBinderProvider","Microsoft.AspNetCore.Mvc.ModelBinding.Binders.FormFileModelBinderProvider","Microsoft.AspNetCore.Mvc.ModelBinding.Binders.FormCollectionModelBinderProvider","Microsoft.AspNetCore.Mvc.ModelBinding.Binders.KeyValuePairModelBinderProvider","Microsoft.AspNetCore.Mvc.ModelBinding.Binders.DictionaryModelBinderProvider","Microsoft.AspNetCore.Mvc.ModelBinding.Binders.ArrayModelBinderProvider","Microsoft.AspNetCore.Mvc.ModelBinding.Binders.CollectionModelBinderProvider","Microsoft.AspNetCore.Mvc.ModelBinding.Binders.ComplexObjectModelBinderProvider"]
2023-07-17 15:17:55.916 -03:00 [INF] Route matched with {action = "GetAll", controller = "Produtos"}. Executing controller action with signature System.Threading.Tasks.Task`1[Microsoft.AspNetCore.Mvc.IActionResult] GetAll(System.String, Concent.Athena.Domain.Core.Requests.ProdutosRequests.GetProdutosRequest, Int32, Int32, System.Threading.CancellationToken) on controller Concent.Athena.Services.API.Controllers.ProdutosController (Concent.Athena.Services.API).
2023-07-17 15:17:55.922 -03:00 [DBG] Execution plan of authorization filters (in the following order): ["None"]
2023-07-17 15:17:55.925 -03:00 [DBG] Execution plan of resource filters (in the following order): ["None"]
2023-07-17 15:17:55.928 -03:00 [DBG] Execution plan of action filters (in the following order): ["Microsoft.AspNetCore.Mvc.ModelBinding.UnsupportedContentTypeFilter (Order: -3000)","Microsoft.AspNetCore.Mvc.Infrastructure.ModelStateInvalidFilter (Order: -2000)"]
2023-07-17 15:17:55.931 -03:00 [DBG] Execution plan of exception filters (in the following order): ["None"]
2023-07-17 15:17:55.934 -03:00 [DBG] Execution plan of result filters (in the following order): ["Microsoft.AspNetCore.Mvc.Infrastructure.ClientErrorResultFilter (Order: -2000)"]
2023-07-17 15:17:55.940 -03:00 [DBG] Executing controller factory for controller Concent.Athena.Services.API.Controllers.ProdutosController (Concent.Athena.Services.API)
2023-07-17 15:17:55.946 -03:00 [DBG] Executed controller factory for controller Concent.Athena.Services.API.Controllers.ProdutosController (Concent.Athena.Services.API)
2023-07-17 15:17:55.971 -03:00 [DBG] Attempting to bind parameter 'NomeProduto' of type 'System.String' ...
2023-07-17 15:17:55.979 -03:00 [DBG] Attempting to bind parameter 'NomeProduto' of type 'System.String' using the name 'NomeProduto' in request data ...
2023-07-17 15:17:55.988 -03:00 [DBG] Done attempting to bind parameter 'NomeProduto' of type 'System.String'.
2023-07-17 15:17:55.991 -03:00 [DBG] Done attempting to bind parameter 'NomeProduto' of type 'System.String'.
2023-07-17 15:17:55.994 -03:00 [DBG] Attempting to validate the bound parameter 'NomeProduto' of type 'System.String' ...
2023-07-17 15:17:55.998 -03:00 [DBG] Done attempting to validate the bound parameter 'NomeProduto' of type 'System.String'.
2023-07-17 15:17:56.004 -03:00 [DBG] Attempting to bind parameter 'request' of type 'Concent.Athena.Domain.Core.Requests.ProdutosRequests.GetProdutosRequest' ...
2023-07-17 15:17:56.008 -03:00 [DBG] Attempting to bind parameter 'request' of type 'Concent.Athena.Domain.Core.Requests.ProdutosRequests.GetProdutosRequest' using the name '' in request data ...
2023-07-17 15:17:56.014 -03:00 [DBG] Attempting to bind property 'Concent.Athena.Domain.Core.Requests.ProdutosRequests.GetProdutosRequest.NomeProduto' of type 'System.String' using the name 'NomeProduto' in request data ...
2023-07-17 15:17:56.023 -03:00 [DBG] Done attempting to bind property 'Concent.Athena.Domain.Core.Requests.ProdutosRequests.GetProdutosRequest.NomeProduto' of type 'System.String'.
2023-07-17 15:17:56.028 -03:00 [DBG] Attempting to bind property 'Concent.Athena.Domain.Core.Requests.ProdutosRequests.GetProdutosRequest.IsActive' of type 'System.Boolean' using the name 'IsActive' in request data ...
2023-07-17 15:17:56.032 -03:00 [DBG] Could not find a value in the request with name 'IsActive' for binding property 'Concent.Athena.Domain.Core.Requests.ProdutosRequests.GetProdutosRequest.IsActive' of type 'System.Boolean'.
2023-07-17 15:17:56.038 -03:00 [DBG] Done attempting to bind property 'Concent.Athena.Domain.Core.Requests.ProdutosRequests.GetProdutosRequest.IsActive' of type 'System.Boolean'.
2023-07-17 15:17:56.042 -03:00 [DBG] Done attempting to bind parameter 'request' of type 'Concent.Athena.Domain.Core.Requests.ProdutosRequests.GetProdutosRequest'.
2023-07-17 15:17:56.045 -03:00 [DBG] Done attempting to bind parameter 'request' of type 'Concent.Athena.Domain.Core.Requests.ProdutosRequests.GetProdutosRequest'.
2023-07-17 15:17:56.049 -03:00 [DBG] Attempting to validate the bound parameter 'request' of type 'Concent.Athena.Domain.Core.Requests.ProdutosRequests.GetProdutosRequest' ...
2023-07-17 15:17:56.056 -03:00 [DBG] Done attempting to validate the bound parameter 'request' of type 'Concent.Athena.Domain.Core.Requests.ProdutosRequests.GetProdutosRequest'.
2023-07-17 15:17:56.059 -03:00 [DBG] Attempting to bind parameter 'page' of type 'System.Int32' ...
2023-07-17 15:17:56.063 -03:00 [DBG] Attempting to bind parameter 'page' of type 'System.Int32' using the name '' in request data ...
2023-07-17 15:17:56.067 -03:00 [DBG] Could not find a value in the request with name '' for binding parameter 'page' of type 'System.Int32'.
2023-07-17 15:17:56.073 -03:00 [DBG] Done attempting to bind parameter 'page' of type 'System.Int32'.
2023-07-17 15:17:56.075 -03:00 [DBG] Done attempting to bind parameter 'page' of type 'System.Int32'.
2023-07-17 15:17:56.077 -03:00 [DBG] Attempting to validate the bound parameter 'page' of type 'System.Int32' ...
2023-07-17 15:17:56.083 -03:00 [DBG] Done attempting to validate the bound parameter 'page' of type 'System.Int32'.
2023-07-17 15:17:56.085 -03:00 [DBG] Attempting to bind parameter 'index' of type 'System.Int32' ...
2023-07-17 15:17:56.089 -03:00 [DBG] Attempting to bind parameter 'index' of type 'System.Int32' using the name '' in request data ...
2023-07-17 15:17:56.092 -03:00 [DBG] Could not find a value in the request with name '' for binding parameter 'index' of type 'System.Int32'.
2023-07-17 15:17:56.095 -03:00 [DBG] Done attempting to bind parameter 'index' of type 'System.Int32'.
2023-07-17 15:17:56.099 -03:00 [DBG] Done attempting to bind parameter 'index' of type 'System.Int32'.
2023-07-17 15:17:56.102 -03:00 [DBG] Attempting to validate the bound parameter 'index' of type 'System.Int32' ...
2023-07-17 15:17:56.106 -03:00 [DBG] Done attempting to validate the bound parameter 'index' of type 'System.Int32'.
2023-07-17 15:17:56.108 -03:00 [DBG] Attempting to bind parameter 'cancellationToken' of type 'System.Threading.CancellationToken' ...
2023-07-17 15:17:56.113 -03:00 [DBG] Done attempting to bind parameter 'cancellationToken' of type 'System.Threading.CancellationToken'.
2023-07-17 15:17:56.116 -03:00 [DBG] Attempting to validate the bound parameter 'cancellationToken' of type 'System.Threading.CancellationToken' ...
2023-07-17 15:17:56.120 -03:00 [DBG] Done attempting to validate the bound parameter 'cancellationToken' of type 'System.Threading.CancellationToken'.
2023-07-17 15:17:56.387 -03:00 [DBG] An 'IServiceProvider' was created for internal use by Entity Framework.
2023-07-17 15:17:57.336 -03:00 [INF] Entity Framework Core 5.0.16 initialized 'AthenaContext' using provider 'Pomelo.EntityFrameworkCore.MySql' with options: ServerVersion 8.0.21-mysql 
2023-07-17 15:17:57.371 -03:00 [DBG] Opening connection to database '' on server 'localhost'.
2023-07-17 15:17:57.531 -03:00 [DBG] Opened connection to database '' on server 'localhost'.
2023-07-17 15:17:57.679 -03:00 [DBG] Creating DbCommand for 'ExecuteScalar'.
2023-07-17 15:17:57.688 -03:00 [DBG] Created DbCommand for 'ExecuteScalar' (4ms).
2023-07-17 15:17:57.694 -03:00 [DBG] Opening connection to database 'Athenadb' on server 'localhost'.
2023-07-17 15:17:57.713 -03:00 [DBG] Opened connection to database 'Athenadb' on server 'localhost'.
2023-07-17 15:17:57.729 -03:00 [DBG] Executing DbCommand [Parameters=[], CommandType='"Text"', CommandTimeout='30']
SELECT CASE WHEN COUNT(*) = 0 THEN FALSE ELSE TRUE END
FROM information_schema.tables
WHERE table_type = 'BASE TABLE' AND table_schema = 'Athenadb'
2023-07-17 15:17:57.767 -03:00 [INF] Executed DbCommand (44ms) [Parameters=[], CommandType='"Text"', CommandTimeout='30']
SELECT CASE WHEN COUNT(*) = 0 THEN FALSE ELSE TRUE END
FROM information_schema.tables
WHERE table_type = 'BASE TABLE' AND table_schema = 'Athenadb'
2023-07-17 15:17:57.775 -03:00 [DBG] Closing connection to database 'Athenadb' on server 'localhost'.
2023-07-17 15:17:57.779 -03:00 [DBG] Closed connection to database 'Athenadb' on server 'localhost'.
2023-07-17 15:17:57.866 -03:00 [DBG] Compiling query expression: 
'DbSet<Produtos>()
    .AsNoTracking()
    .Where(f => True && Invoke(x => x.IsActive, f)
     && Invoke(x => x.NomeProduto.Contains(__request_NomeProduto_0), f)
    )
    .Count()'
2023-07-17 15:17:58.211 -03:00 [DBG] Generated query execution expression: 
'queryContext => new SingleQueryingEnumerable<int>(
    (RelationalQueryContext)queryContext, 
    RelationalCommandCache.SelectExpression(
        Projection Mapping:
            EmptyProjectionMember -> 0
        SELECT COUNT(*)
        FROM TB_Produtos AS t
        WHERE (TRUE && t.ST_ACTIVE) && ((@__request_NomeProduto_0 LIKE '') || (LOCATE(@__request_NomeProduto_0, t.DS_NOME_PRODUTO) > 0))), 
    Func<QueryContext, DbDataReader, ResultContext, SingleQueryResultCoordinator, int>, 
    Concent.Athena.Infrastructure.Data.Contexts.AthenaContext, 
    False, 
    False
)
    .Single()'
2023-07-17 15:17:58.297 -03:00 [DBG] Creating DbCommand for 'ExecuteReader'.
2023-07-17 15:17:58.300 -03:00 [DBG] Created DbCommand for 'ExecuteReader' (3ms).
2023-07-17 15:17:58.338 -03:00 [DBG] Opening connection to database 'Athenadb' on server 'localhost'.
2023-07-17 15:17:58.345 -03:00 [DBG] Opened connection to database 'Athenadb' on server 'localhost'.
2023-07-17 15:17:58.350 -03:00 [DBG] Executing DbCommand [Parameters=[@__request_NomeProduto_0='?' (Size = 400)], CommandType='"Text"', CommandTimeout='30']
SELECT COUNT(*)
FROM `TB_Produtos` AS `t`
WHERE `t`.`ST_ACTIVE` AND ((@__request_NomeProduto_0 LIKE '') OR (LOCATE(@__request_NomeProduto_0, `t`.`DS_NOME_PRODUTO`) > 0))
2023-07-17 15:17:58.391 -03:00 [INF] Executed DbCommand (42ms) [Parameters=[@__request_NomeProduto_0='?' (Size = 400)], CommandType='"Text"', CommandTimeout='30']
SELECT COUNT(*)
FROM `TB_Produtos` AS `t`
WHERE `t`.`ST_ACTIVE` AND ((@__request_NomeProduto_0 LIKE '') OR (LOCATE(@__request_NomeProduto_0, `t`.`DS_NOME_PRODUTO`) > 0))
2023-07-17 15:17:58.401 -03:00 [DBG] A data reader was disposed.
2023-07-17 15:17:58.404 -03:00 [DBG] Closing connection to database 'Athenadb' on server 'localhost'.
2023-07-17 15:17:58.412 -03:00 [DBG] Closed connection to database 'Athenadb' on server 'localhost'.
2023-07-17 15:17:58.459 -03:00 [DBG] List of registered output formatters, in the following order: ["Microsoft.AspNetCore.Mvc.Formatters.HttpNoContentOutputFormatter","Microsoft.AspNetCore.Mvc.Formatters.StringOutputFormatter","Microsoft.AspNetCore.Mvc.Formatters.StreamOutputFormatter","Microsoft.AspNetCore.Mvc.Formatters.SystemTextJsonOutputFormatter"]
2023-07-17 15:17:58.466 -03:00 [DBG] No information found on request to perform content negotiation.
2023-07-17 15:17:58.469 -03:00 [DBG] Attempting to select an output formatter without using a content type as no explicit content types were specified for the response.
2023-07-17 15:17:58.474 -03:00 [DBG] Attempting to select the first formatter in the output formatters list which can write the result.
2023-07-17 15:17:58.477 -03:00 [DBG] Selected output formatter 'Microsoft.AspNetCore.Mvc.Formatters.SystemTextJsonOutputFormatter' and content type 'application/json' to write the response.
2023-07-17 15:17:58.481 -03:00 [INF] Executing ObjectResult, writing value of type 'Concent.Athena.Domain.Core.Responses.ProdutosResponses.GetProdutosResponse'.
2023-07-17 15:17:58.544 -03:00 [DBG] Compiling query expression: 
'DbSet<Produtos>()
    .AsNoTracking()
    .Where(f => True && Invoke(x => x.IsActive, f)
     && Invoke(x => x.NomeProduto.Contains(__request_NomeProduto_0), f)
    )
    .Select(x => new { 
        Id = x.Id, 
        NomeProduto = x.NomeProduto
     })
    .OrderBy(x => x.NomeProduto)
    .Skip(__p_1)
    .Take(__p_2)'
2023-07-17 15:17:58.567 -03:00 [DBG] Generated query execution expression: 
'queryContext => new SingleQueryingEnumerable<<>f__AnonymousType12<Guid, string>>(
    (RelationalQueryContext)queryContext, 
    RelationalCommandCache.SelectExpression(
        Projection Mapping:
            Id -> 0
            NomeProduto -> 1
        SELECT t.ID AS Id, t.DS_NOME_PRODUTO AS NomeProduto
        FROM TB_Produtos AS t
        WHERE (TRUE && t.ST_ACTIVE) && ((@__request_NomeProduto_0 LIKE '') || (LOCATE(@__request_NomeProduto_0, t.DS_NOME_PRODUTO) > 0))
        ORDER BY t.DS_NOME_PRODUTO ASC
        OFFSET @__p_1 ROWS FETCH NEXT @__p_2 ROWS ONLY), 
    Func<QueryContext, DbDataReader, ResultContext, SingleQueryResultCoordinator, <>f__AnonymousType12<Guid, string>>, 
    Concent.Athena.Infrastructure.Data.Contexts.AthenaContext, 
    False, 
    False
)'
2023-07-17 15:17:58.574 -03:00 [DBG] Creating DbCommand for 'ExecuteReader'.
2023-07-17 15:17:58.589 -03:00 [DBG] Created DbCommand for 'ExecuteReader' (14ms).
2023-07-17 15:17:58.595 -03:00 [DBG] Opening connection to database 'Athenadb' on server 'localhost'.
2023-07-17 15:17:58.600 -03:00 [DBG] Opened connection to database 'Athenadb' on server 'localhost'.
2023-07-17 15:17:58.604 -03:00 [DBG] Executing DbCommand [Parameters=[@__request_NomeProduto_0='?' (Size = 400), @__p_2='?' (DbType = Int32), @__p_1='?' (DbType = Int32)], CommandType='"Text"', CommandTimeout='30']
SELECT `t`.`ID` AS `Id`, `t`.`DS_NOME_PRODUTO` AS `NomeProduto`
FROM `TB_Produtos` AS `t`
WHERE `t`.`ST_ACTIVE` AND ((@__request_NomeProduto_0 LIKE '') OR (LOCATE(@__request_NomeProduto_0, `t`.`DS_NOME_PRODUTO`) > 0))
ORDER BY `t`.`DS_NOME_PRODUTO`
LIMIT @__p_2 OFFSET @__p_1
2023-07-17 15:17:58.613 -03:00 [INF] Executed DbCommand (9ms) [Parameters=[@__request_NomeProduto_0='?' (Size = 400), @__p_2='?' (DbType = Int32), @__p_1='?' (DbType = Int32)], CommandType='"Text"', CommandTimeout='30']
SELECT `t`.`ID` AS `Id`, `t`.`DS_NOME_PRODUTO` AS `NomeProduto`
FROM `TB_Produtos` AS `t`
WHERE `t`.`ST_ACTIVE` AND ((@__request_NomeProduto_0 LIKE '') OR (LOCATE(@__request_NomeProduto_0, `t`.`DS_NOME_PRODUTO`) > 0))
ORDER BY `t`.`DS_NOME_PRODUTO`
LIMIT @__p_2 OFFSET @__p_1
2023-07-17 15:17:58.638 -03:00 [INF] Executed action Concent.Athena.Services.API.Controllers.ProdutosController.GetAll (Concent.Athena.Services.API) in 2695.128ms
2023-07-17 15:17:58.643 -03:00 [INF] Executed endpoint 'Concent.Athena.Services.API.Controllers.ProdutosController.GetAll (Concent.Athena.Services.API)'
2023-07-17 15:17:58.652 -03:00 [DBG] 'AthenaContext' disposed.
2023-07-17 15:17:58.672 -03:00 [INF] Request finished HTTP/2 GET https://localhost:5004/api/v1/tenant/produtos?NomeProduto=t2 - - - 200 - application/json;+charset=utf-8 3008.8013ms
2023-07-17 15:18:00.752 -03:00 [DBG] Connection id "0HMS6U8I6P8CA" received FIN.
2023-07-17 15:18:00.758 -03:00 [DBG] Connection id "0HMS6U8I6P8CA" is closed. The last processed stream ID was 1.
2023-07-17 15:18:00.761 -03:00 [DBG] Connection id "0HMS6U8I6P8CA" sending FIN because: "The client closed the connection."
2023-07-17 15:18:00.766 -03:00 [DBG] Connection id "0HMS6U8I6P8CA" stopped.
2023-07-17 15:18:04.529 -03:00 [DBG] Connection id "0HMS6U8I6P8CB" accepted.
2023-07-17 15:18:04.532 -03:00 [DBG] Connection id "0HMS6U8I6P8CB" started.
2023-07-17 15:18:04.549 -03:00 [DBG] Connection "0HMS6U8I6P8CB" established using the following protocol: "Tls12"
2023-07-17 15:18:04.554 -03:00 [INF] Request starting HTTP/2 GET https://localhost:5004/api/v1/tenant/produtos - -
2023-07-17 15:18:04.562 -03:00 [DBG] The request path  does not match the path filter
2023-07-17 15:18:04.568 -03:00 [DBG] 1 candidate(s) found for the request path '/api/v1/tenant/produtos'
2023-07-17 15:18:04.576 -03:00 [DBG] Endpoint 'Concent.Athena.Services.API.Controllers.ProdutosController.GetAll (Concent.Athena.Services.API)' with route pattern 'api/v1/tenant/Produtos' is valid for the request path '/api/v1/tenant/produtos'
2023-07-17 15:18:04.579 -03:00 [DBG] Request matched endpoint 'Concent.Athena.Services.API.Controllers.ProdutosController.GetAll (Concent.Athena.Services.API)'
2023-07-17 15:18:04.582 -03:00 [INF] Executing endpoint 'Concent.Athena.Services.API.Controllers.ProdutosController.GetAll (Concent.Athena.Services.API)'
2023-07-17 15:18:04.585 -03:00 [INF] Route matched with {action = "GetAll", controller = "Produtos"}. Executing controller action with signature System.Threading.Tasks.Task`1[Microsoft.AspNetCore.Mvc.IActionResult] GetAll(System.String, Concent.Athena.Domain.Core.Requests.ProdutosRequests.GetProdutosRequest, Int32, Int32, System.Threading.CancellationToken) on controller Concent.Athena.Services.API.Controllers.ProdutosController (Concent.Athena.Services.API).
2023-07-17 15:18:04.595 -03:00 [DBG] Execution plan of authorization filters (in the following order): ["None"]
2023-07-17 15:18:04.598 -03:00 [DBG] Execution plan of resource filters (in the following order): ["None"]
2023-07-17 15:18:04.601 -03:00 [DBG] Execution plan of action filters (in the following order): ["Microsoft.AspNetCore.Mvc.ModelBinding.UnsupportedContentTypeFilter (Order: -3000)","Microsoft.AspNetCore.Mvc.Infrastructure.ModelStateInvalidFilter (Order: -2000)"]
2023-07-17 15:18:04.610 -03:00 [DBG] Execution plan of exception filters (in the following order): ["None"]
2023-07-17 15:18:04.613 -03:00 [DBG] Execution plan of result filters (in the following order): ["Microsoft.AspNetCore.Mvc.Infrastructure.ClientErrorResultFilter (Order: -2000)"]
2023-07-17 15:18:04.616 -03:00 [DBG] Executing controller factory for controller Concent.Athena.Services.API.Controllers.ProdutosController (Concent.Athena.Services.API)
2023-07-17 15:18:04.622 -03:00 [DBG] Executed controller factory for controller Concent.Athena.Services.API.Controllers.ProdutosController (Concent.Athena.Services.API)
2023-07-17 15:18:04.629 -03:00 [DBG] Attempting to bind parameter 'NomeProduto' of type 'System.String' ...
2023-07-17 15:18:04.632 -03:00 [DBG] Attempting to bind parameter 'NomeProduto' of type 'System.String' using the name '' in request data ...
2023-07-17 15:18:04.636 -03:00 [DBG] Could not find a value in the request with name '' for binding parameter 'NomeProduto' of type 'System.String'.
2023-07-17 15:18:04.642 -03:00 [DBG] Done attempting to bind parameter 'NomeProduto' of type 'System.String'.
2023-07-17 15:18:04.645 -03:00 [DBG] Done attempting to bind parameter 'NomeProduto' of type 'System.String'.
2023-07-17 15:18:04.648 -03:00 [DBG] Attempting to validate the bound parameter 'NomeProduto' of type 'System.String' ...
2023-07-17 15:18:04.652 -03:00 [DBG] Done attempting to validate the bound parameter 'NomeProduto' of type 'System.String'.
2023-07-17 15:18:04.657 -03:00 [DBG] Attempting to bind parameter 'request' of type 'Concent.Athena.Domain.Core.Requests.ProdutosRequests.GetProdutosRequest' ...
2023-07-17 15:18:04.661 -03:00 [DBG] Attempting to bind parameter 'request' of type 'Concent.Athena.Domain.Core.Requests.ProdutosRequests.GetProdutosRequest' using the name '' in request data ...
2023-07-17 15:18:04.668 -03:00 [DBG] Attempting to bind property 'Concent.Athena.Domain.Core.Requests.ProdutosRequests.GetProdutosRequest.NomeProduto' of type 'System.String' using the name 'NomeProduto' in request data ...
2023-07-17 15:18:04.674 -03:00 [DBG] Could not find a value in the request with name 'NomeProduto' for binding property 'Concent.Athena.Domain.Core.Requests.ProdutosRequests.GetProdutosRequest.NomeProduto' of type 'System.String'.
2023-07-17 15:18:04.679 -03:00 [DBG] Done attempting to bind property 'Concent.Athena.Domain.Core.Requests.ProdutosRequests.GetProdutosRequest.NomeProduto' of type 'System.String'.
2023-07-17 15:18:04.683 -03:00 [DBG] Attempting to bind property 'Concent.Athena.Domain.Core.Requests.ProdutosRequests.GetProdutosRequest.IsActive' of type 'System.Boolean' using the name 'IsActive' in request data ...
2023-07-17 15:18:04.687 -03:00 [DBG] Could not find a value in the request with name 'IsActive' for binding property 'Concent.Athena.Domain.Core.Requests.ProdutosRequests.GetProdutosRequest.IsActive' of type 'System.Boolean'.
2023-07-17 15:18:04.694 -03:00 [DBG] Done attempting to bind property 'Concent.Athena.Domain.Core.Requests.ProdutosRequests.GetProdutosRequest.IsActive' of type 'System.Boolean'.
2023-07-17 15:18:04.700 -03:00 [DBG] Done attempting to bind parameter 'request' of type 'Concent.Athena.Domain.Core.Requests.ProdutosRequests.GetProdutosRequest'.
2023-07-17 15:18:04.703 -03:00 [DBG] Done attempting to bind parameter 'request' of type 'Concent.Athena.Domain.Core.Requests.ProdutosRequests.GetProdutosRequest'.
2023-07-17 15:18:04.707 -03:00 [DBG] Attempting to validate the bound parameter 'request' of type 'Concent.Athena.Domain.Core.Requests.ProdutosRequests.GetProdutosRequest' ...
2023-07-17 15:18:04.711 -03:00 [DBG] Done attempting to validate the bound parameter 'request' of type 'Concent.Athena.Domain.Core.Requests.ProdutosRequests.GetProdutosRequest'.
2023-07-17 15:18:04.717 -03:00 [DBG] Attempting to bind parameter 'page' of type 'System.Int32' ...
2023-07-17 15:18:04.720 -03:00 [DBG] Attempting to bind parameter 'page' of type 'System.Int32' using the name '' in request data ...
2023-07-17 15:18:04.725 -03:00 [DBG] Could not find a value in the request with name '' for binding parameter 'page' of type 'System.Int32'.
2023-07-17 15:18:04.729 -03:00 [DBG] Done attempting to bind parameter 'page' of type 'System.Int32'.
2023-07-17 15:18:04.732 -03:00 [DBG] Done attempting to bind parameter 'page' of type 'System.Int32'.
2023-07-17 15:18:04.734 -03:00 [DBG] Attempting to validate the bound parameter 'page' of type 'System.Int32' ...
2023-07-17 15:18:04.736 -03:00 [DBG] Done attempting to validate the bound parameter 'page' of type 'System.Int32'.
2023-07-17 15:18:04.739 -03:00 [DBG] Attempting to bind parameter 'index' of type 'System.Int32' ...
2023-07-17 15:18:04.745 -03:00 [DBG] Attempting to bind parameter 'index' of type 'System.Int32' using the name '' in request data ...
2023-07-17 15:18:04.748 -03:00 [DBG] Could not find a value in the request with name '' for binding parameter 'index' of type 'System.Int32'.
2023-07-17 15:18:04.751 -03:00 [DBG] Done attempting to bind parameter 'index' of type 'System.Int32'.
2023-07-17 15:18:04.753 -03:00 [DBG] Done attempting to bind parameter 'index' of type 'System.Int32'.
2023-07-17 15:18:04.756 -03:00 [DBG] Attempting to validate the bound parameter 'index' of type 'System.Int32' ...
2023-07-17 15:18:04.760 -03:00 [DBG] Done attempting to validate the bound parameter 'index' of type 'System.Int32'.
2023-07-17 15:18:04.764 -03:00 [DBG] Attempting to bind parameter 'cancellationToken' of type 'System.Threading.CancellationToken' ...
2023-07-17 15:18:04.766 -03:00 [DBG] Done attempting to bind parameter 'cancellationToken' of type 'System.Threading.CancellationToken'.
2023-07-17 15:18:04.769 -03:00 [DBG] Attempting to validate the bound parameter 'cancellationToken' of type 'System.Threading.CancellationToken' ...
2023-07-17 15:18:04.771 -03:00 [DBG] Done attempting to validate the bound parameter 'cancellationToken' of type 'System.Threading.CancellationToken'.
2023-07-17 15:18:04.783 -03:00 [INF] Entity Framework Core 5.0.16 initialized 'AthenaContext' using provider 'Pomelo.EntityFrameworkCore.MySql' with options: ServerVersion 8.0.21-mysql 
2023-07-17 15:18:04.792 -03:00 [DBG] Opening connection to database '' on server 'localhost'.
2023-07-17 15:18:04.802 -03:00 [DBG] Opened connection to database '' on server 'localhost'.
2023-07-17 15:18:04.814 -03:00 [DBG] Creating DbCommand for 'ExecuteScalar'.
2023-07-17 15:18:04.816 -03:00 [DBG] Created DbCommand for 'ExecuteScalar' (2ms).
2023-07-17 15:18:04.818 -03:00 [DBG] Opening connection to database 'Athenadb' on server 'localhost'.
2023-07-17 15:18:04.821 -03:00 [DBG] Opened connection to database 'Athenadb' on server 'localhost'.
2023-07-17 15:18:04.826 -03:00 [DBG] Executing DbCommand [Parameters=[], CommandType='"Text"', CommandTimeout='30']
SELECT CASE WHEN COUNT(*) = 0 THEN FALSE ELSE TRUE END
FROM information_schema.tables
WHERE table_type = 'BASE TABLE' AND table_schema = 'Athenadb'
2023-07-17 15:18:04.833 -03:00 [INF] Executed DbCommand (8ms) [Parameters=[], CommandType='"Text"', CommandTimeout='30']
SELECT CASE WHEN COUNT(*) = 0 THEN FALSE ELSE TRUE END
FROM information_schema.tables
WHERE table_type = 'BASE TABLE' AND table_schema = 'Athenadb'
2023-07-17 15:18:04.839 -03:00 [DBG] Closing connection to database 'Athenadb' on server 'localhost'.
2023-07-17 15:18:04.843 -03:00 [DBG] Closed connection to database 'Athenadb' on server 'localhost'.
2023-07-17 15:18:04.848 -03:00 [DBG] Compiling query expression: 
'DbSet<Produtos>()
    .AsNoTracking()
    .Where(f => True && Invoke(x => x.IsActive, f)
    )
    .Count()'
2023-07-17 15:18:04.852 -03:00 [DBG] Generated query execution expression: 
'queryContext => new SingleQueryingEnumerable<int>(
    (RelationalQueryContext)queryContext, 
    RelationalCommandCache.SelectExpression(
        Projection Mapping:
            EmptyProjectionMember -> 0
        SELECT COUNT(*)
        FROM TB_Produtos AS t
        WHERE TRUE && t.ST_ACTIVE), 
    Func<QueryContext, DbDataReader, ResultContext, SingleQueryResultCoordinator, int>, 
    Concent.Athena.Infrastructure.Data.Contexts.AthenaContext, 
    False, 
    False
)
    .Single()'
2023-07-17 15:18:04.858 -03:00 [DBG] Creating DbCommand for 'ExecuteReader'.
2023-07-17 15:18:04.861 -03:00 [DBG] Created DbCommand for 'ExecuteReader' (3ms).
2023-07-17 15:18:04.864 -03:00 [DBG] Opening connection to database 'Athenadb' on server 'localhost'.
2023-07-17 15:18:04.867 -03:00 [DBG] Opened connection to database 'Athenadb' on server 'localhost'.
2023-07-17 15:18:04.869 -03:00 [DBG] Executing DbCommand [Parameters=[], CommandType='"Text"', CommandTimeout='30']
SELECT COUNT(*)
FROM `TB_Produtos` AS `t`
WHERE `t`.`ST_ACTIVE`
2023-07-17 15:18:04.876 -03:00 [INF] Executed DbCommand (7ms) [Parameters=[], CommandType='"Text"', CommandTimeout='30']
SELECT COUNT(*)
FROM `TB_Produtos` AS `t`
WHERE `t`.`ST_ACTIVE`
2023-07-17 15:18:04.881 -03:00 [DBG] A data reader was disposed.
2023-07-17 15:18:04.883 -03:00 [DBG] Closing connection to database 'Athenadb' on server 'localhost'.
2023-07-17 15:18:04.885 -03:00 [DBG] Closed connection to database 'Athenadb' on server 'localhost'.
2023-07-17 15:18:04.888 -03:00 [DBG] List of registered output formatters, in the following order: ["Microsoft.AspNetCore.Mvc.Formatters.HttpNoContentOutputFormatter","Microsoft.AspNetCore.Mvc.Formatters.StringOutputFormatter","Microsoft.AspNetCore.Mvc.Formatters.StreamOutputFormatter","Microsoft.AspNetCore.Mvc.Formatters.SystemTextJsonOutputFormatter"]
2023-07-17 15:18:04.894 -03:00 [DBG] No information found on request to perform content negotiation.
2023-07-17 15:18:04.896 -03:00 [DBG] Attempting to select an output formatter without using a content type as no explicit content types were specified for the response.
2023-07-17 15:18:04.898 -03:00 [DBG] Attempting to select the first formatter in the output formatters list which can write the result.
2023-07-17 15:18:04.901 -03:00 [DBG] Selected output formatter 'Microsoft.AspNetCore.Mvc.Formatters.SystemTextJsonOutputFormatter' and content type 'application/json' to write the response.
2023-07-17 15:18:04.903 -03:00 [INF] Executing ObjectResult, writing value of type 'Concent.Athena.Domain.Core.Responses.ProdutosResponses.GetProdutosResponse'.
2023-07-17 15:18:04.908 -03:00 [DBG] Compiling query expression: 
'DbSet<Produtos>()
    .AsNoTracking()
    .Where(f => True && Invoke(x => x.IsActive, f)
    )
    .Select(x => new { 
        Id = x.Id, 
        NomeProduto = x.NomeProduto
     })
    .OrderBy(x => x.NomeProduto)
    .Skip(__p_0)
    .Take(__p_1)'
2023-07-17 15:18:04.915 -03:00 [DBG] Generated query execution expression: 
'queryContext => new SingleQueryingEnumerable<<>f__AnonymousType12<Guid, string>>(
    (RelationalQueryContext)queryContext, 
    RelationalCommandCache.SelectExpression(
        Projection Mapping:
            Id -> 0
            NomeProduto -> 1
        SELECT t.ID AS Id, t.DS_NOME_PRODUTO AS NomeProduto
        FROM TB_Produtos AS t
        WHERE TRUE && t.ST_ACTIVE
        ORDER BY t.DS_NOME_PRODUTO ASC
        OFFSET @__p_0 ROWS FETCH NEXT @__p_1 ROWS ONLY), 
    Func<QueryContext, DbDataReader, ResultContext, SingleQueryResultCoordinator, <>f__AnonymousType12<Guid, string>>, 
    Concent.Athena.Infrastructure.Data.Contexts.AthenaContext, 
    False, 
    False
)'
2023-07-17 15:18:04.920 -03:00 [DBG] Creating DbCommand for 'ExecuteReader'.
2023-07-17 15:18:04.922 -03:00 [DBG] Created DbCommand for 'ExecuteReader' (2ms).
2023-07-17 15:18:04.927 -03:00 [DBG] Opening connection to database 'Athenadb' on server 'localhost'.
2023-07-17 15:18:04.930 -03:00 [DBG] Opened connection to database 'Athenadb' on server 'localhost'.
2023-07-17 15:18:04.933 -03:00 [DBG] Executing DbCommand [Parameters=[@__p_1='?' (DbType = Int32), @__p_0='?' (DbType = Int32)], CommandType='"Text"', CommandTimeout='30']
SELECT `t`.`ID` AS `Id`, `t`.`DS_NOME_PRODUTO` AS `NomeProduto`
FROM `TB_Produtos` AS `t`
WHERE `t`.`ST_ACTIVE`
ORDER BY `t`.`DS_NOME_PRODUTO`
LIMIT @__p_1 OFFSET @__p_0
2023-07-17 15:18:04.937 -03:00 [INF] Executed DbCommand (5ms) [Parameters=[@__p_1='?' (DbType = Int32), @__p_0='?' (DbType = Int32)], CommandType='"Text"', CommandTimeout='30']
SELECT `t`.`ID` AS `Id`, `t`.`DS_NOME_PRODUTO` AS `NomeProduto`
FROM `TB_Produtos` AS `t`
WHERE `t`.`ST_ACTIVE`
ORDER BY `t`.`DS_NOME_PRODUTO`
LIMIT @__p_1 OFFSET @__p_0
2023-07-17 15:18:04.950 -03:00 [INF] Executed action Concent.Athena.Services.API.Controllers.ProdutosController.GetAll (Concent.Athena.Services.API) in 334.0041ms
2023-07-17 15:18:04.953 -03:00 [INF] Executed endpoint 'Concent.Athena.Services.API.Controllers.ProdutosController.GetAll (Concent.Athena.Services.API)'
2023-07-17 15:18:04.955 -03:00 [DBG] 'AthenaContext' disposed.
2023-07-17 15:18:04.959 -03:00 [INF] Request finished HTTP/2 GET https://localhost:5004/api/v1/tenant/produtos - - - 200 - application/json;+charset=utf-8 405.8175ms
2023-07-17 15:18:05.753 -03:00 [DBG] Connection id "0HMS6U8I6P8CB" received FIN.
2023-07-17 15:18:05.756 -03:00 [DBG] Connection id "0HMS6U8I6P8CB" is closed. The last processed stream ID was 1.
2023-07-17 15:18:05.759 -03:00 [DBG] Connection id "0HMS6U8I6P8CB" sending FIN because: "The client closed the connection."
2023-07-17 15:18:05.769 -03:00 [DBG] Connection id "0HMS6U8I6P8CB" stopped.
2023-07-17 15:23:27.670 -03:00 [DBG] Connection id "0HMS6U8I6P8CC" accepted.
2023-07-17 15:23:27.677 -03:00 [DBG] Connection id "0HMS6U8I6P8CC" started.
2023-07-17 15:23:27.755 -03:00 [DBG] Connection "0HMS6U8I6P8CC" established using the following protocol: "Tls12"
2023-07-17 15:23:27.761 -03:00 [INF] Request starting HTTP/2 GET https://localhost:5004/api/v1/tenant/produtos?NomeProduto=1 - -
2023-07-17 15:23:27.765 -03:00 [DBG] The request path  does not match the path filter
2023-07-17 15:23:27.768 -03:00 [DBG] 1 candidate(s) found for the request path '/api/v1/tenant/produtos'
2023-07-17 15:23:27.772 -03:00 [DBG] Endpoint 'Concent.Athena.Services.API.Controllers.ProdutosController.GetAll (Concent.Athena.Services.API)' with route pattern 'api/v1/tenant/Produtos' is valid for the request path '/api/v1/tenant/produtos'
2023-07-17 15:23:27.776 -03:00 [DBG] Request matched endpoint 'Concent.Athena.Services.API.Controllers.ProdutosController.GetAll (Concent.Athena.Services.API)'
2023-07-17 15:23:27.780 -03:00 [INF] Executing endpoint 'Concent.Athena.Services.API.Controllers.ProdutosController.GetAll (Concent.Athena.Services.API)'
2023-07-17 15:23:27.783 -03:00 [INF] Route matched with {action = "GetAll", controller = "Produtos"}. Executing controller action with signature System.Threading.Tasks.Task`1[Microsoft.AspNetCore.Mvc.IActionResult] GetAll(System.String, Concent.Athena.Domain.Core.Requests.ProdutosRequests.GetProdutosRequest, Int32, Int32, System.Threading.CancellationToken) on controller Concent.Athena.Services.API.Controllers.ProdutosController (Concent.Athena.Services.API).
2023-07-17 15:23:27.790 -03:00 [DBG] Execution plan of authorization filters (in the following order): ["None"]
2023-07-17 15:23:27.793 -03:00 [DBG] Execution plan of resource filters (in the following order): ["None"]
2023-07-17 15:23:27.795 -03:00 [DBG] Execution plan of action filters (in the following order): ["Microsoft.AspNetCore.Mvc.ModelBinding.UnsupportedContentTypeFilter (Order: -3000)","Microsoft.AspNetCore.Mvc.Infrastructure.ModelStateInvalidFilter (Order: -2000)"]
2023-07-17 15:23:27.800 -03:00 [DBG] Execution plan of exception filters (in the following order): ["None"]
2023-07-17 15:23:27.806 -03:00 [DBG] Execution plan of result filters (in the following order): ["Microsoft.AspNetCore.Mvc.Infrastructure.ClientErrorResultFilter (Order: -2000)"]
2023-07-17 15:23:27.809 -03:00 [DBG] Executing controller factory for controller Concent.Athena.Services.API.Controllers.ProdutosController (Concent.Athena.Services.API)
2023-07-17 15:23:27.812 -03:00 [DBG] Executed controller factory for controller Concent.Athena.Services.API.Controllers.ProdutosController (Concent.Athena.Services.API)
2023-07-17 15:23:27.816 -03:00 [DBG] Attempting to bind parameter 'NomeProduto' of type 'System.String' ...
2023-07-17 15:23:27.821 -03:00 [DBG] Attempting to bind parameter 'NomeProduto' of type 'System.String' using the name 'NomeProduto' in request data ...
2023-07-17 15:23:27.824 -03:00 [DBG] Done attempting to bind parameter 'NomeProduto' of type 'System.String'.
2023-07-17 15:23:27.827 -03:00 [DBG] Done attempting to bind parameter 'NomeProduto' of type 'System.String'.
2023-07-17 15:23:27.831 -03:00 [DBG] Attempting to validate the bound parameter 'NomeProduto' of type 'System.String' ...
2023-07-17 15:23:27.834 -03:00 [DBG] Done attempting to validate the bound parameter 'NomeProduto' of type 'System.String'.
2023-07-17 15:23:27.838 -03:00 [DBG] Attempting to bind parameter 'request' of type 'Concent.Athena.Domain.Core.Requests.ProdutosRequests.GetProdutosRequest' ...
2023-07-17 15:23:27.841 -03:00 [DBG] Attempting to bind parameter 'request' of type 'Concent.Athena.Domain.Core.Requests.ProdutosRequests.GetProdutosRequest' using the name '' in request data ...
2023-07-17 15:23:27.846 -03:00 [DBG] Attempting to bind property 'Concent.Athena.Domain.Core.Requests.ProdutosRequests.GetProdutosRequest.NomeProduto' of type 'System.String' using the name 'NomeProduto' in request data ...
2023-07-17 15:23:27.850 -03:00 [DBG] Done attempting to bind property 'Concent.Athena.Domain.Core.Requests.ProdutosRequests.GetProdutosRequest.NomeProduto' of type 'System.String'.
2023-07-17 15:23:27.854 -03:00 [DBG] Attempting to bind property 'Concent.Athena.Domain.Core.Requests.ProdutosRequests.GetProdutosRequest.IsActive' of type 'System.Boolean' using the name 'IsActive' in request data ...
2023-07-17 15:23:27.858 -03:00 [DBG] Could not find a value in the request with name 'IsActive' for binding property 'Concent.Athena.Domain.Core.Requests.ProdutosRequests.GetProdutosRequest.IsActive' of type 'System.Boolean'.
2023-07-17 15:23:27.863 -03:00 [DBG] Done attempting to bind property 'Concent.Athena.Domain.Core.Requests.ProdutosRequests.GetProdutosRequest.IsActive' of type 'System.Boolean'.
2023-07-17 15:23:27.866 -03:00 [DBG] Done attempting to bind parameter 'request' of type 'Concent.Athena.Domain.Core.Requests.ProdutosRequests.GetProdutosRequest'.
2023-07-17 15:23:27.868 -03:00 [DBG] Done attempting to bind parameter 'request' of type 'Concent.Athena.Domain.Core.Requests.ProdutosRequests.GetProdutosRequest'.
2023-07-17 15:23:27.874 -03:00 [DBG] Attempting to validate the bound parameter 'request' of type 'Concent.Athena.Domain.Core.Requests.ProdutosRequests.GetProdutosRequest' ...
2023-07-17 15:23:27.877 -03:00 [DBG] Done attempting to validate the bound parameter 'request' of type 'Concent.Athena.Domain.Core.Requests.ProdutosRequests.GetProdutosRequest'.
2023-07-17 15:23:27.880 -03:00 [DBG] Attempting to bind parameter 'page' of type 'System.Int32' ...
2023-07-17 15:23:27.883 -03:00 [DBG] Attempting to bind parameter 'page' of type 'System.Int32' using the name '' in request data ...
2023-07-17 15:23:27.887 -03:00 [DBG] Could not find a value in the request with name '' for binding parameter 'page' of type 'System.Int32'.
2023-07-17 15:23:27.893 -03:00 [DBG] Done attempting to bind parameter 'page' of type 'System.Int32'.
2023-07-17 15:23:27.896 -03:00 [DBG] Done attempting to bind parameter 'page' of type 'System.Int32'.
2023-07-17 15:23:27.898 -03:00 [DBG] Attempting to validate the bound parameter 'page' of type 'System.Int32' ...
2023-07-17 15:23:27.900 -03:00 [DBG] Done attempting to validate the bound parameter 'page' of type 'System.Int32'.
2023-07-17 15:23:27.906 -03:00 [DBG] Attempting to bind parameter 'index' of type 'System.Int32' ...
2023-07-17 15:23:27.909 -03:00 [DBG] Attempting to bind parameter 'index' of type 'System.Int32' using the name '' in request data ...
2023-07-17 15:23:27.915 -03:00 [DBG] Could not find a value in the request with name '' for binding parameter 'index' of type 'System.Int32'.
2023-07-17 15:23:27.917 -03:00 [DBG] Done attempting to bind parameter 'index' of type 'System.Int32'.
2023-07-17 15:23:27.923 -03:00 [DBG] Done attempting to bind parameter 'index' of type 'System.Int32'.
2023-07-17 15:23:27.926 -03:00 [DBG] Attempting to validate the bound parameter 'index' of type 'System.Int32' ...
2023-07-17 15:23:27.930 -03:00 [DBG] Done attempting to validate the bound parameter 'index' of type 'System.Int32'.
2023-07-17 15:23:27.933 -03:00 [DBG] Attempting to bind parameter 'cancellationToken' of type 'System.Threading.CancellationToken' ...
2023-07-17 15:23:27.943 -03:00 [DBG] Done attempting to bind parameter 'cancellationToken' of type 'System.Threading.CancellationToken'.
2023-07-17 15:23:27.948 -03:00 [DBG] Attempting to validate the bound parameter 'cancellationToken' of type 'System.Threading.CancellationToken' ...
2023-07-17 15:23:27.955 -03:00 [DBG] Done attempting to validate the bound parameter 'cancellationToken' of type 'System.Threading.CancellationToken'.
2023-07-17 15:23:28.009 -03:00 [INF] Entity Framework Core 5.0.16 initialized 'AthenaContext' using provider 'Pomelo.EntityFrameworkCore.MySql' with options: ServerVersion 8.0.21-mysql 
2023-07-17 15:23:28.018 -03:00 [DBG] Opening connection to database '' on server 'localhost'.
2023-07-17 15:23:28.031 -03:00 [DBG] Opened connection to database '' on server 'localhost'.
2023-07-17 15:23:28.041 -03:00 [DBG] Creating DbCommand for 'ExecuteScalar'.
2023-07-17 15:23:28.046 -03:00 [DBG] Created DbCommand for 'ExecuteScalar' (5ms).
2023-07-17 15:23:28.048 -03:00 [DBG] Opening connection to database 'Athenadb' on server 'localhost'.
2023-07-17 15:23:28.055 -03:00 [DBG] Opened connection to database 'Athenadb' on server 'localhost'.
2023-07-17 15:23:28.058 -03:00 [DBG] Executing DbCommand [Parameters=[], CommandType='"Text"', CommandTimeout='30']
SELECT CASE WHEN COUNT(*) = 0 THEN FALSE ELSE TRUE END
FROM information_schema.tables
WHERE table_type = 'BASE TABLE' AND table_schema = 'Athenadb'
2023-07-17 15:23:28.078 -03:00 [INF] Executed DbCommand (20ms) [Parameters=[], CommandType='"Text"', CommandTimeout='30']
SELECT CASE WHEN COUNT(*) = 0 THEN FALSE ELSE TRUE END
FROM information_schema.tables
WHERE table_type = 'BASE TABLE' AND table_schema = 'Athenadb'
2023-07-17 15:23:28.082 -03:00 [DBG] Closing connection to database 'Athenadb' on server 'localhost'.
2023-07-17 15:23:28.084 -03:00 [DBG] Closed connection to database 'Athenadb' on server 'localhost'.
2023-07-17 15:23:28.094 -03:00 [DBG] Creating DbCommand for 'ExecuteReader'.
2023-07-17 15:23:28.096 -03:00 [DBG] Created DbCommand for 'ExecuteReader' (2ms).
2023-07-17 15:23:28.099 -03:00 [DBG] Opening connection to database 'Athenadb' on server 'localhost'.
2023-07-17 15:23:28.101 -03:00 [DBG] Opened connection to database 'Athenadb' on server 'localhost'.
2023-07-17 15:23:28.106 -03:00 [DBG] Executing DbCommand [Parameters=[@__request_NomeProduto_0='?' (Size = 400)], CommandType='"Text"', CommandTimeout='30']
SELECT COUNT(*)
FROM `TB_Produtos` AS `t`
WHERE `t`.`ST_ACTIVE` AND ((@__request_NomeProduto_0 LIKE '') OR (LOCATE(@__request_NomeProduto_0, `t`.`DS_NOME_PRODUTO`) > 0))
2023-07-17 15:23:28.111 -03:00 [INF] Executed DbCommand (6ms) [Parameters=[@__request_NomeProduto_0='?' (Size = 400)], CommandType='"Text"', CommandTimeout='30']
SELECT COUNT(*)
FROM `TB_Produtos` AS `t`
WHERE `t`.`ST_ACTIVE` AND ((@__request_NomeProduto_0 LIKE '') OR (LOCATE(@__request_NomeProduto_0, `t`.`DS_NOME_PRODUTO`) > 0))
2023-07-17 15:23:28.115 -03:00 [DBG] A data reader was disposed.
2023-07-17 15:23:28.117 -03:00 [DBG] Closing connection to database 'Athenadb' on server 'localhost'.
2023-07-17 15:23:28.121 -03:00 [DBG] Closed connection to database 'Athenadb' on server 'localhost'.
2023-07-17 15:23:28.125 -03:00 [DBG] List of registered output formatters, in the following order: ["Microsoft.AspNetCore.Mvc.Formatters.HttpNoContentOutputFormatter","Microsoft.AspNetCore.Mvc.Formatters.StringOutputFormatter","Microsoft.AspNetCore.Mvc.Formatters.StreamOutputFormatter","Microsoft.AspNetCore.Mvc.Formatters.SystemTextJsonOutputFormatter"]
2023-07-17 15:23:28.129 -03:00 [DBG] No information found on request to perform content negotiation.
2023-07-17 15:23:28.131 -03:00 [DBG] Attempting to select an output formatter without using a content type as no explicit content types were specified for the response.
2023-07-17 15:23:28.133 -03:00 [DBG] Attempting to select the first formatter in the output formatters list which can write the result.
2023-07-17 15:23:28.134 -03:00 [DBG] Selected output formatter 'Microsoft.AspNetCore.Mvc.Formatters.SystemTextJsonOutputFormatter' and content type 'application/json' to write the response.
2023-07-17 15:23:28.141 -03:00 [INF] Executing ObjectResult, writing value of type 'Concent.Athena.Domain.Core.Responses.ProdutosResponses.GetProdutosResponse'.
2023-07-17 15:23:28.145 -03:00 [DBG] Creating DbCommand for 'ExecuteReader'.
2023-07-17 15:23:28.147 -03:00 [DBG] Created DbCommand for 'ExecuteReader' (2ms).
2023-07-17 15:23:28.149 -03:00 [DBG] Opening connection to database 'Athenadb' on server 'localhost'.
2023-07-17 15:23:28.152 -03:00 [DBG] Opened connection to database 'Athenadb' on server 'localhost'.
2023-07-17 15:23:28.157 -03:00 [DBG] Executing DbCommand [Parameters=[@__request_NomeProduto_0='?' (Size = 400), @__p_2='?' (DbType = Int32), @__p_1='?' (DbType = Int32)], CommandType='"Text"', CommandTimeout='30']
SELECT `t`.`ID` AS `Id`, `t`.`DS_NOME_PRODUTO` AS `NomeProduto`
FROM `TB_Produtos` AS `t`
WHERE `t`.`ST_ACTIVE` AND ((@__request_NomeProduto_0 LIKE '') OR (LOCATE(@__request_NomeProduto_0, `t`.`DS_NOME_PRODUTO`) > 0))
ORDER BY `t`.`DS_NOME_PRODUTO`
LIMIT @__p_2 OFFSET @__p_1
2023-07-17 15:23:28.164 -03:00 [INF] Executed DbCommand (7ms) [Parameters=[@__request_NomeProduto_0='?' (Size = 400), @__p_2='?' (DbType = Int32), @__p_1='?' (DbType = Int32)], CommandType='"Text"', CommandTimeout='30']
SELECT `t`.`ID` AS `Id`, `t`.`DS_NOME_PRODUTO` AS `NomeProduto`
FROM `TB_Produtos` AS `t`
WHERE `t`.`ST_ACTIVE` AND ((@__request_NomeProduto_0 LIKE '') OR (LOCATE(@__request_NomeProduto_0, `t`.`DS_NOME_PRODUTO`) > 0))
ORDER BY `t`.`DS_NOME_PRODUTO`
LIMIT @__p_2 OFFSET @__p_1
2023-07-17 15:23:28.174 -03:00 [INF] Executed action Concent.Athena.Services.API.Controllers.ProdutosController.GetAll (Concent.Athena.Services.API) in 364.3018ms
2023-07-17 15:23:28.178 -03:00 [INF] Executed endpoint 'Concent.Athena.Services.API.Controllers.ProdutosController.GetAll (Concent.Athena.Services.API)'
2023-07-17 15:23:28.181 -03:00 [DBG] 'AthenaContext' disposed.
2023-07-17 15:23:28.183 -03:00 [INF] Request finished HTTP/2 GET https://localhost:5004/api/v1/tenant/produtos?NomeProduto=1 - - - 200 - application/json;+charset=utf-8 422.5475ms
2023-07-17 15:23:31.181 -03:00 [DBG] Connection id "0HMS6U8I6P8CC" received FIN.
2023-07-17 15:23:31.185 -03:00 [DBG] Connection id "0HMS6U8I6P8CC" is closed. The last processed stream ID was 1.
2023-07-17 15:23:31.185 -03:00 [DBG] Connection id "0HMS6U8I6P8CC" sending FIN because: "The client closed the connection."
2023-07-17 15:23:31.194 -03:00 [DBG] Connection id "0HMS6U8I6P8CC" stopped.
2023-07-17 15:23:31.471 -03:00 [DBG] Connection id "0HMS6U8I6P8CD" accepted.
2023-07-17 15:23:31.474 -03:00 [DBG] Connection id "0HMS6U8I6P8CD" started.
2023-07-17 15:23:31.479 -03:00 [DBG] Connection "0HMS6U8I6P8CD" established using the following protocol: "Tls12"
2023-07-17 15:23:31.485 -03:00 [INF] Request starting HTTP/2 GET https://localhost:5004/api/v1/tenant/produtos?NomeProduto=1 - -
2023-07-17 15:23:31.494 -03:00 [DBG] The request path  does not match the path filter
2023-07-17 15:23:31.498 -03:00 [DBG] 1 candidate(s) found for the request path '/api/v1/tenant/produtos'
2023-07-17 15:23:31.502 -03:00 [DBG] Endpoint 'Concent.Athena.Services.API.Controllers.ProdutosController.GetAll (Concent.Athena.Services.API)' with route pattern 'api/v1/tenant/Produtos' is valid for the request path '/api/v1/tenant/produtos'
2023-07-17 15:23:31.508 -03:00 [DBG] Request matched endpoint 'Concent.Athena.Services.API.Controllers.ProdutosController.GetAll (Concent.Athena.Services.API)'
2023-07-17 15:23:31.511 -03:00 [INF] Executing endpoint 'Concent.Athena.Services.API.Controllers.ProdutosController.GetAll (Concent.Athena.Services.API)'
2023-07-17 15:23:31.515 -03:00 [INF] Route matched with {action = "GetAll", controller = "Produtos"}. Executing controller action with signature System.Threading.Tasks.Task`1[Microsoft.AspNetCore.Mvc.IActionResult] GetAll(System.String, Concent.Athena.Domain.Core.Requests.ProdutosRequests.GetProdutosRequest, Int32, Int32, System.Threading.CancellationToken) on controller Concent.Athena.Services.API.Controllers.ProdutosController (Concent.Athena.Services.API).
2023-07-17 15:23:31.521 -03:00 [DBG] Execution plan of authorization filters (in the following order): ["None"]
2023-07-17 15:23:31.526 -03:00 [DBG] Execution plan of resource filters (in the following order): ["None"]
2023-07-17 15:23:31.528 -03:00 [DBG] Execution plan of action filters (in the following order): ["Microsoft.AspNetCore.Mvc.ModelBinding.UnsupportedContentTypeFilter (Order: -3000)","Microsoft.AspNetCore.Mvc.Infrastructure.ModelStateInvalidFilter (Order: -2000)"]
2023-07-17 15:23:31.534 -03:00 [DBG] Execution plan of exception filters (in the following order): ["None"]
2023-07-17 15:23:31.537 -03:00 [DBG] Execution plan of result filters (in the following order): ["Microsoft.AspNetCore.Mvc.Infrastructure.ClientErrorResultFilter (Order: -2000)"]
2023-07-17 15:23:31.541 -03:00 [DBG] Executing controller factory for controller Concent.Athena.Services.API.Controllers.ProdutosController (Concent.Athena.Services.API)
2023-07-17 15:23:31.543 -03:00 [DBG] Executed controller factory for controller Concent.Athena.Services.API.Controllers.ProdutosController (Concent.Athena.Services.API)
2023-07-17 15:23:31.548 -03:00 [DBG] Attempting to bind parameter 'NomeProduto' of type 'System.String' ...
2023-07-17 15:23:31.552 -03:00 [DBG] Attempting to bind parameter 'NomeProduto' of type 'System.String' using the name 'NomeProduto' in request data ...
2023-07-17 15:23:31.557 -03:00 [DBG] Done attempting to bind parameter 'NomeProduto' of type 'System.String'.
2023-07-17 15:23:31.559 -03:00 [DBG] Done attempting to bind parameter 'NomeProduto' of type 'System.String'.
2023-07-17 15:23:31.563 -03:00 [DBG] Attempting to validate the bound parameter 'NomeProduto' of type 'System.String' ...
2023-07-17 15:23:31.566 -03:00 [DBG] Done attempting to validate the bound parameter 'NomeProduto' of type 'System.String'.
2023-07-17 15:23:31.568 -03:00 [DBG] Attempting to bind parameter 'request' of type 'Concent.Athena.Domain.Core.Requests.ProdutosRequests.GetProdutosRequest' ...
2023-07-17 15:23:31.573 -03:00 [DBG] Attempting to bind parameter 'request' of type 'Concent.Athena.Domain.Core.Requests.ProdutosRequests.GetProdutosRequest' using the name '' in request data ...
2023-07-17 15:23:31.575 -03:00 [DBG] Attempting to bind property 'Concent.Athena.Domain.Core.Requests.ProdutosRequests.GetProdutosRequest.NomeProduto' of type 'System.String' using the name 'NomeProduto' in request data ...
2023-07-17 15:23:31.580 -03:00 [DBG] Done attempting to bind property 'Concent.Athena.Domain.Core.Requests.ProdutosRequests.GetProdutosRequest.NomeProduto' of type 'System.String'.
2023-07-17 15:23:31.584 -03:00 [DBG] Attempting to bind property 'Concent.Athena.Domain.Core.Requests.ProdutosRequests.GetProdutosRequest.IsActive' of type 'System.Boolean' using the name 'IsActive' in request data ...
2023-07-17 15:23:31.587 -03:00 [DBG] Could not find a value in the request with name 'IsActive' for binding property 'Concent.Athena.Domain.Core.Requests.ProdutosRequests.GetProdutosRequest.IsActive' of type 'System.Boolean'.
2023-07-17 15:23:31.592 -03:00 [DBG] Done attempting to bind property 'Concent.Athena.Domain.Core.Requests.ProdutosRequests.GetProdutosRequest.IsActive' of type 'System.Boolean'.
2023-07-17 15:23:31.596 -03:00 [DBG] Done attempting to bind parameter 'request' of type 'Concent.Athena.Domain.Core.Requests.ProdutosRequests.GetProdutosRequest'.
2023-07-17 15:23:31.599 -03:00 [DBG] Done attempting to bind parameter 'request' of type 'Concent.Athena.Domain.Core.Requests.ProdutosRequests.GetProdutosRequest'.
2023-07-17 15:23:31.601 -03:00 [DBG] Attempting to validate the bound parameter 'request' of type 'Concent.Athena.Domain.Core.Requests.ProdutosRequests.GetProdutosRequest' ...
2023-07-17 15:23:31.604 -03:00 [DBG] Done attempting to validate the bound parameter 'request' of type 'Concent.Athena.Domain.Core.Requests.ProdutosRequests.GetProdutosRequest'.
2023-07-17 15:23:31.607 -03:00 [DBG] Attempting to bind parameter 'page' of type 'System.Int32' ...
2023-07-17 15:23:31.611 -03:00 [DBG] Attempting to bind parameter 'page' of type 'System.Int32' using the name '' in request data ...
2023-07-17 15:23:31.614 -03:00 [DBG] Could not find a value in the request with name '' for binding parameter 'page' of type 'System.Int32'.
2023-07-17 15:23:31.616 -03:00 [DBG] Done attempting to bind parameter 'page' of type 'System.Int32'.
2023-07-17 15:23:31.619 -03:00 [DBG] Done attempting to bind parameter 'page' of type 'System.Int32'.
2023-07-17 15:23:31.622 -03:00 [DBG] Attempting to validate the bound parameter 'page' of type 'System.Int32' ...
2023-07-17 15:23:31.626 -03:00 [DBG] Done attempting to validate the bound parameter 'page' of type 'System.Int32'.
2023-07-17 15:23:31.628 -03:00 [DBG] Attempting to bind parameter 'index' of type 'System.Int32' ...
2023-07-17 15:23:31.631 -03:00 [DBG] Attempting to bind parameter 'index' of type 'System.Int32' using the name '' in request data ...
2023-07-17 15:23:31.633 -03:00 [DBG] Could not find a value in the request with name '' for binding parameter 'index' of type 'System.Int32'.
2023-07-17 15:23:31.636 -03:00 [DBG] Done attempting to bind parameter 'index' of type 'System.Int32'.
2023-07-17 15:23:31.640 -03:00 [DBG] Done attempting to bind parameter 'index' of type 'System.Int32'.
2023-07-17 15:23:31.643 -03:00 [DBG] Attempting to validate the bound parameter 'index' of type 'System.Int32' ...
2023-07-17 15:23:31.646 -03:00 [DBG] Done attempting to validate the bound parameter 'index' of type 'System.Int32'.
2023-07-17 15:23:31.648 -03:00 [DBG] Attempting to bind parameter 'cancellationToken' of type 'System.Threading.CancellationToken' ...
2023-07-17 15:23:31.651 -03:00 [DBG] Done attempting to bind parameter 'cancellationToken' of type 'System.Threading.CancellationToken'.
2023-07-17 15:23:31.653 -03:00 [DBG] Attempting to validate the bound parameter 'cancellationToken' of type 'System.Threading.CancellationToken' ...
2023-07-17 15:23:31.659 -03:00 [DBG] Done attempting to validate the bound parameter 'cancellationToken' of type 'System.Threading.CancellationToken'.
2023-07-17 15:23:31.662 -03:00 [INF] Entity Framework Core 5.0.16 initialized 'AthenaContext' using provider 'Pomelo.EntityFrameworkCore.MySql' with options: ServerVersion 8.0.21-mysql 
2023-07-17 15:23:31.666 -03:00 [DBG] Opening connection to database '' on server 'localhost'.
2023-07-17 15:23:31.675 -03:00 [DBG] Opened connection to database '' on server 'localhost'.
2023-07-17 15:23:31.680 -03:00 [DBG] Creating DbCommand for 'ExecuteScalar'.
2023-07-17 15:23:31.683 -03:00 [DBG] Created DbCommand for 'ExecuteScalar' (2ms).
2023-07-17 15:23:31.686 -03:00 [DBG] Opening connection to database 'Athenadb' on server 'localhost'.
2023-07-17 15:23:31.691 -03:00 [DBG] Opened connection to database 'Athenadb' on server 'localhost'.
2023-07-17 15:23:31.694 -03:00 [DBG] Executing DbCommand [Parameters=[], CommandType='"Text"', CommandTimeout='30']
SELECT CASE WHEN COUNT(*) = 0 THEN FALSE ELSE TRUE END
FROM information_schema.tables
WHERE table_type = 'BASE TABLE' AND table_schema = 'Athenadb'
2023-07-17 15:23:31.699 -03:00 [INF] Executed DbCommand (5ms) [Parameters=[], CommandType='"Text"', CommandTimeout='30']
SELECT CASE WHEN COUNT(*) = 0 THEN FALSE ELSE TRUE END
FROM information_schema.tables
WHERE table_type = 'BASE TABLE' AND table_schema = 'Athenadb'
2023-07-17 15:23:31.707 -03:00 [DBG] Closing connection to database 'Athenadb' on server 'localhost'.
2023-07-17 15:23:31.711 -03:00 [DBG] Closed connection to database 'Athenadb' on server 'localhost'.
2023-07-17 15:23:31.714 -03:00 [DBG] Creating DbCommand for 'ExecuteReader'.
2023-07-17 15:23:31.716 -03:00 [DBG] Created DbCommand for 'ExecuteReader' (2ms).
2023-07-17 15:23:31.719 -03:00 [DBG] Opening connection to database 'Athenadb' on server 'localhost'.
2023-07-17 15:23:31.723 -03:00 [DBG] Opened connection to database 'Athenadb' on server 'localhost'.
2023-07-17 15:23:31.726 -03:00 [DBG] Executing DbCommand [Parameters=[@__request_NomeProduto_0='?' (Size = 400)], CommandType='"Text"', CommandTimeout='30']
SELECT COUNT(*)
FROM `TB_Produtos` AS `t`
WHERE `t`.`ST_ACTIVE` AND ((@__request_NomeProduto_0 LIKE '') OR (LOCATE(@__request_NomeProduto_0, `t`.`DS_NOME_PRODUTO`) > 0))
2023-07-17 15:23:31.730 -03:00 [INF] Executed DbCommand (4ms) [Parameters=[@__request_NomeProduto_0='?' (Size = 400)], CommandType='"Text"', CommandTimeout='30']
SELECT COUNT(*)
FROM `TB_Produtos` AS `t`
WHERE `t`.`ST_ACTIVE` AND ((@__request_NomeProduto_0 LIKE '') OR (LOCATE(@__request_NomeProduto_0, `t`.`DS_NOME_PRODUTO`) > 0))
2023-07-17 15:23:31.734 -03:00 [DBG] A data reader was disposed.
2023-07-17 15:23:31.736 -03:00 [DBG] Closing connection to database 'Athenadb' on server 'localhost'.
2023-07-17 15:23:31.740 -03:00 [DBG] Closed connection to database 'Athenadb' on server 'localhost'.
2023-07-17 15:23:31.743 -03:00 [DBG] List of registered output formatters, in the following order: ["Microsoft.AspNetCore.Mvc.Formatters.HttpNoContentOutputFormatter","Microsoft.AspNetCore.Mvc.Formatters.StringOutputFormatter","Microsoft.AspNetCore.Mvc.Formatters.StreamOutputFormatter","Microsoft.AspNetCore.Mvc.Formatters.SystemTextJsonOutputFormatter"]
2023-07-17 15:23:31.747 -03:00 [DBG] No information found on request to perform content negotiation.
2023-07-17 15:23:31.749 -03:00 [DBG] Attempting to select an output formatter without using a content type as no explicit content types were specified for the response.
2023-07-17 15:23:31.751 -03:00 [DBG] Attempting to select the first formatter in the output formatters list which can write the result.
2023-07-17 15:23:31.752 -03:00 [DBG] Selected output formatter 'Microsoft.AspNetCore.Mvc.Formatters.SystemTextJsonOutputFormatter' and content type 'application/json' to write the response.
2023-07-17 15:23:31.756 -03:00 [INF] Executing ObjectResult, writing value of type 'Concent.Athena.Domain.Core.Responses.ProdutosResponses.GetProdutosResponse'.
2023-07-17 15:23:31.759 -03:00 [DBG] Creating DbCommand for 'ExecuteReader'.
2023-07-17 15:23:31.762 -03:00 [DBG] Created DbCommand for 'ExecuteReader' (2ms).
2023-07-17 15:23:31.765 -03:00 [DBG] Opening connection to database 'Athenadb' on server 'localhost'.
2023-07-17 15:23:31.767 -03:00 [DBG] Opened connection to database 'Athenadb' on server 'localhost'.
2023-07-17 15:23:31.770 -03:00 [DBG] Executing DbCommand [Parameters=[@__request_NomeProduto_0='?' (Size = 400), @__p_2='?' (DbType = Int32), @__p_1='?' (DbType = Int32)], CommandType='"Text"', CommandTimeout='30']
SELECT `t`.`ID` AS `Id`, `t`.`DS_NOME_PRODUTO` AS `NomeProduto`
FROM `TB_Produtos` AS `t`
WHERE `t`.`ST_ACTIVE` AND ((@__request_NomeProduto_0 LIKE '') OR (LOCATE(@__request_NomeProduto_0, `t`.`DS_NOME_PRODUTO`) > 0))
ORDER BY `t`.`DS_NOME_PRODUTO`
LIMIT @__p_2 OFFSET @__p_1
2023-07-17 15:23:31.777 -03:00 [INF] Executed DbCommand (7ms) [Parameters=[@__request_NomeProduto_0='?' (Size = 400), @__p_2='?' (DbType = Int32), @__p_1='?' (DbType = Int32)], CommandType='"Text"', CommandTimeout='30']
SELECT `t`.`ID` AS `Id`, `t`.`DS_NOME_PRODUTO` AS `NomeProduto`
FROM `TB_Produtos` AS `t`
WHERE `t`.`ST_ACTIVE` AND ((@__request_NomeProduto_0 LIKE '') OR (LOCATE(@__request_NomeProduto_0, `t`.`DS_NOME_PRODUTO`) > 0))
ORDER BY `t`.`DS_NOME_PRODUTO`
LIMIT @__p_2 OFFSET @__p_1
2023-07-17 15:23:31.782 -03:00 [INF] Executed action Concent.Athena.Services.API.Controllers.ProdutosController.GetAll (Concent.Athena.Services.API) in 240.8438ms
2023-07-17 15:23:31.791 -03:00 [INF] Executed endpoint 'Concent.Athena.Services.API.Controllers.ProdutosController.GetAll (Concent.Athena.Services.API)'
2023-07-17 15:23:31.794 -03:00 [DBG] 'AthenaContext' disposed.
2023-07-17 15:23:31.797 -03:00 [INF] Request finished HTTP/2 GET https://localhost:5004/api/v1/tenant/produtos?NomeProduto=1 - - - 200 - application/json;+charset=utf-8 311.2250ms
2023-07-17 15:23:41.202 -03:00 [DBG] Connection id "0HMS6U8I6P8CD" received FIN.
2023-07-17 15:23:41.205 -03:00 [DBG] Connection id "0HMS6U8I6P8CD" is closed. The last processed stream ID was 1.
2023-07-17 15:23:41.208 -03:00 [DBG] Connection id "0HMS6U8I6P8CD" sending FIN because: "The client closed the connection."
2023-07-17 15:23:41.216 -03:00 [DBG] Connection id "0HMS6U8I6P8CD" stopped.
